Using pre-set license
Built from '2021.3/staging' branch; Version is '2021.3.7f1 (24e8595d6d43) revision 2418777'; Using compiler version '192829333'; Build Type 'Release'
OS: 'Windows 10  (10.0.19044) 64bit Professional' Language: 'en' Physical Memory: 16315 MB
BatchMode: 1, IsHumanControllingUs: 0, StartBugReporterOnCrash: 0, Is64bit: 1, IsPro: 1

COMMAND LINE ARGUMENTS:
C:\Program Files\Unity\Hub\Editor\2021.3.7f1\Editor\Unity.exe
-adb2
-batchMode
-noUpm
-name
AssetImportWorker0
-projectPath
D:/GITHUB Cloned Repositories/City-Adventures-NTEK
-logFile
Logs/AssetImportWorker0.log
-srvPort
57019
Successfully changed project path to: D:/GITHUB Cloned Repositories/City-Adventures-NTEK
D:/GITHUB Cloned Repositories/City-Adventures-NTEK
[UnityMemory] Configuration Parameters - Can be set up in boot.config
    "memorysetup-bucket-allocator-granularity=16"
    "memorysetup-bucket-allocator-bucket-count=8"
    "memorysetup-bucket-allocator-block-size=33554432"
    "memorysetup-bucket-allocator-block-count=8"
    "memorysetup-main-allocator-block-size=16777216"
    "memorysetup-thread-allocator-block-size=16777216"
    "memorysetup-gfx-main-allocator-block-size=16777216"
    "memorysetup-gfx-thread-allocator-block-size=16777216"
    "memorysetup-cache-allocator-block-size=4194304"
    "memorysetup-typetree-allocator-block-size=2097152"
    "memorysetup-profiler-bucket-allocator-granularity=16"
    "memorysetup-profiler-bucket-allocator-bucket-count=8"
    "memorysetup-profiler-bucket-allocator-block-size=33554432"
    "memorysetup-profiler-bucket-allocator-block-count=8"
    "memorysetup-profiler-allocator-block-size=16777216"
    "memorysetup-profiler-editor-allocator-block-size=1048576"
    "memorysetup-temp-allocator-size-main=16777216"
    "memorysetup-job-temp-allocator-block-size=2097152"
    "memorysetup-job-temp-allocator-block-size-background=1048576"
    "memorysetup-job-temp-allocator-reduction-small-platforms=262144"
    "memorysetup-temp-allocator-size-background-worker=32768"
    "memorysetup-temp-allocator-size-job-worker=262144"
    "memorysetup-temp-allocator-size-preload-manager=33554432"
    "memorysetup-temp-allocator-size-nav-mesh-worker=65536"
    "memorysetup-temp-allocator-size-audio-worker=65536"
    "memorysetup-temp-allocator-size-cloud-worker=32768"
    "memorysetup-temp-allocator-size-gi-baking-worker=262144"
    "memorysetup-temp-allocator-size-gfx=262144"
Refreshing native plugins compatible for Editor in 99.00 ms, found 3 plugins.
Preloading 0 native plugins for Editor in 0.00 ms.
Initialize engine version: 2021.3.7f1 (24e8595d6d43)
[Subsystems] Discovering subsystems at path C:/Program Files/Unity/Hub/Editor/2021.3.7f1/Editor/Data/Resources/UnitySubsystems
[Subsystems] Discovering subsystems at path D:/GITHUB Cloned Repositories/City-Adventures-NTEK/Assets
GfxDevice: creating device client; threaded=0; jobified=0
Direct3D:
    Version:  Direct3D 11.0 [level 11.1]
    Renderer: Radeon (TM) RX 480 Graphics (ID=0x67df)
    Vendor:   ATI
    VRAM:     4074 MB
    Driver:   30.0.15002.1004
Initialize mono
Mono path[0] = 'C:/Program Files/Unity/Hub/Editor/2021.3.7f1/Editor/Data/Managed'
Mono path[1] = 'C:/Program Files/Unity/Hub/Editor/2021.3.7f1/Editor/Data/MonoBleedingEdge/lib/mono/unityjit-win32'
Mono config path = 'C:/Program Files/Unity/Hub/Editor/2021.3.7f1/Editor/Data/MonoBleedingEdge/etc'
Using monoOptions --debugger-agent=transport=dt_socket,embedding=1,server=y,suspend=n,address=127.0.0.1:56832
Begin MonoManager ReloadAssembly
Registering precompiled unity dll's ...
Register platform support module: C:/Program Files/Unity/Hub/Editor/2021.3.7f1/Editor/Data/PlaybackEngines/WindowsStandaloneSupport/UnityEditor.WindowsStandalone.Extensions.dll
Registered in 0.010058 seconds.
Native extension for WindowsStandalone target not found
Refreshing native plugins compatible for Editor in 103.16 ms, found 3 plugins.
Preloading 0 native plugins for Editor in 0.00 ms.
Mono: successfully reloaded assembly
- Completed reload, in  0.813 seconds
Domain Reload Profiling:
	ReloadAssembly (814ms)
		BeginReloadAssembly (94ms)
			ExecutionOrderSort (0ms)
			DisableScriptedObjects (0ms)
			BackupInstance (0ms)
			ReleaseScriptingObjects (0ms)
			CreateAndSetChildDomain (1ms)
		EndReloadAssembly (576ms)
			LoadAssemblies (91ms)
			RebuildTransferFunctionScriptingTraits (0ms)
			SetupTypeCache (131ms)
			ReleaseScriptCaches (0ms)
			RebuildScriptCaches (36ms)
			SetupLoadedEditorAssemblies (343ms)
				LogAssemblyErrors (0ms)
				InitializePlatformSupportModulesInManaged (10ms)
				SetLoadedEditorAssemblies (0ms)
				RefreshPlugins (103ms)
				BeforeProcessingInitializeOnLoad (2ms)
				ProcessInitializeOnLoadAttributes (168ms)
				ProcessInitializeOnLoadMethodAttributes (60ms)
				AfterProcessingInitializeOnLoad (0ms)
				EditorAssembliesLoaded (0ms)
			ExecutionOrderSort2 (0ms)
			AwakeInstancesAfterBackupRestoration (0ms)
Platform modules already initialized, skipping
Registering precompiled user dll's ...
Registered in 0.005475 seconds.
Begin MonoManager ReloadAssembly
Symbol file LoadedFromMemory doesn't match image D:\GITHUB Cloned Repositories\City-Adventures-NTEK\Library\PackageCache\com.unity.visualscripting@1.7.8\Editor\VisualScripting.Core\Dependencies\YamlDotNet\Unity.VisualScripting.YamlDotNet.dll
Symbol file LoadedFromMemory doesn't match image D:\GITHUB Cloned Repositories\City-Adventures-NTEK\Library\PackageCache\com.unity.visualscripting@1.7.8\Editor\VisualScripting.Core\Dependencies\DotNetZip\Unity.VisualScripting.IonicZip.dll
Native extension for WindowsStandalone target not found
Refreshing native plugins compatible for Editor in 1.33 ms, found 3 plugins.
Preloading 0 native plugins for Editor in 0.00 ms.
Mono: successfully reloaded assembly
- Completed reload, in  1.282 seconds
Domain Reload Profiling:
	ReloadAssembly (1283ms)
		BeginReloadAssembly (145ms)
			ExecutionOrderSort (0ms)
			DisableScriptedObjects (9ms)
			BackupInstance (0ms)
			ReleaseScriptingObjects (0ms)
			CreateAndSetChildDomain (22ms)
		EndReloadAssembly (994ms)
			LoadAssemblies (104ms)
			RebuildTransferFunctionScriptingTraits (0ms)
			SetupTypeCache (328ms)
			ReleaseScriptCaches (1ms)
			RebuildScriptCaches (62ms)
			SetupLoadedEditorAssemblies (455ms)
				LogAssemblyErrors (0ms)
				InitializePlatformSupportModulesInManaged (8ms)
				SetLoadedEditorAssemblies (1ms)
				RefreshPlugins (1ms)
				BeforeProcessingInitializeOnLoad (113ms)
				ProcessInitializeOnLoadAttributes (283ms)
				ProcessInitializeOnLoadMethodAttributes (37ms)
				AfterProcessingInitializeOnLoad (12ms)
				EditorAssembliesLoaded (0ms)
			ExecutionOrderSort2 (0ms)
			AwakeInstancesAfterBackupRestoration (7ms)
Platform modules already initialized, skipping
========================================================================
Worker process is ready to serve import requests
Launched and connected shader compiler UnityShaderCompiler.exe after 0.08 seconds
Refreshing native plugins compatible for Editor in 0.78 ms, found 3 plugins.
Preloading 0 native plugins for Editor in 0.00 ms.
Unloading 3407 Unused Serialized files (Serialized files now loaded: 0)
Unloading 27 unused Assets / (111.3 KB). Loaded Objects now: 3869.
Memory consumption went from 118.4 MB to 118.3 MB.
Total: 3.718100 ms (FindLiveObjects: 0.402800 ms CreateObjectMapping: 0.100400 ms MarkObjects: 3.071600 ms  DeleteObjects: 0.141800 ms)

AssetImportParameters requested are different than current active one (requested -> active):
  custom:video-decoder-ogg-theora: a1e56fd34408186e4bbccfd4996cb3dc -> 
  custom:container-muxer-webm: aa71ff27fc2769a1b78a27578f13a17b -> 
  custom:container-demuxer-webm: 4f35f7cbe854078d1ac9338744f61a02 -> 
  custom:video-encoder-webm-vp8: eb34c28f22e8b96e1ab97ce403110664 -> 
  custom:audio-encoder-webm-vorbis: bf7c407c2cedff20999df2af8eb42d56 -> 
  custom:framework-win-MediaFoundation: 216162199b28c13a410421893ffa2e32 -> 
  custom:container-demuxer-ogg: 62fdf1f143b41e24485cea50d1cbac27 -> 
  custom:video-decoder-webm-vp8: 9c59270c3fd7afecdb556c50c9e8de78 -> 
  custom:audio-decoder-ogg-vorbis: bf7c407c2cedff20999df2af8eb42d56 -> 
========================================================================
Received Import Request.
  Time since last request: 244503.437930 seconds.
  path: Assets/Prefabs
  artifactKey: Guid(7163d4701b725964aa58208584e4e08a) Importer(815301076,1909f56bfc062723c751e8b465ee728b)
Start importing Assets/Prefabs using Guid(7163d4701b725964aa58208584e4e08a) Importer(815301076,1909f56bfc062723c751e8b465ee728b)  -> (artifact id: '9d7a7a78a15339d5a2589e6846f51c8e') in 0.015703 seconds 
========================================================================
Received Import Request.
  Time since last request: 11.306252 seconds.
  path: Assets/Kickboard
  artifactKey: Guid(a6de9aa901bdc0b40beb1f9d3710f518) Importer(815301076,1909f56bfc062723c751e8b465ee728b)
Start importing Assets/Kickboard using Guid(a6de9aa901bdc0b40beb1f9d3710f518) Importer(815301076,1909f56bfc062723c751e8b465ee728b)  -> (artifact id: 'c005a0af5e59e418667e310739e27151') in 0.006666 seconds 
========================================================================
Received Import Request.
  Time since last request: 7.668398 seconds.
  path: Assets/Options
  artifactKey: Guid(4960f9ec66c958043b09e8e2e87be162) Importer(815301076,1909f56bfc062723c751e8b465ee728b)
Start importing Assets/Options using Guid(4960f9ec66c958043b09e8e2e87be162) Importer(815301076,1909f56bfc062723c751e8b465ee728b)  -> (artifact id: '049de3695f6c68cdeffbcebb6502ea8d') in 0.007141 seconds 
========================================================================
Received Import Request.
  Time since last request: 14.046421 seconds.
  path: Assets/Scenes
  artifactKey: Guid(6ea315d0fd7389c41b19996891e99ae3) Importer(815301076,1909f56bfc062723c751e8b465ee728b)
Start importing Assets/Scenes using Guid(6ea315d0fd7389c41b19996891e99ae3) Importer(815301076,1909f56bfc062723c751e8b465ee728b)  -> (artifact id: 'bc172811d573b296104adb4d2728db37') in 0.009211 seconds 
========================================================================
Received Prepare
Registering precompiled user dll's ...
Registered in 0.005586 seconds.
Begin MonoManager ReloadAssembly
Symbol file LoadedFromMemory doesn't match image D:\GITHUB Cloned Repositories\City-Adventures-NTEK\Library\PackageCache\com.unity.visualscripting@1.7.8\Editor\VisualScripting.Core\Dependencies\YamlDotNet\Unity.VisualScripting.YamlDotNet.dll
Symbol file LoadedFromMemory doesn't match image D:\GITHUB Cloned Repositories\City-Adventures-NTEK\Library\PackageCache\com.unity.visualscripting@1.7.8\Editor\VisualScripting.Core\Dependencies\DotNetZip\Unity.VisualScripting.IonicZip.dll
Native extension for WindowsStandalone target not found
Refreshing native plugins compatible for Editor in 0.70 ms, found 3 plugins.
Preloading 0 native plugins for Editor in 0.00 ms.
Mono: successfully reloaded assembly
- Completed reload, in  1.264 seconds
Domain Reload Profiling:
	ReloadAssembly (1264ms)
		BeginReloadAssembly (179ms)
			ExecutionOrderSort (0ms)
			DisableScriptedObjects (8ms)
			BackupInstance (0ms)
			ReleaseScriptingObjects (0ms)
			CreateAndSetChildDomain (45ms)
		EndReloadAssembly (952ms)
			LoadAssemblies (114ms)
			RebuildTransferFunctionScriptingTraits (0ms)
			SetupTypeCache (350ms)
			ReleaseScriptCaches (1ms)
			RebuildScriptCaches (51ms)
			SetupLoadedEditorAssemblies (399ms)
				LogAssemblyErrors (0ms)
				InitializePlatformSupportModulesInManaged (16ms)
				SetLoadedEditorAssemblies (1ms)
				RefreshPlugins (1ms)
				BeforeProcessingInitializeOnLoad (88ms)
				ProcessInitializeOnLoadAttributes (245ms)
				ProcessInitializeOnLoadMethodAttributes (35ms)
				AfterProcessingInitializeOnLoad (12ms)
				EditorAssembliesLoaded (0ms)
			ExecutionOrderSort2 (0ms)
			AwakeInstancesAfterBackupRestoration (8ms)
Platform modules already initialized, skipping
Refreshing native plugins compatible for Editor in 2.05 ms, found 3 plugins.
Preloading 0 native plugins for Editor in 0.00 ms.
Unloading 3401 Unused Serialized files (Serialized files now loaded: 0)
Unloading 20 unused Assets / (78.6 KB). Loaded Objects now: 3872.
Memory consumption went from 118.3 MB to 118.2 MB.
Total: 3.396400 ms (FindLiveObjects: 0.271300 ms CreateObjectMapping: 0.079700 ms MarkObjects: 2.929500 ms  DeleteObjects: 0.114800 ms)

AssetImportParameters requested are different than current active one (requested -> active):
  custom:video-decoder-ogg-theora: a1e56fd34408186e4bbccfd4996cb3dc -> 
  custom:container-muxer-webm: aa71ff27fc2769a1b78a27578f13a17b -> 
  custom:container-demuxer-webm: 4f35f7cbe854078d1ac9338744f61a02 -> 
  custom:video-encoder-webm-vp8: eb34c28f22e8b96e1ab97ce403110664 -> 
  custom:audio-encoder-webm-vorbis: bf7c407c2cedff20999df2af8eb42d56 -> 
  custom:framework-win-MediaFoundation: 216162199b28c13a410421893ffa2e32 -> 
  custom:container-demuxer-ogg: 62fdf1f143b41e24485cea50d1cbac27 -> 
  custom:video-decoder-webm-vp8: 9c59270c3fd7afecdb556c50c9e8de78 -> 
  custom:audio-decoder-ogg-vorbis: bf7c407c2cedff20999df2af8eb42d56 -> 
========================================================================
Received Import Request.
  Time since last request: 8.753736 seconds.
  path: Assets/Coin Material/New Material.mat
  artifactKey: Guid(4a5d7166564bb5446b6c042dd3bb2487) Importer(815301076,1909f56bfc062723c751e8b465ee728b)
Start importing Assets/Coin Material/New Material.mat using Guid(4a5d7166564bb5446b6c042dd3bb2487) Importer(815301076,1909f56bfc062723c751e8b465ee728b)  -> (artifact id: '60fc46106165356f2ac01df67c2db36f') in 0.179903 seconds 
========================================================================
Received Import Request.
  Time since last request: 30.219346 seconds.
  path: Assets/Scripts/Camera Scripts
  artifactKey: Guid(93c5963b6ff565b44984eef17b16957b) Importer(815301076,1909f56bfc062723c751e8b465ee728b)
Start importing Assets/Scripts/Camera Scripts using Guid(93c5963b6ff565b44984eef17b16957b) Importer(815301076,1909f56bfc062723c751e8b465ee728b)  -> (artifact id: '1715eab71f1dc10b3315ed2bd4ca3a4b') in 0.006754 seconds 
========================================================================
Received Prepare
Registering precompiled user dll's ...
Registered in 0.005010 seconds.
Begin MonoManager ReloadAssembly
Symbol file LoadedFromMemory doesn't match image D:\GITHUB Cloned Repositories\City-Adventures-NTEK\Library\PackageCache\com.unity.visualscripting@1.7.8\Editor\VisualScripting.Core\Dependencies\YamlDotNet\Unity.VisualScripting.YamlDotNet.dll
Symbol file LoadedFromMemory doesn't match image D:\GITHUB Cloned Repositories\City-Adventures-NTEK\Library\PackageCache\com.unity.visualscripting@1.7.8\Editor\VisualScripting.Core\Dependencies\DotNetZip\Unity.VisualScripting.IonicZip.dll
Native extension for WindowsStandalone target not found
Refreshing native plugins compatible for Editor in 0.89 ms, found 3 plugins.
Preloading 0 native plugins for Editor in 0.00 ms.
Mono: successfully reloaded assembly
- Completed reload, in  1.266 seconds
Domain Reload Profiling:
	ReloadAssembly (1266ms)
		BeginReloadAssembly (173ms)
			ExecutionOrderSort (0ms)
			DisableScriptedObjects (7ms)
			BackupInstance (0ms)
			ReleaseScriptingObjects (0ms)
			CreateAndSetChildDomain (46ms)
		EndReloadAssembly (958ms)
			LoadAssemblies (109ms)
			RebuildTransferFunctionScriptingTraits (0ms)
			SetupTypeCache (370ms)
			ReleaseScriptCaches (2ms)
			RebuildScriptCaches (50ms)
			SetupLoadedEditorAssemblies (386ms)
				LogAssemblyErrors (0ms)
				InitializePlatformSupportModulesInManaged (17ms)
				SetLoadedEditorAssemblies (1ms)
				RefreshPlugins (1ms)
				BeforeProcessingInitializeOnLoad (78ms)
				ProcessInitializeOnLoadAttributes (241ms)
				ProcessInitializeOnLoadMethodAttributes (36ms)
				AfterProcessingInitializeOnLoad (12ms)
				EditorAssembliesLoaded (0ms)
			ExecutionOrderSort2 (0ms)
			AwakeInstancesAfterBackupRestoration (8ms)
Platform modules already initialized, skipping
Refreshing native plugins compatible for Editor in 2.13 ms, found 3 plugins.
Preloading 0 native plugins for Editor in 0.00 ms.
Unloading 3401 Unused Serialized files (Serialized files now loaded: 0)
Unloading 20 unused Assets / (78.5 KB). Loaded Objects now: 3914.
Memory consumption went from 122.9 MB to 122.8 MB.
Total: 4.637000 ms (FindLiveObjects: 0.319900 ms CreateObjectMapping: 0.088200 ms MarkObjects: 4.069200 ms  DeleteObjects: 0.158200 ms)

AssetImportParameters requested are different than current active one (requested -> active):
  custom:video-decoder-ogg-theora: a1e56fd34408186e4bbccfd4996cb3dc -> 
  custom:container-muxer-webm: aa71ff27fc2769a1b78a27578f13a17b -> 
  custom:container-demuxer-webm: 4f35f7cbe854078d1ac9338744f61a02 -> 
  custom:video-encoder-webm-vp8: eb34c28f22e8b96e1ab97ce403110664 -> 
  custom:audio-encoder-webm-vorbis: bf7c407c2cedff20999df2af8eb42d56 -> 
  custom:framework-win-MediaFoundation: 216162199b28c13a410421893ffa2e32 -> 
  custom:container-demuxer-ogg: 62fdf1f143b41e24485cea50d1cbac27 -> 
  custom:video-decoder-webm-vp8: 9c59270c3fd7afecdb556c50c9e8de78 -> 
  custom:audio-decoder-ogg-vorbis: bf7c407c2cedff20999df2af8eb42d56 -> 
========================================================================
Received Import Request.
  Time since last request: 154.815517 seconds.
  path: Assets/Options/Kickboard/Skateboard.prefab
  artifactKey: Guid(f832502f042580543b5260462dfc4ddd) Importer(815301076,1909f56bfc062723c751e8b465ee728b)
Start importing Assets/Options/Kickboard/Skateboard.prefab using Guid(f832502f042580543b5260462dfc4ddd) Importer(815301076,1909f56bfc062723c751e8b465ee728b)  -> (artifact id: '721dd7ee0ae050199f06dcdac3baa459') in 0.048236 seconds 
========================================================================
Received Import Request.
  Time since last request: 18.187210 seconds.
  path: Assets/Options/Kickboard/Ch09_nonPBR.fbx
  artifactKey: Guid(c58e6941b773743438e161ade3e68ad5) Importer(815301076,1909f56bfc062723c751e8b465ee728b)
Start importing Assets/Options/Kickboard/Ch09_nonPBR.fbx using Guid(c58e6941b773743438e161ade3e68ad5) Importer(815301076,1909f56bfc062723c751e8b465ee728b)  -> (artifact id: 'd4713ee38534acc14b77626f5f09dcca') in 0.189266 seconds 
========================================================================
Received Import Request.
  Time since last request: 0.000036 seconds.
  path: Assets/Options/Kickboard/TimmySkate.fbx
  artifactKey: Guid(6988e21be5d90cc4aa841c67e753a1ca) Importer(815301076,1909f56bfc062723c751e8b465ee728b)
Start importing Assets/Options/Kickboard/TimmySkate.fbx using Guid(6988e21be5d90cc4aa841c67e753a1ca) Importer(815301076,1909f56bfc062723c751e8b465ee728b)  -> (artifact id: 'cdd39641739da2fad2f332b80770f6a5') in 0.016423 seconds 
========================================================================
Received Import Request.
  Time since last request: 0.000051 seconds.
  path: Assets/Options/Kickboard/TimmyIdle.fbx
  artifactKey: Guid(81c43c820f8b8ff4caf584a657a6e3da) Importer(815301076,1909f56bfc062723c751e8b465ee728b)
Start importing Assets/Options/Kickboard/TimmyIdle.fbx using Guid(81c43c820f8b8ff4caf584a657a6e3da) Importer(815301076,1909f56bfc062723c751e8b465ee728b)  -> (artifact id: 'ad2838c2ba5aa89f615aaabd180615ca') in 0.013650 seconds 
========================================================================
Received Import Request.
  Time since last request: 12.533197 seconds.
  path: Assets/Skateboard.prefab
  artifactKey: Guid(e871ed67dc5ef0f4eaa31186568084bd) Importer(815301076,1909f56bfc062723c751e8b465ee728b)
Start importing Assets/Skateboard.prefab using Guid(e871ed67dc5ef0f4eaa31186568084bd) Importer(815301076,1909f56bfc062723c751e8b465ee728b)  -> (artifact id: '88a8012c25795e9a2708a3134c773d87') in 0.005426 seconds 
========================================================================
Received Import Request.
  Time since last request: 11.986314 seconds.
  path: Assets/New Folder
  artifactKey: Guid(d07b94e8f16389a4aa2d2be818f75b74) Importer(815301076,1909f56bfc062723c751e8b465ee728b)
Start importing Assets/New Folder using Guid(d07b94e8f16389a4aa2d2be818f75b74) Importer(815301076,1909f56bfc062723c751e8b465ee728b)  -> (artifact id: 'a10a2d725d3c8156ead8956331c8ae4b') in 0.008237 seconds 
========================================================================
Received Import Request.
  Time since last request: 14.067453 seconds.
  path: Assets/Options/Kickboard/Prefabs
  artifactKey: Guid(1954e98cb445bc3438ad85579191859c) Importer(815301076,1909f56bfc062723c751e8b465ee728b)
Start importing Assets/Options/Kickboard/Prefabs using Guid(1954e98cb445bc3438ad85579191859c) Importer(815301076,1909f56bfc062723c751e8b465ee728b)  -> (artifact id: 'c8c7412d314c6c9ca075066ae8318e68') in 0.002078 seconds 
========================================================================
Received Import Request.
  Time since last request: 445.027694 seconds.
  path: Assets/Options/Kickboard/Ch09_body.mat
  artifactKey: Guid(ebb0478d815478f4c9d478076d939fa3) Importer(815301076,1909f56bfc062723c751e8b465ee728b)
Start importing Assets/Options/Kickboard/Ch09_body.mat using Guid(ebb0478d815478f4c9d478076d939fa3) Importer(815301076,1909f56bfc062723c751e8b465ee728b)  -> (artifact id: '02bb5ab733d263caa863588403d02f3f') in 0.032995 seconds 
========================================================================
Received Import Request.
  Time since last request: 7.306938 seconds.
  path: Assets/Options/Kickboard/Materials
  artifactKey: Guid(8f9aacd3deb540e43836f42434f0ef45) Importer(815301076,1909f56bfc062723c751e8b465ee728b)
Start importing Assets/Options/Kickboard/Materials using Guid(8f9aacd3deb540e43836f42434f0ef45) Importer(815301076,1909f56bfc062723c751e8b465ee728b)  -> (artifact id: 'cc2ba3e34ef1049a9e6ee5e313887088') in 0.012236 seconds 
========================================================================
Received Import Request.
  Time since last request: 13.640861 seconds.
  path: Assets/Options/Kickboard/Textures
  artifactKey: Guid(af2a8fa066eed7745902ee3b3645b401) Importer(815301076,1909f56bfc062723c751e8b465ee728b)
Start importing Assets/Options/Kickboard/Textures using Guid(af2a8fa066eed7745902ee3b3645b401) Importer(815301076,1909f56bfc062723c751e8b465ee728b)  -> (artifact id: '7f8e6aebffabfcdaf5da96b8a0da48ca') in 0.006964 seconds 
========================================================================
Received Import Request.
  Time since last request: 14.838759 seconds.
  path: Assets/Options/Kickboard/Textures/Ch09_1001_Diffuse 1.png
  artifactKey: Guid(0dd34b079079bc047988e926ada476c8) Importer(815301076,1909f56bfc062723c751e8b465ee728b)
Start importing Assets/Options/Kickboard/Textures/Ch09_1001_Diffuse 1.png using Guid(0dd34b079079bc047988e926ada476c8) Importer(815301076,1909f56bfc062723c751e8b465ee728b)  -> (artifact id: '68ddfcdfb35bcd7d5c1ba47d2120e562') in 0.201292 seconds 
========================================================================
Received Import Request.
  Time since last request: 0.000057 seconds.
  path: Assets/Options/Kickboard/Textures/Ch09_1001_Diffuse.png
  artifactKey: Guid(fb14b8a2e4957394bb5fb4ffd78a6db4) Importer(815301076,1909f56bfc062723c751e8b465ee728b)
Start importing Assets/Options/Kickboard/Textures/Ch09_1001_Diffuse.png using Guid(fb14b8a2e4957394bb5fb4ffd78a6db4) Importer(815301076,1909f56bfc062723c751e8b465ee728b)  -> (artifact id: 'cedb33b01a62453f9b68dc86d4c1e959') in 0.027351 seconds 
========================================================================
Received Import Request.
  Time since last request: 0.000045 seconds.
  path: Assets/Options/Kickboard/Textures/Ch09_1001_Specular 1.png
  artifactKey: Guid(d27ababa24ce8ef4cb8f5f0216a23f6f) Importer(815301076,1909f56bfc062723c751e8b465ee728b)
Start importing Assets/Options/Kickboard/Textures/Ch09_1001_Specular 1.png using Guid(d27ababa24ce8ef4cb8f5f0216a23f6f) Importer(815301076,1909f56bfc062723c751e8b465ee728b)  -> (artifact id: '8968f25375818734ff6ec977a3f1ad86') in 0.191129 seconds 
========================================================================
Received Import Request.
  Time since last request: 0.000066 seconds.
  path: Assets/Options/Kickboard/Textures/Ch09_1001_Glossiness.png
  artifactKey: Guid(bb4450505032b6f4c8470367690afcda) Importer(815301076,1909f56bfc062723c751e8b465ee728b)
Start importing Assets/Options/Kickboard/Textures/Ch09_1001_Glossiness.png using Guid(bb4450505032b6f4c8470367690afcda) Importer(815301076,1909f56bfc062723c751e8b465ee728b)  -> (artifact id: 'a6924c68b97ff6fe9e0fd157742bd4d3') in 0.015707 seconds 
========================================================================
Received Import Request.
  Time since last request: 0.000049 seconds.
  path: Assets/Options/Kickboard/Textures/Ch09_1001_Normal.png
  artifactKey: Guid(cb7db1a47920e124a8a07c5a84082363) Importer(815301076,1909f56bfc062723c751e8b465ee728b)
Start importing Assets/Options/Kickboard/Textures/Ch09_1001_Normal.png using Guid(cb7db1a47920e124a8a07c5a84082363) Importer(815301076,1909f56bfc062723c751e8b465ee728b)  -> (artifact id: '0bac6959109d786e7d8b796f0bf3089f') in 0.018007 seconds 
========================================================================
Received Import Request.
  Time since last request: 0.000060 seconds.
  path: Assets/Options/Kickboard/Textures/Ch09_1001_Normal 1.png
  artifactKey: Guid(3e17508de4b74a84a9b4cb9b60c8d0f6) Importer(815301076,1909f56bfc062723c751e8b465ee728b)
Start importing Assets/Options/Kickboard/Textures/Ch09_1001_Normal 1.png using Guid(3e17508de4b74a84a9b4cb9b60c8d0f6) Importer(815301076,1909f56bfc062723c751e8b465ee728b)  -> (artifact id: '58dd2b305431ecdc4122d8b8671aca5e') in 0.016575 seconds 
========================================================================
Received Import Request.
  Time since last request: 0.000035 seconds.
  path: Assets/Options/Kickboard/Textures/Ch09_1001_Glossiness 1.png
  artifactKey: Guid(c4107a58962db724990886d4bb67b955) Importer(815301076,1909f56bfc062723c751e8b465ee728b)
Start importing Assets/Options/Kickboard/Textures/Ch09_1001_Glossiness 1.png using Guid(c4107a58962db724990886d4bb67b955) Importer(815301076,1909f56bfc062723c751e8b465ee728b)  -> (artifact id: 'c3dedf5df14e4e699ad81765f7da2232') in 0.018187 seconds 
========================================================================
Received Import Request.
  Time since last request: 0.000055 seconds.
  path: Assets/Options/Kickboard/Textures/Ch09_1001_Specular.png
  artifactKey: Guid(576050c9e92b9fc49b25473269ecaa42) Importer(815301076,1909f56bfc062723c751e8b465ee728b)
Start importing Assets/Options/Kickboard/Textures/Ch09_1001_Specular.png using Guid(576050c9e92b9fc49b25473269ecaa42) Importer(815301076,1909f56bfc062723c751e8b465ee728b)  -> (artifact id: 'b9bb61f90e0c9dc2d9374dbf868e7912') in 0.016418 seconds 
========================================================================
Received Import Request.
  Time since last request: 1.970632 seconds.
  path: Assets/Options/Kickboard/Ch09_nonPBR.fbx
  artifactKey: Guid(c58e6941b773743438e161ade3e68ad5) Importer(815301076,1909f56bfc062723c751e8b465ee728b)
Start importing Assets/Options/Kickboard/Ch09_nonPBR.fbx using Guid(c58e6941b773743438e161ade3e68ad5) Importer(815301076,1909f56bfc062723c751e8b465ee728b)  -> (artifact id: 'da475e1e5ba1c78006c46d876fe2120b') in 0.302646 seconds 
========================================================================
Received Import Request.
  Time since last request: 14.318221 seconds.
  path: Assets/Options/Kickboard/Ch09_nonPBR.fbx
  artifactKey: Guid(c58e6941b773743438e161ade3e68ad5) Importer(815301076,1909f56bfc062723c751e8b465ee728b)
Start importing Assets/Options/Kickboard/Ch09_nonPBR.fbx using Guid(c58e6941b773743438e161ade3e68ad5) Importer(815301076,1909f56bfc062723c751e8b465ee728b)  -> (artifact id: '032915ca62119a1a97f588783f51c5fa') in 0.059596 seconds 
========================================================================
Received Import Request.
  Time since last request: 188.840116 seconds.
  path: Assets/Options/Kickboard/TimmyMove.controller
  artifactKey: Guid(95808670d87b31642a77b5ccfadffca4) Importer(815301076,1909f56bfc062723c751e8b465ee728b)
Start importing Assets/Options/Kickboard/TimmyMove.controller using Guid(95808670d87b31642a77b5ccfadffca4) Importer(815301076,1909f56bfc062723c751e8b465ee728b)  -> (artifact id: '846267d97808fc31a027877b0925cbf6') in 0.011848 seconds 
========================================================================
Received Import Request.
  Time since last request: 191.222887 seconds.
  path: Assets/Options/Walking/Packages/Kevin Iglesias/Basic Motions/Models/BasicMotionsDummyModel.fbx
  artifactKey: Guid(5917c0e93d180a842b61d1ebc62a195c) Importer(815301076,1909f56bfc062723c751e8b465ee728b)
Start importing Assets/Options/Walking/Packages/Kevin Iglesias/Basic Motions/Models/BasicMotionsDummyModel.fbx using Guid(5917c0e93d180a842b61d1ebc62a195c) Importer(815301076,1909f56bfc062723c751e8b465ee728b)  -> (artifact id: 'c5f5fbf822f62b9157d4200e80766c15') in 0.048860 seconds 
========================================================================
Received Import Request.
  Time since last request: 42.322661 seconds.
  path: Assets/Options/Kickboard/Ch09_nonPBR.fbx
  artifactKey: Guid(c58e6941b773743438e161ade3e68ad5) Importer(815301076,1909f56bfc062723c751e8b465ee728b)
Start importing Assets/Options/Kickboard/Ch09_nonPBR.fbx using Guid(c58e6941b773743438e161ade3e68ad5) Importer(815301076,1909f56bfc062723c751e8b465ee728b)  -> (artifact id: 'df55166c958911d63b549415838a04f1') in 0.055419 seconds 
========================================================================
Received Import Request.
  Time since last request: 210.998949 seconds.
  path: Assets/Options/Kickboard/Prefabs/sir_texture_bike-2.png
  artifactKey: Guid(15294706bb16e3041b0b6f3ae93f0c45) Importer(815301076,1909f56bfc062723c751e8b465ee728b)
Start importing Assets/Options/Kickboard/Prefabs/sir_texture_bike-2.png using Guid(15294706bb16e3041b0b6f3ae93f0c45) Importer(815301076,1909f56bfc062723c751e8b465ee728b)  -> (artifact id: '6629a71a084b9b5006413424dfe5b27f') in 0.020154 seconds 
========================================================================
Received Import Request.
  Time since last request: 0.000056 seconds.
  path: Assets/Options/Kickboard/Prefabs/sir_texture_bike-3.png
  artifactKey: Guid(1ce150a803f22f447a6c34fcf4719c55) Importer(815301076,1909f56bfc062723c751e8b465ee728b)
Start importing Assets/Options/Kickboard/Prefabs/sir_texture_bike-3.png using Guid(1ce150a803f22f447a6c34fcf4719c55) Importer(815301076,1909f56bfc062723c751e8b465ee728b)  -> (artifact id: '66c4a01947ee9fa85d542a43c70e162e') in 0.044922 seconds 
========================================================================
Received Import Request.
  Time since last request: 0.000035 seconds.
  path: Assets/Options/Kickboard/Prefabs/sir_texture_bike.png
  artifactKey: Guid(f53318a1acbb4e441821418e9cb98114) Importer(815301076,1909f56bfc062723c751e8b465ee728b)
Start importing Assets/Options/Kickboard/Prefabs/sir_texture_bike.png using Guid(f53318a1acbb4e441821418e9cb98114) Importer(815301076,1909f56bfc062723c751e8b465ee728b)  -> (artifact id: '521099b42288b2743ac0a42600114ea9') in 0.019710 seconds 
========================================================================
Received Import Request.
  Time since last request: 0.000049 seconds.
  path: Assets/Options/Kickboard/Prefabs/sir_texture_scooter-1.png
  artifactKey: Guid(28492a64f63d070498d8f4f5fe0f5e5c) Importer(815301076,1909f56bfc062723c751e8b465ee728b)
Start importing Assets/Options/Kickboard/Prefabs/sir_texture_scooter-1.png using Guid(28492a64f63d070498d8f4f5fe0f5e5c) Importer(815301076,1909f56bfc062723c751e8b465ee728b)  -> (artifact id: 'ef71bb4fb90c2d85d4b278853fb07498') in 0.029050 seconds 
========================================================================
Received Import Request.
  Time since last request: 0.000036 seconds.
  path: Assets/Options/Kickboard/Prefabs/sir_texture_scooter-5.png
  artifactKey: Guid(4d173c1fe8ed61e469d8fdcaae3299f5) Importer(815301076,1909f56bfc062723c751e8b465ee728b)
Start importing Assets/Options/Kickboard/Prefabs/sir_texture_scooter-5.png using Guid(4d173c1fe8ed61e469d8fdcaae3299f5) Importer(815301076,1909f56bfc062723c751e8b465ee728b)  -> (artifact id: '26773cb214e2752e83bfe536cebaa30a') in 0.025054 seconds 
========================================================================
Received Import Request.
  Time since last request: 0.000037 seconds.
  path: Assets/Options/Kickboard/Prefabs/sir_texture_scooter-2.png
  artifactKey: Guid(202ef603fc4928041811e378a57fe266) Importer(815301076,1909f56bfc062723c751e8b465ee728b)
Start importing Assets/Options/Kickboard/Prefabs/sir_texture_scooter-2.png using Guid(202ef603fc4928041811e378a57fe266) Importer(815301076,1909f56bfc062723c751e8b465ee728b)  -> (artifact id: '7e659bf256a6ad9d3c52458d2f657c7c') in 0.017078 seconds 
========================================================================
Received Import Request.
  Time since last request: 0.000038 seconds.
  path: Assets/Options/Kickboard/Prefabs/sir_texture_scooter-4.png
  artifactKey: Guid(bb365125f08facf4b87c790ea264ae6a) Importer(815301076,1909f56bfc062723c751e8b465ee728b)
Start importing Assets/Options/Kickboard/Prefabs/sir_texture_scooter-4.png using Guid(bb365125f08facf4b87c790ea264ae6a) Importer(815301076,1909f56bfc062723c751e8b465ee728b)  -> (artifact id: 'c69f3d14d5973e0bded73750c826d75e') in 0.012968 seconds 
========================================================================
Received Import Request.
  Time since last request: 0.000042 seconds.
  path: Assets/Options/Kickboard/Prefabs/sir_texture_bike-5.png
  artifactKey: Guid(5ad90e82db044bc498fdb039bb3e328d) Importer(815301076,1909f56bfc062723c751e8b465ee728b)
Start importing Assets/Options/Kickboard/Prefabs/sir_texture_bike-5.png using Guid(5ad90e82db044bc498fdb039bb3e328d) Importer(815301076,1909f56bfc062723c751e8b465ee728b)  -> (artifact id: '437cd3bad16509329e0daf0b787cf555') in 0.016425 seconds 
========================================================================
Received Import Request.
  Time since last request: 0.000058 seconds.
  path: Assets/Options/Kickboard/Prefabs/sir_texture_bike-4.png
  artifactKey: Guid(8305314e62fb9f546841012007cc0ea8) Importer(815301076,1909f56bfc062723c751e8b465ee728b)
Start importing Assets/Options/Kickboard/Prefabs/sir_texture_bike-4.png using Guid(8305314e62fb9f546841012007cc0ea8) Importer(815301076,1909f56bfc062723c751e8b465ee728b)  -> (artifact id: '22a19d3697b040c80fb8f1e4c46a2e6c') in 0.015606 seconds 
========================================================================
Received Import Request.
  Time since last request: 0.000038 seconds.
  path: Assets/Options/Kickboard/Prefabs/sir_texture_scooter-3.png
  artifactKey: Guid(5ec369dd41c809c458165586d0c81b8d) Importer(815301076,1909f56bfc062723c751e8b465ee728b)
Start importing Assets/Options/Kickboard/Prefabs/sir_texture_scooter-3.png using Guid(5ec369dd41c809c458165586d0c81b8d) Importer(815301076,1909f56bfc062723c751e8b465ee728b)  -> (artifact id: '6fa5d0b0feaf5bc6c64a62163924ccce') in 0.015766 seconds 
========================================================================
Received Import Request.
  Time since last request: 5.922879 seconds.
  path: Assets/Options/Kickboard/Prefabs/Textures
  artifactKey: Guid(fd42332f0ee06644dabbfd847cbf8c69) Importer(815301076,1909f56bfc062723c751e8b465ee728b)
Start importing Assets/Options/Kickboard/Prefabs/Textures using Guid(fd42332f0ee06644dabbfd847cbf8c69) Importer(815301076,1909f56bfc062723c751e8b465ee728b)  -> (artifact id: '8fbf3d204e8d3676a4154965faaefa5a') in 0.002207 seconds 
========================================================================
Received Import Request.
  Time since last request: 5.853183 seconds.
  path: Assets/Options/Kickboard/Prefabs/Materials
  artifactKey: Guid(922fe54e56582ff44bab8f16d94fe4c3) Importer(815301076,1909f56bfc062723c751e8b465ee728b)
Start importing Assets/Options/Kickboard/Prefabs/Materials using Guid(922fe54e56582ff44bab8f16d94fe4c3) Importer(815301076,1909f56bfc062723c751e8b465ee728b)  -> (artifact id: 'b44ed919d382d60c2a815e6ac426fd5d') in 0.002501 seconds 
========================================================================
Received Import Request.
  Time since last request: 18.914024 seconds.
  path: Assets/Options/Kickboard/Prefabs/Materials/Sir_bike_mat 1.mat
  artifactKey: Guid(14810e22aa733f74c934e7a74f37283c) Importer(815301076,1909f56bfc062723c751e8b465ee728b)
Start importing Assets/Options/Kickboard/Prefabs/Materials/Sir_bike_mat 1.mat using Guid(14810e22aa733f74c934e7a74f37283c) Importer(815301076,1909f56bfc062723c751e8b465ee728b)  -> (artifact id: '2c37de8106a70dcd6dace712020240d8') in 0.021423 seconds 
========================================================================
Received Import Request.
  Time since last request: 0.000036 seconds.
  path: Assets/Options/Kickboard/Prefabs/Materials/Sir_bike_mat-scooter-5.mat
  artifactKey: Guid(bacc2ebbc6464d74b8d0adae1605c577) Importer(815301076,1909f56bfc062723c751e8b465ee728b)
Start importing Assets/Options/Kickboard/Prefabs/Materials/Sir_bike_mat-scooter-5.mat using Guid(bacc2ebbc6464d74b8d0adae1605c577) Importer(815301076,1909f56bfc062723c751e8b465ee728b)  -> (artifact id: 'cff58d2b2088d7ed5c293d620425f40f') in 0.043321 seconds 
========================================================================
Received Import Request.
  Time since last request: 0.000045 seconds.
  path: Assets/Options/Kickboard/Prefabs/Materials/Sir_bike_mat-scooter-4.mat
  artifactKey: Guid(ec77ab8285f08734f94f979dbeca5b8e) Importer(815301076,1909f56bfc062723c751e8b465ee728b)
Start importing Assets/Options/Kickboard/Prefabs/Materials/Sir_bike_mat-scooter-4.mat using Guid(ec77ab8285f08734f94f979dbeca5b8e) Importer(815301076,1909f56bfc062723c751e8b465ee728b)  -> (artifact id: 'da58cb333a996d6fc258b379bff71ae6') in 0.016454 seconds 
========================================================================
Received Import Request.
  Time since last request: 0.000033 seconds.
  path: Assets/Options/Kickboard/Prefabs/Materials/Sir_bike_mat-scooter-1.mat
  artifactKey: Guid(8f8faaea5e805a94f9071d9c5d6ece3e) Importer(815301076,1909f56bfc062723c751e8b465ee728b)
Start importing Assets/Options/Kickboard/Prefabs/Materials/Sir_bike_mat-scooter-1.mat using Guid(8f8faaea5e805a94f9071d9c5d6ece3e) Importer(815301076,1909f56bfc062723c751e8b465ee728b)  -> (artifact id: 'bdf620c15a429cc980305130ac324e4b') in 0.027692 seconds 
========================================================================
Received Import Request.
  Time since last request: 0.000036 seconds.
  path: Assets/Options/Kickboard/Prefabs/Materials/Sir_bike_mat.mat
  artifactKey: Guid(381c98485a44d1e48b8a6efab8b114e7) Importer(815301076,1909f56bfc062723c751e8b465ee728b)
Start importing Assets/Options/Kickboard/Prefabs/Materials/Sir_bike_mat.mat using Guid(381c98485a44d1e48b8a6efab8b114e7) Importer(815301076,1909f56bfc062723c751e8b465ee728b)  -> (artifact id: '94d0853c297a5954d228e9dc6e5f2a05') in 0.017381 seconds 
========================================================================
Received Import Request.
  Time since last request: 0.000043 seconds.
  path: Assets/Options/Kickboard/Prefabs/Materials/Sir_bike_mat 2.mat
  artifactKey: Guid(74f0b09a5de812c41ae25e7ff5cc8b0f) Importer(815301076,1909f56bfc062723c751e8b465ee728b)
Start importing Assets/Options/Kickboard/Prefabs/Materials/Sir_bike_mat 2.mat using Guid(74f0b09a5de812c41ae25e7ff5cc8b0f) Importer(815301076,1909f56bfc062723c751e8b465ee728b)  -> (artifact id: 'b3087b34fa20b439622180e31e96e579') in 0.016529 seconds 
========================================================================
Received Import Request.
  Time since last request: 0.000021 seconds.
  path: Assets/Options/Kickboard/Prefabs/Materials/Sir_bike_mat 3.mat
  artifactKey: Guid(1461b1545ca1c204e92c60469e58d0c3) Importer(815301076,1909f56bfc062723c751e8b465ee728b)
Start importing Assets/Options/Kickboard/Prefabs/Materials/Sir_bike_mat 3.mat using Guid(1461b1545ca1c204e92c60469e58d0c3) Importer(815301076,1909f56bfc062723c751e8b465ee728b)  -> (artifact id: '5cbe16f3c75a7af895fb996aa0df4ede') in 0.017646 seconds 
========================================================================
Received Import Request.
  Time since last request: 0.000051 seconds.
  path: Assets/Options/Kickboard/Prefabs/Materials/Sir_bike_mat-scooter-2.mat
  artifactKey: Guid(3f8323e310b806f478e642fa8cd608f9) Importer(815301076,1909f56bfc062723c751e8b465ee728b)
Start importing Assets/Options/Kickboard/Prefabs/Materials/Sir_bike_mat-scooter-2.mat using Guid(3f8323e310b806f478e642fa8cd608f9) Importer(815301076,1909f56bfc062723c751e8b465ee728b)  -> (artifact id: '46e2d04ab9cdebc0892a5dd59faefd9c') in 0.016881 seconds 
========================================================================
Received Import Request.
  Time since last request: 0.000052 seconds.
  path: Assets/Options/Kickboard/Prefabs/Materials/Sir_bike_mat-scooter-3.mat
  artifactKey: Guid(83de5262aace57445bf0f622006fb3ec) Importer(815301076,1909f56bfc062723c751e8b465ee728b)
Start importing Assets/Options/Kickboard/Prefabs/Materials/Sir_bike_mat-scooter-3.mat using Guid(83de5262aace57445bf0f622006fb3ec) Importer(815301076,1909f56bfc062723c751e8b465ee728b)  -> (artifact id: '1b6b927631c21b69e30d05606839c632') in 0.016284 seconds 
========================================================================
Received Import Request.
  Time since last request: 0.000036 seconds.
  path: Assets/Options/Kickboard/Prefabs/Materials/Sir_bike_mat 4.mat
  artifactKey: Guid(5b7e5d0e855d3e644a014ff9bbb7c048) Importer(815301076,1909f56bfc062723c751e8b465ee728b)
Start importing Assets/Options/Kickboard/Prefabs/Materials/Sir_bike_mat 4.mat using Guid(5b7e5d0e855d3e644a014ff9bbb7c048) Importer(815301076,1909f56bfc062723c751e8b465ee728b)  -> (artifact id: '634fa1bc48258e4d7b5fbdb2e169de16') in 0.016491 seconds 
========================================================================
Received Import Request.
  Time since last request: 271.881045 seconds.
  path: Assets/Sir_bike
  artifactKey: Guid(bc7db1fee278e764bac9551e38692d90) Importer(815301076,1909f56bfc062723c751e8b465ee728b)
Start importing Assets/Sir_bike using Guid(bc7db1fee278e764bac9551e38692d90) Importer(815301076,1909f56bfc062723c751e8b465ee728b)  -> (artifact id: 'f30f4f13da0ccbf47e25ac0b1a4a72b0') in 0.002090 seconds 
========================================================================
Received Import Request.
  Time since last request: 18.508185 seconds.
  path: Assets/Options/Kickboard/Prefabs/Sir_bike/Prefabs
  artifactKey: Guid(b2998f64091788a4e8e9f20081df351c) Importer(815301076,1909f56bfc062723c751e8b465ee728b)
Start importing Assets/Options/Kickboard/Prefabs/Sir_bike/Prefabs using Guid(b2998f64091788a4e8e9f20081df351c) Importer(815301076,1909f56bfc062723c751e8b465ee728b)  -> (artifact id: '2c5a377524745f3285b34883037c21ef') in 0.009135 seconds 
========================================================================
Received Import Request.
  Time since last request: 0.039476 seconds.
  path: Assets/Options/Kickboard/Prefabs/Sir_bike/Prefabs/Bicycle.prefab
  artifactKey: Guid(abbea6fd91c4a9e41887bb90637dbfe6) Importer(815301076,1909f56bfc062723c751e8b465ee728b)
Start importing Assets/Options/Kickboard/Prefabs/Sir_bike/Prefabs/Bicycle.prefab using Guid(abbea6fd91c4a9e41887bb90637dbfe6) Importer(815301076,1909f56bfc062723c751e8b465ee728b)  -> (artifact id: '7078883a074f10cc178a6f8fe3891925') in 0.021573 seconds 
========================================================================
Received Import Request.
  Time since last request: 0.000039 seconds.
  path: Assets/Options/Kickboard/Prefabs/Sir_bike/Prefabs/Scooter.prefab
  artifactKey: Guid(8feab831b19068b4783db0783483dc14) Importer(815301076,1909f56bfc062723c751e8b465ee728b)
Start importing Assets/Options/Kickboard/Prefabs/Sir_bike/Prefabs/Scooter.prefab using Guid(8feab831b19068b4783db0783483dc14) Importer(815301076,1909f56bfc062723c751e8b465ee728b)  -> (artifact id: '4674336b0263690320b0d9ffda3df267') in 0.020085 seconds 
========================================================================
Received Import Request.
  Time since last request: 0.000030 seconds.
  path: Assets/Options/Kickboard/Prefabs/Sir_bike/Prefabs/Skateboard.prefab
  artifactKey: Guid(0300080954492454da4061741e867270) Importer(815301076,1909f56bfc062723c751e8b465ee728b)
Start importing Assets/Options/Kickboard/Prefabs/Sir_bike/Prefabs/Skateboard.prefab using Guid(0300080954492454da4061741e867270) Importer(815301076,1909f56bfc062723c751e8b465ee728b)  -> (artifact id: 'd82e88a4ac2e9fc3c6e01454994a153d') in 0.021316 seconds 
========================================================================
Received Import Request.
  Time since last request: 133.359417 seconds.
  path: Assets/Options/Kickboard/Scripts
  artifactKey: Guid(8f1f5bb9546dc294a97d3fe1168da4c5) Importer(815301076,1909f56bfc062723c751e8b465ee728b)
Start importing Assets/Options/Kickboard/Scripts using Guid(8f1f5bb9546dc294a97d3fe1168da4c5) Importer(815301076,1909f56bfc062723c751e8b465ee728b)  -> (artifact id: '6a1912cc8693a208e2bd807bbbfa6d9b') in 0.019866 seconds 
========================================================================
Received Import Request.
  Time since last request: 10.201953 seconds.
  path: Assets/Options/Kickboard/Scripts/ThirdPersonController.cs
  artifactKey: Guid(e30f475eb58656e43b17c8d611490292) Importer(815301076,1909f56bfc062723c751e8b465ee728b)
Start importing Assets/Options/Kickboard/Scripts/ThirdPersonController.cs using Guid(e30f475eb58656e43b17c8d611490292) Importer(815301076,1909f56bfc062723c751e8b465ee728b)  -> (artifact id: '85e934502657c592c17ad5e6a3779366') in 0.016559 seconds 
========================================================================
Received Prepare
Registering precompiled user dll's ...
Registered in 0.005187 seconds.
Begin MonoManager ReloadAssembly
Symbol file LoadedFromMemory doesn't match image D:\GITHUB Cloned Repositories\City-Adventures-NTEK\Library\PackageCache\com.unity.visualscripting@1.7.8\Editor\VisualScripting.Core\Dependencies\YamlDotNet\Unity.VisualScripting.YamlDotNet.dll
Symbol file LoadedFromMemory doesn't match image D:\GITHUB Cloned Repositories\City-Adventures-NTEK\Library\PackageCache\com.unity.visualscripting@1.7.8\Editor\VisualScripting.Core\Dependencies\DotNetZip\Unity.VisualScripting.IonicZip.dll
Native extension for WindowsStandalone target not found
Refreshing native plugins compatible for Editor in 2.66 ms, found 3 plugins.
Preloading 0 native plugins for Editor in 0.00 ms.
Mono: successfully reloaded assembly
- Completed reload, in  1.512 seconds
Domain Reload Profiling:
	ReloadAssembly (1514ms)
		BeginReloadAssembly (189ms)
			ExecutionOrderSort (0ms)
			DisableScriptedObjects (6ms)
			BackupInstance (0ms)
			ReleaseScriptingObjects (0ms)
			CreateAndSetChildDomain (49ms)
		EndReloadAssembly (1180ms)
			LoadAssemblies (127ms)
			RebuildTransferFunctionScriptingTraits (0ms)
			SetupTypeCache (432ms)
			ReleaseScriptCaches (2ms)
			RebuildScriptCaches (71ms)
			SetupLoadedEditorAssemblies (481ms)
				LogAssemblyErrors (0ms)
				InitializePlatformSupportModulesInManaged (19ms)
				SetLoadedEditorAssemblies (1ms)
				RefreshPlugins (3ms)
				BeforeProcessingInitializeOnLoad (112ms)
				ProcessInitializeOnLoadAttributes (290ms)
				ProcessInitializeOnLoadMethodAttributes (40ms)
				AfterProcessingInitializeOnLoad (16ms)
				EditorAssembliesLoaded (0ms)
			ExecutionOrderSort2 (0ms)
			AwakeInstancesAfterBackupRestoration (10ms)
Platform modules already initialized, skipping
Refreshing native plugins compatible for Editor in 3.73 ms, found 3 plugins.
Preloading 0 native plugins for Editor in 0.00 ms.
Unloading 3403 Unused Serialized files (Serialized files now loaded: 0)
Unloading 20 unused Assets / (78.5 KB). Loaded Objects now: 3925.
Memory consumption went from 137.9 MB to 137.9 MB.
Total: 4.371000 ms (FindLiveObjects: 0.369800 ms CreateObjectMapping: 0.112800 ms MarkObjects: 3.747400 ms  DeleteObjects: 0.139400 ms)

AssetImportParameters requested are different than current active one (requested -> active):
  custom:video-decoder-ogg-theora: a1e56fd34408186e4bbccfd4996cb3dc -> 
  custom:container-muxer-webm: aa71ff27fc2769a1b78a27578f13a17b -> 
  custom:container-demuxer-webm: 4f35f7cbe854078d1ac9338744f61a02 -> 
  custom:video-encoder-webm-vp8: eb34c28f22e8b96e1ab97ce403110664 -> 
  custom:audio-encoder-webm-vorbis: bf7c407c2cedff20999df2af8eb42d56 -> 
  custom:framework-win-MediaFoundation: 216162199b28c13a410421893ffa2e32 -> 
  custom:container-demuxer-ogg: 62fdf1f143b41e24485cea50d1cbac27 -> 
  custom:video-decoder-webm-vp8: 9c59270c3fd7afecdb556c50c9e8de78 -> 
  custom:audio-decoder-ogg-vorbis: bf7c407c2cedff20999df2af8eb42d56 -> 
========================================================================
Received Import Request.
  Time since last request: 32.830326 seconds.
  path: Assets/Options/Kickboard/Prefabs/Ch09_nonPBR.fbx
  artifactKey: Guid(c58e6941b773743438e161ade3e68ad5) Importer(815301076,1909f56bfc062723c751e8b465ee728b)
Start importing Assets/Options/Kickboard/Prefabs/Ch09_nonPBR.fbx using Guid(c58e6941b773743438e161ade3e68ad5) Importer(815301076,1909f56bfc062723c751e8b465ee728b)  -> (artifact id: 'b5534567855426cb6cd4efc0243d535a') in 0.236129 seconds 
========================================================================
Received Import Request.
  Time since last request: 15.605469 seconds.
  path: Assets/Options/Kickboard/Scripts/ThirdPersonCamera.cs
  artifactKey: Guid(c23d9671fbf0ee746a95a2fc0c896413) Importer(815301076,1909f56bfc062723c751e8b465ee728b)
Start importing Assets/Options/Kickboard/Scripts/ThirdPersonCamera.cs using Guid(c23d9671fbf0ee746a95a2fc0c896413) Importer(815301076,1909f56bfc062723c751e8b465ee728b)  -> (artifact id: 'af4532536d436a24d115b13316954509') in 0.006978 seconds 
========================================================================
Received Import Request.
  Time since last request: 281.831601 seconds.
  path: Assets/Options/Kickboard/Prefabs/TimmyPush.anim
  artifactKey: Guid(e51de6eb8eeece2478cb4a3a984e77e8) Importer(815301076,1909f56bfc062723c751e8b465ee728b)
Start importing Assets/Options/Kickboard/Prefabs/TimmyPush.anim using Guid(e51de6eb8eeece2478cb4a3a984e77e8) Importer(815301076,1909f56bfc062723c751e8b465ee728b)  -> (artifact id: '4ef5fbbcc5519696924d0fcfb87e7c96') in 0.044262 seconds 
========================================================================
Received Import Request.
  Time since last request: 110.127803 seconds.
  path: Assets/Options/Kickboard/Prefabs/TimmySkate.fbx
  artifactKey: Guid(6988e21be5d90cc4aa841c67e753a1ca) Importer(815301076,1909f56bfc062723c751e8b465ee728b)
Start importing Assets/Options/Kickboard/Prefabs/TimmySkate.fbx using Guid(6988e21be5d90cc4aa841c67e753a1ca) Importer(815301076,1909f56bfc062723c751e8b465ee728b)  -> (artifact id: '4d029fe8e5bd7b12c2e01fef628c334d') in 0.017528 seconds 
========================================================================
Received Import Request.
  Time since last request: 7.998467 seconds.
  path: Assets/Options/Kickboard/Prefabs/TimmyIdle.fbx
  artifactKey: Guid(81c43c820f8b8ff4caf584a657a6e3da) Importer(815301076,1909f56bfc062723c751e8b465ee728b)
Start importing Assets/Options/Kickboard/Prefabs/TimmyIdle.fbx using Guid(81c43c820f8b8ff4caf584a657a6e3da) Importer(815301076,1909f56bfc062723c751e8b465ee728b)  -> (artifact id: '080c4edcaa1080bddf86f7b62775d1f4') in 0.020719 seconds 
========================================================================
Received Import Request.
  Time since last request: 176.022205 seconds.
  path: Assets/Options/Kickboard/Prefabs/TimmyIdle.anim
  artifactKey: Guid(1378e759f2d1a654cae36840f9ded0ab) Importer(815301076,1909f56bfc062723c751e8b465ee728b)
Start importing Assets/Options/Kickboard/Prefabs/TimmyIdle.anim using Guid(1378e759f2d1a654cae36840f9ded0ab) Importer(815301076,1909f56bfc062723c751e8b465ee728b)  -> (artifact id: '38b3243138bf9c15c531d474541ceb5d') in 0.016407 seconds 
========================================================================
Received Import Request.
  Time since last request: 116.552352 seconds.
  path: Assets/Options/Kickboard/Prefabs/mixamo.com.anim
  artifactKey: Guid(be563680ce5576d43bb58e4d6916d65a) Importer(815301076,1909f56bfc062723c751e8b465ee728b)
Start importing Assets/Options/Kickboard/Prefabs/mixamo.com.anim using Guid(be563680ce5576d43bb58e4d6916d65a) Importer(815301076,1909f56bfc062723c751e8b465ee728b)  -> (artifact id: '2501f7ad9bb520466aecd81fa95254a3') in 0.037299 seconds 
========================================================================
Received Import Request.
  Time since last request: 11.488572 seconds.
  path: Assets/Options/Kickboard/Prefabs/Push.anim
  artifactKey: Guid(be563680ce5576d43bb58e4d6916d65a) Importer(815301076,1909f56bfc062723c751e8b465ee728b)
Start importing Assets/Options/Kickboard/Prefabs/Push.anim using Guid(be563680ce5576d43bb58e4d6916d65a) Importer(815301076,1909f56bfc062723c751e8b465ee728b)  -> (artifact id: 'bb90be799f69d58033a8f246f0fc8733') in 0.033932 seconds 
========================================================================
Received Import Request.
  Time since last request: 2.949696 seconds.
  path: Assets/Options/Kickboard/Prefabs/mixamo.com.anim
  artifactKey: Guid(ab2cded52ce830b4ba95cdc49b6cb157) Importer(815301076,1909f56bfc062723c751e8b465ee728b)
Start importing Assets/Options/Kickboard/Prefabs/mixamo.com.anim using Guid(ab2cded52ce830b4ba95cdc49b6cb157) Importer(815301076,1909f56bfc062723c751e8b465ee728b)  -> (artifact id: '5d6050b1b53201ad1a48ff6d0852cf69') in 0.010077 seconds 
========================================================================
Received Import Request.
  Time since last request: 4.316654 seconds.
  path: Assets/Options/Kickboard/Prefabs/Idle.anim
  artifactKey: Guid(ab2cded52ce830b4ba95cdc49b6cb157) Importer(815301076,1909f56bfc062723c751e8b465ee728b)
Start importing Assets/Options/Kickboard/Prefabs/Idle.anim using Guid(ab2cded52ce830b4ba95cdc49b6cb157) Importer(815301076,1909f56bfc062723c751e8b465ee728b)  -> (artifact id: 'f92f519f7f022d1a2a3b1ff80712a354') in 0.017821 seconds 
========================================================================
Received Prepare
Registering precompiled user dll's ...
Registered in 0.005880 seconds.
Begin MonoManager ReloadAssembly
Symbol file LoadedFromMemory doesn't match image D:\GITHUB Cloned Repositories\City-Adventures-NTEK\Library\PackageCache\com.unity.visualscripting@1.7.8\Editor\VisualScripting.Core\Dependencies\YamlDotNet\Unity.VisualScripting.YamlDotNet.dll
Symbol file LoadedFromMemory doesn't match image D:\GITHUB Cloned Repositories\City-Adventures-NTEK\Library\PackageCache\com.unity.visualscripting@1.7.8\Editor\VisualScripting.Core\Dependencies\DotNetZip\Unity.VisualScripting.IonicZip.dll
Native extension for WindowsStandalone target not found
Refreshing native plugins compatible for Editor in 1.13 ms, found 3 plugins.
Preloading 0 native plugins for Editor in 0.00 ms.
Mono: successfully reloaded assembly
- Completed reload, in  1.548 seconds
Domain Reload Profiling:
	ReloadAssembly (1550ms)
		BeginReloadAssembly (200ms)
			ExecutionOrderSort (0ms)
			DisableScriptedObjects (7ms)
			BackupInstance (0ms)
			ReleaseScriptingObjects (0ms)
			CreateAndSetChildDomain (56ms)
		EndReloadAssembly (1167ms)
			LoadAssemblies (128ms)
			RebuildTransferFunctionScriptingTraits (0ms)
			SetupTypeCache (421ms)
			ReleaseScriptCaches (2ms)
			RebuildScriptCaches (63ms)
			SetupLoadedEditorAssemblies (495ms)
				LogAssemblyErrors (0ms)
				InitializePlatformSupportModulesInManaged (22ms)
				SetLoadedEditorAssemblies (1ms)
				RefreshPlugins (1ms)
				BeforeProcessingInitializeOnLoad (98ms)
				ProcessInitializeOnLoadAttributes (309ms)
				ProcessInitializeOnLoadMethodAttributes (49ms)
				AfterProcessingInitializeOnLoad (15ms)
				EditorAssembliesLoaded (0ms)
			ExecutionOrderSort2 (0ms)
			AwakeInstancesAfterBackupRestoration (10ms)
Platform modules already initialized, skipping
Refreshing native plugins compatible for Editor in 3.05 ms, found 3 plugins.
Preloading 0 native plugins for Editor in 0.00 ms.
Unloading 3403 Unused Serialized files (Serialized files now loaded: 0)
Unloading 20 unused Assets / (78.6 KB). Loaded Objects now: 3928.
Memory consumption went from 137.9 MB to 137.8 MB.
Total: 7.336000 ms (FindLiveObjects: 0.450400 ms CreateObjectMapping: 0.163000 ms MarkObjects: 6.527000 ms  DeleteObjects: 0.193900 ms)

AssetImportParameters requested are different than current active one (requested -> active):
  custom:video-decoder-ogg-theora: a1e56fd34408186e4bbccfd4996cb3dc -> 
  custom:container-muxer-webm: aa71ff27fc2769a1b78a27578f13a17b -> 
  custom:container-demuxer-webm: 4f35f7cbe854078d1ac9338744f61a02 -> 
  custom:video-encoder-webm-vp8: eb34c28f22e8b96e1ab97ce403110664 -> 
  custom:audio-encoder-webm-vorbis: bf7c407c2cedff20999df2af8eb42d56 -> 
  custom:framework-win-MediaFoundation: 216162199b28c13a410421893ffa2e32 -> 
  custom:container-demuxer-ogg: 62fdf1f143b41e24485cea50d1cbac27 -> 
  custom:video-decoder-webm-vp8: 9c59270c3fd7afecdb556c50c9e8de78 -> 
  custom:audio-decoder-ogg-vorbis: bf7c407c2cedff20999df2af8eb42d56 -> 
========================================================================
Received Import Request.
  Time since last request: 658.164787 seconds.
  path: Assets/Options/Kickboard/Scripts/CharacterIK.cs
  artifactKey: Guid(387e01118b1fb9e41bbb4d79365a2fbd) Importer(815301076,1909f56bfc062723c751e8b465ee728b)
Start importing Assets/Options/Kickboard/Scripts/CharacterIK.cs using Guid(387e01118b1fb9e41bbb4d79365a2fbd) Importer(815301076,1909f56bfc062723c751e8b465ee728b)  -> (artifact id: 'de5e424077983fe9175cc247a3a11ade') in 0.018671 seconds 
========================================================================
Received Prepare
Registering precompiled user dll's ...
Registered in 0.007028 seconds.
Begin MonoManager ReloadAssembly
Symbol file LoadedFromMemory doesn't match image D:\GITHUB Cloned Repositories\City-Adventures-NTEK\Library\PackageCache\com.unity.visualscripting@1.7.8\Editor\VisualScripting.Core\Dependencies\YamlDotNet\Unity.VisualScripting.YamlDotNet.dll
Symbol file LoadedFromMemory doesn't match image D:\GITHUB Cloned Repositories\City-Adventures-NTEK\Library\PackageCache\com.unity.visualscripting@1.7.8\Editor\VisualScripting.Core\Dependencies\DotNetZip\Unity.VisualScripting.IonicZip.dll
Native extension for WindowsStandalone target not found
Refreshing native plugins compatible for Editor in 1.28 ms, found 3 plugins.
Preloading 0 native plugins for Editor in 0.00 ms.
Mono: successfully reloaded assembly
- Completed reload, in  1.454 seconds
Domain Reload Profiling:
	ReloadAssembly (1455ms)
		BeginReloadAssembly (204ms)
			ExecutionOrderSort (0ms)
			DisableScriptedObjects (10ms)
			BackupInstance (0ms)
			ReleaseScriptingObjects (0ms)
			CreateAndSetChildDomain (61ms)
		EndReloadAssembly (1107ms)
			LoadAssemblies (137ms)
			RebuildTransferFunctionScriptingTraits (0ms)
			SetupTypeCache (412ms)
			ReleaseScriptCaches (1ms)
			RebuildScriptCaches (58ms)
			SetupLoadedEditorAssemblies (449ms)
				LogAssemblyErrors (0ms)
				InitializePlatformSupportModulesInManaged (17ms)
				SetLoadedEditorAssemblies (1ms)
				RefreshPlugins (1ms)
				BeforeProcessingInitializeOnLoad (92ms)
				ProcessInitializeOnLoadAttributes (279ms)
				ProcessInitializeOnLoadMethodAttributes (44ms)
				AfterProcessingInitializeOnLoad (14ms)
				EditorAssembliesLoaded (0ms)
			ExecutionOrderSort2 (0ms)
			AwakeInstancesAfterBackupRestoration (8ms)
Platform modules already initialized, skipping
Refreshing native plugins compatible for Editor in 2.12 ms, found 3 plugins.
Preloading 0 native plugins for Editor in 0.00 ms.
Unloading 3403 Unused Serialized files (Serialized files now loaded: 0)
Unloading 20 unused Assets / (78.6 KB). Loaded Objects now: 3931.
Memory consumption went from 137.8 MB to 137.8 MB.
Total: 3.868000 ms (FindLiveObjects: 0.393800 ms CreateObjectMapping: 0.184000 ms MarkObjects: 3.169000 ms  DeleteObjects: 0.119500 ms)

AssetImportParameters requested are different than current active one (requested -> active):
  custom:video-decoder-ogg-theora: a1e56fd34408186e4bbccfd4996cb3dc -> 
  custom:container-muxer-webm: aa71ff27fc2769a1b78a27578f13a17b -> 
  custom:container-demuxer-webm: 4f35f7cbe854078d1ac9338744f61a02 -> 
  custom:video-encoder-webm-vp8: eb34c28f22e8b96e1ab97ce403110664 -> 
  custom:audio-encoder-webm-vorbis: bf7c407c2cedff20999df2af8eb42d56 -> 
  custom:framework-win-MediaFoundation: 216162199b28c13a410421893ffa2e32 -> 
  custom:container-demuxer-ogg: 62fdf1f143b41e24485cea50d1cbac27 -> 
  custom:video-decoder-webm-vp8: 9c59270c3fd7afecdb556c50c9e8de78 -> 
  custom:audio-decoder-ogg-vorbis: bf7c407c2cedff20999df2af8eb42d56 -> 
========================================================================
Received Import Request.
  Time since last request: 138.106945 seconds.
  path: Assets/Options/Kickboard/Scripts/ThirdPersonController.cs
  artifactKey: Guid(e30f475eb58656e43b17c8d611490292) Importer(815301076,1909f56bfc062723c751e8b465ee728b)
Start importing Assets/Options/Kickboard/Scripts/ThirdPersonController.cs using Guid(e30f475eb58656e43b17c8d611490292) Importer(815301076,1909f56bfc062723c751e8b465ee728b)  -> (artifact id: '9377c9571368354149b74f75c1680577') in 0.011617 seconds 
========================================================================
Received Import Request.
  Time since last request: 394.153634 seconds.
  path: Assets/Options/Kickboard/Scripts/PlayerMove.cs
  artifactKey: Guid(3eff92d4b1d5b944cb82bf0eab2ee16b) Importer(815301076,1909f56bfc062723c751e8b465ee728b)
Start importing Assets/Options/Kickboard/Scripts/PlayerMove.cs using Guid(3eff92d4b1d5b944cb82bf0eab2ee16b) Importer(815301076,1909f56bfc062723c751e8b465ee728b)  -> (artifact id: '0d65f2ddb8fc5c31598362de83be31d8') in 0.008371 seconds 
========================================================================
Received Prepare
Registering precompiled user dll's ...
Registered in 0.006284 seconds.
Begin MonoManager ReloadAssembly
Symbol file LoadedFromMemory doesn't match image D:\GITHUB Cloned Repositories\City-Adventures-NTEK\Library\PackageCache\com.unity.visualscripting@1.7.8\Editor\VisualScripting.Core\Dependencies\YamlDotNet\Unity.VisualScripting.YamlDotNet.dll
Symbol file LoadedFromMemory doesn't match image D:\GITHUB Cloned Repositories\City-Adventures-NTEK\Library\PackageCache\com.unity.visualscripting@1.7.8\Editor\VisualScripting.Core\Dependencies\DotNetZip\Unity.VisualScripting.IonicZip.dll
Native extension for WindowsStandalone target not found
Refreshing native plugins compatible for Editor in 0.83 ms, found 3 plugins.
Preloading 0 native plugins for Editor in 0.00 ms.
Mono: successfully reloaded assembly
- Completed reload, in  1.464 seconds
Domain Reload Profiling:
	ReloadAssembly (1465ms)
		BeginReloadAssembly (198ms)
			ExecutionOrderSort (0ms)
			DisableScriptedObjects (7ms)
			BackupInstance (0ms)
			ReleaseScriptingObjects (0ms)
			CreateAndSetChildDomain (52ms)
		EndReloadAssembly (1114ms)
			LoadAssemblies (129ms)
			RebuildTransferFunctionScriptingTraits (0ms)
			SetupTypeCache (423ms)
			ReleaseScriptCaches (2ms)
			RebuildScriptCaches (60ms)
			SetupLoadedEditorAssemblies (455ms)
				LogAssemblyErrors (0ms)
				InitializePlatformSupportModulesInManaged (19ms)
				SetLoadedEditorAssemblies (1ms)
				RefreshPlugins (1ms)
				BeforeProcessingInitializeOnLoad (88ms)
				ProcessInitializeOnLoadAttributes (297ms)
				ProcessInitializeOnLoadMethodAttributes (37ms)
				AfterProcessingInitializeOnLoad (13ms)
				EditorAssembliesLoaded (0ms)
			ExecutionOrderSort2 (0ms)
			AwakeInstancesAfterBackupRestoration (9ms)
Platform modules already initialized, skipping
Refreshing native plugins compatible for Editor in 3.23 ms, found 3 plugins.
Preloading 0 native plugins for Editor in 0.00 ms.
Unloading 3404 Unused Serialized files (Serialized files now loaded: 0)
Unloading 20 unused Assets / (78.6 KB). Loaded Objects now: 3935.
Memory consumption went from 138.0 MB to 137.9 MB.
Total: 4.380100 ms (FindLiveObjects: 0.368400 ms CreateObjectMapping: 0.123400 ms MarkObjects: 3.755200 ms  DeleteObjects: 0.131700 ms)

AssetImportParameters requested are different than current active one (requested -> active):
  custom:video-decoder-ogg-theora: a1e56fd34408186e4bbccfd4996cb3dc -> 
  custom:container-muxer-webm: aa71ff27fc2769a1b78a27578f13a17b -> 
  custom:container-demuxer-webm: 4f35f7cbe854078d1ac9338744f61a02 -> 
  custom:video-encoder-webm-vp8: eb34c28f22e8b96e1ab97ce403110664 -> 
  custom:audio-encoder-webm-vorbis: bf7c407c2cedff20999df2af8eb42d56 -> 
  custom:framework-win-MediaFoundation: 216162199b28c13a410421893ffa2e32 -> 
  custom:container-demuxer-ogg: 62fdf1f143b41e24485cea50d1cbac27 -> 
  custom:video-decoder-webm-vp8: 9c59270c3fd7afecdb556c50c9e8de78 -> 
  custom:audio-decoder-ogg-vorbis: bf7c407c2cedff20999df2af8eb42d56 -> 
========================================================================
Received Import Request.
  Time since last request: 19.295377 seconds.
  path: Assets/Options/Kickboard/Scripts/KickboardMoveScript.cs
  artifactKey: Guid(c1d87d0fa36dafe4a8d7ffea5659caf9) Importer(815301076,1909f56bfc062723c751e8b465ee728b)
Start importing Assets/Options/Kickboard/Scripts/KickboardMoveScript.cs using Guid(c1d87d0fa36dafe4a8d7ffea5659caf9) Importer(815301076,1909f56bfc062723c751e8b465ee728b)  -> (artifact id: '91a00d9753de50b89c66a5a592af833a') in 0.012129 seconds 
========================================================================
Received Prepare
Registering precompiled user dll's ...
Registered in 0.005064 seconds.
Begin MonoManager ReloadAssembly
Symbol file LoadedFromMemory doesn't match image D:\GITHUB Cloned Repositories\City-Adventures-NTEK\Library\PackageCache\com.unity.visualscripting@1.7.8\Editor\VisualScripting.Core\Dependencies\YamlDotNet\Unity.VisualScripting.YamlDotNet.dll
Symbol file LoadedFromMemory doesn't match image D:\GITHUB Cloned Repositories\City-Adventures-NTEK\Library\PackageCache\com.unity.visualscripting@1.7.8\Editor\VisualScripting.Core\Dependencies\DotNetZip\Unity.VisualScripting.IonicZip.dll
Native extension for WindowsStandalone target not found
Refreshing native plugins compatible for Editor in 0.77 ms, found 3 plugins.
Preloading 0 native plugins for Editor in 0.00 ms.
Mono: successfully reloaded assembly
- Completed reload, in  1.231 seconds
Domain Reload Profiling:
	ReloadAssembly (1232ms)
		BeginReloadAssembly (165ms)
			ExecutionOrderSort (0ms)
			DisableScriptedObjects (7ms)
			BackupInstance (0ms)
			ReleaseScriptingObjects (0ms)
			CreateAndSetChildDomain (42ms)
		EndReloadAssembly (933ms)
			LoadAssemblies (106ms)
			RebuildTransferFunctionScriptingTraits (0ms)
			SetupTypeCache (342ms)
			ReleaseScriptCaches (2ms)
			RebuildScriptCaches (53ms)
			SetupLoadedEditorAssemblies (387ms)
				LogAssemblyErrors (0ms)
				InitializePlatformSupportModulesInManaged (16ms)
				SetLoadedEditorAssemblies (1ms)
				RefreshPlugins (1ms)
				BeforeProcessingInitializeOnLoad (80ms)
				ProcessInitializeOnLoadAttributes (244ms)
				ProcessInitializeOnLoadMethodAttributes (34ms)
				AfterProcessingInitializeOnLoad (12ms)
				EditorAssembliesLoaded (0ms)
			ExecutionOrderSort2 (0ms)
			AwakeInstancesAfterBackupRestoration (8ms)
Platform modules already initialized, skipping
Refreshing native plugins compatible for Editor in 1.97 ms, found 3 plugins.
Preloading 0 native plugins for Editor in 0.00 ms.
Unloading 3405 Unused Serialized files (Serialized files now loaded: 0)
Unloading 20 unused Assets / (78.5 KB). Loaded Objects now: 3939.
Memory consumption went from 138.0 MB to 137.9 MB.
Total: 3.897200 ms (FindLiveObjects: 0.356800 ms CreateObjectMapping: 0.103100 ms MarkObjects: 3.322100 ms  DeleteObjects: 0.113600 ms)

AssetImportParameters requested are different than current active one (requested -> active):
  custom:video-decoder-ogg-theora: a1e56fd34408186e4bbccfd4996cb3dc -> 
  custom:container-muxer-webm: aa71ff27fc2769a1b78a27578f13a17b -> 
  custom:container-demuxer-webm: 4f35f7cbe854078d1ac9338744f61a02 -> 
  custom:video-encoder-webm-vp8: eb34c28f22e8b96e1ab97ce403110664 -> 
  custom:audio-encoder-webm-vorbis: bf7c407c2cedff20999df2af8eb42d56 -> 
  custom:framework-win-MediaFoundation: 216162199b28c13a410421893ffa2e32 -> 
  custom:container-demuxer-ogg: 62fdf1f143b41e24485cea50d1cbac27 -> 
  custom:video-decoder-webm-vp8: 9c59270c3fd7afecdb556c50c9e8de78 -> 
  custom:audio-decoder-ogg-vorbis: bf7c407c2cedff20999df2af8eb42d56 -> 
