Using pre-set license
Built from '2021.3/staging' branch; Version is '2021.3.7f1 (24e8595d6d43) revision 2418777'; Using compiler version '192829333'; Build Type 'Release'
OS: 'Windows 10  (10.0.19042) 64bit Professional' Language: 'en' Physical Memory: 4015 MB
BatchMode: 1, IsHumanControllingUs: 0, StartBugReporterOnCrash: 0, Is64bit: 1, IsPro: 1

COMMAND LINE ARGUMENTS:
C:\Program Files\Unity\Hub\Editor\2021.3.7f1\Editor\Unity.exe
-adb2
-batchMode
-noUpm
-name
AssetImportWorker5
-projectPath
E:/Unity Trials/City-Adventures-NTEK
-logFile
Logs/AssetImportWorker5.log
-srvPort
1033
Successfully changed project path to: E:/Unity Trials/City-Adventures-NTEK
E:/Unity Trials/City-Adventures-NTEK
[UnityMemory] Configuration Parameters - Can be set up in boot.config
    "memorysetup-bucket-allocator-granularity=16"
    "memorysetup-bucket-allocator-bucket-count=8"
    "memorysetup-bucket-allocator-block-size=33554432"
    "memorysetup-bucket-allocator-block-count=8"
    "memorysetup-main-allocator-block-size=16777216"
    "memorysetup-thread-allocator-block-size=16777216"
    "memorysetup-gfx-main-allocator-block-size=16777216"
    "memorysetup-gfx-thread-allocator-block-size=16777216"
    "memorysetup-cache-allocator-block-size=4194304"
    "memorysetup-typetree-allocator-block-size=2097152"
    "memorysetup-profiler-bucket-allocator-granularity=16"
    "memorysetup-profiler-bucket-allocator-bucket-count=8"
    "memorysetup-profiler-bucket-allocator-block-size=33554432"
    "memorysetup-profiler-bucket-allocator-block-count=8"
    "memorysetup-profiler-allocator-block-size=16777216"
    "memorysetup-profiler-editor-allocator-block-size=1048576"
    "memorysetup-temp-allocator-size-main=16777216"
    "memorysetup-job-temp-allocator-block-size=2097152"
    "memorysetup-job-temp-allocator-block-size-background=1048576"
    "memorysetup-job-temp-allocator-reduction-small-platforms=262144"
    "memorysetup-temp-allocator-size-background-worker=32768"
    "memorysetup-temp-allocator-size-job-worker=262144"
    "memorysetup-temp-allocator-size-preload-manager=33554432"
    "memorysetup-temp-allocator-size-nav-mesh-worker=65536"
    "memorysetup-temp-allocator-size-audio-worker=65536"
    "memorysetup-temp-allocator-size-cloud-worker=32768"
    "memorysetup-temp-allocator-size-gi-baking-worker=262144"
    "memorysetup-temp-allocator-size-gfx=262144"
Refreshing native plugins compatible for Editor in 123.22 ms, found 3 plugins.
Preloading 0 native plugins for Editor in 0.00 ms.
Initialize engine version: 2021.3.7f1 (24e8595d6d43)
[Subsystems] Discovering subsystems at path C:/Program Files/Unity/Hub/Editor/2021.3.7f1/Editor/Data/Resources/UnitySubsystems
[Subsystems] Discovering subsystems at path E:/Unity Trials/City-Adventures-NTEK/Assets
GfxDevice: creating device client; threaded=0; jobified=0
Direct3D:
    Version:  Direct3D 11.0 [level 11.1]
    Renderer: AMD Radeon R5 M230 (ID=0x666f)
    Vendor:   ATI
    VRAM:     2039 MB
    Driver:   16.300.2101.0
Initialize mono
Mono path[0] = 'C:/Program Files/Unity/Hub/Editor/2021.3.7f1/Editor/Data/Managed'
Mono path[1] = 'C:/Program Files/Unity/Hub/Editor/2021.3.7f1/Editor/Data/MonoBleedingEdge/lib/mono/unityjit-win32'
Mono config path = 'C:/Program Files/Unity/Hub/Editor/2021.3.7f1/Editor/Data/MonoBleedingEdge/etc'
Using monoOptions --debugger-agent=transport=dt_socket,embedding=1,server=y,suspend=n,address=127.0.0.1:56372
Begin MonoManager ReloadAssembly
Registering precompiled unity dll's ...
Register platform support module: C:/Program Files/Unity/Hub/Editor/2021.3.7f1/Editor/Data/PlaybackEngines/WindowsStandaloneSupport/UnityEditor.WindowsStandalone.Extensions.dll
Registered in 0.011301 seconds.
Native extension for WindowsStandalone target not found
Refreshing native plugins compatible for Editor in 122.70 ms, found 3 plugins.
Preloading 0 native plugins for Editor in 0.00 ms.
Mono: successfully reloaded assembly
- Completed reload, in  0.998 seconds
Domain Reload Profiling:
	ReloadAssembly (999ms)
		BeginReloadAssembly (111ms)
			ExecutionOrderSort (0ms)
			DisableScriptedObjects (0ms)
			BackupInstance (0ms)
			ReleaseScriptingObjects (0ms)
			CreateAndSetChildDomain (1ms)
		EndReloadAssembly (696ms)
			LoadAssemblies (107ms)
			RebuildTransferFunctionScriptingTraits (0ms)
			SetupTypeCache (160ms)
			ReleaseScriptCaches (0ms)
			RebuildScriptCaches (52ms)
			SetupLoadedEditorAssemblies (404ms)
				LogAssemblyErrors (0ms)
				InitializePlatformSupportModulesInManaged (13ms)
				SetLoadedEditorAssemblies (0ms)
				RefreshPlugins (123ms)
				BeforeProcessingInitializeOnLoad (2ms)
				ProcessInitializeOnLoadAttributes (194ms)
				ProcessInitializeOnLoadMethodAttributes (72ms)
				AfterProcessingInitializeOnLoad (0ms)
				EditorAssembliesLoaded (0ms)
			ExecutionOrderSort2 (0ms)
			AwakeInstancesAfterBackupRestoration (0ms)
Platform modules already initialized, skipping
Registering precompiled user dll's ...
Registered in 0.005124 seconds.
Begin MonoManager ReloadAssembly
Symbol file LoadedFromMemory doesn't match image E:\Unity Trials\City-Adventures-NTEK\Library\PackageCache\com.unity.visualscripting@1.7.8\Editor\VisualScripting.Core\Dependencies\YamlDotNet\Unity.VisualScripting.YamlDotNet.dll
Symbol file LoadedFromMemory doesn't match image E:\Unity Trials\City-Adventures-NTEK\Library\PackageCache\com.unity.visualscripting@1.7.8\Editor\VisualScripting.Core\Dependencies\DotNetZip\Unity.VisualScripting.IonicZip.dll
Native extension for WindowsStandalone target not found
Refreshing native plugins compatible for Editor in 0.83 ms, found 3 plugins.
Preloading 0 native plugins for Editor in 0.00 ms.
Mono: successfully reloaded assembly
- Completed reload, in  4.277 seconds
Domain Reload Profiling:
	ReloadAssembly (4278ms)
		BeginReloadAssembly (171ms)
			ExecutionOrderSort (0ms)
			DisableScriptedObjects (9ms)
			BackupInstance (0ms)
			ReleaseScriptingObjects (0ms)
			CreateAndSetChildDomain (27ms)
		EndReloadAssembly (3830ms)
			LoadAssemblies (1612ms)
			RebuildTransferFunctionScriptingTraits (0ms)
			SetupTypeCache (444ms)
			ReleaseScriptCaches (1ms)
			RebuildScriptCaches (75ms)
			SetupLoadedEditorAssemblies (1629ms)
				LogAssemblyErrors (0ms)
				InitializePlatformSupportModulesInManaged (9ms)
				SetLoadedEditorAssemblies (1ms)
				RefreshPlugins (1ms)
				BeforeProcessingInitializeOnLoad (129ms)
				ProcessInitializeOnLoadAttributes (1187ms)
				ProcessInitializeOnLoadMethodAttributes (286ms)
				AfterProcessingInitializeOnLoad (16ms)
				EditorAssembliesLoaded (0ms)
			ExecutionOrderSort2 (0ms)
			AwakeInstancesAfterBackupRestoration (12ms)
Platform modules already initialized, skipping
========================================================================
Worker process is ready to serve import requests
Launched and connected shader compiler UnityShaderCompiler.exe after 0.80 seconds
Refreshing native plugins compatible for Editor in 0.91 ms, found 3 plugins.
Preloading 0 native plugins for Editor in 0.00 ms.
Unloading 3388 Unused Serialized files (Serialized files now loaded: 0)
Unloading 27 unused Assets / (111.3 KB). Loaded Objects now: 3850.
Memory consumption went from 117.8 MB to 117.7 MB.
Total: 5.607700 ms (FindLiveObjects: 0.365500 ms CreateObjectMapping: 0.429800 ms MarkObjects: 4.666900 ms  DeleteObjects: 0.144000 ms)

AssetImportParameters requested are different than current active one (requested -> active):
  custom:video-decoder-ogg-theora: a1e56fd34408186e4bbccfd4996cb3dc -> 
  custom:container-muxer-webm: aa71ff27fc2769a1b78a27578f13a17b -> 
  custom:container-demuxer-webm: 4f35f7cbe854078d1ac9338744f61a02 -> 
  custom:video-encoder-webm-vp8: eb34c28f22e8b96e1ab97ce403110664 -> 
  custom:audio-encoder-webm-vorbis: bf7c407c2cedff20999df2af8eb42d56 -> 
  custom:framework-win-MediaFoundation: 216162199b28c13a410421893ffa2e32 -> 
  custom:container-demuxer-ogg: 62fdf1f143b41e24485cea50d1cbac27 -> 
  custom:video-decoder-webm-vp8: 9c59270c3fd7afecdb556c50c9e8de78 -> 
  custom:audio-decoder-ogg-vorbis: bf7c407c2cedff20999df2af8eb42d56 -> 
========================================================================
Received Import Request.
  Time since last request: 9537.876997 seconds.
  path: Assets/AI/Scripts/CarAI Script/CarAIScript.cs
  artifactKey: Guid(6a8cc1db8a523814cb1ab86fc6ba0e50) Importer(815301076,1909f56bfc062723c751e8b465ee728b)
Start importing Assets/AI/Scripts/CarAI Script/CarAIScript.cs using Guid(6a8cc1db8a523814cb1ab86fc6ba0e50) Importer(815301076,1909f56bfc062723c751e8b465ee728b)  -> (artifact id: 'c293a5eecd34f9f1a9ae681176cea8c3') in 0.239736 seconds 
========================================================================
Received Import Request.
  Time since last request: 0.000050 seconds.
  path: Assets/AI/Scripts/CarAI Script
  artifactKey: Guid(7074a613984cba14693f81bfdd010759) Importer(815301076,1909f56bfc062723c751e8b465ee728b)
Start importing Assets/AI/Scripts/CarAI Script using Guid(7074a613984cba14693f81bfdd010759) Importer(815301076,1909f56bfc062723c751e8b465ee728b)  -> (artifact id: 'bd0d9af9e9549922735fc72e09687a56') in 0.018906 seconds 
========================================================================
Received Prepare
Registering precompiled user dll's ...
Registered in 0.004064 seconds.
Begin MonoManager ReloadAssembly
Symbol file LoadedFromMemory doesn't match image E:\Unity Trials\City-Adventures-NTEK\Library\PackageCache\com.unity.visualscripting@1.7.8\Editor\VisualScripting.Core\Dependencies\YamlDotNet\Unity.VisualScripting.YamlDotNet.dll
Symbol file LoadedFromMemory doesn't match image E:\Unity Trials\City-Adventures-NTEK\Library\PackageCache\com.unity.visualscripting@1.7.8\Editor\VisualScripting.Core\Dependencies\DotNetZip\Unity.VisualScripting.IonicZip.dll
Native extension for WindowsStandalone target not found
Refreshing native plugins compatible for Editor in 0.86 ms, found 3 plugins.
Preloading 0 native plugins for Editor in 0.00 ms.
Mono: successfully reloaded assembly
- Completed reload, in  1.511 seconds
Domain Reload Profiling:
	ReloadAssembly (1511ms)
		BeginReloadAssembly (202ms)
			ExecutionOrderSort (0ms)
			DisableScriptedObjects (9ms)
			BackupInstance (0ms)
			ReleaseScriptingObjects (0ms)
			CreateAndSetChildDomain (51ms)
		EndReloadAssembly (1153ms)
			LoadAssemblies (127ms)
			RebuildTransferFunctionScriptingTraits (0ms)
			SetupTypeCache (402ms)
			ReleaseScriptCaches (1ms)
			RebuildScriptCaches (61ms)
			SetupLoadedEditorAssemblies (503ms)
				LogAssemblyErrors (0ms)
				InitializePlatformSupportModulesInManaged (24ms)
				SetLoadedEditorAssemblies (1ms)
				RefreshPlugins (1ms)
				BeforeProcessingInitializeOnLoad (102ms)
				ProcessInitializeOnLoadAttributes (318ms)
				ProcessInitializeOnLoadMethodAttributes (45ms)
				AfterProcessingInitializeOnLoad (11ms)
				EditorAssembliesLoaded (0ms)
			ExecutionOrderSort2 (0ms)
			AwakeInstancesAfterBackupRestoration (9ms)
Platform modules already initialized, skipping
Refreshing native plugins compatible for Editor in 2.14 ms, found 3 plugins.
Preloading 0 native plugins for Editor in 0.00 ms.
Unloading 3382 Unused Serialized files (Serialized files now loaded: 0)
Unloading 20 unused Assets / (78.5 KB). Loaded Objects now: 3853.
Memory consumption went from 117.7 MB to 117.6 MB.
Total: 47.742400 ms (FindLiveObjects: 0.302800 ms CreateObjectMapping: 0.184500 ms MarkObjects: 47.115400 ms  DeleteObjects: 0.138200 ms)

AssetImportParameters requested are different than current active one (requested -> active):
  custom:video-decoder-ogg-theora: a1e56fd34408186e4bbccfd4996cb3dc -> 
  custom:container-muxer-webm: aa71ff27fc2769a1b78a27578f13a17b -> 
  custom:container-demuxer-webm: 4f35f7cbe854078d1ac9338744f61a02 -> 
  custom:video-encoder-webm-vp8: eb34c28f22e8b96e1ab97ce403110664 -> 
  custom:audio-encoder-webm-vorbis: bf7c407c2cedff20999df2af8eb42d56 -> 
  custom:framework-win-MediaFoundation: 216162199b28c13a410421893ffa2e32 -> 
  custom:container-demuxer-ogg: 62fdf1f143b41e24485cea50d1cbac27 -> 
  custom:video-decoder-webm-vp8: 9c59270c3fd7afecdb556c50c9e8de78 -> 
  custom:audio-decoder-ogg-vorbis: bf7c407c2cedff20999df2af8eb42d56 -> 
========================================================================
Received Import Request.
  Time since last request: 744.561485 seconds.
  path: Assets/AI/Scripts/CarAI Script/CarAIScript.cs
  artifactKey: Guid(6a8cc1db8a523814cb1ab86fc6ba0e50) Importer(815301076,1909f56bfc062723c751e8b465ee728b)
Start importing Assets/AI/Scripts/CarAI Script/CarAIScript.cs using Guid(6a8cc1db8a523814cb1ab86fc6ba0e50) Importer(815301076,1909f56bfc062723c751e8b465ee728b)  -> (artifact id: 'ce333351b7b25fb18e9f9d9a5ebda09d') in 0.007474 seconds 
========================================================================
Received Import Request.
  Time since last request: 33.237876 seconds.
  path: Assets/AI/Scripts/CarAI Script/NextWaypointScript.cs
  artifactKey: Guid(9cb54211951fbd1458dfe7ca9fd96509) Importer(815301076,1909f56bfc062723c751e8b465ee728b)
Start importing Assets/AI/Scripts/CarAI Script/NextWaypointScript.cs using Guid(9cb54211951fbd1458dfe7ca9fd96509) Importer(815301076,1909f56bfc062723c751e8b465ee728b)  -> (artifact id: 'ca9131fc501228365ee33ef80643d40c') in 0.002058 seconds 
========================================================================
Received Prepare
Registering precompiled user dll's ...
Registered in 0.005418 seconds.
Begin MonoManager ReloadAssembly
Symbol file LoadedFromMemory doesn't match image E:\Unity Trials\City-Adventures-NTEK\Library\PackageCache\com.unity.visualscripting@1.7.8\Editor\VisualScripting.Core\Dependencies\YamlDotNet\Unity.VisualScripting.YamlDotNet.dll
Symbol file LoadedFromMemory doesn't match image E:\Unity Trials\City-Adventures-NTEK\Library\PackageCache\com.unity.visualscripting@1.7.8\Editor\VisualScripting.Core\Dependencies\DotNetZip\Unity.VisualScripting.IonicZip.dll
Native extension for WindowsStandalone target not found
Refreshing native plugins compatible for Editor in 1.86 ms, found 3 plugins.
Preloading 0 native plugins for Editor in 0.00 ms.
Mono: successfully reloaded assembly
- Completed reload, in  1.810 seconds
Domain Reload Profiling:
	ReloadAssembly (1812ms)
		BeginReloadAssembly (224ms)
			ExecutionOrderSort (0ms)
			DisableScriptedObjects (13ms)
			BackupInstance (0ms)
			ReleaseScriptingObjects (0ms)
			CreateAndSetChildDomain (55ms)
		EndReloadAssembly (1408ms)
			LoadAssemblies (141ms)
			RebuildTransferFunctionScriptingTraits (0ms)
			SetupTypeCache (464ms)
			ReleaseScriptCaches (2ms)
			RebuildScriptCaches (70ms)
			SetupLoadedEditorAssemblies (676ms)
				LogAssemblyErrors (0ms)
				InitializePlatformSupportModulesInManaged (22ms)
				SetLoadedEditorAssemblies (1ms)
				RefreshPlugins (2ms)
				BeforeProcessingInitializeOnLoad (148ms)
				ProcessInitializeOnLoadAttributes (445ms)
				ProcessInitializeOnLoadMethodAttributes (45ms)
				AfterProcessingInitializeOnLoad (12ms)
				EditorAssembliesLoaded (0ms)
			ExecutionOrderSort2 (0ms)
			AwakeInstancesAfterBackupRestoration (13ms)
Platform modules already initialized, skipping
Refreshing native plugins compatible for Editor in 3.59 ms, found 3 plugins.
Preloading 0 native plugins for Editor in 0.00 ms.
Unloading 3383 Unused Serialized files (Serialized files now loaded: 0)
Unloading 20 unused Assets / (78.7 KB). Loaded Objects now: 3857.
Memory consumption went from 117.7 MB to 117.6 MB.
Total: 4.736900 ms (FindLiveObjects: 0.306100 ms CreateObjectMapping: 0.151900 ms MarkObjects: 4.148300 ms  DeleteObjects: 0.119800 ms)

AssetImportParameters requested are different than current active one (requested -> active):
  custom:video-decoder-ogg-theora: a1e56fd34408186e4bbccfd4996cb3dc -> 
  custom:container-muxer-webm: aa71ff27fc2769a1b78a27578f13a17b -> 
  custom:container-demuxer-webm: 4f35f7cbe854078d1ac9338744f61a02 -> 
  custom:video-encoder-webm-vp8: eb34c28f22e8b96e1ab97ce403110664 -> 
  custom:audio-encoder-webm-vorbis: bf7c407c2cedff20999df2af8eb42d56 -> 
  custom:framework-win-MediaFoundation: 216162199b28c13a410421893ffa2e32 -> 
  custom:container-demuxer-ogg: 62fdf1f143b41e24485cea50d1cbac27 -> 
  custom:video-decoder-webm-vp8: 9c59270c3fd7afecdb556c50c9e8de78 -> 
  custom:audio-decoder-ogg-vorbis: bf7c407c2cedff20999df2af8eb42d56 -> 
========================================================================
Received Import Request.
  Time since last request: 367.041931 seconds.
  path: Assets/AI/Scripts/CarAI Script/NextWaypointScript.cs
  artifactKey: Guid(9cb54211951fbd1458dfe7ca9fd96509) Importer(815301076,1909f56bfc062723c751e8b465ee728b)
Start importing Assets/AI/Scripts/CarAI Script/NextWaypointScript.cs using Guid(9cb54211951fbd1458dfe7ca9fd96509) Importer(815301076,1909f56bfc062723c751e8b465ee728b)  -> (artifact id: '7265c68fa4f45307e13c6199a5dfd8c0') in 0.016341 seconds 
========================================================================
Received Prepare
Registering precompiled user dll's ...
Registered in 0.006444 seconds.
Begin MonoManager ReloadAssembly
Symbol file LoadedFromMemory doesn't match image E:\Unity Trials\City-Adventures-NTEK\Library\PackageCache\com.unity.visualscripting@1.7.8\Editor\VisualScripting.Core\Dependencies\YamlDotNet\Unity.VisualScripting.YamlDotNet.dll
Symbol file LoadedFromMemory doesn't match image E:\Unity Trials\City-Adventures-NTEK\Library\PackageCache\com.unity.visualscripting@1.7.8\Editor\VisualScripting.Core\Dependencies\DotNetZip\Unity.VisualScripting.IonicZip.dll
Native extension for WindowsStandalone target not found
Refreshing native plugins compatible for Editor in 1.09 ms, found 3 plugins.
Preloading 0 native plugins for Editor in 0.00 ms.
Mono: successfully reloaded assembly
- Completed reload, in  1.743 seconds
Domain Reload Profiling:
	ReloadAssembly (1744ms)
		BeginReloadAssembly (234ms)
			ExecutionOrderSort (0ms)
			DisableScriptedObjects (11ms)
			BackupInstance (0ms)
			ReleaseScriptingObjects (0ms)
			CreateAndSetChildDomain (54ms)
		EndReloadAssembly (1343ms)
			LoadAssemblies (144ms)
			RebuildTransferFunctionScriptingTraits (0ms)
			SetupTypeCache (474ms)
			ReleaseScriptCaches (2ms)
			RebuildScriptCaches (83ms)
			SetupLoadedEditorAssemblies (592ms)
				LogAssemblyErrors (0ms)
				InitializePlatformSupportModulesInManaged (24ms)
				SetLoadedEditorAssemblies (1ms)
				RefreshPlugins (1ms)
				BeforeProcessingInitializeOnLoad (134ms)
				ProcessInitializeOnLoadAttributes (375ms)
				ProcessInitializeOnLoadMethodAttributes (45ms)
				AfterProcessingInitializeOnLoad (12ms)
				EditorAssembliesLoaded (0ms)
			ExecutionOrderSort2 (0ms)
			AwakeInstancesAfterBackupRestoration (10ms)
Platform modules already initialized, skipping
Refreshing native plugins compatible for Editor in 2.17 ms, found 3 plugins.
Preloading 0 native plugins for Editor in 0.00 ms.
Unloading 3383 Unused Serialized files (Serialized files now loaded: 0)
Unloading 20 unused Assets / (78.5 KB). Loaded Objects now: 3860.
Memory consumption went from 117.7 MB to 117.6 MB.
Total: 4.967600 ms (FindLiveObjects: 0.392300 ms CreateObjectMapping: 0.177800 ms MarkObjects: 4.271800 ms  DeleteObjects: 0.124300 ms)

AssetImportParameters requested are different than current active one (requested -> active):
  custom:video-decoder-ogg-theora: a1e56fd34408186e4bbccfd4996cb3dc -> 
  custom:container-muxer-webm: aa71ff27fc2769a1b78a27578f13a17b -> 
  custom:container-demuxer-webm: 4f35f7cbe854078d1ac9338744f61a02 -> 
  custom:video-encoder-webm-vp8: eb34c28f22e8b96e1ab97ce403110664 -> 
  custom:audio-encoder-webm-vorbis: bf7c407c2cedff20999df2af8eb42d56 -> 
  custom:framework-win-MediaFoundation: 216162199b28c13a410421893ffa2e32 -> 
  custom:container-demuxer-ogg: 62fdf1f143b41e24485cea50d1cbac27 -> 
  custom:video-decoder-webm-vp8: 9c59270c3fd7afecdb556c50c9e8de78 -> 
  custom:audio-decoder-ogg-vorbis: bf7c407c2cedff20999df2af8eb42d56 -> 
========================================================================
Received Import Request.
  Time since last request: 26.884351 seconds.
  path: Assets/AI/Scripts/CarAI Script/NextWaypointScript.cs
  artifactKey: Guid(9cb54211951fbd1458dfe7ca9fd96509) Importer(815301076,1909f56bfc062723c751e8b465ee728b)
Start importing Assets/AI/Scripts/CarAI Script/NextWaypointScript.cs using Guid(9cb54211951fbd1458dfe7ca9fd96509) Importer(815301076,1909f56bfc062723c751e8b465ee728b)  -> (artifact id: '48c9375613fae66ab8a92a18e8a889f2') in 0.006583 seconds 
========================================================================
Received Import Request.
  Time since last request: 500.939684 seconds.
  path: Assets/AI/Prefabs/Ambulance 1.prefab
  artifactKey: Guid(7b5533a1982de754e8e09240cffb147e) Importer(815301076,1909f56bfc062723c751e8b465ee728b)
Start importing Assets/AI/Prefabs/Ambulance 1.prefab using Guid(7b5533a1982de754e8e09240cffb147e) Importer(815301076,1909f56bfc062723c751e8b465ee728b)  -> (artifact id: '0f6f460ab965ae449877334973b79e62') in 4.571434 seconds 
========================================================================
Received Import Request.
  Time since last request: 0.000086 seconds.
  path: Assets/AI/Prefabs/Sedan 1.prefab
  artifactKey: Guid(e720224bcc525fc4c8ba1df43bfe21c1) Importer(815301076,1909f56bfc062723c751e8b465ee728b)
Start importing Assets/AI/Prefabs/Sedan 1.prefab using Guid(e720224bcc525fc4c8ba1df43bfe21c1) Importer(815301076,1909f56bfc062723c751e8b465ee728b)  -> (artifact id: '3271d0e696e969dfae15e580f4e30f94') in 0.492855 seconds 
========================================================================
Received Import Request.
  Time since last request: 0.000053 seconds.
  path: Assets/AI/Prefabs/Police 1.prefab
  artifactKey: Guid(ae487371bb18c9f44bea98139f61c424) Importer(815301076,1909f56bfc062723c751e8b465ee728b)
Start importing Assets/AI/Prefabs/Police 1.prefab using Guid(ae487371bb18c9f44bea98139f61c424) Importer(815301076,1909f56bfc062723c751e8b465ee728b)  -> (artifact id: '63f3dbe47c01bafbd1bbd2210df49875') in 0.318682 seconds 
========================================================================
Received Import Request.
  Time since last request: 174.641573 seconds.
  path: Assets/AI/Prefabs/Ambulance 1.prefab
  artifactKey: Guid(7b5533a1982de754e8e09240cffb147e) Importer(815301076,1909f56bfc062723c751e8b465ee728b)
Start importing Assets/AI/Prefabs/Ambulance 1.prefab using Guid(7b5533a1982de754e8e09240cffb147e) Importer(815301076,1909f56bfc062723c751e8b465ee728b)  -> (artifact id: '01d67533572859310f9b8e5528ba20cc') in 0.080814 seconds 
========================================================================
Received Import Request.
  Time since last request: 0.000056 seconds.
  path: Assets/AI/Prefabs/Sedan 1.prefab
  artifactKey: Guid(e720224bcc525fc4c8ba1df43bfe21c1) Importer(815301076,1909f56bfc062723c751e8b465ee728b)
Start importing Assets/AI/Prefabs/Sedan 1.prefab using Guid(e720224bcc525fc4c8ba1df43bfe21c1) Importer(815301076,1909f56bfc062723c751e8b465ee728b)  -> (artifact id: '7a412b4a4624fe911b22206585132efc') in 0.027575 seconds 
========================================================================
Received Import Request.
  Time since last request: 0.000071 seconds.
  path: Assets/AI/Prefabs/Police 1.prefab
  artifactKey: Guid(ae487371bb18c9f44bea98139f61c424) Importer(815301076,1909f56bfc062723c751e8b465ee728b)
Start importing Assets/AI/Prefabs/Police 1.prefab using Guid(ae487371bb18c9f44bea98139f61c424) Importer(815301076,1909f56bfc062723c751e8b465ee728b)  -> (artifact id: 'fa766cfda71b419d2730995fcae4ee29') in 0.035684 seconds 
========================================================================
Received Import Request.
  Time since last request: 10.074873 seconds.
  path: Assets/AI/Prefabs/Ambulance 1.prefab
  artifactKey: Guid(7b5533a1982de754e8e09240cffb147e) Importer(815301076,1909f56bfc062723c751e8b465ee728b)
Start importing Assets/AI/Prefabs/Ambulance 1.prefab using Guid(7b5533a1982de754e8e09240cffb147e) Importer(815301076,1909f56bfc062723c751e8b465ee728b)  -> (artifact id: '334d28c3783793b36d93dfebdbf92e73') in 0.041197 seconds 
========================================================================
Received Import Request.
  Time since last request: 0.000025 seconds.
  path: Assets/AI/Prefabs/Sedan 1.prefab
  artifactKey: Guid(e720224bcc525fc4c8ba1df43bfe21c1) Importer(815301076,1909f56bfc062723c751e8b465ee728b)
Start importing Assets/AI/Prefabs/Sedan 1.prefab using Guid(e720224bcc525fc4c8ba1df43bfe21c1) Importer(815301076,1909f56bfc062723c751e8b465ee728b)  -> (artifact id: 'd514d56cb0c414fd9322074bc6a0a994') in 0.041662 seconds 
========================================================================
Received Import Request.
  Time since last request: 0.000071 seconds.
  path: Assets/AI/Prefabs/Police 1.prefab
  artifactKey: Guid(ae487371bb18c9f44bea98139f61c424) Importer(815301076,1909f56bfc062723c751e8b465ee728b)
Start importing Assets/AI/Prefabs/Police 1.prefab using Guid(ae487371bb18c9f44bea98139f61c424) Importer(815301076,1909f56bfc062723c751e8b465ee728b)  -> (artifact id: 'aa8b406f7017b8917216b4da3120af1b') in 0.038626 seconds 
========================================================================
Received Import Request.
  Time since last request: 976.904437 seconds.
  path: Assets/AI/Prefabs/Ambulance 1.prefab
  artifactKey: Guid(7b5533a1982de754e8e09240cffb147e) Importer(815301076,1909f56bfc062723c751e8b465ee728b)
Start importing Assets/AI/Prefabs/Ambulance 1.prefab using Guid(7b5533a1982de754e8e09240cffb147e) Importer(815301076,1909f56bfc062723c751e8b465ee728b)  -> (artifact id: 'b0c1392b373ade82812655ad2916a5a4') in 1.316054 seconds 
========================================================================
Received Import Request.
  Time since last request: 0.000104 seconds.
  path: Assets/AI/Prefabs/Sedan 1.prefab
  artifactKey: Guid(e720224bcc525fc4c8ba1df43bfe21c1) Importer(815301076,1909f56bfc062723c751e8b465ee728b)
Start importing Assets/AI/Prefabs/Sedan 1.prefab using Guid(e720224bcc525fc4c8ba1df43bfe21c1) Importer(815301076,1909f56bfc062723c751e8b465ee728b)  -> (artifact id: '91b2a9402989800da0074f849640f7ae') in 0.428174 seconds 
========================================================================
Received Import Request.
  Time since last request: 0.000076 seconds.
  path: Assets/AI/Prefabs/Police 1.prefab
  artifactKey: Guid(ae487371bb18c9f44bea98139f61c424) Importer(815301076,1909f56bfc062723c751e8b465ee728b)
Start importing Assets/AI/Prefabs/Police 1.prefab using Guid(ae487371bb18c9f44bea98139f61c424) Importer(815301076,1909f56bfc062723c751e8b465ee728b)  -> (artifact id: '37fa8c20dd65aa7ee39eb87b6ff76d5d') in 0.325095 seconds 
========================================================================
Received Prepare
Registering precompiled user dll's ...
Registered in 0.007580 seconds.
Begin MonoManager ReloadAssembly
Symbol file LoadedFromMemory doesn't match image E:\Unity Trials\City-Adventures-NTEK\Library\PackageCache\com.unity.visualscripting@1.7.8\Editor\VisualScripting.Core\Dependencies\YamlDotNet\Unity.VisualScripting.YamlDotNet.dll
Symbol file LoadedFromMemory doesn't match image E:\Unity Trials\City-Adventures-NTEK\Library\PackageCache\com.unity.visualscripting@1.7.8\Editor\VisualScripting.Core\Dependencies\DotNetZip\Unity.VisualScripting.IonicZip.dll
Native extension for WindowsStandalone target not found
Refreshing native plugins compatible for Editor in 1.68 ms, found 3 plugins.
Preloading 0 native plugins for Editor in 0.00 ms.
Mono: successfully reloaded assembly
- Completed reload, in  2.541 seconds
Domain Reload Profiling:
	ReloadAssembly (2543ms)
		BeginReloadAssembly (306ms)
			ExecutionOrderSort (0ms)
			DisableScriptedObjects (7ms)
			BackupInstance (0ms)
			ReleaseScriptingObjects (0ms)
			CreateAndSetChildDomain (145ms)
		EndReloadAssembly (2022ms)
			LoadAssemblies (169ms)
			RebuildTransferFunctionScriptingTraits (0ms)
			SetupTypeCache (653ms)
			ReleaseScriptCaches (2ms)
			RebuildScriptCaches (87ms)
			SetupLoadedEditorAssemblies (996ms)
				LogAssemblyErrors (0ms)
				InitializePlatformSupportModulesInManaged (43ms)
				SetLoadedEditorAssemblies (1ms)
				RefreshPlugins (2ms)
				BeforeProcessingInitializeOnLoad (201ms)
				ProcessInitializeOnLoadAttributes (634ms)
				ProcessInitializeOnLoadMethodAttributes (91ms)
				AfterProcessingInitializeOnLoad (22ms)
				EditorAssembliesLoaded (1ms)
			ExecutionOrderSort2 (0ms)
			AwakeInstancesAfterBackupRestoration (19ms)
Platform modules already initialized, skipping
Refreshing native plugins compatible for Editor in 4.81 ms, found 3 plugins.
Preloading 0 native plugins for Editor in 0.00 ms.
Unloading 3383 Unused Serialized files (Serialized files now loaded: 0)
Unloading 20 unused Assets / (78.5 KB). Loaded Objects now: 3869.
Memory consumption went from 122.1 MB to 122.0 MB.
Total: 19.914300 ms (FindLiveObjects: 0.461200 ms CreateObjectMapping: 0.209900 ms MarkObjects: 19.115800 ms  DeleteObjects: 0.125200 ms)

AssetImportParameters requested are different than current active one (requested -> active):
  custom:video-decoder-ogg-theora: a1e56fd34408186e4bbccfd4996cb3dc -> 
  custom:container-muxer-webm: aa71ff27fc2769a1b78a27578f13a17b -> 
  custom:container-demuxer-webm: 4f35f7cbe854078d1ac9338744f61a02 -> 
  custom:video-encoder-webm-vp8: eb34c28f22e8b96e1ab97ce403110664 -> 
  custom:audio-encoder-webm-vorbis: bf7c407c2cedff20999df2af8eb42d56 -> 
  custom:framework-win-MediaFoundation: 216162199b28c13a410421893ffa2e32 -> 
  custom:container-demuxer-ogg: 62fdf1f143b41e24485cea50d1cbac27 -> 
  custom:video-decoder-webm-vp8: 9c59270c3fd7afecdb556c50c9e8de78 -> 
  custom:audio-decoder-ogg-vorbis: bf7c407c2cedff20999df2af8eb42d56 -> 
========================================================================
Received Import Request.
  Time since last request: 154.997373 seconds.
  path: Assets/AI/Prefabs/Sedan 1.prefab
  artifactKey: Guid(e720224bcc525fc4c8ba1df43bfe21c1) Importer(815301076,1909f56bfc062723c751e8b465ee728b)
Start importing Assets/AI/Prefabs/Sedan 1.prefab using Guid(e720224bcc525fc4c8ba1df43bfe21c1) Importer(815301076,1909f56bfc062723c751e8b465ee728b)  -> (artifact id: '340f0008eaed3527ca12eafbf3eede13') in 0.135522 seconds 
========================================================================
Received Import Request.
  Time since last request: 0.000029 seconds.
  path: Assets/AI/Prefabs/Police 1.prefab
  artifactKey: Guid(ae487371bb18c9f44bea98139f61c424) Importer(815301076,1909f56bfc062723c751e8b465ee728b)
Start importing Assets/AI/Prefabs/Police 1.prefab using Guid(ae487371bb18c9f44bea98139f61c424) Importer(815301076,1909f56bfc062723c751e8b465ee728b)  -> (artifact id: '5c30d77a96ddccbd9c1ca8e024d3e0bd') in 0.028935 seconds 
========================================================================
Received Import Request.
  Time since last request: 0.000067 seconds.
  path: Assets/AI/Prefabs/Ambulance 1.prefab
  artifactKey: Guid(7b5533a1982de754e8e09240cffb147e) Importer(815301076,1909f56bfc062723c751e8b465ee728b)
Start importing Assets/AI/Prefabs/Ambulance 1.prefab using Guid(7b5533a1982de754e8e09240cffb147e) Importer(815301076,1909f56bfc062723c751e8b465ee728b)  -> (artifact id: 'fcf7608f3db87026563975ccf386bd3f') in 0.101871 seconds 
========================================================================
Received Prepare
Registering precompiled user dll's ...
Registered in 0.007718 seconds.
Begin MonoManager ReloadAssembly
Symbol file LoadedFromMemory doesn't match image E:\Unity Trials\City-Adventures-NTEK\Library\PackageCache\com.unity.visualscripting@1.7.8\Editor\VisualScripting.Core\Dependencies\YamlDotNet\Unity.VisualScripting.YamlDotNet.dll
Symbol file LoadedFromMemory doesn't match image E:\Unity Trials\City-Adventures-NTEK\Library\PackageCache\com.unity.visualscripting@1.7.8\Editor\VisualScripting.Core\Dependencies\DotNetZip\Unity.VisualScripting.IonicZip.dll
Native extension for WindowsStandalone target not found
Refreshing native plugins compatible for Editor in 0.78 ms, found 3 plugins.
Preloading 0 native plugins for Editor in 0.00 ms.
Mono: successfully reloaded assembly
- Completed reload, in  1.671 seconds
Domain Reload Profiling:
	ReloadAssembly (1673ms)
		BeginReloadAssembly (217ms)
			ExecutionOrderSort (0ms)
			DisableScriptedObjects (8ms)
			BackupInstance (0ms)
			ReleaseScriptingObjects (0ms)
			CreateAndSetChildDomain (67ms)
		EndReloadAssembly (1305ms)
			LoadAssemblies (133ms)
			RebuildTransferFunctionScriptingTraits (0ms)
			SetupTypeCache (464ms)
			ReleaseScriptCaches (2ms)
			RebuildScriptCaches (65ms)
			SetupLoadedEditorAssemblies (559ms)
				LogAssemblyErrors (0ms)
				InitializePlatformSupportModulesInManaged (21ms)
				SetLoadedEditorAssemblies (1ms)
				RefreshPlugins (1ms)
				BeforeProcessingInitializeOnLoad (103ms)
				ProcessInitializeOnLoadAttributes (354ms)
				ProcessInitializeOnLoadMethodAttributes (61ms)
				AfterProcessingInitializeOnLoad (18ms)
				EditorAssembliesLoaded (0ms)
			ExecutionOrderSort2 (0ms)
			AwakeInstancesAfterBackupRestoration (15ms)
Platform modules already initialized, skipping
Refreshing native plugins compatible for Editor in 2.47 ms, found 3 plugins.
Preloading 0 native plugins for Editor in 0.00 ms.
Unloading 3383 Unused Serialized files (Serialized files now loaded: 0)
Unloading 20 unused Assets / (78.6 KB). Loaded Objects now: 3872.
Memory consumption went from 122.1 MB to 122.1 MB.
Total: 6.209100 ms (FindLiveObjects: 0.314300 ms CreateObjectMapping: 0.147600 ms MarkObjects: 5.608300 ms  DeleteObjects: 0.137200 ms)

AssetImportParameters requested are different than current active one (requested -> active):
  custom:video-decoder-ogg-theora: a1e56fd34408186e4bbccfd4996cb3dc -> 
  custom:container-muxer-webm: aa71ff27fc2769a1b78a27578f13a17b -> 
  custom:container-demuxer-webm: 4f35f7cbe854078d1ac9338744f61a02 -> 
  custom:video-encoder-webm-vp8: eb34c28f22e8b96e1ab97ce403110664 -> 
  custom:audio-encoder-webm-vorbis: bf7c407c2cedff20999df2af8eb42d56 -> 
  custom:framework-win-MediaFoundation: 216162199b28c13a410421893ffa2e32 -> 
  custom:container-demuxer-ogg: 62fdf1f143b41e24485cea50d1cbac27 -> 
  custom:video-decoder-webm-vp8: 9c59270c3fd7afecdb556c50c9e8de78 -> 
  custom:audio-decoder-ogg-vorbis: bf7c407c2cedff20999df2af8eb42d56 -> 
========================================================================
Received Import Request.
  Time since last request: 104.494504 seconds.
  path: Assets/AI/Prefabs/Sedan 1.prefab
  artifactKey: Guid(e720224bcc525fc4c8ba1df43bfe21c1) Importer(815301076,1909f56bfc062723c751e8b465ee728b)
Start importing Assets/AI/Prefabs/Sedan 1.prefab using Guid(e720224bcc525fc4c8ba1df43bfe21c1) Importer(815301076,1909f56bfc062723c751e8b465ee728b)  -> (artifact id: 'e35cf7e28e8730f63348457a4e3ee0f2') in 0.150430 seconds 
========================================================================
Received Import Request.
  Time since last request: 0.000027 seconds.
  path: Assets/AI/Prefabs/Police 1.prefab
  artifactKey: Guid(ae487371bb18c9f44bea98139f61c424) Importer(815301076,1909f56bfc062723c751e8b465ee728b)
Start importing Assets/AI/Prefabs/Police 1.prefab using Guid(ae487371bb18c9f44bea98139f61c424) Importer(815301076,1909f56bfc062723c751e8b465ee728b)  -> (artifact id: '9bbc340c19a4e3bddc31c305347eac82') in 0.050828 seconds 
========================================================================
Received Import Request.
  Time since last request: 0.000031 seconds.
  path: Assets/AI/Prefabs/Ambulance 1.prefab
  artifactKey: Guid(7b5533a1982de754e8e09240cffb147e) Importer(815301076,1909f56bfc062723c751e8b465ee728b)
Start importing Assets/AI/Prefabs/Ambulance 1.prefab using Guid(7b5533a1982de754e8e09240cffb147e) Importer(815301076,1909f56bfc062723c751e8b465ee728b)  -> (artifact id: '501a056bb1d41ecddff4e572b9a38203') in 0.020269 seconds 
========================================================================
Received Prepare
Registering precompiled user dll's ...
Registered in 0.004585 seconds.
Begin MonoManager ReloadAssembly
Symbol file LoadedFromMemory doesn't match image E:\Unity Trials\City-Adventures-NTEK\Library\PackageCache\com.unity.visualscripting@1.7.8\Editor\VisualScripting.Core\Dependencies\YamlDotNet\Unity.VisualScripting.YamlDotNet.dll
Symbol file LoadedFromMemory doesn't match image E:\Unity Trials\City-Adventures-NTEK\Library\PackageCache\com.unity.visualscripting@1.7.8\Editor\VisualScripting.Core\Dependencies\DotNetZip\Unity.VisualScripting.IonicZip.dll
Native extension for WindowsStandalone target not found
Refreshing native plugins compatible for Editor in 1.01 ms, found 3 plugins.
Preloading 0 native plugins for Editor in 0.00 ms.
Mono: successfully reloaded assembly
- Completed reload, in  1.682 seconds
Domain Reload Profiling:
	ReloadAssembly (1684ms)
		BeginReloadAssembly (248ms)
			ExecutionOrderSort (0ms)
			DisableScriptedObjects (8ms)
			BackupInstance (0ms)
			ReleaseScriptingObjects (0ms)
			CreateAndSetChildDomain (64ms)
		EndReloadAssembly (1263ms)
			LoadAssemblies (167ms)
			RebuildTransferFunctionScriptingTraits (0ms)
			SetupTypeCache (447ms)
			ReleaseScriptCaches (2ms)
			RebuildScriptCaches (61ms)
			SetupLoadedEditorAssemblies (539ms)
				LogAssemblyErrors (0ms)
				InitializePlatformSupportModulesInManaged (20ms)
				SetLoadedEditorAssemblies (1ms)
				RefreshPlugins (1ms)
				BeforeProcessingInitializeOnLoad (100ms)
				ProcessInitializeOnLoadAttributes (358ms)
				ProcessInitializeOnLoadMethodAttributes (47ms)
				AfterProcessingInitializeOnLoad (12ms)
				EditorAssembliesLoaded (0ms)
			ExecutionOrderSort2 (0ms)
			AwakeInstancesAfterBackupRestoration (9ms)
Platform modules already initialized, skipping
Refreshing native plugins compatible for Editor in 5.85 ms, found 3 plugins.
Preloading 0 native plugins for Editor in 0.00 ms.
Unloading 3383 Unused Serialized files (Serialized files now loaded: 0)
Unloading 20 unused Assets / (78.6 KB). Loaded Objects now: 3875.
Memory consumption went from 122.1 MB to 122.1 MB.
Total: 31.598600 ms (FindLiveObjects: 0.528800 ms CreateObjectMapping: 0.286100 ms MarkObjects: 30.648300 ms  DeleteObjects: 0.133300 ms)

AssetImportParameters requested are different than current active one (requested -> active):
  custom:video-decoder-ogg-theora: a1e56fd34408186e4bbccfd4996cb3dc -> 
  custom:container-muxer-webm: aa71ff27fc2769a1b78a27578f13a17b -> 
  custom:container-demuxer-webm: 4f35f7cbe854078d1ac9338744f61a02 -> 
  custom:video-encoder-webm-vp8: eb34c28f22e8b96e1ab97ce403110664 -> 
  custom:audio-encoder-webm-vorbis: bf7c407c2cedff20999df2af8eb42d56 -> 
  custom:framework-win-MediaFoundation: 216162199b28c13a410421893ffa2e32 -> 
  custom:container-demuxer-ogg: 62fdf1f143b41e24485cea50d1cbac27 -> 
  custom:video-decoder-webm-vp8: 9c59270c3fd7afecdb556c50c9e8de78 -> 
  custom:audio-decoder-ogg-vorbis: bf7c407c2cedff20999df2af8eb42d56 -> 
========================================================================
Received Import Request.
  Time since last request: 297.695855 seconds.
  path: Assets/AI/Prefabs/Ambulance 1.prefab
  artifactKey: Guid(7b5533a1982de754e8e09240cffb147e) Importer(815301076,1909f56bfc062723c751e8b465ee728b)
Start importing Assets/AI/Prefabs/Ambulance 1.prefab using Guid(7b5533a1982de754e8e09240cffb147e) Importer(815301076,1909f56bfc062723c751e8b465ee728b)  -> (artifact id: '3836b195fd41a80c6acfb3af1a9dd506') in 0.782966 seconds 
========================================================================
Received Import Request.
  Time since last request: 481.972925 seconds.
  path: Assets/AI/Prefabs/Police 1.prefab
  artifactKey: Guid(ae487371bb18c9f44bea98139f61c424) Importer(815301076,1909f56bfc062723c751e8b465ee728b)
Start importing Assets/AI/Prefabs/Police 1.prefab using Guid(ae487371bb18c9f44bea98139f61c424) Importer(815301076,1909f56bfc062723c751e8b465ee728b)  -> (artifact id: '8e1afcb5ed88bda9cbc31bd44b072305') in 0.331896 seconds 
========================================================================
Received Import Request.
  Time since last request: 0.000089 seconds.
  path: Assets/AI/Prefabs/Sedan 1.prefab
  artifactKey: Guid(e720224bcc525fc4c8ba1df43bfe21c1) Importer(815301076,1909f56bfc062723c751e8b465ee728b)
Start importing Assets/AI/Prefabs/Sedan 1.prefab using Guid(e720224bcc525fc4c8ba1df43bfe21c1) Importer(815301076,1909f56bfc062723c751e8b465ee728b)  -> (artifact id: 'd8582b99af5c70babb2cafb6a3751d3c') in 0.211150 seconds 
========================================================================
Received Import Request.
  Time since last request: 4.987039 seconds.
  path: Assets/AI/Prefabs/WaypointNoCar.prefab
  artifactKey: Guid(0ef00c121043fb2438c8aeed90c2000b) Importer(815301076,1909f56bfc062723c751e8b465ee728b)
Start importing Assets/AI/Prefabs/WaypointNoCar.prefab using Guid(0ef00c121043fb2438c8aeed90c2000b) Importer(815301076,1909f56bfc062723c751e8b465ee728b)  -> (artifact id: 'cefbba07b3b9f8e0e3b76b228113ae15') in 0.011010 seconds 
========================================================================
Received Import Request.
  Time since last request: 107.098618 seconds.
  path: Assets/AI/Prefabs/WaypointNoCar.prefab
  artifactKey: Guid(0ef00c121043fb2438c8aeed90c2000b) Importer(815301076,1909f56bfc062723c751e8b465ee728b)
Start importing Assets/AI/Prefabs/WaypointNoCar.prefab using Guid(0ef00c121043fb2438c8aeed90c2000b) Importer(815301076,1909f56bfc062723c751e8b465ee728b)  -> (artifact id: '5c066068f7fdc3a4ff84834a68664c76') in 0.010181 seconds 
========================================================================
Received Import Request.
  Time since last request: 2.154816 seconds.
  path: Assets/AI/Prefabs/WaypointNoCar.prefab
  artifactKey: Guid(0ef00c121043fb2438c8aeed90c2000b) Importer(815301076,1909f56bfc062723c751e8b465ee728b)
Start importing Assets/AI/Prefabs/WaypointNoCar.prefab using Guid(0ef00c121043fb2438c8aeed90c2000b) Importer(815301076,1909f56bfc062723c751e8b465ee728b)  -> (artifact id: 'b6007a9f34156c9853db65e2f0cf39a4') in 0.013452 seconds 
========================================================================
Received Import Request.
  Time since last request: 1.495590 seconds.
  path: Assets/AI/Prefabs/WaypointNoCar.prefab
  artifactKey: Guid(0ef00c121043fb2438c8aeed90c2000b) Importer(815301076,1909f56bfc062723c751e8b465ee728b)
Start importing Assets/AI/Prefabs/WaypointNoCar.prefab using Guid(0ef00c121043fb2438c8aeed90c2000b) Importer(815301076,1909f56bfc062723c751e8b465ee728b)  -> (artifact id: 'ad3a05ad4c70d8a10777fe9975e304c4') in 0.013370 seconds 
========================================================================
Received Import Request.
  Time since last request: 1.340127 seconds.
  path: Assets/AI/Prefabs/WaypointNoCar.prefab
  artifactKey: Guid(0ef00c121043fb2438c8aeed90c2000b) Importer(815301076,1909f56bfc062723c751e8b465ee728b)
Start importing Assets/AI/Prefabs/WaypointNoCar.prefab using Guid(0ef00c121043fb2438c8aeed90c2000b) Importer(815301076,1909f56bfc062723c751e8b465ee728b)  -> (artifact id: '4b9da45168b4bd9538ad1423d8f02ddc') in 0.023111 seconds 
========================================================================
Received Import Request.
  Time since last request: 449.397326 seconds.
  path: Assets/AI/Prefabs/WaypointWithCar.prefab
  artifactKey: Guid(0eed3ecae1e1f6a4f8209817fcd03f44) Importer(815301076,1909f56bfc062723c751e8b465ee728b)
Start importing Assets/AI/Prefabs/WaypointWithCar.prefab using Guid(0eed3ecae1e1f6a4f8209817fcd03f44) Importer(815301076,1909f56bfc062723c751e8b465ee728b)  -> (artifact id: '9bfe99d8da48de5a7b0ea6bfb769e5e5') in 0.018089 seconds 
========================================================================
Received Import Request.
  Time since last request: 379.813264 seconds.
  path: Assets/AI/Prefabs/WaypointWithCar.prefab
  artifactKey: Guid(0eed3ecae1e1f6a4f8209817fcd03f44) Importer(815301076,1909f56bfc062723c751e8b465ee728b)
Start importing Assets/AI/Prefabs/WaypointWithCar.prefab using Guid(0eed3ecae1e1f6a4f8209817fcd03f44) Importer(815301076,1909f56bfc062723c751e8b465ee728b)  -> (artifact id: 'da94ab3814f87bf4239be7d8fd0ca966') in 0.020972 seconds 
========================================================================
Received Import Request.
  Time since last request: 39.004033 seconds.
  path: Assets/AI/Prefabs/WaypointWithCar.prefab
  artifactKey: Guid(0eed3ecae1e1f6a4f8209817fcd03f44) Importer(815301076,1909f56bfc062723c751e8b465ee728b)
Start importing Assets/AI/Prefabs/WaypointWithCar.prefab using Guid(0eed3ecae1e1f6a4f8209817fcd03f44) Importer(815301076,1909f56bfc062723c751e8b465ee728b)  -> (artifact id: 'f180d774ab6942510b3e4ab6c3c079e8') in 0.020382 seconds 
========================================================================
Received Import Request.
  Time since last request: 5.945552 seconds.
  path: Assets/AI/Prefabs/WaypointWithCar.prefab
  artifactKey: Guid(0eed3ecae1e1f6a4f8209817fcd03f44) Importer(815301076,1909f56bfc062723c751e8b465ee728b)
Start importing Assets/AI/Prefabs/WaypointWithCar.prefab using Guid(0eed3ecae1e1f6a4f8209817fcd03f44) Importer(815301076,1909f56bfc062723c751e8b465ee728b)  -> (artifact id: 'd1f195ef6657645538d790f2a8e29cd3') in 0.026073 seconds 
========================================================================
Received Import Request.
  Time since last request: 2.550198 seconds.
  path: Assets/AI/Prefabs/WaypointWithCar.prefab
  artifactKey: Guid(0eed3ecae1e1f6a4f8209817fcd03f44) Importer(815301076,1909f56bfc062723c751e8b465ee728b)
Start importing Assets/AI/Prefabs/WaypointWithCar.prefab using Guid(0eed3ecae1e1f6a4f8209817fcd03f44) Importer(815301076,1909f56bfc062723c751e8b465ee728b)  -> (artifact id: '8f6625b8caa5af8f990c7c77b22fdb45') in 0.022090 seconds 
========================================================================
Received Import Request.
  Time since last request: 3.113525 seconds.
  path: Assets/AI/Prefabs/WaypointWithCar.prefab
  artifactKey: Guid(0eed3ecae1e1f6a4f8209817fcd03f44) Importer(815301076,1909f56bfc062723c751e8b465ee728b)
Start importing Assets/AI/Prefabs/WaypointWithCar.prefab using Guid(0eed3ecae1e1f6a4f8209817fcd03f44) Importer(815301076,1909f56bfc062723c751e8b465ee728b)  -> (artifact id: '566f7304ddbce0b4a7cf931c357e03b2') in 0.020164 seconds 
========================================================================
Received Import Request.
  Time since last request: 46.778796 seconds.
  path: Assets/AI/Prefabs/WaypointWithCar.prefab
  artifactKey: Guid(0eed3ecae1e1f6a4f8209817fcd03f44) Importer(815301076,1909f56bfc062723c751e8b465ee728b)
Start importing Assets/AI/Prefabs/WaypointWithCar.prefab using Guid(0eed3ecae1e1f6a4f8209817fcd03f44) Importer(815301076,1909f56bfc062723c751e8b465ee728b)  -> (artifact id: '6daae6efa2a5a1bb46b4fdb4474707ab') in 0.017365 seconds 
========================================================================
Received Import Request.
  Time since last request: 3.419786 seconds.
  path: Assets/AI/Prefabs/WaypointWithCar.prefab
  artifactKey: Guid(0eed3ecae1e1f6a4f8209817fcd03f44) Importer(815301076,1909f56bfc062723c751e8b465ee728b)
Start importing Assets/AI/Prefabs/WaypointWithCar.prefab using Guid(0eed3ecae1e1f6a4f8209817fcd03f44) Importer(815301076,1909f56bfc062723c751e8b465ee728b)  -> (artifact id: '7593bb9527e59ab5a3d742b2313d4d95') in 0.022947 seconds 
========================================================================
Received Import Request.
  Time since last request: 2.473599 seconds.
  path: Assets/AI/Prefabs/WaypointWithCar.prefab
  artifactKey: Guid(0eed3ecae1e1f6a4f8209817fcd03f44) Importer(815301076,1909f56bfc062723c751e8b465ee728b)
Start importing Assets/AI/Prefabs/WaypointWithCar.prefab using Guid(0eed3ecae1e1f6a4f8209817fcd03f44) Importer(815301076,1909f56bfc062723c751e8b465ee728b)  -> (artifact id: '17c32c712f9de9bc7341be5e05de6130') in 0.023773 seconds 
========================================================================
Received Import Request.
  Time since last request: 2.581385 seconds.
  path: Assets/AI/Prefabs/WaypointWithCar.prefab
  artifactKey: Guid(0eed3ecae1e1f6a4f8209817fcd03f44) Importer(815301076,1909f56bfc062723c751e8b465ee728b)
Start importing Assets/AI/Prefabs/WaypointWithCar.prefab using Guid(0eed3ecae1e1f6a4f8209817fcd03f44) Importer(815301076,1909f56bfc062723c751e8b465ee728b)  -> (artifact id: 'bac7f28195c1687a4fc6df2b42e146e8') in 0.014750 seconds 
========================================================================
Received Import Request.
  Time since last request: 16.620534 seconds.
  path: Assets/AI/Prefabs/WaypointWithCar.prefab
  artifactKey: Guid(0eed3ecae1e1f6a4f8209817fcd03f44) Importer(815301076,1909f56bfc062723c751e8b465ee728b)
Start importing Assets/AI/Prefabs/WaypointWithCar.prefab using Guid(0eed3ecae1e1f6a4f8209817fcd03f44) Importer(815301076,1909f56bfc062723c751e8b465ee728b)  -> (artifact id: 'b699d3c7c708584264d74cc7249b44a3') in 0.020638 seconds 
========================================================================
Received Import Request.
  Time since last request: 3.075842 seconds.
  path: Assets/AI/Prefabs/WaypointWithCar.prefab
  artifactKey: Guid(0eed3ecae1e1f6a4f8209817fcd03f44) Importer(815301076,1909f56bfc062723c751e8b465ee728b)
Start importing Assets/AI/Prefabs/WaypointWithCar.prefab using Guid(0eed3ecae1e1f6a4f8209817fcd03f44) Importer(815301076,1909f56bfc062723c751e8b465ee728b)  -> (artifact id: 'f500562b2c568fe44572938b194592ce') in 0.024435 seconds 
========================================================================
Received Import Request.
  Time since last request: 3.734827 seconds.
  path: Assets/AI/Prefabs/WaypointWithCar.prefab
  artifactKey: Guid(0eed3ecae1e1f6a4f8209817fcd03f44) Importer(815301076,1909f56bfc062723c751e8b465ee728b)
Start importing Assets/AI/Prefabs/WaypointWithCar.prefab using Guid(0eed3ecae1e1f6a4f8209817fcd03f44) Importer(815301076,1909f56bfc062723c751e8b465ee728b)  -> (artifact id: 'd683ba62b933906b3f3d4c4eab701baf') in 0.017407 seconds 
========================================================================
Received Import Request.
  Time since last request: 3.562939 seconds.
  path: Assets/AI/Prefabs/WaypointWithCar.prefab
  artifactKey: Guid(0eed3ecae1e1f6a4f8209817fcd03f44) Importer(815301076,1909f56bfc062723c751e8b465ee728b)
Start importing Assets/AI/Prefabs/WaypointWithCar.prefab using Guid(0eed3ecae1e1f6a4f8209817fcd03f44) Importer(815301076,1909f56bfc062723c751e8b465ee728b)  -> (artifact id: 'c30fa0510a2d70e2ad23583fbd73bafa') in 0.013020 seconds 
========================================================================
Received Import Request.
  Time since last request: 11.159198 seconds.
  path: Assets/AI/Prefabs/WaypointWithCar.prefab
  artifactKey: Guid(0eed3ecae1e1f6a4f8209817fcd03f44) Importer(815301076,1909f56bfc062723c751e8b465ee728b)
Start importing Assets/AI/Prefabs/WaypointWithCar.prefab using Guid(0eed3ecae1e1f6a4f8209817fcd03f44) Importer(815301076,1909f56bfc062723c751e8b465ee728b)  -> (artifact id: '203f900eacf924b13726b436d34d46a0') in 0.012362 seconds 
========================================================================
Received Import Request.
  Time since last request: 3.579599 seconds.
  path: Assets/AI/Prefabs/WaypointWithCar.prefab
  artifactKey: Guid(0eed3ecae1e1f6a4f8209817fcd03f44) Importer(815301076,1909f56bfc062723c751e8b465ee728b)
Start importing Assets/AI/Prefabs/WaypointWithCar.prefab using Guid(0eed3ecae1e1f6a4f8209817fcd03f44) Importer(815301076,1909f56bfc062723c751e8b465ee728b)  -> (artifact id: '94dd3436f95d92883053170a5eb159d9') in 0.021314 seconds 
========================================================================
Received Import Request.
  Time since last request: 5.728637 seconds.
  path: Assets/AI/Prefabs/WaypointWithCar.prefab
  artifactKey: Guid(0eed3ecae1e1f6a4f8209817fcd03f44) Importer(815301076,1909f56bfc062723c751e8b465ee728b)
Start importing Assets/AI/Prefabs/WaypointWithCar.prefab using Guid(0eed3ecae1e1f6a4f8209817fcd03f44) Importer(815301076,1909f56bfc062723c751e8b465ee728b)  -> (artifact id: 'aa52856f75d0d299348862a766cbfa42') in 0.040130 seconds 
========================================================================
Received Import Request.
  Time since last request: 11.963365 seconds.
  path: Assets/AI/Prefabs/WaypointWithCar.prefab
  artifactKey: Guid(0eed3ecae1e1f6a4f8209817fcd03f44) Importer(815301076,1909f56bfc062723c751e8b465ee728b)
Start importing Assets/AI/Prefabs/WaypointWithCar.prefab using Guid(0eed3ecae1e1f6a4f8209817fcd03f44) Importer(815301076,1909f56bfc062723c751e8b465ee728b)  -> (artifact id: '01012f1b11dd77240925f9a97a1df356') in 0.014196 seconds 
========================================================================
Received Import Request.
  Time since last request: 35.203509 seconds.
  path: Assets/AI/Prefabs/WaypointWithCar.prefab
  artifactKey: Guid(0eed3ecae1e1f6a4f8209817fcd03f44) Importer(815301076,1909f56bfc062723c751e8b465ee728b)
Start importing Assets/AI/Prefabs/WaypointWithCar.prefab using Guid(0eed3ecae1e1f6a4f8209817fcd03f44) Importer(815301076,1909f56bfc062723c751e8b465ee728b)  -> (artifact id: 'be7353b4e6eb8582bad49c5c028cf50d') in 0.016965 seconds 
========================================================================
Received Prepare
Registering precompiled user dll's ...
Registered in 0.004383 seconds.
Begin MonoManager ReloadAssembly
Symbol file LoadedFromMemory doesn't match image E:\Unity Trials\City-Adventures-NTEK\Library\PackageCache\com.unity.visualscripting@1.7.8\Editor\VisualScripting.Core\Dependencies\YamlDotNet\Unity.VisualScripting.YamlDotNet.dll
Symbol file LoadedFromMemory doesn't match image E:\Unity Trials\City-Adventures-NTEK\Library\PackageCache\com.unity.visualscripting@1.7.8\Editor\VisualScripting.Core\Dependencies\DotNetZip\Unity.VisualScripting.IonicZip.dll
Native extension for WindowsStandalone target not found
Refreshing native plugins compatible for Editor in 0.76 ms, found 3 plugins.
Preloading 0 native plugins for Editor in 0.00 ms.
Mono: successfully reloaded assembly
- Completed reload, in  2.388 seconds
Domain Reload Profiling:
	ReloadAssembly (2389ms)
		BeginReloadAssembly (205ms)
			ExecutionOrderSort (0ms)
			DisableScriptedObjects (8ms)
			BackupInstance (0ms)
			ReleaseScriptingObjects (0ms)
			CreateAndSetChildDomain (55ms)
		EndReloadAssembly (1898ms)
			LoadAssemblies (129ms)
			RebuildTransferFunctionScriptingTraits (0ms)
			SetupTypeCache (1157ms)
			ReleaseScriptCaches (1ms)
			RebuildScriptCaches (58ms)
			SetupLoadedEditorAssemblies (489ms)
				LogAssemblyErrors (0ms)
				InitializePlatformSupportModulesInManaged (20ms)
				SetLoadedEditorAssemblies (1ms)
				RefreshPlugins (1ms)
				BeforeProcessingInitializeOnLoad (97ms)
				ProcessInitializeOnLoadAttributes (316ms)
				ProcessInitializeOnLoadMethodAttributes (41ms)
				AfterProcessingInitializeOnLoad (12ms)
				EditorAssembliesLoaded (0ms)
			ExecutionOrderSort2 (0ms)
			AwakeInstancesAfterBackupRestoration (9ms)
Platform modules already initialized, skipping
Refreshing native plugins compatible for Editor in 2.48 ms, found 3 plugins.
Preloading 0 native plugins for Editor in 0.00 ms.
Unloading 3383 Unused Serialized files (Serialized files now loaded: 0)
Unloading 20 unused Assets / (78.6 KB). Loaded Objects now: 3878.
Memory consumption went from 122.3 MB to 122.2 MB.
Total: 5.075500 ms (FindLiveObjects: 0.397800 ms CreateObjectMapping: 0.142700 ms MarkObjects: 4.404600 ms  DeleteObjects: 0.129000 ms)

AssetImportParameters requested are different than current active one (requested -> active):
  custom:video-decoder-ogg-theora: a1e56fd34408186e4bbccfd4996cb3dc -> 
  custom:container-muxer-webm: aa71ff27fc2769a1b78a27578f13a17b -> 
  custom:container-demuxer-webm: 4f35f7cbe854078d1ac9338744f61a02 -> 
  custom:video-encoder-webm-vp8: eb34c28f22e8b96e1ab97ce403110664 -> 
  custom:audio-encoder-webm-vorbis: bf7c407c2cedff20999df2af8eb42d56 -> 
  custom:framework-win-MediaFoundation: 216162199b28c13a410421893ffa2e32 -> 
  custom:container-demuxer-ogg: 62fdf1f143b41e24485cea50d1cbac27 -> 
  custom:video-decoder-webm-vp8: 9c59270c3fd7afecdb556c50c9e8de78 -> 
  custom:audio-decoder-ogg-vorbis: bf7c407c2cedff20999df2af8eb42d56 -> 
========================================================================
Received Import Request.
  Time since last request: 394.642455 seconds.
  path: Assets/AI/Prefabs/WaypointNoCar.prefab
  artifactKey: Guid(0ef00c121043fb2438c8aeed90c2000b) Importer(815301076,1909f56bfc062723c751e8b465ee728b)
Start importing Assets/AI/Prefabs/WaypointNoCar.prefab using Guid(0ef00c121043fb2438c8aeed90c2000b) Importer(815301076,1909f56bfc062723c751e8b465ee728b)  -> (artifact id: '031395decd01e3023d307a08edb4754f') in 0.062860 seconds 
========================================================================
Received Import Request.
  Time since last request: 5841.385706 seconds.
  path: Assets/AI/Prefabs/Ambulance 1.prefab
  artifactKey: Guid(7b5533a1982de754e8e09240cffb147e) Importer(815301076,1909f56bfc062723c751e8b465ee728b)
Start importing Assets/AI/Prefabs/Ambulance 1.prefab using Guid(7b5533a1982de754e8e09240cffb147e) Importer(815301076,1909f56bfc062723c751e8b465ee728b)  -> (artifact id: 'da498779115261c4e1c2bf9a5455dd84') in 80.677506 seconds 
========================================================================
Received Import Request.
  Time since last request: 0.021413 seconds.
  path: Assets/AI/Prefabs/Ambulance 1.prefab
  artifactKey: Guid(7b5533a1982de754e8e09240cffb147e) Importer(815301076,1909f56bfc062723c751e8b465ee728b)
Start importing Assets/AI/Prefabs/Ambulance 1.prefab using Guid(7b5533a1982de754e8e09240cffb147e) Importer(815301076,1909f56bfc062723c751e8b465ee728b)  -> (artifact id: 'da498779115261c4e1c2bf9a5455dd84') in 0.769376 seconds 
