Using pre-set license
Built from '2021.3/staging' branch; Version is '2021.3.7f1 (24e8595d6d43) revision 2418777'; Using compiler version '192829333'; Build Type 'Release'
OS: 'Windows 10  (10.0.19042) 64bit Professional' Language: 'en' Physical Memory: 4015 MB
BatchMode: 1, IsHumanControllingUs: 0, StartBugReporterOnCrash: 0, Is64bit: 1, IsPro: 1

COMMAND LINE ARGUMENTS:
C:\Program Files\Unity\Hub\Editor\2021.3.7f1\Editor\Unity.exe
-adb2
-batchMode
-noUpm
-name
AssetImportWorker4
-projectPath
E:/Unity Trials/City-Adventures-NTEK
-logFile
Logs/AssetImportWorker4.log
-srvPort
4614
Successfully changed project path to: E:/Unity Trials/City-Adventures-NTEK
E:/Unity Trials/City-Adventures-NTEK
[UnityMemory] Configuration Parameters - Can be set up in boot.config
    "memorysetup-bucket-allocator-granularity=16"
    "memorysetup-bucket-allocator-bucket-count=8"
    "memorysetup-bucket-allocator-block-size=33554432"
    "memorysetup-bucket-allocator-block-count=8"
    "memorysetup-main-allocator-block-size=16777216"
    "memorysetup-thread-allocator-block-size=16777216"
    "memorysetup-gfx-main-allocator-block-size=16777216"
    "memorysetup-gfx-thread-allocator-block-size=16777216"
    "memorysetup-cache-allocator-block-size=4194304"
    "memorysetup-typetree-allocator-block-size=2097152"
    "memorysetup-profiler-bucket-allocator-granularity=16"
    "memorysetup-profiler-bucket-allocator-bucket-count=8"
    "memorysetup-profiler-bucket-allocator-block-size=33554432"
    "memorysetup-profiler-bucket-allocator-block-count=8"
    "memorysetup-profiler-allocator-block-size=16777216"
    "memorysetup-profiler-editor-allocator-block-size=1048576"
    "memorysetup-temp-allocator-size-main=16777216"
    "memorysetup-job-temp-allocator-block-size=2097152"
    "memorysetup-job-temp-allocator-block-size-background=1048576"
    "memorysetup-job-temp-allocator-reduction-small-platforms=262144"
    "memorysetup-temp-allocator-size-background-worker=32768"
    "memorysetup-temp-allocator-size-job-worker=262144"
    "memorysetup-temp-allocator-size-preload-manager=33554432"
    "memorysetup-temp-allocator-size-nav-mesh-worker=65536"
    "memorysetup-temp-allocator-size-audio-worker=65536"
    "memorysetup-temp-allocator-size-cloud-worker=32768"
    "memorysetup-temp-allocator-size-gi-baking-worker=262144"
    "memorysetup-temp-allocator-size-gfx=262144"
Refreshing native plugins compatible for Editor in 123.06 ms, found 3 plugins.
Preloading 0 native plugins for Editor in 0.00 ms.
Initialize engine version: 2021.3.7f1 (24e8595d6d43)
[Subsystems] Discovering subsystems at path C:/Program Files/Unity/Hub/Editor/2021.3.7f1/Editor/Data/Resources/UnitySubsystems
[Subsystems] Discovering subsystems at path E:/Unity Trials/City-Adventures-NTEK/Assets
GfxDevice: creating device client; threaded=0; jobified=0
Direct3D:
    Version:  Direct3D 11.0 [level 11.1]
    Renderer: AMD Radeon R5 M230 (ID=0x666f)
    Vendor:   ATI
    VRAM:     2039 MB
    Driver:   16.300.2101.0
Initialize mono
Mono path[0] = 'C:/Program Files/Unity/Hub/Editor/2021.3.7f1/Editor/Data/Managed'
Mono path[1] = 'C:/Program Files/Unity/Hub/Editor/2021.3.7f1/Editor/Data/MonoBleedingEdge/lib/mono/unityjit-win32'
Mono config path = 'C:/Program Files/Unity/Hub/Editor/2021.3.7f1/Editor/Data/MonoBleedingEdge/etc'
Using monoOptions --debugger-agent=transport=dt_socket,embedding=1,server=y,suspend=n,address=127.0.0.1:56116
Begin MonoManager ReloadAssembly
Registering precompiled unity dll's ...
Register platform support module: C:/Program Files/Unity/Hub/Editor/2021.3.7f1/Editor/Data/PlaybackEngines/WindowsStandaloneSupport/UnityEditor.WindowsStandalone.Extensions.dll
Registered in 0.013599 seconds.
Native extension for WindowsStandalone target not found
Refreshing native plugins compatible for Editor in 121.65 ms, found 3 plugins.
Preloading 0 native plugins for Editor in 0.00 ms.
Mono: successfully reloaded assembly
- Completed reload, in  0.972 seconds
Domain Reload Profiling:
	ReloadAssembly (973ms)
		BeginReloadAssembly (113ms)
			ExecutionOrderSort (0ms)
			DisableScriptedObjects (0ms)
			BackupInstance (0ms)
			ReleaseScriptingObjects (0ms)
			CreateAndSetChildDomain (1ms)
		EndReloadAssembly (675ms)
			LoadAssemblies (109ms)
			RebuildTransferFunctionScriptingTraits (0ms)
			SetupTypeCache (158ms)
			ReleaseScriptCaches (0ms)
			RebuildScriptCaches (46ms)
			SetupLoadedEditorAssemblies (395ms)
				LogAssemblyErrors (0ms)
				InitializePlatformSupportModulesInManaged (12ms)
				SetLoadedEditorAssemblies (0ms)
				RefreshPlugins (122ms)
				BeforeProcessingInitializeOnLoad (2ms)
				ProcessInitializeOnLoadAttributes (190ms)
				ProcessInitializeOnLoadMethodAttributes (69ms)
				AfterProcessingInitializeOnLoad (0ms)
				EditorAssembliesLoaded (0ms)
			ExecutionOrderSort2 (0ms)
			AwakeInstancesAfterBackupRestoration (0ms)
Platform modules already initialized, skipping
Registering precompiled user dll's ...
Registered in 0.005204 seconds.
Begin MonoManager ReloadAssembly
Symbol file LoadedFromMemory doesn't match image E:\Unity Trials\City-Adventures-NTEK\Library\PackageCache\com.unity.visualscripting@1.7.8\Editor\VisualScripting.Core\Dependencies\YamlDotNet\Unity.VisualScripting.YamlDotNet.dll
Symbol file LoadedFromMemory doesn't match image E:\Unity Trials\City-Adventures-NTEK\Library\PackageCache\com.unity.visualscripting@1.7.8\Editor\VisualScripting.Core\Dependencies\DotNetZip\Unity.VisualScripting.IonicZip.dll
Native extension for WindowsStandalone target not found
Refreshing native plugins compatible for Editor in 1.08 ms, found 3 plugins.
Preloading 0 native plugins for Editor in 0.00 ms.
Mono: successfully reloaded assembly
- Completed reload, in  4.984 seconds
Domain Reload Profiling:
	ReloadAssembly (4986ms)
		BeginReloadAssembly (164ms)
			ExecutionOrderSort (0ms)
			DisableScriptedObjects (9ms)
			BackupInstance (0ms)
			ReleaseScriptingObjects (0ms)
			CreateAndSetChildDomain (26ms)
		EndReloadAssembly (4639ms)
			LoadAssemblies (117ms)
			RebuildTransferFunctionScriptingTraits (0ms)
			SetupTypeCache (410ms)
			ReleaseScriptCaches (1ms)
			RebuildScriptCaches (79ms)
			SetupLoadedEditorAssemblies (3967ms)
				LogAssemblyErrors (0ms)
				InitializePlatformSupportModulesInManaged (9ms)
				SetLoadedEditorAssemblies (1ms)
				RefreshPlugins (1ms)
				BeforeProcessingInitializeOnLoad (129ms)
				ProcessInitializeOnLoadAttributes (3661ms)
				ProcessInitializeOnLoadMethodAttributes (149ms)
				AfterProcessingInitializeOnLoad (16ms)
				EditorAssembliesLoaded (0ms)
			ExecutionOrderSort2 (0ms)
			AwakeInstancesAfterBackupRestoration (11ms)
Platform modules already initialized, skipping
========================================================================
Worker process is ready to serve import requests
Launched and connected shader compiler UnityShaderCompiler.exe after 0.51 seconds
Refreshing native plugins compatible for Editor in 1.01 ms, found 3 plugins.
Preloading 0 native plugins for Editor in 0.00 ms.
Unloading 3410 Unused Serialized files (Serialized files now loaded: 0)
Unloading 27 unused Assets / (111.2 KB). Loaded Objects now: 3872.
Memory consumption went from 118.5 MB to 118.3 MB.
Total: 5.549400 ms (FindLiveObjects: 0.387400 ms CreateObjectMapping: 0.507400 ms MarkObjects: 4.424000 ms  DeleteObjects: 0.228800 ms)

AssetImportParameters requested are different than current active one (requested -> active):
  custom:video-decoder-ogg-theora: a1e56fd34408186e4bbccfd4996cb3dc -> 
  custom:container-muxer-webm: aa71ff27fc2769a1b78a27578f13a17b -> 
  custom:container-demuxer-webm: 4f35f7cbe854078d1ac9338744f61a02 -> 
  custom:video-encoder-webm-vp8: eb34c28f22e8b96e1ab97ce403110664 -> 
  custom:audio-encoder-webm-vorbis: bf7c407c2cedff20999df2af8eb42d56 -> 
  custom:framework-win-MediaFoundation: 216162199b28c13a410421893ffa2e32 -> 
  custom:container-demuxer-ogg: 62fdf1f143b41e24485cea50d1cbac27 -> 
  custom:video-decoder-webm-vp8: 9c59270c3fd7afecdb556c50c9e8de78 -> 
  custom:audio-decoder-ogg-vorbis: bf7c407c2cedff20999df2af8eb42d56 -> 
========================================================================
Received Import Request.
  Time since last request: 7853.046389 seconds.
  path: Assets/AI/Traffic System/Navigation Prefabs/T-Junction.prefab
  artifactKey: Guid(1585c81b26c5d864a98725c6058e74a1) Importer(815301076,1909f56bfc062723c751e8b465ee728b)
Start importing Assets/AI/Traffic System/Navigation Prefabs/T-Junction.prefab using Guid(1585c81b26c5d864a98725c6058e74a1) Importer(815301076,1909f56bfc062723c751e8b465ee728b)  -> (artifact id: 'add8c7e70d726da168466c29ce68db99') in 2.759691 seconds 
========================================================================
Received Import Request.
  Time since last request: 0.000071 seconds.
  path: Assets/AI/Traffic System/Navigation Prefabs/Edge.prefab
  artifactKey: Guid(022285d5a03919d48b90bd85f6d27e0d) Importer(815301076,1909f56bfc062723c751e8b465ee728b)
Start importing Assets/AI/Traffic System/Navigation Prefabs/Edge.prefab using Guid(022285d5a03919d48b90bd85f6d27e0d) Importer(815301076,1909f56bfc062723c751e8b465ee728b)  -> (artifact id: '38b49623c4c99b2de61fdea8aa9cdc7b') in 0.239246 seconds 
========================================================================
Received Import Request.
  Time since last request: 0.000068 seconds.
  path: Assets/AI/Traffic System/Navigation Prefabs/GasStation.prefab
  artifactKey: Guid(198c07a326949614cb93213a0331d196) Importer(815301076,1909f56bfc062723c751e8b465ee728b)
Start importing Assets/AI/Traffic System/Navigation Prefabs/GasStation.prefab using Guid(198c07a326949614cb93213a0331d196) Importer(815301076,1909f56bfc062723c751e8b465ee728b)  -> (artifact id: 'd041f37dc2a261eca9d271dbb8ef77c1') in 0.499844 seconds 
========================================================================
Received Import Request.
  Time since last request: 0.000056 seconds.
  path: Assets/AI/Traffic System/Navigation Prefabs/Junction.prefab
  artifactKey: Guid(5fecbd8490d30874a9b5a6fd1aa2aa47) Importer(815301076,1909f56bfc062723c751e8b465ee728b)
Start importing Assets/AI/Traffic System/Navigation Prefabs/Junction.prefab using Guid(5fecbd8490d30874a9b5a6fd1aa2aa47) Importer(815301076,1909f56bfc062723c751e8b465ee728b)  -> (artifact id: 'fff0b03882ece902598922d1f736c7c2') in 0.147668 seconds 
========================================================================
Received Import Request.
  Time since last request: 0.000042 seconds.
  path: Assets/AI/Traffic System/Navigation Prefabs/Corner.prefab
  artifactKey: Guid(ae30c7a400b05184bb98be43f91caca5) Importer(815301076,1909f56bfc062723c751e8b465ee728b)
Start importing Assets/AI/Traffic System/Navigation Prefabs/Corner.prefab using Guid(ae30c7a400b05184bb98be43f91caca5) Importer(815301076,1909f56bfc062723c751e8b465ee728b)  -> (artifact id: 'c85463cd8e12d60ace35441e38069252') in 0.199794 seconds 
========================================================================
Received Import Request.
  Time since last request: 0.000078 seconds.
  path: Assets/AI/Traffic System/Navigation Prefabs/Straight.prefab
  artifactKey: Guid(6b0e8ee486fa57d4cb12b9664d7c2811) Importer(815301076,1909f56bfc062723c751e8b465ee728b)
Start importing Assets/AI/Traffic System/Navigation Prefabs/Straight.prefab using Guid(6b0e8ee486fa57d4cb12b9664d7c2811) Importer(815301076,1909f56bfc062723c751e8b465ee728b)  -> (artifact id: '3b91fa23aba46e17c209644f7bceeabc') in 0.636437 seconds 
========================================================================
Received Import Request.
  Time since last request: 713.025489 seconds.
  path: Assets/AI/Traffic System/Navigation Prefabs/GasStation.prefab
  artifactKey: Guid(198c07a326949614cb93213a0331d196) Importer(815301076,1909f56bfc062723c751e8b465ee728b)
Start importing Assets/AI/Traffic System/Navigation Prefabs/GasStation.prefab using Guid(198c07a326949614cb93213a0331d196) Importer(815301076,1909f56bfc062723c751e8b465ee728b)  -> (artifact id: '058f00cad45b1074ce758e2b14eb92ba') in 0.903242 seconds 
========================================================================
Received Import Request.
  Time since last request: 16.069311 seconds.
  path: Assets/AI/Traffic System/Navigation Prefabs/GasStation.prefab
  artifactKey: Guid(198c07a326949614cb93213a0331d196) Importer(815301076,1909f56bfc062723c751e8b465ee728b)
Start importing Assets/AI/Traffic System/Navigation Prefabs/GasStation.prefab using Guid(198c07a326949614cb93213a0331d196) Importer(815301076,1909f56bfc062723c751e8b465ee728b)  -> (artifact id: '305224cc05ebf13c82db1e103e4bc249') in 0.066372 seconds 
========================================================================
Received Import Request.
  Time since last request: 94.908296 seconds.
  path: Assets/AI/Traffic System/Navigation Prefabs/GasStation.prefab
  artifactKey: Guid(198c07a326949614cb93213a0331d196) Importer(815301076,1909f56bfc062723c751e8b465ee728b)
Start importing Assets/AI/Traffic System/Navigation Prefabs/GasStation.prefab using Guid(198c07a326949614cb93213a0331d196) Importer(815301076,1909f56bfc062723c751e8b465ee728b)  -> (artifact id: 'eb6308bd403b9e757e10d47bbb88c34f') in 0.167444 seconds 
========================================================================
Received Import Request.
  Time since last request: 342.346665 seconds.
  path: Assets/AI/Traffic System/Navigation Prefabs/GasStation.prefab
  artifactKey: Guid(198c07a326949614cb93213a0331d196) Importer(815301076,1909f56bfc062723c751e8b465ee728b)
Start importing Assets/AI/Traffic System/Navigation Prefabs/GasStation.prefab using Guid(198c07a326949614cb93213a0331d196) Importer(815301076,1909f56bfc062723c751e8b465ee728b)  -> (artifact id: '489e81473c2bd550ec8de5cae83baad7') in 0.877138 seconds 
========================================================================
Received Import Request.
  Time since last request: 112.649184 seconds.
  path: Assets/Prefabs
  artifactKey: Guid(7163d4701b725964aa58208584e4e08a) Importer(815301076,1909f56bfc062723c751e8b465ee728b)
Start importing Assets/Prefabs using Guid(7163d4701b725964aa58208584e4e08a) Importer(815301076,1909f56bfc062723c751e8b465ee728b)  -> (artifact id: '9d7a7a78a15339d5a2589e6846f51c8e') in 0.002654 seconds 
========================================================================
Received Import Request.
  Time since last request: 15.464733 seconds.
  path: Assets/Prefabs/Test Road Prefabs
  artifactKey: Guid(599a4888e4fc61b4c88c2cf559f4a1cd) Importer(815301076,1909f56bfc062723c751e8b465ee728b)
Start importing Assets/Prefabs/Test Road Prefabs using Guid(599a4888e4fc61b4c88c2cf559f4a1cd) Importer(815301076,1909f56bfc062723c751e8b465ee728b)  -> (artifact id: '36575eee610102cbedb7932c6bb546b0') in 0.002081 seconds 
========================================================================
Received Import Request.
  Time since last request: 49.578253 seconds.
  path: Assets/Prefabs/Test Road Prefabs/TestRoad1.prefab
  artifactKey: Guid(9a256f80ab622d640b121160fa9ff229) Importer(815301076,1909f56bfc062723c751e8b465ee728b)
Start importing Assets/Prefabs/Test Road Prefabs/TestRoad1.prefab using Guid(9a256f80ab622d640b121160fa9ff229) Importer(815301076,1909f56bfc062723c751e8b465ee728b)  -> (artifact id: 'caa9b1341bb20fdcfecaf8a396e1e6f9') in 0.172180 seconds 
