Using pre-set license
Built from '2021.3/staging' branch; Version is '2021.3.7f1 (24e8595d6d43) revision 2418777'; Using compiler version '192829333'; Build Type 'Release'
OS: 'Windows 10  (10.0.19042) 64bit Professional' Language: 'en' Physical Memory: 4015 MB
BatchMode: 1, IsHumanControllingUs: 0, StartBugReporterOnCrash: 0, Is64bit: 1, IsPro: 1

COMMAND LINE ARGUMENTS:
C:\Program Files\Unity\Hub\Editor\2021.3.7f1\Editor\Unity.exe
-adb2
-batchMode
-noUpm
-name
AssetImportWorker31
-projectPath
E:/Unity Trials/City-Adventures-NTEK
-logFile
Logs/AssetImportWorker31.log
-srvPort
1104
Successfully changed project path to: E:/Unity Trials/City-Adventures-NTEK
E:/Unity Trials/City-Adventures-NTEK
[UnityMemory] Configuration Parameters - Can be set up in boot.config
    "memorysetup-bucket-allocator-granularity=16"
    "memorysetup-bucket-allocator-bucket-count=8"
    "memorysetup-bucket-allocator-block-size=33554432"
    "memorysetup-bucket-allocator-block-count=8"
    "memorysetup-main-allocator-block-size=16777216"
    "memorysetup-thread-allocator-block-size=16777216"
    "memorysetup-gfx-main-allocator-block-size=16777216"
    "memorysetup-gfx-thread-allocator-block-size=16777216"
    "memorysetup-cache-allocator-block-size=4194304"
    "memorysetup-typetree-allocator-block-size=2097152"
    "memorysetup-profiler-bucket-allocator-granularity=16"
    "memorysetup-profiler-bucket-allocator-bucket-count=8"
    "memorysetup-profiler-bucket-allocator-block-size=33554432"
    "memorysetup-profiler-bucket-allocator-block-count=8"
    "memorysetup-profiler-allocator-block-size=16777216"
    "memorysetup-profiler-editor-allocator-block-size=1048576"
    "memorysetup-temp-allocator-size-main=16777216"
    "memorysetup-job-temp-allocator-block-size=2097152"
    "memorysetup-job-temp-allocator-block-size-background=1048576"
    "memorysetup-job-temp-allocator-reduction-small-platforms=262144"
    "memorysetup-temp-allocator-size-background-worker=32768"
    "memorysetup-temp-allocator-size-job-worker=262144"
    "memorysetup-temp-allocator-size-preload-manager=33554432"
    "memorysetup-temp-allocator-size-nav-mesh-worker=65536"
    "memorysetup-temp-allocator-size-audio-worker=65536"
    "memorysetup-temp-allocator-size-cloud-worker=32768"
    "memorysetup-temp-allocator-size-gi-baking-worker=262144"
    "memorysetup-temp-allocator-size-gfx=262144"
Refreshing native plugins compatible for Editor in 300.12 ms, found 3 plugins.
Preloading 0 native plugins for Editor in 0.00 ms.
Initialize engine version: 2021.3.7f1 (24e8595d6d43)
[Subsystems] Discovering subsystems at path C:/Program Files/Unity/Hub/Editor/2021.3.7f1/Editor/Data/Resources/UnitySubsystems
[Subsystems] Discovering subsystems at path E:/Unity Trials/City-Adventures-NTEK/Assets
GfxDevice: creating device client; threaded=0; jobified=0
Direct3D:
    Version:  Direct3D 11.0 [level 11.1]
    Renderer: AMD Radeon R5 M230 (ID=0x666f)
    Vendor:   ATI
    VRAM:     2039 MB
    Driver:   16.300.2101.0
Initialize mono
Mono path[0] = 'C:/Program Files/Unity/Hub/Editor/2021.3.7f1/Editor/Data/Managed'
Mono path[1] = 'C:/Program Files/Unity/Hub/Editor/2021.3.7f1/Editor/Data/MonoBleedingEdge/lib/mono/unityjit-win32'
Mono config path = 'C:/Program Files/Unity/Hub/Editor/2021.3.7f1/Editor/Data/MonoBleedingEdge/etc'
Using monoOptions --debugger-agent=transport=dt_socket,embedding=1,server=y,suspend=n,address=127.0.0.1:56740
Begin MonoManager ReloadAssembly
Registering precompiled unity dll's ...
Register platform support module: C:/Program Files/Unity/Hub/Editor/2021.3.7f1/Editor/Data/PlaybackEngines/WindowsStandaloneSupport/UnityEditor.WindowsStandalone.Extensions.dll
Registered in 0.012509 seconds.
Native extension for WindowsStandalone target not found
Refreshing native plugins compatible for Editor in 160.32 ms, found 3 plugins.
Preloading 0 native plugins for Editor in 0.00 ms.
Mono: successfully reloaded assembly
- Completed reload, in  1.249 seconds
Domain Reload Profiling:
	ReloadAssembly (1250ms)
		BeginReloadAssembly (177ms)
			ExecutionOrderSort (0ms)
			DisableScriptedObjects (0ms)
			BackupInstance (0ms)
			ReleaseScriptingObjects (0ms)
			CreateAndSetChildDomain (3ms)
		EndReloadAssembly (870ms)
			LoadAssemblies (168ms)
			RebuildTransferFunctionScriptingTraits (0ms)
			SetupTypeCache (208ms)
			ReleaseScriptCaches (0ms)
			RebuildScriptCaches (53ms)
			SetupLoadedEditorAssemblies (506ms)
				LogAssemblyErrors (0ms)
				InitializePlatformSupportModulesInManaged (15ms)
				SetLoadedEditorAssemblies (1ms)
				RefreshPlugins (160ms)
				BeforeProcessingInitializeOnLoad (2ms)
				ProcessInitializeOnLoadAttributes (239ms)
				ProcessInitializeOnLoadMethodAttributes (87ms)
				AfterProcessingInitializeOnLoad (0ms)
				EditorAssembliesLoaded (0ms)
			ExecutionOrderSort2 (0ms)
			AwakeInstancesAfterBackupRestoration (0ms)
Platform modules already initialized, skipping
Registering precompiled user dll's ...
Registered in 0.004447 seconds.
Begin MonoManager ReloadAssembly
Symbol file LoadedFromMemory doesn't match image E:\Unity Trials\City-Adventures-NTEK\Library\PackageCache\com.unity.visualscripting@1.7.8\Editor\VisualScripting.Core\Dependencies\YamlDotNet\Unity.VisualScripting.YamlDotNet.dll
Symbol file LoadedFromMemory doesn't match image E:\Unity Trials\City-Adventures-NTEK\Library\PackageCache\com.unity.visualscripting@1.7.8\Editor\VisualScripting.Core\Dependencies\DotNetZip\Unity.VisualScripting.IonicZip.dll
Native extension for WindowsStandalone target not found
Refreshing native plugins compatible for Editor in 0.98 ms, found 3 plugins.
Preloading 0 native plugins for Editor in 0.00 ms.
Mono: successfully reloaded assembly
- Completed reload, in 16.541 seconds
Domain Reload Profiling:
	ReloadAssembly (16543ms)
		BeginReloadAssembly (832ms)
			ExecutionOrderSort (0ms)
			DisableScriptedObjects (17ms)
			BackupInstance (0ms)
			ReleaseScriptingObjects (0ms)
			CreateAndSetChildDomain (247ms)
		EndReloadAssembly (14770ms)
			LoadAssemblies (2793ms)
			RebuildTransferFunctionScriptingTraits (0ms)
			SetupTypeCache (4305ms)
			ReleaseScriptCaches (1ms)
			RebuildScriptCaches (123ms)
			SetupLoadedEditorAssemblies (7314ms)
				LogAssemblyErrors (0ms)
				InitializePlatformSupportModulesInManaged (33ms)
				SetLoadedEditorAssemblies (1ms)
				RefreshPlugins (1ms)
				BeforeProcessingInitializeOnLoad (170ms)
				ProcessInitializeOnLoadAttributes (6286ms)
				ProcessInitializeOnLoadMethodAttributes (809ms)
				AfterProcessingInitializeOnLoad (13ms)
				EditorAssembliesLoaded (1ms)
			ExecutionOrderSort2 (0ms)
			AwakeInstancesAfterBackupRestoration (10ms)
Platform modules already initialized, skipping
========================================================================
Worker process is ready to serve import requests
Launched and connected shader compiler UnityShaderCompiler.exe after 2.68 seconds
Refreshing native plugins compatible for Editor in 1.53 ms, found 3 plugins.
Preloading 0 native plugins for Editor in 0.00 ms.
Unloading 3381 Unused Serialized files (Serialized files now loaded: 0)
Unloading 27 unused Assets / (111.2 KB). Loaded Objects now: 3843.
Memory consumption went from 117.7 MB to 117.6 MB.
Total: 764.367900 ms (FindLiveObjects: 0.552600 ms CreateObjectMapping: 0.453100 ms MarkObjects: 743.899700 ms  DeleteObjects: 19.458300 ms)

AssetImportParameters requested are different than current active one (requested -> active):
  custom:video-decoder-ogg-theora: a1e56fd34408186e4bbccfd4996cb3dc -> 
  custom:container-muxer-webm: aa71ff27fc2769a1b78a27578f13a17b -> 
  custom:container-demuxer-webm: 4f35f7cbe854078d1ac9338744f61a02 -> 
  custom:video-encoder-webm-vp8: eb34c28f22e8b96e1ab97ce403110664 -> 
  custom:audio-encoder-webm-vorbis: bf7c407c2cedff20999df2af8eb42d56 -> 
  custom:framework-win-MediaFoundation: 216162199b28c13a410421893ffa2e32 -> 
  custom:container-demuxer-ogg: 62fdf1f143b41e24485cea50d1cbac27 -> 
  custom:video-decoder-webm-vp8: 9c59270c3fd7afecdb556c50c9e8de78 -> 
  custom:audio-decoder-ogg-vorbis: bf7c407c2cedff20999df2af8eb42d56 -> 
========================================================================
Received Import Request.
  Time since last request: 22292.877038 seconds.
  path: Assets/AI Car/Toon Vehicles Free/Models/City Cars/Sedan.fbx
  artifactKey: Guid(1a3aaf0a5a6b5a147b1c9ee8f2892a76) Importer(815301076,1909f56bfc062723c751e8b465ee728b)
Start importing Assets/AI Car/Toon Vehicles Free/Models/City Cars/Sedan.fbx using Guid(1a3aaf0a5a6b5a147b1c9ee8f2892a76) Importer(815301076,1909f56bfc062723c751e8b465ee728b)  -> (artifact id: '79e11b99c51c1373719df47e7033fee7') in 15.811856 seconds 
========================================================================
Received Import Request.
  Time since last request: 0.138305 seconds.
  path: Assets/AI Car/Toon Vehicles Free/Materials/Gradient/Cars_White.mat
  artifactKey: Guid(927abd12c93bc5549b3a4d79d401be29) Importer(815301076,1909f56bfc062723c751e8b465ee728b)
Start importing Assets/AI Car/Toon Vehicles Free/Materials/Gradient/Cars_White.mat using Guid(927abd12c93bc5549b3a4d79d401be29) Importer(815301076,1909f56bfc062723c751e8b465ee728b)  -> (artifact id: '0553fd82d80803a667328447117516b8') in 4.707756 seconds 
========================================================================
Received Import Request.
  Time since last request: 0.034197 seconds.
  path: Assets/AI Car/Toon Vehicles Free/Materials/Flat/Cars_Orange.mat
  artifactKey: Guid(6c37b4c4283c5e943a4ede86170af191) Importer(815301076,1909f56bfc062723c751e8b465ee728b)
Start importing Assets/AI Car/Toon Vehicles Free/Materials/Flat/Cars_Orange.mat using Guid(6c37b4c4283c5e943a4ede86170af191) Importer(815301076,1909f56bfc062723c751e8b465ee728b)  -> (artifact id: '7b00ef42ad9493090c5604e71e805cb6') in 0.134029 seconds 
========================================================================
Received Import Request.
  Time since last request: 0.074420 seconds.
  path: Assets/AI Car/Toon Vehicles Free/Materials/Flat/Cars_Violet.mat
  artifactKey: Guid(147baad1a2eae824087e024fd7b1e113) Importer(815301076,1909f56bfc062723c751e8b465ee728b)
Start importing Assets/AI Car/Toon Vehicles Free/Materials/Flat/Cars_Violet.mat using Guid(147baad1a2eae824087e024fd7b1e113) Importer(815301076,1909f56bfc062723c751e8b465ee728b)  -> (artifact id: '2ae0a705919aeb151c38d50c03c8ada8') in 0.192214 seconds 
========================================================================
Received Import Request.
  Time since last request: 0.034842 seconds.
  path: Assets/AI Car/Toon Vehicles Free/Prefabs/Flat/Police.prefab
  artifactKey: Guid(651fed79e8cce994f929d8a50f04e13a) Importer(815301076,1909f56bfc062723c751e8b465ee728b)
Start importing Assets/AI Car/Toon Vehicles Free/Prefabs/Flat/Police.prefab using Guid(651fed79e8cce994f929d8a50f04e13a) Importer(815301076,1909f56bfc062723c751e8b465ee728b)  -> (artifact id: '01a3a1c0b2261941d0ca6ac702fd689c') in 0.616903 seconds 
========================================================================
Received Import Request.
  Time since last request: 0.041591 seconds.
  path: Assets/AI Car/Toon Vehicles Free/Prefabs/Flat/Ambulance.prefab
  artifactKey: Guid(37b8f692bca4d484290a492061175446) Importer(815301076,1909f56bfc062723c751e8b465ee728b)
Start importing Assets/AI Car/Toon Vehicles Free/Prefabs/Flat/Ambulance.prefab using Guid(37b8f692bca4d484290a492061175446) Importer(815301076,1909f56bfc062723c751e8b465ee728b)  -> (artifact id: '36b4d9612d46dd4dee2461538e6fce13') in 0.246928 seconds 
========================================================================
Received Import Request.
  Time since last request: 0.000030 seconds.
  path: Assets/AI Car/Toon Vehicles Free/Materials/Flat/Cars_Turquoise.mat
  artifactKey: Guid(36a9d846247c64245b20994e3cad488b) Importer(815301076,1909f56bfc062723c751e8b465ee728b)
Start importing Assets/AI Car/Toon Vehicles Free/Materials/Flat/Cars_Turquoise.mat using Guid(36a9d846247c64245b20994e3cad488b) Importer(815301076,1909f56bfc062723c751e8b465ee728b)  -> (artifact id: 'b2ee41ff283a3db345be2da4aa621a81') in 0.069062 seconds 
========================================================================
Received Import Request.
  Time since last request: 0.000056 seconds.
  path: Assets/AI Car/Toon Vehicles Free/Materials/Asphalt.mat
  artifactKey: Guid(a2418f8c4c3adcc4eb93668cb5e457d7) Importer(815301076,1909f56bfc062723c751e8b465ee728b)
Start importing Assets/AI Car/Toon Vehicles Free/Materials/Asphalt.mat using Guid(a2418f8c4c3adcc4eb93668cb5e457d7) Importer(815301076,1909f56bfc062723c751e8b465ee728b)  -> (artifact id: '2136cc81279dc532c7a02e743020f0db') in 0.190614 seconds 
========================================================================
Received Import Request.
  Time since last request: 0.021278 seconds.
  path: Assets/AI Car/Toon Vehicles Free/Prefabs/Flat/Hatchback.prefab
  artifactKey: Guid(32cba5fa8ea64b041b725e135ba5abe1) Importer(815301076,1909f56bfc062723c751e8b465ee728b)
Start importing Assets/AI Car/Toon Vehicles Free/Prefabs/Flat/Hatchback.prefab using Guid(32cba5fa8ea64b041b725e135ba5abe1) Importer(815301076,1909f56bfc062723c751e8b465ee728b)  -> (artifact id: '2c66890756bfcb651ef48044cae1bb57') in 0.178288 seconds 
========================================================================
Received Import Request.
  Time since last request: 0.013227 seconds.
  path: Assets/AI Car/Toon Vehicles Free/Materials/Gradient/Cars_Turquoise.mat
  artifactKey: Guid(c80dbe397923e724b9a8b5cdbfeb82e0) Importer(815301076,1909f56bfc062723c751e8b465ee728b)
Start importing Assets/AI Car/Toon Vehicles Free/Materials/Gradient/Cars_Turquoise.mat using Guid(c80dbe397923e724b9a8b5cdbfeb82e0) Importer(815301076,1909f56bfc062723c751e8b465ee728b)  -> (artifact id: '8c271ae48ab6c4ecaf7fcc3905957b69') in 0.233545 seconds 
========================================================================
Received Import Request.
  Time since last request: 0.000033 seconds.
  path: Assets/AI Car/Toon Vehicles Free/Models/Car Wheels/BaseM.fbx
  artifactKey: Guid(e24e7043c64792c459f9750ada74c37d) Importer(815301076,1909f56bfc062723c751e8b465ee728b)
Start importing Assets/AI Car/Toon Vehicles Free/Models/Car Wheels/BaseM.fbx using Guid(e24e7043c64792c459f9750ada74c37d) Importer(815301076,1909f56bfc062723c751e8b465ee728b)  -> (artifact id: '0b95f40fa0d17f4d0241ee6f7863db26') in 0.172955 seconds 
========================================================================
Received Import Request.
  Time since last request: 0.031195 seconds.
  path: Assets/AI Car/Toon Vehicles Free/Materials/Flat
  artifactKey: Guid(ddadda19cd7231343bf6726bc66e8b20) Importer(815301076,1909f56bfc062723c751e8b465ee728b)
Start importing Assets/AI Car/Toon Vehicles Free/Materials/Flat using Guid(ddadda19cd7231343bf6726bc66e8b20) Importer(815301076,1909f56bfc062723c751e8b465ee728b)  -> (artifact id: '6915ca3a4259ba3cadfd3b81367438ab') in 0.443678 seconds 
========================================================================
Received Import Request.
  Time since last request: 0.020717 seconds.
  path: Assets/AI Car/Toon Vehicles Free/Models/City Cars/Police.fbx
  artifactKey: Guid(aec8abae09dd78841bfb4c4ba6ccc31b) Importer(815301076,1909f56bfc062723c751e8b465ee728b)
Start importing Assets/AI Car/Toon Vehicles Free/Models/City Cars/Police.fbx using Guid(aec8abae09dd78841bfb4c4ba6ccc31b) Importer(815301076,1909f56bfc062723c751e8b465ee728b)  -> (artifact id: '23bd9021c9955f62f93549c732017c66') in 0.141720 seconds 
========================================================================
Received Import Request.
  Time since last request: 0.000030 seconds.
  path: Assets/AI Car/Toon Vehicles Free/Materials/Flat/Cars_Red.mat
  artifactKey: Guid(da2e00814c70168409dce071231125c3) Importer(815301076,1909f56bfc062723c751e8b465ee728b)
Start importing Assets/AI Car/Toon Vehicles Free/Materials/Flat/Cars_Red.mat using Guid(da2e00814c70168409dce071231125c3) Importer(815301076,1909f56bfc062723c751e8b465ee728b)  -> (artifact id: 'f494c3b53cb3bc5c5bca403ceb544a8c') in 0.311441 seconds 
========================================================================
Received Import Request.
  Time since last request: 0.051678 seconds.
  path: Assets/AI Car/Toon Vehicles Free/Materials
  artifactKey: Guid(f30e2ccfa509f864292a48268a001443) Importer(815301076,1909f56bfc062723c751e8b465ee728b)
Start importing Assets/AI Car/Toon Vehicles Free/Materials using Guid(f30e2ccfa509f864292a48268a001443) Importer(815301076,1909f56bfc062723c751e8b465ee728b)  -> (artifact id: '5afb18025db901a7d8a4f2e9485a019a') in 0.372808 seconds 
========================================================================
Received Import Request.
  Time since last request: 0.008694 seconds.
  path: Assets/AI Car/Toon Vehicles Free/Models/City Cars/Hatchback.fbx
  artifactKey: Guid(ecc6f564cd448b74d9ce62d12ea8d9ac) Importer(815301076,1909f56bfc062723c751e8b465ee728b)
Start importing Assets/AI Car/Toon Vehicles Free/Models/City Cars/Hatchback.fbx using Guid(ecc6f564cd448b74d9ce62d12ea8d9ac) Importer(815301076,1909f56bfc062723c751e8b465ee728b)  -> (artifact id: 'a3967d68a7e70c11f7d40767c3713fe7') in 0.229538 seconds 
========================================================================
Received Import Request.
  Time since last request: 0.000034 seconds.
  path: Assets/AI Car/Toon Vehicles Free/Materials/Gradient/Cars_Brown.mat
  artifactKey: Guid(04de38ab5181af049b674d3c6dc4b968) Importer(815301076,1909f56bfc062723c751e8b465ee728b)
Start importing Assets/AI Car/Toon Vehicles Free/Materials/Gradient/Cars_Brown.mat using Guid(04de38ab5181af049b674d3c6dc4b968) Importer(815301076,1909f56bfc062723c751e8b465ee728b)  -> (artifact id: '5b464913cce1c5667df4353b2b2f1f29') in 0.383881 seconds 
========================================================================
Received Import Request.
  Time since last request: 0.000043 seconds.
  path: Assets/AI Car/Toon Vehicles Free/Materials/Flat/Cars_Brown.mat
  artifactKey: Guid(d226692f8aacb59408f48df7ec358da8) Importer(815301076,1909f56bfc062723c751e8b465ee728b)
Start importing Assets/AI Car/Toon Vehicles Free/Materials/Flat/Cars_Brown.mat using Guid(d226692f8aacb59408f48df7ec358da8) Importer(815301076,1909f56bfc062723c751e8b465ee728b)  -> (artifact id: '9883b2fc890c47a6b874e979277290d4') in 0.238630 seconds 
========================================================================
Received Import Request.
  Time since last request: 0.000034 seconds.
  path: Assets/AI Car/Toon Vehicles Free/Prefabs/Flat
  artifactKey: Guid(74660af8706ee434294ce4d82728cf50) Importer(815301076,1909f56bfc062723c751e8b465ee728b)
Start importing Assets/AI Car/Toon Vehicles Free/Prefabs/Flat using Guid(74660af8706ee434294ce4d82728cf50) Importer(815301076,1909f56bfc062723c751e8b465ee728b)  -> (artifact id: 'abd1f19e68cbae2367d42048f9ea69e1') in 0.001730 seconds 
========================================================================
Received Import Request.
  Time since last request: 0.000072 seconds.
  path: Assets/AI Car/Toon Vehicles Free/Materials/Gradient/Cars_Violet.mat
  artifactKey: Guid(13497820310f4ea4b96105558957b508) Importer(815301076,1909f56bfc062723c751e8b465ee728b)
Start importing Assets/AI Car/Toon Vehicles Free/Materials/Gradient/Cars_Violet.mat using Guid(13497820310f4ea4b96105558957b508) Importer(815301076,1909f56bfc062723c751e8b465ee728b)  -> (artifact id: '43a1ba259426b8e4f5573b55ceb7d412') in 0.185773 seconds 
========================================================================
Received Import Request.
  Time since last request: 0.024657 seconds.
  path: Assets/AI Car/Toon Vehicles Free/Materials/Flat/Cars_Black.mat
  artifactKey: Guid(b01aa4bc9800f4044b5bb0e3a74d04aa) Importer(815301076,1909f56bfc062723c751e8b465ee728b)
Start importing Assets/AI Car/Toon Vehicles Free/Materials/Flat/Cars_Black.mat using Guid(b01aa4bc9800f4044b5bb0e3a74d04aa) Importer(815301076,1909f56bfc062723c751e8b465ee728b)  -> (artifact id: 'f5498cb408396d1dc41b2f1db81b2efb') in 0.366232 seconds 
========================================================================
Received Import Request.
  Time since last request: 0.000029 seconds.
  path: Assets/AI Car/Toon Vehicles Free/Materials/Flat/Cars_Blue.mat
  artifactKey: Guid(3156bc6644e7e3746b973c24628025aa) Importer(815301076,1909f56bfc062723c751e8b465ee728b)
Start importing Assets/AI Car/Toon Vehicles Free/Materials/Flat/Cars_Blue.mat using Guid(3156bc6644e7e3746b973c24628025aa) Importer(815301076,1909f56bfc062723c751e8b465ee728b)  -> (artifact id: '8a028c4932b876096340242685832fe7') in 0.509793 seconds 
========================================================================
Received Import Request.
  Time since last request: 0.072853 seconds.
  path: Assets/AI Car/Toon Vehicles Free/Prefabs/Flat/Sedan.prefab
  artifactKey: Guid(27194cde5f6bfa842b2fbc816af45f69) Importer(815301076,1909f56bfc062723c751e8b465ee728b)
Start importing Assets/AI Car/Toon Vehicles Free/Prefabs/Flat/Sedan.prefab using Guid(27194cde5f6bfa842b2fbc816af45f69) Importer(815301076,1909f56bfc062723c751e8b465ee728b)  -> (artifact id: '37d4a438602573be33bb34507be7bbaf') in 0.115224 seconds 
========================================================================
Received Import Request.
  Time since last request: 0.069145 seconds.
  path: Assets/AI Car/Toon Vehicles Free/Materials/Flat/Cars_BlueDark.mat
  artifactKey: Guid(2a4770f2bc645174ebec17782bd23d73) Importer(815301076,1909f56bfc062723c751e8b465ee728b)
Start importing Assets/AI Car/Toon Vehicles Free/Materials/Flat/Cars_BlueDark.mat using Guid(2a4770f2bc645174ebec17782bd23d73) Importer(815301076,1909f56bfc062723c751e8b465ee728b)  -> (artifact id: '8bcec2d4a3953089705a4c663692193c') in 0.164909 seconds 
========================================================================
Received Import Request.
  Time since last request: 0.000055 seconds.
  path: Assets/AI Car/Toon Vehicles Free/Materials/Gradient/Cars_Black.mat
  artifactKey: Guid(3ecae29501d065f40ae142f4ed113d17) Importer(815301076,1909f56bfc062723c751e8b465ee728b)
Start importing Assets/AI Car/Toon Vehicles Free/Materials/Gradient/Cars_Black.mat using Guid(3ecae29501d065f40ae142f4ed113d17) Importer(815301076,1909f56bfc062723c751e8b465ee728b)  -> (artifact id: '216c3bae2b255b053e6544da754dbe48') in 0.046909 seconds 
========================================================================
Received Import Request.
  Time since last request: 0.000034 seconds.
  path: Assets/AI Car/Toon Vehicles Free/Materials/Gradient/Cars_Blue.mat
  artifactKey: Guid(88f52ba00dfb78740ae40a855fa614ad) Importer(815301076,1909f56bfc062723c751e8b465ee728b)
Start importing Assets/AI Car/Toon Vehicles Free/Materials/Gradient/Cars_Blue.mat using Guid(88f52ba00dfb78740ae40a855fa614ad) Importer(815301076,1909f56bfc062723c751e8b465ee728b)  -> (artifact id: '38c8384b6fda38f61abeaf4e4023fda6') in 0.015480 seconds 
========================================================================
Received Import Request.
  Time since last request: 0.000029 seconds.
  path: Assets/AI Car/Toon Vehicles Free/Materials/Flat/Cars_White.mat
  artifactKey: Guid(d039305c8e6aa4340bfff33e13856b64) Importer(815301076,1909f56bfc062723c751e8b465ee728b)
Start importing Assets/AI Car/Toon Vehicles Free/Materials/Flat/Cars_White.mat using Guid(d039305c8e6aa4340bfff33e13856b64) Importer(815301076,1909f56bfc062723c751e8b465ee728b)  -> (artifact id: 'f8475cc601bb6db05c51d7fe084f1afa') in 0.143781 seconds 
========================================================================
Received Import Request.
  Time since last request: 0.000054 seconds.
  path: Assets/AI Car/Toon Vehicles Free/Materials/Gradient/Cars_Gray.mat
  artifactKey: Guid(c7ab0f14b0960c14381e08c11bf88e5a) Importer(815301076,1909f56bfc062723c751e8b465ee728b)
Start importing Assets/AI Car/Toon Vehicles Free/Materials/Gradient/Cars_Gray.mat using Guid(c7ab0f14b0960c14381e08c11bf88e5a) Importer(815301076,1909f56bfc062723c751e8b465ee728b)  -> (artifact id: 'e0a3fb6a7f0f1dd091b73ba966cf4f3f') in 0.084791 seconds 
========================================================================
Received Import Request.
  Time since last request: 0.024231 seconds.
  path: Assets/AI Car/Toon Vehicles Free/Materials/Flat/Cars_Yellow.mat
  artifactKey: Guid(64fd4cc916a39bc46bae124dfd9bd13f) Importer(815301076,1909f56bfc062723c751e8b465ee728b)
Start importing Assets/AI Car/Toon Vehicles Free/Materials/Flat/Cars_Yellow.mat using Guid(64fd4cc916a39bc46bae124dfd9bd13f) Importer(815301076,1909f56bfc062723c751e8b465ee728b)  -> (artifact id: 'a986697faa7a6a29c6b335050651366e') in 0.024129 seconds 
========================================================================
Received Import Request.
  Time since last request: 0.000027 seconds.
  path: Assets/AI Car/Toon Vehicles Free/Models/Car Wheels/BaseS.fbx
  artifactKey: Guid(5b53f37f40dac8547b0420dfee4d32ed) Importer(815301076,1909f56bfc062723c751e8b465ee728b)
Start importing Assets/AI Car/Toon Vehicles Free/Models/Car Wheels/BaseS.fbx using Guid(5b53f37f40dac8547b0420dfee4d32ed) Importer(815301076,1909f56bfc062723c751e8b465ee728b)  -> (artifact id: 'e2225119a5a39c75509eb177cab67bc6') in 0.520891 seconds 
========================================================================
Received Import Request.
  Time since last request: 0.000052 seconds.
  path: Assets/AI Car/Toon Vehicles Free/Materials/Flat/Cars_Green.mat
  artifactKey: Guid(fbd6e7b1b502e084f86ae9a310b668d9) Importer(815301076,1909f56bfc062723c751e8b465ee728b)
Start importing Assets/AI Car/Toon Vehicles Free/Materials/Flat/Cars_Green.mat using Guid(fbd6e7b1b502e084f86ae9a310b668d9) Importer(815301076,1909f56bfc062723c751e8b465ee728b)  -> (artifact id: '03165d51bafff0cf4027ef228c580842') in 0.196228 seconds 
========================================================================
Received Import Request.
  Time since last request: 0.000057 seconds.
  path: Assets/AI Car/Toon Vehicles Free/Materials/Gradient/Cars_Red.mat
  artifactKey: Guid(0c26ffc6766d9e54d9a26e763bee8847) Importer(815301076,1909f56bfc062723c751e8b465ee728b)
Start importing Assets/AI Car/Toon Vehicles Free/Materials/Gradient/Cars_Red.mat using Guid(0c26ffc6766d9e54d9a26e763bee8847) Importer(815301076,1909f56bfc062723c751e8b465ee728b)  -> (artifact id: '420a5841a7543344984b45f930236e36') in 0.075039 seconds 
========================================================================
Received Import Request.
  Time since last request: 0.000028 seconds.
  path: Assets/AI Car/Toon Vehicles Free/Models/City Cars/Ambulance.fbx
  artifactKey: Guid(d48d41a10ea9cc04781345dd462458e9) Importer(815301076,1909f56bfc062723c751e8b465ee728b)
Start importing Assets/AI Car/Toon Vehicles Free/Models/City Cars/Ambulance.fbx using Guid(d48d41a10ea9cc04781345dd462458e9) Importer(815301076,1909f56bfc062723c751e8b465ee728b)  -> (artifact id: 'b11f856beefb27e5baf6a4f4f9987eaa') in 0.369386 seconds 
========================================================================
Received Import Request.
  Time since last request: 0.000061 seconds.
  path: Assets/AI Car/Toon Vehicles Free/Materials/Gradient/Cars_Orange.mat
  artifactKey: Guid(c792c72c78764344bb1f45a72f8ea81b) Importer(815301076,1909f56bfc062723c751e8b465ee728b)
Start importing Assets/AI Car/Toon Vehicles Free/Materials/Gradient/Cars_Orange.mat using Guid(c792c72c78764344bb1f45a72f8ea81b) Importer(815301076,1909f56bfc062723c751e8b465ee728b)  -> (artifact id: 'ff0d48129defaa100bc885989f340617') in 0.130770 seconds 
========================================================================
Received Import Request.
  Time since last request: 0.000037 seconds.
  path: Assets/AI Car/Toon Vehicles Free/Materials/Flat/Cars_Gray.mat
  artifactKey: Guid(e728231b4ab8f4a46ae9f4ea1bd7b5b9) Importer(815301076,1909f56bfc062723c751e8b465ee728b)
Start importing Assets/AI Car/Toon Vehicles Free/Materials/Flat/Cars_Gray.mat using Guid(e728231b4ab8f4a46ae9f4ea1bd7b5b9) Importer(815301076,1909f56bfc062723c751e8b465ee728b)  -> (artifact id: 'a9b03b2d2a7038cef1244e66d0da9c4b') in 0.113819 seconds 
========================================================================
Received Import Request.
  Time since last request: 0.000050 seconds.
  path: Assets/AI Car/Toon Vehicles Free/Materials/Gradient/Cars_BlueDark.mat
  artifactKey: Guid(46c6d6276f3f92849918c635b0b0c54f) Importer(815301076,1909f56bfc062723c751e8b465ee728b)
Start importing Assets/AI Car/Toon Vehicles Free/Materials/Gradient/Cars_BlueDark.mat using Guid(46c6d6276f3f92849918c635b0b0c54f) Importer(815301076,1909f56bfc062723c751e8b465ee728b)  -> (artifact id: '82a2dc06903c51f7b81db178b84bdf0f') in 0.070559 seconds 
========================================================================
Received Import Request.
  Time since last request: 0.037144 seconds.
  path: Assets/AI Car/Toon Vehicles Free/Materials/Gradient/Cars_Green.mat
  artifactKey: Guid(7786a14af1ea3b24bb68392d6df87417) Importer(815301076,1909f56bfc062723c751e8b465ee728b)
Start importing Assets/AI Car/Toon Vehicles Free/Materials/Gradient/Cars_Green.mat using Guid(7786a14af1ea3b24bb68392d6df87417) Importer(815301076,1909f56bfc062723c751e8b465ee728b)  -> (artifact id: '1c94a3c768da39089d01b1f0ca3bc632') in 0.100051 seconds 
========================================================================
Received Import Request.
  Time since last request: 0.022815 seconds.
  path: Assets/AI Car/Toon Vehicles Free/Materials/Gradient/Cars_Pink.mat
  artifactKey: Guid(16a420cb33bd0404691cc78a8a170bd7) Importer(815301076,1909f56bfc062723c751e8b465ee728b)
Start importing Assets/AI Car/Toon Vehicles Free/Materials/Gradient/Cars_Pink.mat using Guid(16a420cb33bd0404691cc78a8a170bd7) Importer(815301076,1909f56bfc062723c751e8b465ee728b)  -> (artifact id: 'f0d6203ad0f8d30bfc7b1095572764eb') in 0.109073 seconds 
========================================================================
Received Import Request.
  Time since last request: 0.000031 seconds.
  path: Assets/AI Car/Toon Vehicles Free/Materials/Gradient/Cars_Yellow.mat
  artifactKey: Guid(955102a6a5b96f64385ef8e2cdfc28c6) Importer(815301076,1909f56bfc062723c751e8b465ee728b)
Start importing Assets/AI Car/Toon Vehicles Free/Materials/Gradient/Cars_Yellow.mat using Guid(955102a6a5b96f64385ef8e2cdfc28c6) Importer(815301076,1909f56bfc062723c751e8b465ee728b)  -> (artifact id: 'ead9110f954352176a94c20d6b3f63b8') in 0.182811 seconds 
========================================================================
Received Import Request.
  Time since last request: 0.000038 seconds.
  path: Assets/AI Car/Toon Vehicles Free/Materials/Flat/Cars_Pink.mat
  artifactKey: Guid(0c7e421fbe7a63445b8193e8b6f33fac) Importer(815301076,1909f56bfc062723c751e8b465ee728b)
Start importing Assets/AI Car/Toon Vehicles Free/Materials/Flat/Cars_Pink.mat using Guid(0c7e421fbe7a63445b8193e8b6f33fac) Importer(815301076,1909f56bfc062723c751e8b465ee728b)  -> (artifact id: '72f83736911a7e52f30d0f613abaa2aa') in 0.017348 seconds 
