Using pre-set license
Built from '2021.3/staging' branch; Version is '2021.3.7f1 (24e8595d6d43) revision 2418777'; Using compiler version '192829333'; Build Type 'Release'
OS: 'Windows 10  (10.0.19042) 64bit Professional' Language: 'en' Physical Memory: 4015 MB
BatchMode: 1, IsHumanControllingUs: 0, StartBugReporterOnCrash: 0, Is64bit: 1, IsPro: 1

COMMAND LINE ARGUMENTS:
C:\Program Files\Unity\Hub\Editor\2021.3.7f1\Editor\Unity.exe
-adb2
-batchMode
-noUpm
-name
AssetImportWorker12
-projectPath
E:/Unity Trials/City-Adventures-NTEK
-logFile
Logs/AssetImportWorker12.log
-srvPort
1038
Successfully changed project path to: E:/Unity Trials/City-Adventures-NTEK
E:/Unity Trials/City-Adventures-NTEK
[UnityMemory] Configuration Parameters - Can be set up in boot.config
    "memorysetup-bucket-allocator-granularity=16"
    "memorysetup-bucket-allocator-bucket-count=8"
    "memorysetup-bucket-allocator-block-size=33554432"
    "memorysetup-bucket-allocator-block-count=8"
    "memorysetup-main-allocator-block-size=16777216"
    "memorysetup-thread-allocator-block-size=16777216"
    "memorysetup-gfx-main-allocator-block-size=16777216"
    "memorysetup-gfx-thread-allocator-block-size=16777216"
    "memorysetup-cache-allocator-block-size=4194304"
    "memorysetup-typetree-allocator-block-size=2097152"
    "memorysetup-profiler-bucket-allocator-granularity=16"
    "memorysetup-profiler-bucket-allocator-bucket-count=8"
    "memorysetup-profiler-bucket-allocator-block-size=33554432"
    "memorysetup-profiler-bucket-allocator-block-count=8"
    "memorysetup-profiler-allocator-block-size=16777216"
    "memorysetup-profiler-editor-allocator-block-size=1048576"
    "memorysetup-temp-allocator-size-main=16777216"
    "memorysetup-job-temp-allocator-block-size=2097152"
    "memorysetup-job-temp-allocator-block-size-background=1048576"
    "memorysetup-job-temp-allocator-reduction-small-platforms=262144"
    "memorysetup-temp-allocator-size-background-worker=32768"
    "memorysetup-temp-allocator-size-job-worker=262144"
    "memorysetup-temp-allocator-size-preload-manager=33554432"
    "memorysetup-temp-allocator-size-nav-mesh-worker=65536"
    "memorysetup-temp-allocator-size-audio-worker=65536"
    "memorysetup-temp-allocator-size-cloud-worker=32768"
    "memorysetup-temp-allocator-size-gi-baking-worker=262144"
    "memorysetup-temp-allocator-size-gfx=262144"
Refreshing native plugins compatible for Editor in 260.06 ms, found 3 plugins.
Preloading 0 native plugins for Editor in 0.00 ms.
Initialize engine version: 2021.3.7f1 (24e8595d6d43)
[Subsystems] Discovering subsystems at path C:/Program Files/Unity/Hub/Editor/2021.3.7f1/Editor/Data/Resources/UnitySubsystems
[Subsystems] Discovering subsystems at path E:/Unity Trials/City-Adventures-NTEK/Assets
GfxDevice: creating device client; threaded=0; jobified=0
Direct3D:
    Version:  Direct3D 11.0 [level 11.1]
    Renderer: AMD Radeon R5 M230 (ID=0x666f)
    Vendor:   ATI
    VRAM:     2039 MB
    Driver:   16.300.2101.0
Initialize mono
Mono path[0] = 'C:/Program Files/Unity/Hub/Editor/2021.3.7f1/Editor/Data/Managed'
Mono path[1] = 'C:/Program Files/Unity/Hub/Editor/2021.3.7f1/Editor/Data/MonoBleedingEdge/lib/mono/unityjit-win32'
Mono config path = 'C:/Program Files/Unity/Hub/Editor/2021.3.7f1/Editor/Data/MonoBleedingEdge/etc'
Using monoOptions --debugger-agent=transport=dt_socket,embedding=1,server=y,suspend=n,address=127.0.0.1:56640
Begin MonoManager ReloadAssembly
Registering precompiled unity dll's ...
Register platform support module: C:/Program Files/Unity/Hub/Editor/2021.3.7f1/Editor/Data/PlaybackEngines/WindowsStandaloneSupport/UnityEditor.WindowsStandalone.Extensions.dll
Registered in 0.034129 seconds.
Native extension for WindowsStandalone target not found
Refreshing native plugins compatible for Editor in 208.56 ms, found 3 plugins.
Preloading 0 native plugins for Editor in 0.00 ms.
Mono: successfully reloaded assembly
- Completed reload, in  1.670 seconds
Domain Reload Profiling:
	ReloadAssembly (1672ms)
		BeginReloadAssembly (203ms)
			ExecutionOrderSort (0ms)
			DisableScriptedObjects (0ms)
			BackupInstance (0ms)
			ReleaseScriptingObjects (0ms)
			CreateAndSetChildDomain (1ms)
		EndReloadAssembly (1167ms)
			LoadAssemblies (194ms)
			RebuildTransferFunctionScriptingTraits (0ms)
			SetupTypeCache (240ms)
			ReleaseScriptCaches (0ms)
			RebuildScriptCaches (58ms)
			SetupLoadedEditorAssemblies (719ms)
				LogAssemblyErrors (0ms)
				InitializePlatformSupportModulesInManaged (19ms)
				SetLoadedEditorAssemblies (0ms)
				RefreshPlugins (209ms)
				BeforeProcessingInitializeOnLoad (10ms)
				ProcessInitializeOnLoadAttributes (329ms)
				ProcessInitializeOnLoadMethodAttributes (151ms)
				AfterProcessingInitializeOnLoad (0ms)
				EditorAssembliesLoaded (0ms)
			ExecutionOrderSort2 (0ms)
			AwakeInstancesAfterBackupRestoration (0ms)
Platform modules already initialized, skipping
Registering precompiled user dll's ...
Registered in 0.007726 seconds.
Begin MonoManager ReloadAssembly
Symbol file LoadedFromMemory doesn't match image E:\Unity Trials\City-Adventures-NTEK\Library\PackageCache\com.unity.visualscripting@1.7.8\Editor\VisualScripting.Core\Dependencies\YamlDotNet\Unity.VisualScripting.YamlDotNet.dll
Symbol file LoadedFromMemory doesn't match image E:\Unity Trials\City-Adventures-NTEK\Library\PackageCache\com.unity.visualscripting@1.7.8\Editor\VisualScripting.Core\Dependencies\DotNetZip\Unity.VisualScripting.IonicZip.dll
Native extension for WindowsStandalone target not found
Refreshing native plugins compatible for Editor in 1.10 ms, found 3 plugins.
Preloading 0 native plugins for Editor in 0.00 ms.
Mono: successfully reloaded assembly
- Completed reload, in  6.933 seconds
Domain Reload Profiling:
	ReloadAssembly (6939ms)
		BeginReloadAssembly (322ms)
			ExecutionOrderSort (0ms)
			DisableScriptedObjects (18ms)
			BackupInstance (0ms)
			ReleaseScriptingObjects (0ms)
			CreateAndSetChildDomain (41ms)
		EndReloadAssembly (5779ms)
			LoadAssemblies (2337ms)
			RebuildTransferFunctionScriptingTraits (0ms)
			SetupTypeCache (930ms)
			ReleaseScriptCaches (1ms)
			RebuildScriptCaches (167ms)
			SetupLoadedEditorAssemblies (2195ms)
				LogAssemblyErrors (0ms)
				InitializePlatformSupportModulesInManaged (17ms)
				SetLoadedEditorAssemblies (1ms)
				RefreshPlugins (1ms)
				BeforeProcessingInitializeOnLoad (228ms)
				ProcessInitializeOnLoadAttributes (1484ms)
				ProcessInitializeOnLoadMethodAttributes (433ms)
				AfterProcessingInitializeOnLoad (31ms)
				EditorAssembliesLoaded (1ms)
			ExecutionOrderSort2 (0ms)
			AwakeInstancesAfterBackupRestoration (20ms)
Platform modules already initialized, skipping
========================================================================
Worker process is ready to serve import requests
Launched and connected shader compiler UnityShaderCompiler.exe after 0.81 seconds
Refreshing native plugins compatible for Editor in 1.64 ms, found 3 plugins.
Preloading 0 native plugins for Editor in 0.00 ms.
Unloading 3410 Unused Serialized files (Serialized files now loaded: 0)
Unloading 27 unused Assets / (111.9 KB). Loaded Objects now: 3884.
Memory consumption went from 127.2 MB to 127.1 MB.
Total: 8.686900 ms (FindLiveObjects: 0.951800 ms CreateObjectMapping: 0.675600 ms MarkObjects: 6.813300 ms  DeleteObjects: 0.244200 ms)

AssetImportParameters requested are different than current active one (requested -> active):
  custom:video-decoder-ogg-theora: a1e56fd34408186e4bbccfd4996cb3dc -> 
  custom:container-muxer-webm: aa71ff27fc2769a1b78a27578f13a17b -> 
  custom:container-demuxer-webm: 4f35f7cbe854078d1ac9338744f61a02 -> 
  custom:video-encoder-webm-vp8: eb34c28f22e8b96e1ab97ce403110664 -> 
  custom:audio-encoder-webm-vorbis: bf7c407c2cedff20999df2af8eb42d56 -> 
  custom:framework-win-MediaFoundation: 216162199b28c13a410421893ffa2e32 -> 
  custom:container-demuxer-ogg: 62fdf1f143b41e24485cea50d1cbac27 -> 
  custom:video-decoder-webm-vp8: 9c59270c3fd7afecdb556c50c9e8de78 -> 
  custom:audio-decoder-ogg-vorbis: bf7c407c2cedff20999df2af8eb42d56 -> 
========================================================================
Received Import Request.
  Time since last request: 7139.024974 seconds.
  path: Assets/AI/Traffic System/Navigation Prefabs/T-Junction.prefab
  artifactKey: Guid(1585c81b26c5d864a98725c6058e74a1) Importer(815301076,1909f56bfc062723c751e8b465ee728b)
Start importing Assets/AI/Traffic System/Navigation Prefabs/T-Junction.prefab using Guid(1585c81b26c5d864a98725c6058e74a1) Importer(815301076,1909f56bfc062723c751e8b465ee728b)  -> (artifact id: '63633f098cb6a6a21144ddf4bd87f7c5') in 2.817331 seconds 
========================================================================
Received Import Request.
  Time since last request: 0.081597 seconds.
  path: Assets/AI/Traffic System/Navigation Prefabs/GasStation.prefab
  artifactKey: Guid(198c07a326949614cb93213a0331d196) Importer(815301076,1909f56bfc062723c751e8b465ee728b)
Start importing Assets/AI/Traffic System/Navigation Prefabs/GasStation.prefab using Guid(198c07a326949614cb93213a0331d196) Importer(815301076,1909f56bfc062723c751e8b465ee728b)  -> (artifact id: '7724b072eeb7bbb8d9aa3da2000f996b') in 0.786096 seconds 
========================================================================
Received Import Request.
  Time since last request: 0.000048 seconds.
  path: Assets/AI/Traffic System/Navigation Prefabs/Junction.prefab
  artifactKey: Guid(5fecbd8490d30874a9b5a6fd1aa2aa47) Importer(815301076,1909f56bfc062723c751e8b465ee728b)
Start importing Assets/AI/Traffic System/Navigation Prefabs/Junction.prefab using Guid(5fecbd8490d30874a9b5a6fd1aa2aa47) Importer(815301076,1909f56bfc062723c751e8b465ee728b)  -> (artifact id: '4aeecf53367c4cf2fc5aaca81ce1789e') in 0.198406 seconds 
========================================================================
Received Import Request.
  Time since last request: 628.498248 seconds.
  path: Assets/AI/Traffic System/Scripts
  artifactKey: Guid(10d0f2a890a61b9489dbea4356571467) Importer(815301076,1909f56bfc062723c751e8b465ee728b)
Start importing Assets/AI/Traffic System/Scripts using Guid(10d0f2a890a61b9489dbea4356571467) Importer(815301076,1909f56bfc062723c751e8b465ee728b)  -> (artifact id: '6b82876b7d28cabefea7924f9c28c1c2') in 0.017504 seconds 
========================================================================
Received Import Request.
  Time since last request: 11.934687 seconds.
  path: Assets/AI/Scripts/AIVehicleColScript.cs
  artifactKey: Guid(2a47e20a855f3a942a1657ff7dc2542b) Importer(815301076,1909f56bfc062723c751e8b465ee728b)
Start importing Assets/AI/Scripts/AIVehicleColScript.cs using Guid(2a47e20a855f3a942a1657ff7dc2542b) Importer(815301076,1909f56bfc062723c751e8b465ee728b)  -> (artifact id: '2dfc9523540af6410936ca2df9f32706') in 1.759851 seconds 
========================================================================
Received Prepare
Registering precompiled user dll's ...
Registered in 0.141122 seconds.
Begin MonoManager ReloadAssembly
Symbol file LoadedFromMemory doesn't match image E:\Unity Trials\City-Adventures-NTEK\Library\PackageCache\com.unity.visualscripting@1.7.8\Editor\VisualScripting.Core\Dependencies\YamlDotNet\Unity.VisualScripting.YamlDotNet.dll
Symbol file LoadedFromMemory doesn't match image E:\Unity Trials\City-Adventures-NTEK\Library\PackageCache\com.unity.visualscripting@1.7.8\Editor\VisualScripting.Core\Dependencies\DotNetZip\Unity.VisualScripting.IonicZip.dll
Native extension for WindowsStandalone target not found
Refreshing native plugins compatible for Editor in 1.81 ms, found 3 plugins.
Preloading 0 native plugins for Editor in 0.00 ms.
Mono: successfully reloaded assembly
- Completed reload, in 41.789 seconds
Domain Reload Profiling:
	ReloadAssembly (41925ms)
		BeginReloadAssembly (27601ms)
			ExecutionOrderSort (5ms)
			DisableScriptedObjects (1832ms)
			BackupInstance (0ms)
			ReleaseScriptingObjects (6ms)
			CreateAndSetChildDomain (14319ms)
		EndReloadAssembly (12816ms)
			LoadAssemblies (6203ms)
			RebuildTransferFunctionScriptingTraits (14ms)
			SetupTypeCache (5399ms)
			ReleaseScriptCaches (13ms)
			RebuildScriptCaches (292ms)
			SetupLoadedEditorAssemblies (3147ms)
				LogAssemblyErrors (0ms)
				InitializePlatformSupportModulesInManaged (166ms)
				SetLoadedEditorAssemblies (18ms)
				RefreshPlugins (2ms)
				BeforeProcessingInitializeOnLoad (482ms)
				ProcessInitializeOnLoadAttributes (2093ms)
				ProcessInitializeOnLoadMethodAttributes (254ms)
				AfterProcessingInitializeOnLoad (117ms)
				EditorAssembliesLoaded (15ms)
			ExecutionOrderSort2 (0ms)
			AwakeInstancesAfterBackupRestoration (20ms)
Platform modules already initialized, skipping
Refreshing native plugins compatible for Editor in 58.50 ms, found 3 plugins.
Preloading 0 native plugins for Editor in 0.00 ms.
Unloading 3404 Unused Serialized files (Serialized files now loaded: 0)
Unloading 21 unused Assets / (80.5 KB). Loaded Objects now: 3899.
Memory consumption went from 131.9 MB to 131.8 MB.
Total: 533.112100 ms (FindLiveObjects: 23.583000 ms CreateObjectMapping: 0.497700 ms MarkObjects: 453.595200 ms  DeleteObjects: 55.431900 ms)

AssetImportParameters requested are different than current active one (requested -> active):
  custom:video-decoder-ogg-theora: a1e56fd34408186e4bbccfd4996cb3dc -> 
  custom:container-muxer-webm: aa71ff27fc2769a1b78a27578f13a17b -> 
  custom:container-demuxer-webm: 4f35f7cbe854078d1ac9338744f61a02 -> 
  custom:video-encoder-webm-vp8: eb34c28f22e8b96e1ab97ce403110664 -> 
  custom:audio-encoder-webm-vorbis: bf7c407c2cedff20999df2af8eb42d56 -> 
  custom:framework-win-MediaFoundation: 216162199b28c13a410421893ffa2e32 -> 
  custom:container-demuxer-ogg: 62fdf1f143b41e24485cea50d1cbac27 -> 
  custom:video-decoder-webm-vp8: 9c59270c3fd7afecdb556c50c9e8de78 -> 
  custom:audio-decoder-ogg-vorbis: bf7c407c2cedff20999df2af8eb42d56 -> 
========================================================================
Received Import Request.
  Time since last request: 1594.173366 seconds.
  path: Assets/AI/Scripts/AIVehicleColScript.cs
  artifactKey: Guid(2a47e20a855f3a942a1657ff7dc2542b) Importer(815301076,1909f56bfc062723c751e8b465ee728b)
Start importing Assets/AI/Scripts/AIVehicleColScript.cs using Guid(2a47e20a855f3a942a1657ff7dc2542b) Importer(815301076,1909f56bfc062723c751e8b465ee728b)  -> (artifact id: '318f0af5730baa006176f7b68daf78b3') in 0.044901 seconds 
========================================================================
Received Prepare
Registering precompiled user dll's ...
Registered in 0.007342 seconds.
Begin MonoManager ReloadAssembly
Symbol file LoadedFromMemory doesn't match image E:\Unity Trials\City-Adventures-NTEK\Library\PackageCache\com.unity.visualscripting@1.7.8\Editor\VisualScripting.Core\Dependencies\YamlDotNet\Unity.VisualScripting.YamlDotNet.dll
Symbol file LoadedFromMemory doesn't match image E:\Unity Trials\City-Adventures-NTEK\Library\PackageCache\com.unity.visualscripting@1.7.8\Editor\VisualScripting.Core\Dependencies\DotNetZip\Unity.VisualScripting.IonicZip.dll
Native extension for WindowsStandalone target not found
Refreshing native plugins compatible for Editor in 0.96 ms, found 3 plugins.
Preloading 0 native plugins for Editor in 0.00 ms.
Mono: successfully reloaded assembly
- Completed reload, in  2.914 seconds
Domain Reload Profiling:
	ReloadAssembly (2916ms)
		BeginReloadAssembly (484ms)
			ExecutionOrderSort (0ms)
			DisableScriptedObjects (9ms)
			BackupInstance (0ms)
			ReleaseScriptingObjects (0ms)
			CreateAndSetChildDomain (88ms)
		EndReloadAssembly (2135ms)
			LoadAssemblies (320ms)
			RebuildTransferFunctionScriptingTraits (0ms)
			SetupTypeCache (1028ms)
			ReleaseScriptCaches (2ms)
			RebuildScriptCaches (69ms)
			SetupLoadedEditorAssemblies (627ms)
				LogAssemblyErrors (0ms)
				InitializePlatformSupportModulesInManaged (20ms)
				SetLoadedEditorAssemblies (1ms)
				RefreshPlugins (1ms)
				BeforeProcessingInitializeOnLoad (111ms)
				ProcessInitializeOnLoadAttributes (438ms)
				ProcessInitializeOnLoadMethodAttributes (44ms)
				AfterProcessingInitializeOnLoad (11ms)
				EditorAssembliesLoaded (0ms)
			ExecutionOrderSort2 (0ms)
			AwakeInstancesAfterBackupRestoration (8ms)
Platform modules already initialized, skipping
Refreshing native plugins compatible for Editor in 5.72 ms, found 3 plugins.
Preloading 0 native plugins for Editor in 0.00 ms.
Unloading 3404 Unused Serialized files (Serialized files now loaded: 0)
Unloading 20 unused Assets / (80.0 KB). Loaded Objects now: 3902.
Memory consumption went from 131.9 MB to 131.8 MB.
Total: 23.546200 ms (FindLiveObjects: 0.723000 ms CreateObjectMapping: 0.405200 ms MarkObjects: 22.105800 ms  DeleteObjects: 0.308600 ms)

AssetImportParameters requested are different than current active one (requested -> active):
  custom:video-decoder-ogg-theora: a1e56fd34408186e4bbccfd4996cb3dc -> 
  custom:container-muxer-webm: aa71ff27fc2769a1b78a27578f13a17b -> 
  custom:container-demuxer-webm: 4f35f7cbe854078d1ac9338744f61a02 -> 
  custom:video-encoder-webm-vp8: eb34c28f22e8b96e1ab97ce403110664 -> 
  custom:audio-encoder-webm-vorbis: bf7c407c2cedff20999df2af8eb42d56 -> 
  custom:framework-win-MediaFoundation: 216162199b28c13a410421893ffa2e32 -> 
  custom:container-demuxer-ogg: 62fdf1f143b41e24485cea50d1cbac27 -> 
  custom:video-decoder-webm-vp8: 9c59270c3fd7afecdb556c50c9e8de78 -> 
  custom:audio-decoder-ogg-vorbis: bf7c407c2cedff20999df2af8eb42d56 -> 
========================================================================
Received Import Request.
  Time since last request: 726.689672 seconds.
  path: Assets/Prefabs/Player-Car.prefab
  artifactKey: Guid(b4dc689686f69264194fbd0744722a41) Importer(815301076,1909f56bfc062723c751e8b465ee728b)
Start importing Assets/Prefabs/Player-Car.prefab using Guid(b4dc689686f69264194fbd0744722a41) Importer(815301076,1909f56bfc062723c751e8b465ee728b)  -> (artifact id: '63b0168c172b6b15c69227661d01e52f') in 4.567189 seconds 
========================================================================
Received Import Request.
  Time since last request: 0.000096 seconds.
  path: Assets/Prefabs/Test Road Prefabs
  artifactKey: Guid(599a4888e4fc61b4c88c2cf559f4a1cd) Importer(815301076,1909f56bfc062723c751e8b465ee728b)
Start importing Assets/Prefabs/Test Road Prefabs using Guid(599a4888e4fc61b4c88c2cf559f4a1cd) Importer(815301076,1909f56bfc062723c751e8b465ee728b)  -> (artifact id: '36575eee610102cbedb7932c6bb546b0') in 0.036966 seconds 
========================================================================
Received Import Request.
  Time since last request: 0.000085 seconds.
  path: Assets/Prefabs/Test Road Prefabs/TestRoad1.prefab
  artifactKey: Guid(9a256f80ab622d640b121160fa9ff229) Importer(815301076,1909f56bfc062723c751e8b465ee728b)
Start importing Assets/Prefabs/Test Road Prefabs/TestRoad1.prefab using Guid(9a256f80ab622d640b121160fa9ff229) Importer(815301076,1909f56bfc062723c751e8b465ee728b)  -> (artifact id: '48b9146a21e30d2135d5a162787860bb') in 3.179036 seconds 
========================================================================
Received Import Request.
  Time since last request: 0.000044 seconds.
  path: Assets/Prefabs/Test Road Prefabs/Town Map Test.prefab
  artifactKey: Guid(5869797f33ccbac44832e6c0eaa6b908) Importer(815301076,1909f56bfc062723c751e8b465ee728b)
Start importing Assets/Prefabs/Test Road Prefabs/Town Map Test.prefab using Guid(5869797f33ccbac44832e6c0eaa6b908) Importer(815301076,1909f56bfc062723c751e8b465ee728b)  -> (artifact id: '657dd59c6616f6123475c40959a04e34') in 30.204386 seconds 
========================================================================
Received Prepare
Registering precompiled user dll's ...
Registered in 0.007320 seconds.
Begin MonoManager ReloadAssembly
Symbol file LoadedFromMemory doesn't match image E:\Unity Trials\City-Adventures-NTEK\Library\PackageCache\com.unity.visualscripting@1.7.8\Editor\VisualScripting.Core\Dependencies\YamlDotNet\Unity.VisualScripting.YamlDotNet.dll
Symbol file LoadedFromMemory doesn't match image E:\Unity Trials\City-Adventures-NTEK\Library\PackageCache\com.unity.visualscripting@1.7.8\Editor\VisualScripting.Core\Dependencies\DotNetZip\Unity.VisualScripting.IonicZip.dll
Native extension for WindowsStandalone target not found
Refreshing native plugins compatible for Editor in 0.96 ms, found 3 plugins.
Preloading 0 native plugins for Editor in 0.00 ms.
Mono: successfully reloaded assembly
- Completed reload, in  3.515 seconds
Domain Reload Profiling:
	ReloadAssembly (3516ms)
		BeginReloadAssembly (882ms)
			ExecutionOrderSort (0ms)
			DisableScriptedObjects (155ms)
			BackupInstance (0ms)
			ReleaseScriptingObjects (0ms)
			CreateAndSetChildDomain (183ms)
		EndReloadAssembly (2097ms)
			LoadAssemblies (288ms)
			RebuildTransferFunctionScriptingTraits (0ms)
			SetupTypeCache (884ms)
			ReleaseScriptCaches (2ms)
			RebuildScriptCaches (97ms)
			SetupLoadedEditorAssemblies (726ms)
				LogAssemblyErrors (0ms)
				InitializePlatformSupportModulesInManaged (20ms)
				SetLoadedEditorAssemblies (1ms)
				RefreshPlugins (1ms)
				BeforeProcessingInitializeOnLoad (124ms)
				ProcessInitializeOnLoadAttributes (523ms)
				ProcessInitializeOnLoadMethodAttributes (45ms)
				AfterProcessingInitializeOnLoad (11ms)
				EditorAssembliesLoaded (0ms)
			ExecutionOrderSort2 (0ms)
			AwakeInstancesAfterBackupRestoration (16ms)
Platform modules already initialized, skipping
Refreshing native plugins compatible for Editor in 3.41 ms, found 3 plugins.
Preloading 0 native plugins for Editor in 0.00 ms.
Unloading 3395 Unused Serialized files (Serialized files now loaded: 0)
Unloading 27 unused Assets / (81.2 KB). Loaded Objects now: 3901.
Memory consumption went from 135.1 MB to 135.0 MB.
Total: 20.302500 ms (FindLiveObjects: 0.851800 ms CreateObjectMapping: 0.455800 ms MarkObjects: 16.273800 ms  DeleteObjects: 2.717900 ms)

AssetImportParameters requested are different than current active one (requested -> active):
  custom:video-decoder-ogg-theora: a1e56fd34408186e4bbccfd4996cb3dc -> 
  custom:container-muxer-webm: aa71ff27fc2769a1b78a27578f13a17b -> 
  custom:container-demuxer-webm: 4f35f7cbe854078d1ac9338744f61a02 -> 
  custom:video-encoder-webm-vp8: eb34c28f22e8b96e1ab97ce403110664 -> 
  custom:audio-encoder-webm-vorbis: bf7c407c2cedff20999df2af8eb42d56 -> 
  custom:framework-win-MediaFoundation: 216162199b28c13a410421893ffa2e32 -> 
  custom:container-demuxer-ogg: 62fdf1f143b41e24485cea50d1cbac27 -> 
  custom:video-decoder-webm-vp8: 9c59270c3fd7afecdb556c50c9e8de78 -> 
  custom:audio-decoder-ogg-vorbis: bf7c407c2cedff20999df2af8eb42d56 -> 
========================================================================
Received Prepare
Registering precompiled user dll's ...
Registered in 0.005505 seconds.
Begin MonoManager ReloadAssembly
Symbol file LoadedFromMemory doesn't match image E:\Unity Trials\City-Adventures-NTEK\Library\PackageCache\com.unity.visualscripting@1.7.8\Editor\VisualScripting.Core\Dependencies\YamlDotNet\Unity.VisualScripting.YamlDotNet.dll
Symbol file LoadedFromMemory doesn't match image E:\Unity Trials\City-Adventures-NTEK\Library\PackageCache\com.unity.visualscripting@1.7.8\Editor\VisualScripting.Core\Dependencies\DotNetZip\Unity.VisualScripting.IonicZip.dll
Native extension for WindowsStandalone target not found
Refreshing native plugins compatible for Editor in 1.04 ms, found 3 plugins.
Preloading 0 native plugins for Editor in 0.00 ms.
Mono: successfully reloaded assembly
- Completed reload, in  1.815 seconds
Domain Reload Profiling:
	ReloadAssembly (1816ms)
		BeginReloadAssembly (225ms)
			ExecutionOrderSort (0ms)
			DisableScriptedObjects (11ms)
			BackupInstance (0ms)
			ReleaseScriptingObjects (0ms)
			CreateAndSetChildDomain (50ms)
		EndReloadAssembly (1364ms)
			LoadAssemblies (214ms)
			RebuildTransferFunctionScriptingTraits (1ms)
			SetupTypeCache (488ms)
			ReleaseScriptCaches (1ms)
			RebuildScriptCaches (67ms)
			SetupLoadedEditorAssemblies (550ms)
				LogAssemblyErrors (0ms)
				InitializePlatformSupportModulesInManaged (23ms)
				SetLoadedEditorAssemblies (1ms)
				RefreshPlugins (1ms)
				BeforeProcessingInitializeOnLoad (111ms)
				ProcessInitializeOnLoadAttributes (358ms)
				ProcessInitializeOnLoadMethodAttributes (42ms)
				AfterProcessingInitializeOnLoad (14ms)
				EditorAssembliesLoaded (0ms)
			ExecutionOrderSort2 (0ms)
			AwakeInstancesAfterBackupRestoration (9ms)
Platform modules already initialized, skipping
Refreshing native plugins compatible for Editor in 2.10 ms, found 3 plugins.
Preloading 0 native plugins for Editor in 0.00 ms.
Unloading 3416 Unused Serialized files (Serialized files now loaded: 0)
Unloading 20 unused Assets / (79.8 KB). Loaded Objects now: 3920.
Memory consumption went from 135.7 MB to 135.7 MB.
Total: 4.097500 ms (FindLiveObjects: 0.333900 ms CreateObjectMapping: 0.170900 ms MarkObjects: 3.459900 ms  DeleteObjects: 0.131400 ms)

AssetImportParameters requested are different than current active one (requested -> active):
  custom:video-decoder-ogg-theora: a1e56fd34408186e4bbccfd4996cb3dc -> 
  custom:container-muxer-webm: aa71ff27fc2769a1b78a27578f13a17b -> 
  custom:container-demuxer-webm: 4f35f7cbe854078d1ac9338744f61a02 -> 
  custom:video-encoder-webm-vp8: eb34c28f22e8b96e1ab97ce403110664 -> 
  custom:audio-encoder-webm-vorbis: bf7c407c2cedff20999df2af8eb42d56 -> 
  custom:framework-win-MediaFoundation: 216162199b28c13a410421893ffa2e32 -> 
  custom:container-demuxer-ogg: 62fdf1f143b41e24485cea50d1cbac27 -> 
  custom:video-decoder-webm-vp8: 9c59270c3fd7afecdb556c50c9e8de78 -> 
  custom:audio-decoder-ogg-vorbis: bf7c407c2cedff20999df2af8eb42d56 -> 
========================================================================
Received Import Request.
  Time since last request: 1275.532745 seconds.
  path: Assets/AI/Traffic System/Agents Prefabs/Ambulance 1.prefab
  artifactKey: Guid(7b5533a1982de754e8e09240cffb147e) Importer(815301076,1909f56bfc062723c751e8b465ee728b)
Start importing Assets/AI/Traffic System/Agents Prefabs/Ambulance 1.prefab using Guid(7b5533a1982de754e8e09240cffb147e) Importer(815301076,1909f56bfc062723c751e8b465ee728b)  -> (artifact id: 'f1372fd9ce7ea852449376a0e45eae94') in 77.937119 seconds 
========================================================================
Received Import Request.
  Time since last request: 0.136913 seconds.
  path: Assets/AI/Traffic System/Agents Prefabs/Sedan 1.prefab
  artifactKey: Guid(e720224bcc525fc4c8ba1df43bfe21c1) Importer(815301076,1909f56bfc062723c751e8b465ee728b)
Start importing Assets/AI/Traffic System/Agents Prefabs/Sedan 1.prefab using Guid(e720224bcc525fc4c8ba1df43bfe21c1) Importer(815301076,1909f56bfc062723c751e8b465ee728b)  -> (artifact id: 'c5c511385c5c624153c285a91062d116') in 18.550413 seconds 
========================================================================
Received Import Request.
  Time since last request: 0.000060 seconds.
  path: Assets/AI/Traffic System/Agents Prefabs/SamplePed.prefab
  artifactKey: Guid(7f7d10bfcb161cc4ca5918c879869c6d) Importer(815301076,1909f56bfc062723c751e8b465ee728b)
Start importing Assets/AI/Traffic System/Agents Prefabs/SamplePed.prefab using Guid(7f7d10bfcb161cc4ca5918c879869c6d) Importer(815301076,1909f56bfc062723c751e8b465ee728b)  -> (artifact id: 'f7f5cf050493235de305539a6104485c') in 4.350812 seconds 
========================================================================
Received Import Request.
  Time since last request: 0.000053 seconds.
  path: Assets/AI/Traffic System/Agents Prefabs/Police 1.prefab
  artifactKey: Guid(ae487371bb18c9f44bea98139f61c424) Importer(815301076,1909f56bfc062723c751e8b465ee728b)
Start importing Assets/AI/Traffic System/Agents Prefabs/Police 1.prefab using Guid(ae487371bb18c9f44bea98139f61c424) Importer(815301076,1909f56bfc062723c751e8b465ee728b)  -> (artifact id: 'b0bff1745fd47570388c62349a93ee80') in 4.763944 seconds 
========================================================================
Received Import Request.
  Time since last request: 0.000052 seconds.
  path: Assets/AI/Traffic System/Agents Prefabs/Ambulance 1.prefab
  artifactKey: Guid(7b5533a1982de754e8e09240cffb147e) Importer(815301076,1909f56bfc062723c751e8b465ee728b)
Start importing Assets/AI/Traffic System/Agents Prefabs/Ambulance 1.prefab using Guid(7b5533a1982de754e8e09240cffb147e) Importer(815301076,1909f56bfc062723c751e8b465ee728b)  -> (artifact id: 'f1372fd9ce7ea852449376a0e45eae94') in 1.473842 seconds 
========================================================================
Received Import Request.
  Time since last request: 1607.569366 seconds.
  path: Assets/Walking/Packages/Kevin Iglesias/Basic Motions/Materials/BasicMotionsFloor.mat
  artifactKey: Guid(02490f38574ec9541a91585b214de9f6) Importer(815301076,1909f56bfc062723c751e8b465ee728b)
Start importing Assets/Walking/Packages/Kevin Iglesias/Basic Motions/Materials/BasicMotionsFloor.mat using Guid(02490f38574ec9541a91585b214de9f6) Importer(815301076,1909f56bfc062723c751e8b465ee728b)  -> (artifact id: 'c6b9327747e581208a8059c4739b35a5') in 16.252351 seconds 
========================================================================
Received Import Request.
  Time since last request: 0.000124 seconds.
  path: Assets/Walking/Packages/Kevin Iglesias/Basic Motions/Prefabs/BasicMotionsDummy.prefab
  artifactKey: Guid(d6d06c887a1aae94f8c6e8cc2c0c557b) Importer(815301076,1909f56bfc062723c751e8b465ee728b)
Start importing Assets/Walking/Packages/Kevin Iglesias/Basic Motions/Prefabs/BasicMotionsDummy.prefab using Guid(d6d06c887a1aae94f8c6e8cc2c0c557b) Importer(815301076,1909f56bfc062723c751e8b465ee728b)  -> (artifact id: 'b1944f2420598d28d770f4bc38346ecd') in 3.888235 seconds 
========================================================================
Received Import Request.
  Time since last request: 0.000081 seconds.
  path: Assets/Walking/Packages/Kevin Iglesias/Basic Motions/Materials/BasicMotionsMaterial.mat
  artifactKey: Guid(ccc50d631d14df84a982c4f4acd00013) Importer(815301076,1909f56bfc062723c751e8b465ee728b)
Start importing Assets/Walking/Packages/Kevin Iglesias/Basic Motions/Materials/BasicMotionsMaterial.mat using Guid(ccc50d631d14df84a982c4f4acd00013) Importer(815301076,1909f56bfc062723c751e8b465ee728b)  -> (artifact id: 'a1839016743ec2093e599805da674860') in 0.815581 seconds 
========================================================================
Received Import Request.
  Time since last request: 236.760025 seconds.
  path: Assets/Materials/Plane Grass.mat
  artifactKey: Guid(f242915ea87e25748b46b0885af74982) Importer(815301076,1909f56bfc062723c751e8b465ee728b)
Start importing Assets/Materials/Plane Grass.mat using Guid(f242915ea87e25748b46b0885af74982) Importer(815301076,1909f56bfc062723c751e8b465ee728b)  -> (artifact id: '0fc0d3a1b27f29f435fd7dafd1956cd2') in 0.561222 seconds 
========================================================================
Received Import Request.
  Time since last request: 16.316108 seconds.
  path: Assets/Materials/Ped1.mat
  artifactKey: Guid(50f187dddf22fc844bf89a89b929825c) Importer(815301076,1909f56bfc062723c751e8b465ee728b)
Start importing Assets/Materials/Ped1.mat using Guid(50f187dddf22fc844bf89a89b929825c) Importer(815301076,1909f56bfc062723c751e8b465ee728b)  -> (artifact id: '9977bfc04ec55ff97ddfafac486028de') in 0.163570 seconds 
========================================================================
Received Prepare
Registering precompiled user dll's ...
Registered in 0.034755 seconds.
Begin MonoManager ReloadAssembly
Symbol file LoadedFromMemory doesn't match image E:\Unity Trials\City-Adventures-NTEK\Library\PackageCache\com.unity.visualscripting@1.7.8\Editor\VisualScripting.Core\Dependencies\YamlDotNet\Unity.VisualScripting.YamlDotNet.dll
Symbol file LoadedFromMemory doesn't match image E:\Unity Trials\City-Adventures-NTEK\Library\PackageCache\com.unity.visualscripting@1.7.8\Editor\VisualScripting.Core\Dependencies\DotNetZip\Unity.VisualScripting.IonicZip.dll
Native extension for WindowsStandalone target not found
Refreshing native plugins compatible for Editor in 1.10 ms, found 3 plugins.
Preloading 0 native plugins for Editor in 0.00 ms.
Mono: successfully reloaded assembly
- Completed reload, in 37.887 seconds
Domain Reload Profiling:
	ReloadAssembly (37962ms)
		BeginReloadAssembly (19776ms)
			ExecutionOrderSort (5ms)
			DisableScriptedObjects (722ms)
			BackupInstance (0ms)
			ReleaseScriptingObjects (11ms)
			CreateAndSetChildDomain (13486ms)
		EndReloadAssembly (15773ms)
			LoadAssemblies (2472ms)
			RebuildTransferFunctionScriptingTraits (0ms)
			SetupTypeCache (11232ms)
			ReleaseScriptCaches (75ms)
			RebuildScriptCaches (706ms)
			SetupLoadedEditorAssemblies (2589ms)
				LogAssemblyErrors (0ms)
				InitializePlatformSupportModulesInManaged (102ms)
				SetLoadedEditorAssemblies (27ms)
				RefreshPlugins (1ms)
				BeforeProcessingInitializeOnLoad (454ms)
				ProcessInitializeOnLoadAttributes (1866ms)
				ProcessInitializeOnLoadMethodAttributes (109ms)
				AfterProcessingInitializeOnLoad (11ms)
				EditorAssembliesLoaded (20ms)
			ExecutionOrderSort2 (0ms)
			AwakeInstancesAfterBackupRestoration (9ms)
Platform modules already initialized, skipping
Refreshing native plugins compatible for Editor in 2.19 ms, found 3 plugins.
Preloading 0 native plugins for Editor in 0.00 ms.
Unloading 3416 Unused Serialized files (Serialized files now loaded: 0)
Unloading 20 unused Assets / (80.0 KB). Loaded Objects now: 3958.
Memory consumption went from 148.6 MB to 148.5 MB.
Total: 149.515100 ms (FindLiveObjects: 0.691600 ms CreateObjectMapping: 0.435400 ms MarkObjects: 126.238700 ms  DeleteObjects: 22.145400 ms)

AssetImportParameters requested are different than current active one (requested -> active):
  custom:video-decoder-ogg-theora: a1e56fd34408186e4bbccfd4996cb3dc -> 
  custom:container-muxer-webm: aa71ff27fc2769a1b78a27578f13a17b -> 
  custom:container-demuxer-webm: 4f35f7cbe854078d1ac9338744f61a02 -> 
  custom:video-encoder-webm-vp8: eb34c28f22e8b96e1ab97ce403110664 -> 
  custom:audio-encoder-webm-vorbis: bf7c407c2cedff20999df2af8eb42d56 -> 
  custom:framework-win-MediaFoundation: 216162199b28c13a410421893ffa2e32 -> 
  custom:container-demuxer-ogg: 62fdf1f143b41e24485cea50d1cbac27 -> 
  custom:video-decoder-webm-vp8: 9c59270c3fd7afecdb556c50c9e8de78 -> 
  custom:audio-decoder-ogg-vorbis: bf7c407c2cedff20999df2af8eb42d56 -> 
========================================================================
Received Import Request.
  Time since last request: 806.747002 seconds.
  path: Assets/AI/Traffic System/Agents Prefabs/Ambulance 1.prefab
  artifactKey: Guid(7b5533a1982de754e8e09240cffb147e) Importer(815301076,1909f56bfc062723c751e8b465ee728b)
Start importing Assets/AI/Traffic System/Agents Prefabs/Ambulance 1.prefab using Guid(7b5533a1982de754e8e09240cffb147e) Importer(815301076,1909f56bfc062723c751e8b465ee728b)  -> (artifact id: '4898e69c498a25737419793d0f4e2ccb') in 1.752461 seconds 
========================================================================
Received Import Request.
  Time since last request: 0.000044 seconds.
  path: Assets/AI/Traffic System/Agents Prefabs/Sedan 1.prefab
  artifactKey: Guid(e720224bcc525fc4c8ba1df43bfe21c1) Importer(815301076,1909f56bfc062723c751e8b465ee728b)
Start importing Assets/AI/Traffic System/Agents Prefabs/Sedan 1.prefab using Guid(e720224bcc525fc4c8ba1df43bfe21c1) Importer(815301076,1909f56bfc062723c751e8b465ee728b)  -> (artifact id: 'a865e8f8bd0cc3cfd7814d4fc7f0b2ee') in 0.597197 seconds 
========================================================================
Received Import Request.
  Time since last request: 0.000061 seconds.
  path: Assets/AI/Traffic System/Agents Prefabs/SamplePed.prefab
  artifactKey: Guid(7f7d10bfcb161cc4ca5918c879869c6d) Importer(815301076,1909f56bfc062723c751e8b465ee728b)
Start importing Assets/AI/Traffic System/Agents Prefabs/SamplePed.prefab using Guid(7f7d10bfcb161cc4ca5918c879869c6d) Importer(815301076,1909f56bfc062723c751e8b465ee728b)  -> (artifact id: '1a86988023791d95b114765471636871') in 0.369373 seconds 
========================================================================
Received Import Request.
  Time since last request: 0.000039 seconds.
  path: Assets/AI/Traffic System/Agents Prefabs/Police 1.prefab
  artifactKey: Guid(ae487371bb18c9f44bea98139f61c424) Importer(815301076,1909f56bfc062723c751e8b465ee728b)
Start importing Assets/AI/Traffic System/Agents Prefabs/Police 1.prefab using Guid(ae487371bb18c9f44bea98139f61c424) Importer(815301076,1909f56bfc062723c751e8b465ee728b)  -> (artifact id: 'a2d3be6c4866042e81fe12a7375f2334') in 1.401437 seconds 
========================================================================
Received Import Request.
  Time since last request: 1.063086 seconds.
  path: Assets/AI/Traffic System/Agents Prefabs/Ped1.prefab
  artifactKey: Guid(dcc4ec63e0bb935449c1715fb9519633) Importer(815301076,1909f56bfc062723c751e8b465ee728b)
Start importing Assets/AI/Traffic System/Agents Prefabs/Ped1.prefab using Guid(dcc4ec63e0bb935449c1715fb9519633) Importer(815301076,1909f56bfc062723c751e8b465ee728b)  -> (artifact id: '686a96d0b0b4f3d1927f1c7540c2a29b') in 1.739373 seconds 
========================================================================
Received Import Request.
  Time since last request: 20.776926 seconds.
  path: Assets/AI/Traffic System/Agents Prefabs/Ped1.prefab
  artifactKey: Guid(dcc4ec63e0bb935449c1715fb9519633) Importer(815301076,1909f56bfc062723c751e8b465ee728b)
Start importing Assets/AI/Traffic System/Agents Prefabs/Ped1.prefab using Guid(dcc4ec63e0bb935449c1715fb9519633) Importer(815301076,1909f56bfc062723c751e8b465ee728b)  -> (artifact id: '4d42ef5ac8b132145679fa756f1c22d4') in 0.495594 seconds 
========================================================================
Received Prepare
Registering precompiled user dll's ...
Registered in 0.004421 seconds.
Begin MonoManager ReloadAssembly
Symbol file LoadedFromMemory doesn't match image E:\Unity Trials\City-Adventures-NTEK\Library\PackageCache\com.unity.visualscripting@1.7.8\Editor\VisualScripting.Core\Dependencies\YamlDotNet\Unity.VisualScripting.YamlDotNet.dll
Symbol file LoadedFromMemory doesn't match image E:\Unity Trials\City-Adventures-NTEK\Library\PackageCache\com.unity.visualscripting@1.7.8\Editor\VisualScripting.Core\Dependencies\DotNetZip\Unity.VisualScripting.IonicZip.dll
Native extension for WindowsStandalone target not found
Refreshing native plugins compatible for Editor in 0.84 ms, found 3 plugins.
Preloading 0 native plugins for Editor in 0.00 ms.
Mono: successfully reloaded assembly
- Completed reload, in  3.317 seconds
Domain Reload Profiling:
	ReloadAssembly (3319ms)
		BeginReloadAssembly (439ms)
			ExecutionOrderSort (0ms)
			DisableScriptedObjects (7ms)
			BackupInstance (0ms)
			ReleaseScriptingObjects (0ms)
			CreateAndSetChildDomain (77ms)
		EndReloadAssembly (2266ms)
			LoadAssemblies (315ms)
			RebuildTransferFunctionScriptingTraits (0ms)
			SetupTypeCache (1123ms)
			ReleaseScriptCaches (1ms)
			RebuildScriptCaches (61ms)
			SetupLoadedEditorAssemblies (674ms)
				LogAssemblyErrors (0ms)
				InitializePlatformSupportModulesInManaged (24ms)
				SetLoadedEditorAssemblies (1ms)
				RefreshPlugins (1ms)
				BeforeProcessingInitializeOnLoad (117ms)
				ProcessInitializeOnLoadAttributes (452ms)
				ProcessInitializeOnLoadMethodAttributes (67ms)
				AfterProcessingInitializeOnLoad (11ms)
				EditorAssembliesLoaded (0ms)
			ExecutionOrderSort2 (0ms)
			AwakeInstancesAfterBackupRestoration (8ms)
Platform modules already initialized, skipping
Refreshing native plugins compatible for Editor in 4.76 ms, found 3 plugins.
Preloading 0 native plugins for Editor in 0.00 ms.
Unloading 3416 Unused Serialized files (Serialized files now loaded: 0)
Unloading 21 unused Assets / (80.5 KB). Loaded Objects now: 3962.
Memory consumption went from 148.6 MB to 148.5 MB.
Total: 95.085800 ms (FindLiveObjects: 0.602200 ms CreateObjectMapping: 0.254600 ms MarkObjects: 93.810100 ms  DeleteObjects: 0.416100 ms)

AssetImportParameters requested are different than current active one (requested -> active):
  custom:video-decoder-ogg-theora: a1e56fd34408186e4bbccfd4996cb3dc -> 
  custom:container-muxer-webm: aa71ff27fc2769a1b78a27578f13a17b -> 
  custom:container-demuxer-webm: 4f35f7cbe854078d1ac9338744f61a02 -> 
  custom:video-encoder-webm-vp8: eb34c28f22e8b96e1ab97ce403110664 -> 
  custom:audio-encoder-webm-vorbis: bf7c407c2cedff20999df2af8eb42d56 -> 
  custom:framework-win-MediaFoundation: 216162199b28c13a410421893ffa2e32 -> 
  custom:container-demuxer-ogg: 62fdf1f143b41e24485cea50d1cbac27 -> 
  custom:video-decoder-webm-vp8: 9c59270c3fd7afecdb556c50c9e8de78 -> 
  custom:audio-decoder-ogg-vorbis: bf7c407c2cedff20999df2af8eb42d56 -> 
========================================================================
Received Import Request.
  Time since last request: 241.062781 seconds.
  path: Assets/AI/Traffic System/Agents Prefabs/Sedan 1.prefab
  artifactKey: Guid(e720224bcc525fc4c8ba1df43bfe21c1) Importer(815301076,1909f56bfc062723c751e8b465ee728b)
Start importing Assets/AI/Traffic System/Agents Prefabs/Sedan 1.prefab using Guid(e720224bcc525fc4c8ba1df43bfe21c1) Importer(815301076,1909f56bfc062723c751e8b465ee728b)  -> (artifact id: '7d779a298f03558bfaa4ba3ade76cb43') in 1.796991 seconds 
========================================================================
Received Import Request.
  Time since last request: 0.000044 seconds.
  path: Assets/AI/Traffic System/Agents Prefabs/SamplePed.prefab
  artifactKey: Guid(7f7d10bfcb161cc4ca5918c879869c6d) Importer(815301076,1909f56bfc062723c751e8b465ee728b)
Start importing Assets/AI/Traffic System/Agents Prefabs/SamplePed.prefab using Guid(7f7d10bfcb161cc4ca5918c879869c6d) Importer(815301076,1909f56bfc062723c751e8b465ee728b)  -> (artifact id: '9d7fc7a1bc00bfbe2a371966c67af430') in 0.383875 seconds 
========================================================================
Received Import Request.
  Time since last request: 0.000079 seconds.
  path: Assets/AI/Traffic System/Agents Prefabs/Police 1.prefab
  artifactKey: Guid(ae487371bb18c9f44bea98139f61c424) Importer(815301076,1909f56bfc062723c751e8b465ee728b)
Start importing Assets/AI/Traffic System/Agents Prefabs/Police 1.prefab using Guid(ae487371bb18c9f44bea98139f61c424) Importer(815301076,1909f56bfc062723c751e8b465ee728b)  -> (artifact id: '572d1e7350bc5b189407dc1bd3ed534c') in 0.465929 seconds 
========================================================================
Received Import Request.
  Time since last request: 0.000039 seconds.
  path: Assets/AI/Traffic System/Agents Prefabs/Ambulance 1.prefab
  artifactKey: Guid(7b5533a1982de754e8e09240cffb147e) Importer(815301076,1909f56bfc062723c751e8b465ee728b)
Start importing Assets/AI/Traffic System/Agents Prefabs/Ambulance 1.prefab using Guid(7b5533a1982de754e8e09240cffb147e) Importer(815301076,1909f56bfc062723c751e8b465ee728b)  -> (artifact id: '60d00a4559978e2f168ccb8754772241') in 1.683313 seconds 
========================================================================
Received Import Request.
  Time since last request: 0.000058 seconds.
  path: Assets/AI/Traffic System/Agents Prefabs/Ped1.prefab
  artifactKey: Guid(dcc4ec63e0bb935449c1715fb9519633) Importer(815301076,1909f56bfc062723c751e8b465ee728b)
Start importing Assets/AI/Traffic System/Agents Prefabs/Ped1.prefab using Guid(dcc4ec63e0bb935449c1715fb9519633) Importer(815301076,1909f56bfc062723c751e8b465ee728b)  -> (artifact id: '03a236601d2f2e74d4a0174877696051') in 2.810507 seconds 
========================================================================
Received Import Request.
  Time since last request: 65.820738 seconds.
  path: Assets/AI/Scripts/AIPedScript.cs
  artifactKey: Guid(97851100aed546a449a8893f6478b584) Importer(815301076,1909f56bfc062723c751e8b465ee728b)
Start importing Assets/AI/Scripts/AIPedScript.cs using Guid(97851100aed546a449a8893f6478b584) Importer(815301076,1909f56bfc062723c751e8b465ee728b)  -> (artifact id: 'e074e2db0f0126bcb7d0a12a1654c771') in 0.252372 seconds 
========================================================================
Received Prepare
Registering precompiled user dll's ...
Registered in 2.089267 seconds.
Begin MonoManager ReloadAssembly
Symbol file LoadedFromMemory doesn't match image E:\Unity Trials\City-Adventures-NTEK\Library\PackageCache\com.unity.visualscripting@1.7.8\Editor\VisualScripting.Core\Dependencies\YamlDotNet\Unity.VisualScripting.YamlDotNet.dll
Symbol file LoadedFromMemory doesn't match image E:\Unity Trials\City-Adventures-NTEK\Library\PackageCache\com.unity.visualscripting@1.7.8\Editor\VisualScripting.Core\Dependencies\DotNetZip\Unity.VisualScripting.IonicZip.dll
Native extension for WindowsStandalone target not found
Refreshing native plugins compatible for Editor in 2.29 ms, found 3 plugins.
Preloading 0 native plugins for Editor in 0.00 ms.
Mono: successfully reloaded assembly
- Completed reload, in  8.948 seconds
Domain Reload Profiling:
	ReloadAssembly (9014ms)
		BeginReloadAssembly (3822ms)
			ExecutionOrderSort (0ms)
			DisableScriptedObjects (184ms)
			BackupInstance (0ms)
			ReleaseScriptingObjects (0ms)
			CreateAndSetChildDomain (512ms)
		EndReloadAssembly (4766ms)
			LoadAssemblies (3779ms)
			RebuildTransferFunctionScriptingTraits (0ms)
			SetupTypeCache (868ms)
			ReleaseScriptCaches (2ms)
			RebuildScriptCaches (77ms)
			SetupLoadedEditorAssemblies (1962ms)
				LogAssemblyErrors (0ms)
				InitializePlatformSupportModulesInManaged (111ms)
				SetLoadedEditorAssemblies (52ms)
				RefreshPlugins (3ms)
				BeforeProcessingInitializeOnLoad (246ms)
				ProcessInitializeOnLoadAttributes (1106ms)
				ProcessInitializeOnLoadMethodAttributes (434ms)
				AfterProcessingInitializeOnLoad (11ms)
				EditorAssembliesLoaded (0ms)
			ExecutionOrderSort2 (0ms)
			AwakeInstancesAfterBackupRestoration (75ms)
Platform modules already initialized, skipping
Refreshing native plugins compatible for Editor in 5.27 ms, found 3 plugins.
Preloading 0 native plugins for Editor in 0.00 ms.
Unloading 3416 Unused Serialized files (Serialized files now loaded: 0)
Unloading 21 unused Assets / (80.6 KB). Loaded Objects now: 3965.
Memory consumption went from 148.7 MB to 148.7 MB.
Total: 21.350500 ms (FindLiveObjects: 0.406600 ms CreateObjectMapping: 0.207500 ms MarkObjects: 20.585200 ms  DeleteObjects: 0.149500 ms)

AssetImportParameters requested are different than current active one (requested -> active):
  custom:video-decoder-ogg-theora: a1e56fd34408186e4bbccfd4996cb3dc -> 
  custom:container-muxer-webm: aa71ff27fc2769a1b78a27578f13a17b -> 
  custom:container-demuxer-webm: 4f35f7cbe854078d1ac9338744f61a02 -> 
  custom:video-encoder-webm-vp8: eb34c28f22e8b96e1ab97ce403110664 -> 
  custom:audio-encoder-webm-vorbis: bf7c407c2cedff20999df2af8eb42d56 -> 
  custom:framework-win-MediaFoundation: 216162199b28c13a410421893ffa2e32 -> 
  custom:container-demuxer-ogg: 62fdf1f143b41e24485cea50d1cbac27 -> 
  custom:video-decoder-webm-vp8: 9c59270c3fd7afecdb556c50c9e8de78 -> 
  custom:audio-decoder-ogg-vorbis: bf7c407c2cedff20999df2af8eb42d56 -> 
========================================================================
Received Import Request.
  Time since last request: 1181.522186 seconds.
  path: Assets/AI/Traffic System/Agents Prefabs/Ped1.prefab
  artifactKey: Guid(dcc4ec63e0bb935449c1715fb9519633) Importer(815301076,1909f56bfc062723c751e8b465ee728b)
Start importing Assets/AI/Traffic System/Agents Prefabs/Ped1.prefab using Guid(dcc4ec63e0bb935449c1715fb9519633) Importer(815301076,1909f56bfc062723c751e8b465ee728b)  -> (artifact id: 'b1beb793ddef66d2f820aca4e8776dc4') in 13.732579 seconds 
========================================================================
Received Import Request.
  Time since last request: 0.000084 seconds.
  path: Assets/AI/Traffic System/Agents Prefabs/SamplePed.prefab
  artifactKey: Guid(7f7d10bfcb161cc4ca5918c879869c6d) Importer(815301076,1909f56bfc062723c751e8b465ee728b)
Start importing Assets/AI/Traffic System/Agents Prefabs/SamplePed.prefab using Guid(7f7d10bfcb161cc4ca5918c879869c6d) Importer(815301076,1909f56bfc062723c751e8b465ee728b)  -> (artifact id: '5c4ef81efaa97ee28b10fd40c0b27fd4') in 0.576514 seconds 
========================================================================
Received Import Request.
  Time since last request: 81.458529 seconds.
  path: Assets/AI/Traffic System/Agents Prefabs/Ped1.prefab
  artifactKey: Guid(dcc4ec63e0bb935449c1715fb9519633) Importer(815301076,1909f56bfc062723c751e8b465ee728b)
Start importing Assets/AI/Traffic System/Agents Prefabs/Ped1.prefab using Guid(dcc4ec63e0bb935449c1715fb9519633) Importer(815301076,1909f56bfc062723c751e8b465ee728b)  -> (artifact id: '6d08570aeae0b7035e666cfa7a9fccd1') in 12.861180 seconds 
========================================================================
Received Import Request.
  Time since last request: 2.205292 seconds.
  path: Assets/AI/Traffic System/Agents Prefabs/Ped1.prefab
  artifactKey: Guid(dcc4ec63e0bb935449c1715fb9519633) Importer(815301076,1909f56bfc062723c751e8b465ee728b)
Start importing Assets/AI/Traffic System/Agents Prefabs/Ped1.prefab using Guid(dcc4ec63e0bb935449c1715fb9519633) Importer(815301076,1909f56bfc062723c751e8b465ee728b)  -> (artifact id: 'd85b91b9a8b04b9f0296118506a16166') in 0.280394 seconds 
========================================================================
Received Import Request.
  Time since last request: 4.065406 seconds.
  path: Assets/AI/Traffic System/Agents Prefabs/Ped1.prefab
  artifactKey: Guid(dcc4ec63e0bb935449c1715fb9519633) Importer(815301076,1909f56bfc062723c751e8b465ee728b)
Start importing Assets/AI/Traffic System/Agents Prefabs/Ped1.prefab using Guid(dcc4ec63e0bb935449c1715fb9519633) Importer(815301076,1909f56bfc062723c751e8b465ee728b)  -> (artifact id: '47cb355fc7c52078b14762620675f2b9') in 0.315603 seconds 
========================================================================
Received Import Request.
  Time since last request: 12.794554 seconds.
  path: Assets/AI/Traffic System/Agents Prefabs/Ped1.prefab
  artifactKey: Guid(dcc4ec63e0bb935449c1715fb9519633) Importer(815301076,1909f56bfc062723c751e8b465ee728b)
Start importing Assets/AI/Traffic System/Agents Prefabs/Ped1.prefab using Guid(dcc4ec63e0bb935449c1715fb9519633) Importer(815301076,1909f56bfc062723c751e8b465ee728b)  -> (artifact id: '297cf350ad082ab40b5b8d61c9056a36') in 0.075663 seconds 
========================================================================
Received Prepare
Registering precompiled user dll's ...
Registered in 0.006954 seconds.
Begin MonoManager ReloadAssembly
Symbol file LoadedFromMemory doesn't match image E:\Unity Trials\City-Adventures-NTEK\Library\PackageCache\com.unity.visualscripting@1.7.8\Editor\VisualScripting.Core\Dependencies\YamlDotNet\Unity.VisualScripting.YamlDotNet.dll
Symbol file LoadedFromMemory doesn't match image E:\Unity Trials\City-Adventures-NTEK\Library\PackageCache\com.unity.visualscripting@1.7.8\Editor\VisualScripting.Core\Dependencies\DotNetZip\Unity.VisualScripting.IonicZip.dll
Native extension for WindowsStandalone target not found
Refreshing native plugins compatible for Editor in 1.00 ms, found 3 plugins.
Preloading 0 native plugins for Editor in 0.00 ms.
Mono: successfully reloaded assembly
- Completed reload, in  3.698 seconds
Domain Reload Profiling:
	ReloadAssembly (3699ms)
		BeginReloadAssembly (859ms)
			ExecutionOrderSort (0ms)
			DisableScriptedObjects (25ms)
			BackupInstance (0ms)
			ReleaseScriptingObjects (0ms)
			CreateAndSetChildDomain (243ms)
		EndReloadAssembly (2482ms)
			LoadAssemblies (298ms)
			RebuildTransferFunctionScriptingTraits (0ms)
			SetupTypeCache (1047ms)
			ReleaseScriptCaches (4ms)
			RebuildScriptCaches (91ms)
			SetupLoadedEditorAssemblies (954ms)
				LogAssemblyErrors (0ms)
				InitializePlatformSupportModulesInManaged (27ms)
				SetLoadedEditorAssemblies (1ms)
				RefreshPlugins (1ms)
				BeforeProcessingInitializeOnLoad (132ms)
				ProcessInitializeOnLoadAttributes (739ms)
				ProcessInitializeOnLoadMethodAttributes (42ms)
				AfterProcessingInitializeOnLoad (12ms)
				EditorAssembliesLoaded (0ms)
			ExecutionOrderSort2 (0ms)
			AwakeInstancesAfterBackupRestoration (9ms)
Platform modules already initialized, skipping
Refreshing native plugins compatible for Editor in 4.95 ms, found 3 plugins.
Preloading 0 native plugins for Editor in 0.00 ms.
Unloading 3416 Unused Serialized files (Serialized files now loaded: 0)
Unloading 21 unused Assets / (80.6 KB). Loaded Objects now: 3968.
Memory consumption went from 148.8 MB to 148.7 MB.
Total: 32.339200 ms (FindLiveObjects: 0.344800 ms CreateObjectMapping: 0.141200 ms MarkObjects: 31.697300 ms  DeleteObjects: 0.154400 ms)

AssetImportParameters requested are different than current active one (requested -> active):
  custom:video-decoder-ogg-theora: a1e56fd34408186e4bbccfd4996cb3dc -> 
  custom:container-muxer-webm: aa71ff27fc2769a1b78a27578f13a17b -> 
  custom:container-demuxer-webm: 4f35f7cbe854078d1ac9338744f61a02 -> 
  custom:video-encoder-webm-vp8: eb34c28f22e8b96e1ab97ce403110664 -> 
  custom:audio-encoder-webm-vorbis: bf7c407c2cedff20999df2af8eb42d56 -> 
  custom:framework-win-MediaFoundation: 216162199b28c13a410421893ffa2e32 -> 
  custom:container-demuxer-ogg: 62fdf1f143b41e24485cea50d1cbac27 -> 
  custom:video-decoder-webm-vp8: 9c59270c3fd7afecdb556c50c9e8de78 -> 
  custom:audio-decoder-ogg-vorbis: bf7c407c2cedff20999df2af8eb42d56 -> 
========================================================================
Received Import Request.
  Time since last request: 321.003192 seconds.
  path: Assets/AI/Traffic System/Agents Prefabs/Ped1.prefab
  artifactKey: Guid(dcc4ec63e0bb935449c1715fb9519633) Importer(815301076,1909f56bfc062723c751e8b465ee728b)
Start importing Assets/AI/Traffic System/Agents Prefabs/Ped1.prefab using Guid(dcc4ec63e0bb935449c1715fb9519633) Importer(815301076,1909f56bfc062723c751e8b465ee728b)  -> (artifact id: '51ce85da4515802fd4ebf1960ad090ed') in 1.036028 seconds 
========================================================================
Received Import Request.
  Time since last request: 0.000054 seconds.
  path: Assets/AI/Traffic System/Agents Prefabs/SamplePed.prefab
  artifactKey: Guid(7f7d10bfcb161cc4ca5918c879869c6d) Importer(815301076,1909f56bfc062723c751e8b465ee728b)
Start importing Assets/AI/Traffic System/Agents Prefabs/SamplePed.prefab using Guid(7f7d10bfcb161cc4ca5918c879869c6d) Importer(815301076,1909f56bfc062723c751e8b465ee728b)  -> (artifact id: 'd00c401b4d07e46ede81dc0151cc62b1') in 0.078687 seconds 
========================================================================
Received Import Request.
  Time since last request: 60.751207 seconds.
  path: Assets/AI/Traffic System/Agents Prefabs/Ped1.prefab
  artifactKey: Guid(dcc4ec63e0bb935449c1715fb9519633) Importer(815301076,1909f56bfc062723c751e8b465ee728b)
Start importing Assets/AI/Traffic System/Agents Prefabs/Ped1.prefab using Guid(dcc4ec63e0bb935449c1715fb9519633) Importer(815301076,1909f56bfc062723c751e8b465ee728b)  -> (artifact id: 'fc45251dd469cd5c6f7d0c71b3616c6e') in 10.927334 seconds 
========================================================================
Received Import Request.
  Time since last request: 133.324318 seconds.
  path: Assets/AI/Traffic System/Agents Prefabs/Ped1.prefab
  artifactKey: Guid(dcc4ec63e0bb935449c1715fb9519633) Importer(815301076,1909f56bfc062723c751e8b465ee728b)
Start importing Assets/AI/Traffic System/Agents Prefabs/Ped1.prefab using Guid(dcc4ec63e0bb935449c1715fb9519633) Importer(815301076,1909f56bfc062723c751e8b465ee728b)  -> (artifact id: 'c4e09e4d4339ad816aeb259524eb3809') in 0.184028 seconds 
========================================================================
Received Import Request.
  Time since last request: 21.150006 seconds.
  path: Assets/AI/Traffic System/Agents Prefabs/Ped1.prefab
  artifactKey: Guid(dcc4ec63e0bb935449c1715fb9519633) Importer(815301076,1909f56bfc062723c751e8b465ee728b)
Start importing Assets/AI/Traffic System/Agents Prefabs/Ped1.prefab using Guid(dcc4ec63e0bb935449c1715fb9519633) Importer(815301076,1909f56bfc062723c751e8b465ee728b)  -> (artifact id: '256816a08ceb2dba90f3ab819ce63666') in 0.245404 seconds 
========================================================================
Received Import Request.
  Time since last request: 8.772954 seconds.
  path: Assets/AI/Traffic System/Agents Prefabs/Ped1.prefab
  artifactKey: Guid(dcc4ec63e0bb935449c1715fb9519633) Importer(815301076,1909f56bfc062723c751e8b465ee728b)
Start importing Assets/AI/Traffic System/Agents Prefabs/Ped1.prefab using Guid(dcc4ec63e0bb935449c1715fb9519633) Importer(815301076,1909f56bfc062723c751e8b465ee728b)  -> (artifact id: 'a2b243dc3b16adf99554965f81e0d052') in 0.291318 seconds 
========================================================================
Received Import Request.
  Time since last request: 21.428882 seconds.
  path: Assets/AI/Traffic System/Agents Prefabs/Ped1.prefab
  artifactKey: Guid(dcc4ec63e0bb935449c1715fb9519633) Importer(815301076,1909f56bfc062723c751e8b465ee728b)
Start importing Assets/AI/Traffic System/Agents Prefabs/Ped1.prefab using Guid(dcc4ec63e0bb935449c1715fb9519633) Importer(815301076,1909f56bfc062723c751e8b465ee728b)  -> (artifact id: '541946ac15d111052a53899038bd6d2d') in 0.171602 seconds 
========================================================================
Received Import Request.
  Time since last request: 4.821128 seconds.
  path: Assets/AI/Traffic System/Agents Prefabs/Ped1.prefab
  artifactKey: Guid(dcc4ec63e0bb935449c1715fb9519633) Importer(815301076,1909f56bfc062723c751e8b465ee728b)
Start importing Assets/AI/Traffic System/Agents Prefabs/Ped1.prefab using Guid(dcc4ec63e0bb935449c1715fb9519633) Importer(815301076,1909f56bfc062723c751e8b465ee728b)  -> (artifact id: '868e41fdd650c8426ae0c9450d165f47') in 0.514715 seconds 
========================================================================
Received Import Request.
  Time since last request: 46.375084 seconds.
  path: Assets/AI/Traffic System/Agents Prefabs/Ped1.prefab
  artifactKey: Guid(dcc4ec63e0bb935449c1715fb9519633) Importer(815301076,1909f56bfc062723c751e8b465ee728b)
Start importing Assets/AI/Traffic System/Agents Prefabs/Ped1.prefab using Guid(dcc4ec63e0bb935449c1715fb9519633) Importer(815301076,1909f56bfc062723c751e8b465ee728b)  -> (artifact id: '2d68c5c4f916242c97d8b1e6debd43bf') in 0.164887 seconds 
========================================================================
Received Import Request.
  Time since last request: 22.902738 seconds.
  path: Assets/AI/Traffic System/Agents Prefabs/Ped1.prefab
  artifactKey: Guid(dcc4ec63e0bb935449c1715fb9519633) Importer(815301076,1909f56bfc062723c751e8b465ee728b)
Start importing Assets/AI/Traffic System/Agents Prefabs/Ped1.prefab using Guid(dcc4ec63e0bb935449c1715fb9519633) Importer(815301076,1909f56bfc062723c751e8b465ee728b)  -> (artifact id: '91721dd60b54be7f282de971bfd8b7ca') in 1.062532 seconds 
========================================================================
Received Import Request.
  Time since last request: 6.320497 seconds.
  path: Assets/AI/Traffic System/Agents Prefabs/Ped1.prefab
  artifactKey: Guid(dcc4ec63e0bb935449c1715fb9519633) Importer(815301076,1909f56bfc062723c751e8b465ee728b)
Start importing Assets/AI/Traffic System/Agents Prefabs/Ped1.prefab using Guid(dcc4ec63e0bb935449c1715fb9519633) Importer(815301076,1909f56bfc062723c751e8b465ee728b)  -> (artifact id: '41f18e7f034cb2145aac6c3518c2e094') in 0.734087 seconds 
========================================================================
Received Import Request.
  Time since last request: 220.538514 seconds.
  path: Assets/AI/Traffic System/Agents Prefabs/Ped1.prefab
  artifactKey: Guid(dcc4ec63e0bb935449c1715fb9519633) Importer(815301076,1909f56bfc062723c751e8b465ee728b)
Start importing Assets/AI/Traffic System/Agents Prefabs/Ped1.prefab using Guid(dcc4ec63e0bb935449c1715fb9519633) Importer(815301076,1909f56bfc062723c751e8b465ee728b)  -> (artifact id: '2b2164eaa2e86e5b9bd7588043586c1d') in 0.994761 seconds 
========================================================================
Received Import Request.
  Time since last request: 0.000044 seconds.
  path: Assets/AI/Traffic System/Agents Prefabs/SamplePed.prefab
  artifactKey: Guid(7f7d10bfcb161cc4ca5918c879869c6d) Importer(815301076,1909f56bfc062723c751e8b465ee728b)
Start importing Assets/AI/Traffic System/Agents Prefabs/SamplePed.prefab using Guid(7f7d10bfcb161cc4ca5918c879869c6d) Importer(815301076,1909f56bfc062723c751e8b465ee728b)  -> (artifact id: '593be5c44d5a25520f7900cc7f59d37b') in 0.593371 seconds 
========================================================================
Received Import Request.
  Time since last request: 9.028191 seconds.
  path: Assets/AI/Traffic System/Agents Prefabs/Ped1.prefab
  artifactKey: Guid(dcc4ec63e0bb935449c1715fb9519633) Importer(815301076,1909f56bfc062723c751e8b465ee728b)
Start importing Assets/AI/Traffic System/Agents Prefabs/Ped1.prefab using Guid(dcc4ec63e0bb935449c1715fb9519633) Importer(815301076,1909f56bfc062723c751e8b465ee728b)  -> (artifact id: '22e524ba8103f953d9c82dc193ca6360') in 0.160222 seconds 
========================================================================
Received Prepare
Registering precompiled user dll's ...
Registered in 0.004727 seconds.
Begin MonoManager ReloadAssembly
Symbol file LoadedFromMemory doesn't match image E:\Unity Trials\City-Adventures-NTEK\Library\PackageCache\com.unity.visualscripting@1.7.8\Editor\VisualScripting.Core\Dependencies\YamlDotNet\Unity.VisualScripting.YamlDotNet.dll
Symbol file LoadedFromMemory doesn't match image E:\Unity Trials\City-Adventures-NTEK\Library\PackageCache\com.unity.visualscripting@1.7.8\Editor\VisualScripting.Core\Dependencies\DotNetZip\Unity.VisualScripting.IonicZip.dll
Native extension for WindowsStandalone target not found
Refreshing native plugins compatible for Editor in 116.13 ms, found 3 plugins.
Preloading 0 native plugins for Editor in 0.00 ms.
Mono: successfully reloaded assembly
- Completed reload, in 39.256 seconds
Domain Reload Profiling:
	ReloadAssembly (39555ms)
		BeginReloadAssembly (3153ms)
			ExecutionOrderSort (8ms)
			DisableScriptedObjects (161ms)
			BackupInstance (0ms)
			ReleaseScriptingObjects (0ms)
			CreateAndSetChildDomain (634ms)
		EndReloadAssembly (35690ms)
			LoadAssemblies (955ms)
			RebuildTransferFunctionScriptingTraits (0ms)
			SetupTypeCache (16395ms)
			ReleaseScriptCaches (429ms)
			RebuildScriptCaches (990ms)
			SetupLoadedEditorAssemblies (10698ms)
				LogAssemblyErrors (0ms)
				InitializePlatformSupportModulesInManaged (506ms)
				SetLoadedEditorAssemblies (216ms)
				RefreshPlugins (116ms)
				BeforeProcessingInitializeOnLoad (1252ms)
				ProcessInitializeOnLoadAttributes (7365ms)
				ProcessInitializeOnLoadMethodAttributes (1228ms)
				AfterProcessingInitializeOnLoad (14ms)
				EditorAssembliesLoaded (0ms)
			ExecutionOrderSort2 (0ms)
			AwakeInstancesAfterBackupRestoration (105ms)
Platform modules already initialized, skipping
Refreshing native plugins compatible for Editor in 2.26 ms, found 3 plugins.
Preloading 0 native plugins for Editor in 0.00 ms.
Unloading 3416 Unused Serialized files (Serialized files now loaded: 0)
Unloading 21 unused Assets / (80.6 KB). Loaded Objects now: 3971.
Memory consumption went from 149.0 MB to 149.0 MB.
Total: 94.811600 ms (FindLiveObjects: 0.366700 ms CreateObjectMapping: 0.160800 ms MarkObjects: 93.968100 ms  DeleteObjects: 0.313300 ms)

AssetImportParameters requested are different than current active one (requested -> active):
  custom:video-decoder-ogg-theora: a1e56fd34408186e4bbccfd4996cb3dc -> 
  custom:container-muxer-webm: aa71ff27fc2769a1b78a27578f13a17b -> 
  custom:container-demuxer-webm: 4f35f7cbe854078d1ac9338744f61a02 -> 
  custom:video-encoder-webm-vp8: eb34c28f22e8b96e1ab97ce403110664 -> 
  custom:audio-encoder-webm-vorbis: bf7c407c2cedff20999df2af8eb42d56 -> 
  custom:framework-win-MediaFoundation: 216162199b28c13a410421893ffa2e32 -> 
  custom:container-demuxer-ogg: 62fdf1f143b41e24485cea50d1cbac27 -> 
  custom:video-decoder-webm-vp8: 9c59270c3fd7afecdb556c50c9e8de78 -> 
  custom:audio-decoder-ogg-vorbis: bf7c407c2cedff20999df2af8eb42d56 -> 
========================================================================
Received Import Request.
  Time since last request: 305.795670 seconds.
  path: Assets/AI/Traffic System/Agents Prefabs/SamplePed.prefab
  artifactKey: Guid(7f7d10bfcb161cc4ca5918c879869c6d) Importer(815301076,1909f56bfc062723c751e8b465ee728b)
Start importing Assets/AI/Traffic System/Agents Prefabs/SamplePed.prefab using Guid(7f7d10bfcb161cc4ca5918c879869c6d) Importer(815301076,1909f56bfc062723c751e8b465ee728b)  -> (artifact id: '95548de03b46d34b5d842160c78cc02e') in 1.179362 seconds 
========================================================================
Received Import Request.
  Time since last request: 0.000033 seconds.
  path: Assets/AI/Traffic System/Agents Prefabs/Ped1.prefab
  artifactKey: Guid(dcc4ec63e0bb935449c1715fb9519633) Importer(815301076,1909f56bfc062723c751e8b465ee728b)
Start importing Assets/AI/Traffic System/Agents Prefabs/Ped1.prefab using Guid(dcc4ec63e0bb935449c1715fb9519633) Importer(815301076,1909f56bfc062723c751e8b465ee728b)  -> (artifact id: '787a90bb2296db7d3bb8e9b3dd3f23a8') in 1.438123 seconds 
========================================================================
Received Import Request.
  Time since last request: 8.086979 seconds.
  path: Assets/AI/Traffic System/Agents Prefabs/Ped1.prefab
  artifactKey: Guid(dcc4ec63e0bb935449c1715fb9519633) Importer(815301076,1909f56bfc062723c751e8b465ee728b)
Start importing Assets/AI/Traffic System/Agents Prefabs/Ped1.prefab using Guid(dcc4ec63e0bb935449c1715fb9519633) Importer(815301076,1909f56bfc062723c751e8b465ee728b)  -> (artifact id: 'f5f3307da573891db8df1fb017510c4c') in 0.278002 seconds 
========================================================================
Received Import Request.
  Time since last request: 64.454756 seconds.
  path: Assets/AI/Traffic System/Agents Prefabs/Ped1.prefab
  artifactKey: Guid(dcc4ec63e0bb935449c1715fb9519633) Importer(815301076,1909f56bfc062723c751e8b465ee728b)
Start importing Assets/AI/Traffic System/Agents Prefabs/Ped1.prefab using Guid(dcc4ec63e0bb935449c1715fb9519633) Importer(815301076,1909f56bfc062723c751e8b465ee728b)  -> (artifact id: '9997f2cacd0a2b3fecba96b2b4943d08') in 0.313460 seconds 
========================================================================
Received Import Request.
  Time since last request: 105.353118 seconds.
  path: Assets/AI/Traffic System/Agents Prefabs/Ped1.prefab
  artifactKey: Guid(dcc4ec63e0bb935449c1715fb9519633) Importer(815301076,1909f56bfc062723c751e8b465ee728b)
Start importing Assets/AI/Traffic System/Agents Prefabs/Ped1.prefab using Guid(dcc4ec63e0bb935449c1715fb9519633) Importer(815301076,1909f56bfc062723c751e8b465ee728b)  -> (artifact id: '911696f7aa3f0fd55ab842a312a99cd3') in 1.765909 seconds 
========================================================================
Received Import Request.
  Time since last request: 0.000044 seconds.
  path: Assets/AI/Traffic System/Agents Prefabs/SamplePed.prefab
  artifactKey: Guid(7f7d10bfcb161cc4ca5918c879869c6d) Importer(815301076,1909f56bfc062723c751e8b465ee728b)
Start importing Assets/AI/Traffic System/Agents Prefabs/SamplePed.prefab using Guid(7f7d10bfcb161cc4ca5918c879869c6d) Importer(815301076,1909f56bfc062723c751e8b465ee728b)  -> (artifact id: '4f6fcbf6299df5f408af5afc28df743f') in 0.290573 seconds 
========================================================================
Received Import Request.
  Time since last request: 17.724891 seconds.
  path: Assets/AI/Traffic System/Agents Prefabs/Ped1.prefab
  artifactKey: Guid(dcc4ec63e0bb935449c1715fb9519633) Importer(815301076,1909f56bfc062723c751e8b465ee728b)
Start importing Assets/AI/Traffic System/Agents Prefabs/Ped1.prefab using Guid(dcc4ec63e0bb935449c1715fb9519633) Importer(815301076,1909f56bfc062723c751e8b465ee728b)  -> (artifact id: '98c3501bd372bc1d18dfb0d3752c2108') in 0.353453 seconds 
========================================================================
Received Import Request.
  Time since last request: 0.000036 seconds.
  path: Assets/AI/Traffic System/Agents Prefabs/SamplePed.prefab
  artifactKey: Guid(7f7d10bfcb161cc4ca5918c879869c6d) Importer(815301076,1909f56bfc062723c751e8b465ee728b)
Start importing Assets/AI/Traffic System/Agents Prefabs/SamplePed.prefab using Guid(7f7d10bfcb161cc4ca5918c879869c6d) Importer(815301076,1909f56bfc062723c751e8b465ee728b)  -> (artifact id: '2de9b166578d0f8a9eab037e4f5b3514') in 0.062314 seconds 
========================================================================
Received Prepare
Registering precompiled user dll's ...
Registered in 0.006146 seconds.
Begin MonoManager ReloadAssembly
Symbol file LoadedFromMemory doesn't match image E:\Unity Trials\City-Adventures-NTEK\Library\PackageCache\com.unity.visualscripting@1.7.8\Editor\VisualScripting.Core\Dependencies\YamlDotNet\Unity.VisualScripting.YamlDotNet.dll
Symbol file LoadedFromMemory doesn't match image E:\Unity Trials\City-Adventures-NTEK\Library\PackageCache\com.unity.visualscripting@1.7.8\Editor\VisualScripting.Core\Dependencies\DotNetZip\Unity.VisualScripting.IonicZip.dll
Native extension for WindowsStandalone target not found
Refreshing native plugins compatible for Editor in 1.08 ms, found 3 plugins.
Preloading 0 native plugins for Editor in 0.00 ms.
Mono: successfully reloaded assembly
- Completed reload, in 19.412 seconds
Domain Reload Profiling:
	ReloadAssembly (19414ms)
		BeginReloadAssembly (11303ms)
			ExecutionOrderSort (0ms)
			DisableScriptedObjects (12ms)
			BackupInstance (0ms)
			ReleaseScriptingObjects (0ms)
			CreateAndSetChildDomain (993ms)
		EndReloadAssembly (7513ms)
			LoadAssemblies (14159ms)
			RebuildTransferFunctionScriptingTraits (0ms)
			SetupTypeCache (1230ms)
			ReleaseScriptCaches (2ms)
			RebuildScriptCaches (93ms)
			SetupLoadedEditorAssemblies (1705ms)
				LogAssemblyErrors (0ms)
				InitializePlatformSupportModulesInManaged (25ms)
				SetLoadedEditorAssemblies (1ms)
				RefreshPlugins (1ms)
				BeforeProcessingInitializeOnLoad (128ms)
				ProcessInitializeOnLoadAttributes (962ms)
				ProcessInitializeOnLoadMethodAttributes (573ms)
				AfterProcessingInitializeOnLoad (14ms)
				EditorAssembliesLoaded (0ms)
			ExecutionOrderSort2 (0ms)
			AwakeInstancesAfterBackupRestoration (9ms)
Platform modules already initialized, skipping
Refreshing native plugins compatible for Editor in 8.20 ms, found 3 plugins.
Preloading 0 native plugins for Editor in 0.00 ms.
Unloading 3416 Unused Serialized files (Serialized files now loaded: 0)
Unloading 21 unused Assets / (80.7 KB). Loaded Objects now: 3974.
Memory consumption went from 149.0 MB to 149.0 MB.
Total: 232.939700 ms (FindLiveObjects: 0.594900 ms CreateObjectMapping: 0.237400 ms MarkObjects: 231.852900 ms  DeleteObjects: 0.250800 ms)

AssetImportParameters requested are different than current active one (requested -> active):
  custom:video-decoder-ogg-theora: a1e56fd34408186e4bbccfd4996cb3dc -> 
  custom:container-muxer-webm: aa71ff27fc2769a1b78a27578f13a17b -> 
  custom:container-demuxer-webm: 4f35f7cbe854078d1ac9338744f61a02 -> 
  custom:video-encoder-webm-vp8: eb34c28f22e8b96e1ab97ce403110664 -> 
  custom:audio-encoder-webm-vorbis: bf7c407c2cedff20999df2af8eb42d56 -> 
  custom:framework-win-MediaFoundation: 216162199b28c13a410421893ffa2e32 -> 
  custom:container-demuxer-ogg: 62fdf1f143b41e24485cea50d1cbac27 -> 
  custom:video-decoder-webm-vp8: 9c59270c3fd7afecdb556c50c9e8de78 -> 
  custom:audio-decoder-ogg-vorbis: bf7c407c2cedff20999df2af8eb42d56 -> 
========================================================================
Received Prepare
Registering precompiled user dll's ...
Registered in 0.004453 seconds.
Begin MonoManager ReloadAssembly
Symbol file LoadedFromMemory doesn't match image E:\Unity Trials\City-Adventures-NTEK\Library\PackageCache\com.unity.visualscripting@1.7.8\Editor\VisualScripting.Core\Dependencies\YamlDotNet\Unity.VisualScripting.YamlDotNet.dll
Symbol file LoadedFromMemory doesn't match image E:\Unity Trials\City-Adventures-NTEK\Library\PackageCache\com.unity.visualscripting@1.7.8\Editor\VisualScripting.Core\Dependencies\DotNetZip\Unity.VisualScripting.IonicZip.dll
Native extension for WindowsStandalone target not found
Refreshing native plugins compatible for Editor in 1.14 ms, found 3 plugins.
Preloading 0 native plugins for Editor in 0.00 ms.
Mono: successfully reloaded assembly
- Completed reload, in 49.442 seconds
Domain Reload Profiling:
	ReloadAssembly (49668ms)
		BeginReloadAssembly (26846ms)
			ExecutionOrderSort (0ms)
			DisableScriptedObjects (3970ms)
			BackupInstance (0ms)
			ReleaseScriptingObjects (0ms)
			CreateAndSetChildDomain (11829ms)
		EndReloadAssembly (21441ms)
			LoadAssemblies (7891ms)
			RebuildTransferFunctionScriptingTraits (0ms)
			SetupTypeCache (8421ms)
			ReleaseScriptCaches (2ms)
			RebuildScriptCaches (545ms)
			SetupLoadedEditorAssemblies (6427ms)
				LogAssemblyErrors (0ms)
				InitializePlatformSupportModulesInManaged (209ms)
				SetLoadedEditorAssemblies (46ms)
				RefreshPlugins (1ms)
				BeforeProcessingInitializeOnLoad (760ms)
				ProcessInitializeOnLoadAttributes (5140ms)
				ProcessInitializeOnLoadMethodAttributes (250ms)
				AfterProcessingInitializeOnLoad (20ms)
				EditorAssembliesLoaded (0ms)
			ExecutionOrderSort2 (0ms)
			AwakeInstancesAfterBackupRestoration (48ms)
Platform modules already initialized, skipping
Refreshing native plugins compatible for Editor in 3.59 ms, found 3 plugins.
Preloading 0 native plugins for Editor in 0.00 ms.
Unloading 3414 Unused Serialized files (Serialized files now loaded: 0)
Unloading 22 unused Assets / (79.9 KB). Loaded Objects now: 3975.
Memory consumption went from 149.0 MB to 148.9 MB.
Total: 39.168200 ms (FindLiveObjects: 0.513100 ms CreateObjectMapping: 0.412900 ms MarkObjects: 38.035900 ms  DeleteObjects: 0.204700 ms)

AssetImportParameters requested are different than current active one (requested -> active):
  custom:video-decoder-ogg-theora: a1e56fd34408186e4bbccfd4996cb3dc -> 
  custom:container-muxer-webm: aa71ff27fc2769a1b78a27578f13a17b -> 
  custom:container-demuxer-webm: 4f35f7cbe854078d1ac9338744f61a02 -> 
  custom:video-encoder-webm-vp8: eb34c28f22e8b96e1ab97ce403110664 -> 
  custom:audio-encoder-webm-vorbis: bf7c407c2cedff20999df2af8eb42d56 -> 
  custom:framework-win-MediaFoundation: 216162199b28c13a410421893ffa2e32 -> 
  custom:container-demuxer-ogg: 62fdf1f143b41e24485cea50d1cbac27 -> 
  custom:video-decoder-webm-vp8: 9c59270c3fd7afecdb556c50c9e8de78 -> 
  custom:audio-decoder-ogg-vorbis: bf7c407c2cedff20999df2af8eb42d56 -> 
========================================================================
Received Import Request.
  Time since last request: 574.352987 seconds.
  path: Assets/AI/Traffic System/Agents Prefabs/SamplePed.prefab
  artifactKey: Guid(7f7d10bfcb161cc4ca5918c879869c6d) Importer(815301076,1909f56bfc062723c751e8b465ee728b)
Start importing Assets/AI/Traffic System/Agents Prefabs/SamplePed.prefab using Guid(7f7d10bfcb161cc4ca5918c879869c6d) Importer(815301076,1909f56bfc062723c751e8b465ee728b)  -> (artifact id: '0ebfcb7705635b671580d38b0373a276') in 2.120815 seconds 
========================================================================
Received Import Request.
  Time since last request: 0.000059 seconds.
  path: Assets/AI/Traffic System/Agents Prefabs/Ped1.prefab
  artifactKey: Guid(dcc4ec63e0bb935449c1715fb9519633) Importer(815301076,1909f56bfc062723c751e8b465ee728b)
Start importing Assets/AI/Traffic System/Agents Prefabs/Ped1.prefab using Guid(dcc4ec63e0bb935449c1715fb9519633) Importer(815301076,1909f56bfc062723c751e8b465ee728b)  -> (artifact id: 'c2bed3af3f227a8465a45e984fb6ff2f') in 2.135097 seconds 
========================================================================
Received Import Request.
  Time since last request: 108.181352 seconds.
  path: Assets/AI/Traffic System/Agents Prefabs/Ped1.prefab
  artifactKey: Guid(dcc4ec63e0bb935449c1715fb9519633) Importer(815301076,1909f56bfc062723c751e8b465ee728b)
Start importing Assets/AI/Traffic System/Agents Prefabs/Ped1.prefab using Guid(dcc4ec63e0bb935449c1715fb9519633) Importer(815301076,1909f56bfc062723c751e8b465ee728b)  -> (artifact id: 'e2f605fc8f69a6d77799a2ae5ca14900') in 0.423991 seconds 
========================================================================
Received Import Request.
  Time since last request: 16.588765 seconds.
  path: Assets/AI/Traffic System/Agents Prefabs/Ped1.prefab
  artifactKey: Guid(dcc4ec63e0bb935449c1715fb9519633) Importer(815301076,1909f56bfc062723c751e8b465ee728b)
Start importing Assets/AI/Traffic System/Agents Prefabs/Ped1.prefab using Guid(dcc4ec63e0bb935449c1715fb9519633) Importer(815301076,1909f56bfc062723c751e8b465ee728b)  -> (artifact id: '4eb43ccdc1c312f5427542c0618e578f') in 0.328843 seconds 
========================================================================
Received Import Request.
  Time since last request: 115.505937 seconds.
  path: Assets/AI/Traffic System/Navigation Prefabs/Junction.prefab
  artifactKey: Guid(5fecbd8490d30874a9b5a6fd1aa2aa47) Importer(815301076,1909f56bfc062723c751e8b465ee728b)
Start importing Assets/AI/Traffic System/Navigation Prefabs/Junction.prefab using Guid(5fecbd8490d30874a9b5a6fd1aa2aa47) Importer(815301076,1909f56bfc062723c751e8b465ee728b)  -> (artifact id: '71cbdd7bd0073312f7208ee9483426bc') in 5.749936 seconds 
========================================================================
Received Import Request.
  Time since last request: 1.709851 seconds.
  path: Assets/AI/Traffic System/Navigation Prefabs/Junction.prefab
  artifactKey: Guid(5fecbd8490d30874a9b5a6fd1aa2aa47) Importer(815301076,1909f56bfc062723c751e8b465ee728b)
Start importing Assets/AI/Traffic System/Navigation Prefabs/Junction.prefab using Guid(5fecbd8490d30874a9b5a6fd1aa2aa47) Importer(815301076,1909f56bfc062723c751e8b465ee728b)  -> (artifact id: '77b135a199b77e5cda0db5446e875d54') in 0.464855 seconds 
========================================================================
Received Import Request.
  Time since last request: 10.054384 seconds.
  path: Assets/AI/Traffic System/Navigation Prefabs/T-Junction.prefab
  artifactKey: Guid(1585c81b26c5d864a98725c6058e74a1) Importer(815301076,1909f56bfc062723c751e8b465ee728b)
Start importing Assets/AI/Traffic System/Navigation Prefabs/T-Junction.prefab using Guid(1585c81b26c5d864a98725c6058e74a1) Importer(815301076,1909f56bfc062723c751e8b465ee728b)  -> (artifact id: '579a41991bd021564311b6aa10e234b8') in 0.374055 seconds 
========================================================================
Received Import Request.
  Time since last request: 12.276105 seconds.
  path: Assets/AI/Traffic System/Navigation Prefabs/GasStation.prefab
  artifactKey: Guid(198c07a326949614cb93213a0331d196) Importer(815301076,1909f56bfc062723c751e8b465ee728b)
Start importing Assets/AI/Traffic System/Navigation Prefabs/GasStation.prefab using Guid(198c07a326949614cb93213a0331d196) Importer(815301076,1909f56bfc062723c751e8b465ee728b)  -> (artifact id: '97bc63084e74802884911ba00d805ce0') in 1.789570 seconds 
========================================================================
Received Import Request.
  Time since last request: 108.651684 seconds.
  path: Assets/AI/Traffic System/Navigation Prefabs/T-Junction.prefab
  artifactKey: Guid(1585c81b26c5d864a98725c6058e74a1) Importer(815301076,1909f56bfc062723c751e8b465ee728b)
Start importing Assets/AI/Traffic System/Navigation Prefabs/T-Junction.prefab using Guid(1585c81b26c5d864a98725c6058e74a1) Importer(815301076,1909f56bfc062723c751e8b465ee728b)  -> (artifact id: '35da0717930c78b9b1f7faa7cbff7dfe') in 0.590213 seconds 
========================================================================
Received Import Request.
  Time since last request: 9.785870 seconds.
  path: Assets/AI/Traffic System/Navigation Prefabs/T-Junction.prefab
  artifactKey: Guid(1585c81b26c5d864a98725c6058e74a1) Importer(815301076,1909f56bfc062723c751e8b465ee728b)
Start importing Assets/AI/Traffic System/Navigation Prefabs/T-Junction.prefab using Guid(1585c81b26c5d864a98725c6058e74a1) Importer(815301076,1909f56bfc062723c751e8b465ee728b)  -> (artifact id: '18a16d5a12fab36d8983a8e9bb241177') in 2.021355 seconds 
========================================================================
Received Import Request.
  Time since last request: 13.290786 seconds.
  path: Assets/AI/Traffic System/Navigation Prefabs/T-Junction.prefab
  artifactKey: Guid(1585c81b26c5d864a98725c6058e74a1) Importer(815301076,1909f56bfc062723c751e8b465ee728b)
Start importing Assets/AI/Traffic System/Navigation Prefabs/T-Junction.prefab using Guid(1585c81b26c5d864a98725c6058e74a1) Importer(815301076,1909f56bfc062723c751e8b465ee728b)  -> (artifact id: 'a45fb5f1bf8cb15541b332772819c54d') in 2.236689 seconds 
========================================================================
Received Import Request.
  Time since last request: 6.019008 seconds.
  path: Assets/AI/Traffic System/Navigation Prefabs/T-Junction.prefab
  artifactKey: Guid(1585c81b26c5d864a98725c6058e74a1) Importer(815301076,1909f56bfc062723c751e8b465ee728b)
Start importing Assets/AI/Traffic System/Navigation Prefabs/T-Junction.prefab using Guid(1585c81b26c5d864a98725c6058e74a1) Importer(815301076,1909f56bfc062723c751e8b465ee728b)  -> (artifact id: '0563b04fe0462da09954fe82bf52f262') in 0.170302 seconds 
========================================================================
Received Import Request.
  Time since last request: 6.848731 seconds.
  path: Assets/AI/Traffic System/Navigation Prefabs/T-Junction.prefab
  artifactKey: Guid(1585c81b26c5d864a98725c6058e74a1) Importer(815301076,1909f56bfc062723c751e8b465ee728b)
Start importing Assets/AI/Traffic System/Navigation Prefabs/T-Junction.prefab using Guid(1585c81b26c5d864a98725c6058e74a1) Importer(815301076,1909f56bfc062723c751e8b465ee728b)  -> (artifact id: '0cfa51ed564f7ffee44127c48ea7bbdc') in 0.102058 seconds 
========================================================================
Received Import Request.
  Time since last request: 33.569213 seconds.
  path: Assets/AI/Traffic System/Navigation Prefabs/T-Junction.prefab
  artifactKey: Guid(1585c81b26c5d864a98725c6058e74a1) Importer(815301076,1909f56bfc062723c751e8b465ee728b)
Start importing Assets/AI/Traffic System/Navigation Prefabs/T-Junction.prefab using Guid(1585c81b26c5d864a98725c6058e74a1) Importer(815301076,1909f56bfc062723c751e8b465ee728b)  -> (artifact id: '73d01bd3de75006173661b36e5667258') in 0.078005 seconds 
========================================================================
Received Import Request.
  Time since last request: 10.528684 seconds.
  path: Assets/AI/Traffic System/Navigation Prefabs/T-Junction.prefab
  artifactKey: Guid(1585c81b26c5d864a98725c6058e74a1) Importer(815301076,1909f56bfc062723c751e8b465ee728b)
Start importing Assets/AI/Traffic System/Navigation Prefabs/T-Junction.prefab using Guid(1585c81b26c5d864a98725c6058e74a1) Importer(815301076,1909f56bfc062723c751e8b465ee728b)  -> (artifact id: '5cb6a4bfd90b66bafafe443f53764aa8') in 0.067790 seconds 
========================================================================
Received Import Request.
  Time since last request: 7.442870 seconds.
  path: Assets/AI/Traffic System/Navigation Prefabs/T-Junction.prefab
  artifactKey: Guid(1585c81b26c5d864a98725c6058e74a1) Importer(815301076,1909f56bfc062723c751e8b465ee728b)
Start importing Assets/AI/Traffic System/Navigation Prefabs/T-Junction.prefab using Guid(1585c81b26c5d864a98725c6058e74a1) Importer(815301076,1909f56bfc062723c751e8b465ee728b)  -> (artifact id: '59dfb6205c5bb63da03b0c0914f9f80f') in 0.078555 seconds 
========================================================================
Received Import Request.
  Time since last request: 12.433229 seconds.
  path: Assets/AI/Traffic System/Navigation Prefabs/T-Junction.prefab
  artifactKey: Guid(1585c81b26c5d864a98725c6058e74a1) Importer(815301076,1909f56bfc062723c751e8b465ee728b)
Start importing Assets/AI/Traffic System/Navigation Prefabs/T-Junction.prefab using Guid(1585c81b26c5d864a98725c6058e74a1) Importer(815301076,1909f56bfc062723c751e8b465ee728b)  -> (artifact id: '2c9bfd4dee157e1d099d644eba966bcf') in 0.080062 seconds 
========================================================================
Received Import Request.
  Time since last request: 13.566741 seconds.
  path: Assets/AI/Traffic System/Navigation Prefabs/Junction.prefab
  artifactKey: Guid(5fecbd8490d30874a9b5a6fd1aa2aa47) Importer(815301076,1909f56bfc062723c751e8b465ee728b)
Start importing Assets/AI/Traffic System/Navigation Prefabs/Junction.prefab using Guid(5fecbd8490d30874a9b5a6fd1aa2aa47) Importer(815301076,1909f56bfc062723c751e8b465ee728b)  -> (artifact id: 'c50d471148a1d0f6e4478d5b1049308c') in 0.097343 seconds 
========================================================================
Received Import Request.
  Time since last request: 6.964207 seconds.
  path: Assets/AI/Traffic System/Navigation Prefabs/Junction.prefab
  artifactKey: Guid(5fecbd8490d30874a9b5a6fd1aa2aa47) Importer(815301076,1909f56bfc062723c751e8b465ee728b)
Start importing Assets/AI/Traffic System/Navigation Prefabs/Junction.prefab using Guid(5fecbd8490d30874a9b5a6fd1aa2aa47) Importer(815301076,1909f56bfc062723c751e8b465ee728b)  -> (artifact id: '43d4eef65f7b1fc8ae65bacb92641975') in 0.117439 seconds 
========================================================================
Received Import Request.
  Time since last request: 19.221770 seconds.
  path: Assets/AI/Traffic System/Navigation Prefabs/Junction.prefab
  artifactKey: Guid(5fecbd8490d30874a9b5a6fd1aa2aa47) Importer(815301076,1909f56bfc062723c751e8b465ee728b)
Start importing Assets/AI/Traffic System/Navigation Prefabs/Junction.prefab using Guid(5fecbd8490d30874a9b5a6fd1aa2aa47) Importer(815301076,1909f56bfc062723c751e8b465ee728b)  -> (artifact id: '0a26fd77235d7d65d0e44342151e06f9') in 0.089954 seconds 
========================================================================
Received Import Request.
  Time since last request: 11.997793 seconds.
  path: Assets/AI/Traffic System/Navigation Prefabs/Junction.prefab
  artifactKey: Guid(5fecbd8490d30874a9b5a6fd1aa2aa47) Importer(815301076,1909f56bfc062723c751e8b465ee728b)
Start importing Assets/AI/Traffic System/Navigation Prefabs/Junction.prefab using Guid(5fecbd8490d30874a9b5a6fd1aa2aa47) Importer(815301076,1909f56bfc062723c751e8b465ee728b)  -> (artifact id: '91949a7c5c3c51ffd21e3aed83d27693') in 0.098758 seconds 
========================================================================
Received Import Request.
  Time since last request: 11.231674 seconds.
  path: Assets/AI/Traffic System/Navigation Prefabs/Junction.prefab
  artifactKey: Guid(5fecbd8490d30874a9b5a6fd1aa2aa47) Importer(815301076,1909f56bfc062723c751e8b465ee728b)
Start importing Assets/AI/Traffic System/Navigation Prefabs/Junction.prefab using Guid(5fecbd8490d30874a9b5a6fd1aa2aa47) Importer(815301076,1909f56bfc062723c751e8b465ee728b)  -> (artifact id: '42d6b3bf31939213c8534bd88318d15c') in 0.098403 seconds 
========================================================================
Received Import Request.
  Time since last request: 17.811777 seconds.
  path: Assets/AI/Traffic System/Navigation Prefabs/GasStation.prefab
  artifactKey: Guid(198c07a326949614cb93213a0331d196) Importer(815301076,1909f56bfc062723c751e8b465ee728b)
Start importing Assets/AI/Traffic System/Navigation Prefabs/GasStation.prefab using Guid(198c07a326949614cb93213a0331d196) Importer(815301076,1909f56bfc062723c751e8b465ee728b)  -> (artifact id: '1a440e8d179014a171ff6a89adbe8e74') in 0.561224 seconds 
========================================================================
Received Import Request.
  Time since last request: 12.496317 seconds.
  path: Assets/AI/Traffic System/Navigation Prefabs/GasStation.prefab
  artifactKey: Guid(198c07a326949614cb93213a0331d196) Importer(815301076,1909f56bfc062723c751e8b465ee728b)
Start importing Assets/AI/Traffic System/Navigation Prefabs/GasStation.prefab using Guid(198c07a326949614cb93213a0331d196) Importer(815301076,1909f56bfc062723c751e8b465ee728b)  -> (artifact id: 'd8be80b55a29a98707224b425c58e215') in 0.117751 seconds 
========================================================================
Received Import Request.
  Time since last request: 7.892449 seconds.
  path: Assets/AI/Traffic System/Navigation Prefabs/GasStation.prefab
  artifactKey: Guid(198c07a326949614cb93213a0331d196) Importer(815301076,1909f56bfc062723c751e8b465ee728b)
Start importing Assets/AI/Traffic System/Navigation Prefabs/GasStation.prefab using Guid(198c07a326949614cb93213a0331d196) Importer(815301076,1909f56bfc062723c751e8b465ee728b)  -> (artifact id: 'c6d56416024ea47f0681a8d181a2de2f') in 0.148386 seconds 
========================================================================
Received Import Request.
  Time since last request: 1040.005394 seconds.
  path: Assets/AI/Traffic System/Agents Prefabs/Ped1.prefab
  artifactKey: Guid(dcc4ec63e0bb935449c1715fb9519633) Importer(815301076,1909f56bfc062723c751e8b465ee728b)
Start importing Assets/AI/Traffic System/Agents Prefabs/Ped1.prefab using Guid(dcc4ec63e0bb935449c1715fb9519633) Importer(815301076,1909f56bfc062723c751e8b465ee728b)  -> (artifact id: 'a8c160473d86e861c16d993062865cad') in 18.256697 seconds 
========================================================================
Received Import Request.
  Time since last request: 1067.534341 seconds.
  path: Assets/AI/Traffic System/Agents Prefabs/Ped1.prefab
  artifactKey: Guid(dcc4ec63e0bb935449c1715fb9519633) Importer(815301076,1909f56bfc062723c751e8b465ee728b)
Start importing Assets/AI/Traffic System/Agents Prefabs/Ped1.prefab using Guid(dcc4ec63e0bb935449c1715fb9519633) Importer(815301076,1909f56bfc062723c751e8b465ee728b)  -> (artifact id: 'eb4cf43dc08b8d8ca346e26da6e33ce1') in 20.889251 seconds 
========================================================================
Received Import Request.
  Time since last request: 0.042716 seconds.
  path: Assets/AI/Traffic System/Agents Prefabs/Ped1.prefab
  artifactKey: Guid(dcc4ec63e0bb935449c1715fb9519633) Importer(815301076,1909f56bfc062723c751e8b465ee728b)
Start importing Assets/AI/Traffic System/Agents Prefabs/Ped1.prefab using Guid(dcc4ec63e0bb935449c1715fb9519633) Importer(815301076,1909f56bfc062723c751e8b465ee728b)  -> (artifact id: '6dfdbd6b6e3f4f5a10dd985aae640f03') in 1.060508 seconds 
========================================================================
Received Import Request.
  Time since last request: 139.152637 seconds.
  path: Assets/AI/Traffic System/Agents Prefabs/Ambulance 1.prefab
  artifactKey: Guid(7b5533a1982de754e8e09240cffb147e) Importer(815301076,1909f56bfc062723c751e8b465ee728b)
Start importing Assets/AI/Traffic System/Agents Prefabs/Ambulance 1.prefab using Guid(7b5533a1982de754e8e09240cffb147e) Importer(815301076,1909f56bfc062723c751e8b465ee728b)  -> (artifact id: 'b3acc19c5ec47e0c7a4080e57b259706') in 12.098069 seconds 
========================================================================
Received Import Request.
  Time since last request: 0.408634 seconds.
  path: Assets/AI/Traffic System/Agents Prefabs/Police 1.prefab
  artifactKey: Guid(ae487371bb18c9f44bea98139f61c424) Importer(815301076,1909f56bfc062723c751e8b465ee728b)
Start importing Assets/AI/Traffic System/Agents Prefabs/Police 1.prefab using Guid(ae487371bb18c9f44bea98139f61c424) Importer(815301076,1909f56bfc062723c751e8b465ee728b)  -> (artifact id: '22388289a3ccdce0a5d3a58b5c917cf7') in 2.054099 seconds 
========================================================================
Received Import Request.
  Time since last request: 4.789629 seconds.
  path: Assets/AI/Traffic System/Agents Prefabs/Sedan 1.prefab
  artifactKey: Guid(e720224bcc525fc4c8ba1df43bfe21c1) Importer(815301076,1909f56bfc062723c751e8b465ee728b)
Start importing Assets/AI/Traffic System/Agents Prefabs/Sedan 1.prefab using Guid(e720224bcc525fc4c8ba1df43bfe21c1) Importer(815301076,1909f56bfc062723c751e8b465ee728b)  -> (artifact id: '6c5c2d8544c4b2e65d4b0ed128454d55') in 1.174768 seconds 
