Using pre-set license
Built from '2021.3/staging' branch; Version is '2021.3.7f1 (24e8595d6d43) revision 2418777'; Using compiler version '192829333'; Build Type 'Release'
OS: 'Windows 10  (10.0.19042) 64bit Professional' Language: 'en' Physical Memory: 4015 MB
BatchMode: 1, IsHumanControllingUs: 0, StartBugReporterOnCrash: 0, Is64bit: 1, IsPro: 1

COMMAND LINE ARGUMENTS:
C:\Program Files\Unity\Hub\Editor\2021.3.7f1\Editor\Unity.exe
-adb2
-batchMode
-noUpm
-name
AssetImportWorker6
-projectPath
E:/Unity Trials/City-Adventures-NTEK
-logFile
Logs/AssetImportWorker6.log
-srvPort
1131
Successfully changed project path to: E:/Unity Trials/City-Adventures-NTEK
E:/Unity Trials/City-Adventures-NTEK
[UnityMemory] Configuration Parameters - Can be set up in boot.config
    "memorysetup-bucket-allocator-granularity=16"
    "memorysetup-bucket-allocator-bucket-count=8"
    "memorysetup-bucket-allocator-block-size=33554432"
    "memorysetup-bucket-allocator-block-count=8"
    "memorysetup-main-allocator-block-size=16777216"
    "memorysetup-thread-allocator-block-size=16777216"
    "memorysetup-gfx-main-allocator-block-size=16777216"
    "memorysetup-gfx-thread-allocator-block-size=16777216"
    "memorysetup-cache-allocator-block-size=4194304"
    "memorysetup-typetree-allocator-block-size=2097152"
    "memorysetup-profiler-bucket-allocator-granularity=16"
    "memorysetup-profiler-bucket-allocator-bucket-count=8"
    "memorysetup-profiler-bucket-allocator-block-size=33554432"
    "memorysetup-profiler-bucket-allocator-block-count=8"
    "memorysetup-profiler-allocator-block-size=16777216"
    "memorysetup-profiler-editor-allocator-block-size=1048576"
    "memorysetup-temp-allocator-size-main=16777216"
    "memorysetup-job-temp-allocator-block-size=2097152"
    "memorysetup-job-temp-allocator-block-size-background=1048576"
    "memorysetup-job-temp-allocator-reduction-small-platforms=262144"
    "memorysetup-temp-allocator-size-background-worker=32768"
    "memorysetup-temp-allocator-size-job-worker=262144"
    "memorysetup-temp-allocator-size-preload-manager=33554432"
    "memorysetup-temp-allocator-size-nav-mesh-worker=65536"
    "memorysetup-temp-allocator-size-audio-worker=65536"
    "memorysetup-temp-allocator-size-cloud-worker=32768"
    "memorysetup-temp-allocator-size-gi-baking-worker=262144"
    "memorysetup-temp-allocator-size-gfx=262144"
Refreshing native plugins compatible for Editor in 122.19 ms, found 3 plugins.
Preloading 0 native plugins for Editor in 0.00 ms.
Initialize engine version: 2021.3.7f1 (24e8595d6d43)
[Subsystems] Discovering subsystems at path C:/Program Files/Unity/Hub/Editor/2021.3.7f1/Editor/Data/Resources/UnitySubsystems
[Subsystems] Discovering subsystems at path E:/Unity Trials/City-Adventures-NTEK/Assets
GfxDevice: creating device client; threaded=0; jobified=0
Direct3D:
    Version:  Direct3D 11.0 [level 11.1]
    Renderer: AMD Radeon R5 M230 (ID=0x666f)
    Vendor:   ATI
    VRAM:     2039 MB
    Driver:   16.300.2101.0
Initialize mono
Mono path[0] = 'C:/Program Files/Unity/Hub/Editor/2021.3.7f1/Editor/Data/Managed'
Mono path[1] = 'C:/Program Files/Unity/Hub/Editor/2021.3.7f1/Editor/Data/MonoBleedingEdge/lib/mono/unityjit-win32'
Mono config path = 'C:/Program Files/Unity/Hub/Editor/2021.3.7f1/Editor/Data/MonoBleedingEdge/etc'
Using monoOptions --debugger-agent=transport=dt_socket,embedding=1,server=y,suspend=n,address=127.0.0.1:56172
Begin MonoManager ReloadAssembly
Registering precompiled unity dll's ...
Register platform support module: C:/Program Files/Unity/Hub/Editor/2021.3.7f1/Editor/Data/PlaybackEngines/WindowsStandaloneSupport/UnityEditor.WindowsStandalone.Extensions.dll
Registered in 0.010596 seconds.
Native extension for WindowsStandalone target not found
Refreshing native plugins compatible for Editor in 122.09 ms, found 3 plugins.
Preloading 0 native plugins for Editor in 0.00 ms.
Mono: successfully reloaded assembly
- Completed reload, in  0.996 seconds
Domain Reload Profiling:
	ReloadAssembly (997ms)
		BeginReloadAssembly (123ms)
			ExecutionOrderSort (0ms)
			DisableScriptedObjects (0ms)
			BackupInstance (0ms)
			ReleaseScriptingObjects (0ms)
			CreateAndSetChildDomain (1ms)
		EndReloadAssembly (700ms)
			LoadAssemblies (120ms)
			RebuildTransferFunctionScriptingTraits (0ms)
			SetupTypeCache (159ms)
			ReleaseScriptCaches (0ms)
			RebuildScriptCaches (46ms)
			SetupLoadedEditorAssemblies (411ms)
				LogAssemblyErrors (0ms)
				InitializePlatformSupportModulesInManaged (12ms)
				SetLoadedEditorAssemblies (0ms)
				RefreshPlugins (122ms)
				BeforeProcessingInitializeOnLoad (2ms)
				ProcessInitializeOnLoadAttributes (197ms)
				ProcessInitializeOnLoadMethodAttributes (77ms)
				AfterProcessingInitializeOnLoad (0ms)
				EditorAssembliesLoaded (0ms)
			ExecutionOrderSort2 (0ms)
			AwakeInstancesAfterBackupRestoration (0ms)
Platform modules already initialized, skipping
Registering precompiled user dll's ...
Registered in 0.008061 seconds.
Begin MonoManager ReloadAssembly
Symbol file LoadedFromMemory doesn't match image E:\Unity Trials\City-Adventures-NTEK\Library\PackageCache\com.unity.visualscripting@1.7.8\Editor\VisualScripting.Core\Dependencies\YamlDotNet\Unity.VisualScripting.YamlDotNet.dll
Symbol file LoadedFromMemory doesn't match image E:\Unity Trials\City-Adventures-NTEK\Library\PackageCache\com.unity.visualscripting@1.7.8\Editor\VisualScripting.Core\Dependencies\DotNetZip\Unity.VisualScripting.IonicZip.dll
Native extension for WindowsStandalone target not found
Refreshing native plugins compatible for Editor in 0.90 ms, found 3 plugins.
Preloading 0 native plugins for Editor in 0.00 ms.
Mono: successfully reloaded assembly
- Completed reload, in  4.384 seconds
Domain Reload Profiling:
	ReloadAssembly (4385ms)
		BeginReloadAssembly (165ms)
			ExecutionOrderSort (0ms)
			DisableScriptedObjects (9ms)
			BackupInstance (0ms)
			ReleaseScriptingObjects (0ms)
			CreateAndSetChildDomain (26ms)
		EndReloadAssembly (3863ms)
			LoadAssemblies (1962ms)
			RebuildTransferFunctionScriptingTraits (0ms)
			SetupTypeCache (487ms)
			ReleaseScriptCaches (1ms)
			RebuildScriptCaches (78ms)
			SetupLoadedEditorAssemblies (1273ms)
				LogAssemblyErrors (0ms)
				InitializePlatformSupportModulesInManaged (26ms)
				SetLoadedEditorAssemblies (1ms)
				RefreshPlugins (1ms)
				BeforeProcessingInitializeOnLoad (130ms)
				ProcessInitializeOnLoadAttributes (931ms)
				ProcessInitializeOnLoadMethodAttributes (168ms)
				AfterProcessingInitializeOnLoad (16ms)
				EditorAssembliesLoaded (0ms)
			ExecutionOrderSort2 (0ms)
			AwakeInstancesAfterBackupRestoration (9ms)
Platform modules already initialized, skipping
========================================================================
Worker process is ready to serve import requests
Launched and connected shader compiler UnityShaderCompiler.exe after 0.52 seconds
Refreshing native plugins compatible for Editor in 1.38 ms, found 3 plugins.
Preloading 0 native plugins for Editor in 0.00 ms.
Unloading 3405 Unused Serialized files (Serialized files now loaded: 0)
Unloading 27 unused Assets / (111.2 KB). Loaded Objects now: 3867.
Memory consumption went from 118.3 MB to 118.2 MB.
Total: 6.980900 ms (FindLiveObjects: 0.364000 ms CreateObjectMapping: 0.377100 ms MarkObjects: 6.023800 ms  DeleteObjects: 0.214200 ms)

AssetImportParameters requested are different than current active one (requested -> active):
  custom:video-decoder-ogg-theora: a1e56fd34408186e4bbccfd4996cb3dc -> 
  custom:container-muxer-webm: aa71ff27fc2769a1b78a27578f13a17b -> 
  custom:container-demuxer-webm: 4f35f7cbe854078d1ac9338744f61a02 -> 
  custom:video-encoder-webm-vp8: eb34c28f22e8b96e1ab97ce403110664 -> 
  custom:audio-encoder-webm-vorbis: bf7c407c2cedff20999df2af8eb42d56 -> 
  custom:framework-win-MediaFoundation: 216162199b28c13a410421893ffa2e32 -> 
  custom:container-demuxer-ogg: 62fdf1f143b41e24485cea50d1cbac27 -> 
  custom:video-decoder-webm-vp8: 9c59270c3fd7afecdb556c50c9e8de78 -> 
  custom:audio-decoder-ogg-vorbis: bf7c407c2cedff20999df2af8eb42d56 -> 
========================================================================
Received Import Request.
  Time since last request: 9957.955832 seconds.
  path: Assets/AI/Traffic System/Navigation Prefabs/T-Junction.prefab
  artifactKey: Guid(1585c81b26c5d864a98725c6058e74a1) Importer(815301076,1909f56bfc062723c751e8b465ee728b)
Start importing Assets/AI/Traffic System/Navigation Prefabs/T-Junction.prefab using Guid(1585c81b26c5d864a98725c6058e74a1) Importer(815301076,1909f56bfc062723c751e8b465ee728b)  -> (artifact id: 'ad29e9a45c751efed2f62c52908e76d0') in 1.686703 seconds 
========================================================================
Received Import Request.
  Time since last request: 0.000066 seconds.
  path: Assets/AI/Traffic System/Navigation Prefabs/Edge.prefab
  artifactKey: Guid(022285d5a03919d48b90bd85f6d27e0d) Importer(815301076,1909f56bfc062723c751e8b465ee728b)
Start importing Assets/AI/Traffic System/Navigation Prefabs/Edge.prefab using Guid(022285d5a03919d48b90bd85f6d27e0d) Importer(815301076,1909f56bfc062723c751e8b465ee728b)  -> (artifact id: '5c23293dd82e47f9dc3a18c5637bfc50') in 0.294527 seconds 
========================================================================
Received Import Request.
  Time since last request: 0.000069 seconds.
  path: Assets/AI/Traffic System/Navigation Prefabs/Junction.prefab
  artifactKey: Guid(5fecbd8490d30874a9b5a6fd1aa2aa47) Importer(815301076,1909f56bfc062723c751e8b465ee728b)
Start importing Assets/AI/Traffic System/Navigation Prefabs/Junction.prefab using Guid(5fecbd8490d30874a9b5a6fd1aa2aa47) Importer(815301076,1909f56bfc062723c751e8b465ee728b)  -> (artifact id: '6d1fc5d0323cfe7e95bac9556bb41235') in 0.135036 seconds 
========================================================================
Received Import Request.
  Time since last request: 0.000030 seconds.
  path: Assets/AI/Traffic System/Agents Prefabs/SamplePed.prefab
  artifactKey: Guid(7f7d10bfcb161cc4ca5918c879869c6d) Importer(815301076,1909f56bfc062723c751e8b465ee728b)
Start importing Assets/AI/Traffic System/Agents Prefabs/SamplePed.prefab using Guid(7f7d10bfcb161cc4ca5918c879869c6d) Importer(815301076,1909f56bfc062723c751e8b465ee728b)  -> (artifact id: '3c3ab64d72a622c37d67ee575e7cd896') in 0.157702 seconds 
========================================================================
Received Import Request.
  Time since last request: 0.000063 seconds.
  path: Assets/AI/Traffic System/Navigation Prefabs/Corner.prefab
  artifactKey: Guid(ae30c7a400b05184bb98be43f91caca5) Importer(815301076,1909f56bfc062723c751e8b465ee728b)
Start importing Assets/AI/Traffic System/Navigation Prefabs/Corner.prefab using Guid(ae30c7a400b05184bb98be43f91caca5) Importer(815301076,1909f56bfc062723c751e8b465ee728b)  -> (artifact id: '85a3e06a59a414197c6bc44bbbc06513') in 0.085893 seconds 
========================================================================
Received Import Request.
  Time since last request: 0.000083 seconds.
  path: Assets/AI/Traffic System/Agents Prefabs/Ambulance 1.prefab
  artifactKey: Guid(7b5533a1982de754e8e09240cffb147e) Importer(815301076,1909f56bfc062723c751e8b465ee728b)
Start importing Assets/AI/Traffic System/Agents Prefabs/Ambulance 1.prefab using Guid(7b5533a1982de754e8e09240cffb147e) Importer(815301076,1909f56bfc062723c751e8b465ee728b)  -> (artifact id: 'd8ffde857fe662029872c102b1b4e59d') in 0.561244 seconds 
========================================================================
Received Import Request.
  Time since last request: 0.000083 seconds.
  path: Assets/AI/Traffic System/Navigation Prefabs/Straight.prefab
  artifactKey: Guid(6b0e8ee486fa57d4cb12b9664d7c2811) Importer(815301076,1909f56bfc062723c751e8b465ee728b)
Start importing Assets/AI/Traffic System/Navigation Prefabs/Straight.prefab using Guid(6b0e8ee486fa57d4cb12b9664d7c2811) Importer(815301076,1909f56bfc062723c751e8b465ee728b)  -> (artifact id: '69c2490f6cf20763f0f2f23432dadf5d') in 0.216424 seconds 
========================================================================
Received Import Request.
  Time since last request: 57.198977 seconds.
  path: Assets/AI/Traffic System/Navigation Prefabs/Junction.prefab
  artifactKey: Guid(5fecbd8490d30874a9b5a6fd1aa2aa47) Importer(815301076,1909f56bfc062723c751e8b465ee728b)
Start importing Assets/AI/Traffic System/Navigation Prefabs/Junction.prefab using Guid(5fecbd8490d30874a9b5a6fd1aa2aa47) Importer(815301076,1909f56bfc062723c751e8b465ee728b)  -> (artifact id: '2df0e576592987905c7ebb297e734f55') in 0.052009 seconds 
========================================================================
Received Import Request.
  Time since last request: 4.900967 seconds.
  path: Assets/AI/Traffic System/Navigation Prefabs/Junction.prefab
  artifactKey: Guid(5fecbd8490d30874a9b5a6fd1aa2aa47) Importer(815301076,1909f56bfc062723c751e8b465ee728b)
Start importing Assets/AI/Traffic System/Navigation Prefabs/Junction.prefab using Guid(5fecbd8490d30874a9b5a6fd1aa2aa47) Importer(815301076,1909f56bfc062723c751e8b465ee728b)  -> (artifact id: '9fb9e5687514c68a10b1261663c79fd8') in 0.067520 seconds 
========================================================================
Received Import Request.
  Time since last request: 26.786682 seconds.
  path: Assets/AI/Traffic System/Navigation Prefabs/Junction.prefab
  artifactKey: Guid(5fecbd8490d30874a9b5a6fd1aa2aa47) Importer(815301076,1909f56bfc062723c751e8b465ee728b)
Start importing Assets/AI/Traffic System/Navigation Prefabs/Junction.prefab using Guid(5fecbd8490d30874a9b5a6fd1aa2aa47) Importer(815301076,1909f56bfc062723c751e8b465ee728b)  -> (artifact id: 'ff6c8773f2b0705a1f548c71629329d2') in 0.070871 seconds 
========================================================================
Received Import Request.
  Time since last request: 6.675203 seconds.
  path: Assets/AI/Traffic System/Navigation Prefabs/Junction.prefab
  artifactKey: Guid(5fecbd8490d30874a9b5a6fd1aa2aa47) Importer(815301076,1909f56bfc062723c751e8b465ee728b)
Start importing Assets/AI/Traffic System/Navigation Prefabs/Junction.prefab using Guid(5fecbd8490d30874a9b5a6fd1aa2aa47) Importer(815301076,1909f56bfc062723c751e8b465ee728b)  -> (artifact id: '55f8a3daf1dab5a034d4e342b0fb61d8') in 0.064400 seconds 
========================================================================
Received Import Request.
  Time since last request: 9.375229 seconds.
  path: Assets/AI/Traffic System/Navigation Prefabs/Junction.prefab
  artifactKey: Guid(5fecbd8490d30874a9b5a6fd1aa2aa47) Importer(815301076,1909f56bfc062723c751e8b465ee728b)
Start importing Assets/AI/Traffic System/Navigation Prefabs/Junction.prefab using Guid(5fecbd8490d30874a9b5a6fd1aa2aa47) Importer(815301076,1909f56bfc062723c751e8b465ee728b)  -> (artifact id: '5e05aece40dca1cea3ca0e917ac3b283') in 0.046751 seconds 
========================================================================
Received Import Request.
  Time since last request: 5.889420 seconds.
  path: Assets/AI/Traffic System/Navigation Prefabs/Junction.prefab
  artifactKey: Guid(5fecbd8490d30874a9b5a6fd1aa2aa47) Importer(815301076,1909f56bfc062723c751e8b465ee728b)
Start importing Assets/AI/Traffic System/Navigation Prefabs/Junction.prefab using Guid(5fecbd8490d30874a9b5a6fd1aa2aa47) Importer(815301076,1909f56bfc062723c751e8b465ee728b)  -> (artifact id: 'f872a70d6ff1701b48c4a667d285801c') in 0.096366 seconds 
========================================================================
Received Import Request.
  Time since last request: 6.490457 seconds.
  path: Assets/AI/Traffic System/Navigation Prefabs/Junction.prefab
  artifactKey: Guid(5fecbd8490d30874a9b5a6fd1aa2aa47) Importer(815301076,1909f56bfc062723c751e8b465ee728b)
Start importing Assets/AI/Traffic System/Navigation Prefabs/Junction.prefab using Guid(5fecbd8490d30874a9b5a6fd1aa2aa47) Importer(815301076,1909f56bfc062723c751e8b465ee728b)  -> (artifact id: '1c166b411cb4409dec91e445cad78c21') in 0.036449 seconds 
========================================================================
Received Import Request.
  Time since last request: 5.238770 seconds.
  path: Assets/AI/Traffic System/Navigation Prefabs/Junction.prefab
  artifactKey: Guid(5fecbd8490d30874a9b5a6fd1aa2aa47) Importer(815301076,1909f56bfc062723c751e8b465ee728b)
Start importing Assets/AI/Traffic System/Navigation Prefabs/Junction.prefab using Guid(5fecbd8490d30874a9b5a6fd1aa2aa47) Importer(815301076,1909f56bfc062723c751e8b465ee728b)  -> (artifact id: '87f5a3f00a3aa749e7726bf0d4d3fcc1') in 0.064201 seconds 
========================================================================
Received Import Request.
  Time since last request: 169.341375 seconds.
  path: Assets/AI/Traffic System/Navigation Prefabs/Junction.prefab
  artifactKey: Guid(5fecbd8490d30874a9b5a6fd1aa2aa47) Importer(815301076,1909f56bfc062723c751e8b465ee728b)
Start importing Assets/AI/Traffic System/Navigation Prefabs/Junction.prefab using Guid(5fecbd8490d30874a9b5a6fd1aa2aa47) Importer(815301076,1909f56bfc062723c751e8b465ee728b)  -> (artifact id: '5e6404183037d39ab5bd0bd0649879af') in 0.063864 seconds 
========================================================================
Received Import Request.
  Time since last request: 5.742019 seconds.
  path: Assets/AI/Traffic System/Navigation Prefabs/Junction.prefab
  artifactKey: Guid(5fecbd8490d30874a9b5a6fd1aa2aa47) Importer(815301076,1909f56bfc062723c751e8b465ee728b)
Start importing Assets/AI/Traffic System/Navigation Prefabs/Junction.prefab using Guid(5fecbd8490d30874a9b5a6fd1aa2aa47) Importer(815301076,1909f56bfc062723c751e8b465ee728b)  -> (artifact id: '097e484403f80c34f0c1b8c9608aa74b') in 0.072141 seconds 
========================================================================
Received Import Request.
  Time since last request: 9.657993 seconds.
  path: Assets/AI/Traffic System/Navigation Prefabs/Junction.prefab
  artifactKey: Guid(5fecbd8490d30874a9b5a6fd1aa2aa47) Importer(815301076,1909f56bfc062723c751e8b465ee728b)
Start importing Assets/AI/Traffic System/Navigation Prefabs/Junction.prefab using Guid(5fecbd8490d30874a9b5a6fd1aa2aa47) Importer(815301076,1909f56bfc062723c751e8b465ee728b)  -> (artifact id: 'c61c42f64a816556ccfcc92ad05ad69c') in 0.116478 seconds 
========================================================================
Received Import Request.
  Time since last request: 5.608822 seconds.
  path: Assets/AI/Traffic System/Navigation Prefabs/Junction.prefab
  artifactKey: Guid(5fecbd8490d30874a9b5a6fd1aa2aa47) Importer(815301076,1909f56bfc062723c751e8b465ee728b)
Start importing Assets/AI/Traffic System/Navigation Prefabs/Junction.prefab using Guid(5fecbd8490d30874a9b5a6fd1aa2aa47) Importer(815301076,1909f56bfc062723c751e8b465ee728b)  -> (artifact id: 'c1231c6388493ddf3bc1e4150f12e339') in 0.067945 seconds 
========================================================================
Received Import Request.
  Time since last request: 7.730754 seconds.
  path: Assets/AI/Traffic System/Navigation Prefabs/Junction.prefab
  artifactKey: Guid(5fecbd8490d30874a9b5a6fd1aa2aa47) Importer(815301076,1909f56bfc062723c751e8b465ee728b)
Start importing Assets/AI/Traffic System/Navigation Prefabs/Junction.prefab using Guid(5fecbd8490d30874a9b5a6fd1aa2aa47) Importer(815301076,1909f56bfc062723c751e8b465ee728b)  -> (artifact id: '69bd9987dfbde763204860ecbe848c02') in 0.036527 seconds 
========================================================================
Received Import Request.
  Time since last request: 3.624885 seconds.
  path: Assets/AI/Traffic System/Navigation Prefabs/Junction.prefab
  artifactKey: Guid(5fecbd8490d30874a9b5a6fd1aa2aa47) Importer(815301076,1909f56bfc062723c751e8b465ee728b)
Start importing Assets/AI/Traffic System/Navigation Prefabs/Junction.prefab using Guid(5fecbd8490d30874a9b5a6fd1aa2aa47) Importer(815301076,1909f56bfc062723c751e8b465ee728b)  -> (artifact id: '638a17c751df8e161caa8ce3c00841df') in 0.085829 seconds 
========================================================================
Received Import Request.
  Time since last request: 6.271878 seconds.
  path: Assets/AI/Traffic System/Navigation Prefabs/Junction.prefab
  artifactKey: Guid(5fecbd8490d30874a9b5a6fd1aa2aa47) Importer(815301076,1909f56bfc062723c751e8b465ee728b)
Start importing Assets/AI/Traffic System/Navigation Prefabs/Junction.prefab using Guid(5fecbd8490d30874a9b5a6fd1aa2aa47) Importer(815301076,1909f56bfc062723c751e8b465ee728b)  -> (artifact id: '5f2b1f3f44632c6aeecd7bdff0b7eb2c') in 0.179824 seconds 
========================================================================
Received Import Request.
  Time since last request: 4.120759 seconds.
  path: Assets/AI/Traffic System/Navigation Prefabs/Junction.prefab
  artifactKey: Guid(5fecbd8490d30874a9b5a6fd1aa2aa47) Importer(815301076,1909f56bfc062723c751e8b465ee728b)
Start importing Assets/AI/Traffic System/Navigation Prefabs/Junction.prefab using Guid(5fecbd8490d30874a9b5a6fd1aa2aa47) Importer(815301076,1909f56bfc062723c751e8b465ee728b)  -> (artifact id: '15979194e7262f8211c306a6e3b41877') in 0.041987 seconds 
========================================================================
Received Import Request.
  Time since last request: 2.462652 seconds.
  path: Assets/AI/Traffic System/Navigation Prefabs/Junction.prefab
  artifactKey: Guid(5fecbd8490d30874a9b5a6fd1aa2aa47) Importer(815301076,1909f56bfc062723c751e8b465ee728b)
Start importing Assets/AI/Traffic System/Navigation Prefabs/Junction.prefab using Guid(5fecbd8490d30874a9b5a6fd1aa2aa47) Importer(815301076,1909f56bfc062723c751e8b465ee728b)  -> (artifact id: '342652931f87003a3c73e85409febfbc') in 0.117632 seconds 
========================================================================
Received Import Request.
  Time since last request: 5.007260 seconds.
  path: Assets/AI/Traffic System/Navigation Prefabs/Junction.prefab
  artifactKey: Guid(5fecbd8490d30874a9b5a6fd1aa2aa47) Importer(815301076,1909f56bfc062723c751e8b465ee728b)
Start importing Assets/AI/Traffic System/Navigation Prefabs/Junction.prefab using Guid(5fecbd8490d30874a9b5a6fd1aa2aa47) Importer(815301076,1909f56bfc062723c751e8b465ee728b)  -> (artifact id: '8f2dc2c00449c63410c5e09ef3e48c86') in 0.071245 seconds 
========================================================================
Received Import Request.
  Time since last request: 25.537235 seconds.
  path: Assets/AI/Traffic System/Navigation Prefabs/Junction.prefab
  artifactKey: Guid(5fecbd8490d30874a9b5a6fd1aa2aa47) Importer(815301076,1909f56bfc062723c751e8b465ee728b)
Start importing Assets/AI/Traffic System/Navigation Prefabs/Junction.prefab using Guid(5fecbd8490d30874a9b5a6fd1aa2aa47) Importer(815301076,1909f56bfc062723c751e8b465ee728b)  -> (artifact id: 'e882ed3f9fb4b3a28ce9fab74c19f163') in 0.038262 seconds 
========================================================================
Received Import Request.
  Time since last request: 42.190675 seconds.
  path: Assets/AI/Traffic System/Navigation Prefabs/Junction.prefab
  artifactKey: Guid(5fecbd8490d30874a9b5a6fd1aa2aa47) Importer(815301076,1909f56bfc062723c751e8b465ee728b)
Start importing Assets/AI/Traffic System/Navigation Prefabs/Junction.prefab using Guid(5fecbd8490d30874a9b5a6fd1aa2aa47) Importer(815301076,1909f56bfc062723c751e8b465ee728b)  -> (artifact id: '4530fe2153ed38b6e20a1a4f3ec24dc5') in 0.050844 seconds 
========================================================================
Received Import Request.
  Time since last request: 18.254356 seconds.
  path: Assets/AI/Traffic System/Navigation Prefabs/T-Junction.prefab
  artifactKey: Guid(1585c81b26c5d864a98725c6058e74a1) Importer(815301076,1909f56bfc062723c751e8b465ee728b)
Start importing Assets/AI/Traffic System/Navigation Prefabs/T-Junction.prefab using Guid(1585c81b26c5d864a98725c6058e74a1) Importer(815301076,1909f56bfc062723c751e8b465ee728b)  -> (artifact id: 'b7b7454ea63632c2591440522b947f24') in 0.062772 seconds 
========================================================================
Received Import Request.
  Time since last request: 28.474194 seconds.
  path: Assets/AI/Traffic System/Navigation Prefabs/T-Junction.prefab
  artifactKey: Guid(1585c81b26c5d864a98725c6058e74a1) Importer(815301076,1909f56bfc062723c751e8b465ee728b)
Start importing Assets/AI/Traffic System/Navigation Prefabs/T-Junction.prefab using Guid(1585c81b26c5d864a98725c6058e74a1) Importer(815301076,1909f56bfc062723c751e8b465ee728b)  -> (artifact id: 'f2d1673653359cbb9e54b45af0275a1f') in 0.379462 seconds 
========================================================================
Received Import Request.
  Time since last request: 2.662196 seconds.
  path: Assets/AI/Traffic System/Navigation Prefabs/T-Junction.prefab
  artifactKey: Guid(1585c81b26c5d864a98725c6058e74a1) Importer(815301076,1909f56bfc062723c751e8b465ee728b)
Start importing Assets/AI/Traffic System/Navigation Prefabs/T-Junction.prefab using Guid(1585c81b26c5d864a98725c6058e74a1) Importer(815301076,1909f56bfc062723c751e8b465ee728b)  -> (artifact id: '5311bb9fea8f93837f82f8049377c3e1') in 0.498727 seconds 
========================================================================
Received Import Request.
  Time since last request: 6.315748 seconds.
  path: Assets/AI/Traffic System/Navigation Prefabs/T-Junction.prefab
  artifactKey: Guid(1585c81b26c5d864a98725c6058e74a1) Importer(815301076,1909f56bfc062723c751e8b465ee728b)
Start importing Assets/AI/Traffic System/Navigation Prefabs/T-Junction.prefab using Guid(1585c81b26c5d864a98725c6058e74a1) Importer(815301076,1909f56bfc062723c751e8b465ee728b)  -> (artifact id: '8e79bad11f99b772064729566b03bbee') in 0.065150 seconds 
========================================================================
Received Import Request.
  Time since last request: 8.257193 seconds.
  path: Assets/AI/Traffic System/Navigation Prefabs/T-Junction.prefab
  artifactKey: Guid(1585c81b26c5d864a98725c6058e74a1) Importer(815301076,1909f56bfc062723c751e8b465ee728b)
Start importing Assets/AI/Traffic System/Navigation Prefabs/T-Junction.prefab using Guid(1585c81b26c5d864a98725c6058e74a1) Importer(815301076,1909f56bfc062723c751e8b465ee728b)  -> (artifact id: 'e31b2c30f7deab22715223324df60e33') in 0.029739 seconds 
========================================================================
Received Import Request.
  Time since last request: 6.246315 seconds.
  path: Assets/AI/Traffic System/Navigation Prefabs/T-Junction.prefab
  artifactKey: Guid(1585c81b26c5d864a98725c6058e74a1) Importer(815301076,1909f56bfc062723c751e8b465ee728b)
Start importing Assets/AI/Traffic System/Navigation Prefabs/T-Junction.prefab using Guid(1585c81b26c5d864a98725c6058e74a1) Importer(815301076,1909f56bfc062723c751e8b465ee728b)  -> (artifact id: 'e65c598efd9c6d673eedc199b325db7d') in 0.036380 seconds 
========================================================================
Received Import Request.
  Time since last request: 2.145038 seconds.
  path: Assets/AI/Traffic System/Navigation Prefabs/T-Junction.prefab
  artifactKey: Guid(1585c81b26c5d864a98725c6058e74a1) Importer(815301076,1909f56bfc062723c751e8b465ee728b)
Start importing Assets/AI/Traffic System/Navigation Prefabs/T-Junction.prefab using Guid(1585c81b26c5d864a98725c6058e74a1) Importer(815301076,1909f56bfc062723c751e8b465ee728b)  -> (artifact id: '1f6b1059fb43e6f4a86d31edd178bf39') in 0.037122 seconds 
========================================================================
Received Import Request.
  Time since last request: 7.342277 seconds.
  path: Assets/AI/Traffic System/Navigation Prefabs/T-Junction.prefab
  artifactKey: Guid(1585c81b26c5d864a98725c6058e74a1) Importer(815301076,1909f56bfc062723c751e8b465ee728b)
Start importing Assets/AI/Traffic System/Navigation Prefabs/T-Junction.prefab using Guid(1585c81b26c5d864a98725c6058e74a1) Importer(815301076,1909f56bfc062723c751e8b465ee728b)  -> (artifact id: 'b06f146bca4fceec90fdf95cf330aafa') in 0.047958 seconds 
========================================================================
Received Import Request.
  Time since last request: 5.710259 seconds.
  path: Assets/AI/Traffic System/Navigation Prefabs/T-Junction.prefab
  artifactKey: Guid(1585c81b26c5d864a98725c6058e74a1) Importer(815301076,1909f56bfc062723c751e8b465ee728b)
Start importing Assets/AI/Traffic System/Navigation Prefabs/T-Junction.prefab using Guid(1585c81b26c5d864a98725c6058e74a1) Importer(815301076,1909f56bfc062723c751e8b465ee728b)  -> (artifact id: 'ecf906426a7e7eb2156fbb662943765f') in 0.045329 seconds 
========================================================================
Received Import Request.
  Time since last request: 6.427758 seconds.
  path: Assets/AI/Traffic System/Navigation Prefabs/T-Junction.prefab
  artifactKey: Guid(1585c81b26c5d864a98725c6058e74a1) Importer(815301076,1909f56bfc062723c751e8b465ee728b)
Start importing Assets/AI/Traffic System/Navigation Prefabs/T-Junction.prefab using Guid(1585c81b26c5d864a98725c6058e74a1) Importer(815301076,1909f56bfc062723c751e8b465ee728b)  -> (artifact id: '33b2198b1c99779483e9e95fb6cae7ba') in 0.057107 seconds 
========================================================================
Received Import Request.
  Time since last request: 17.386159 seconds.
  path: Assets/AI/Traffic System/Navigation Prefabs/T-Junction.prefab
  artifactKey: Guid(1585c81b26c5d864a98725c6058e74a1) Importer(815301076,1909f56bfc062723c751e8b465ee728b)
Start importing Assets/AI/Traffic System/Navigation Prefabs/T-Junction.prefab using Guid(1585c81b26c5d864a98725c6058e74a1) Importer(815301076,1909f56bfc062723c751e8b465ee728b)  -> (artifact id: 'd331bcbd60e78a1a9e6c47e21ad12031') in 0.064100 seconds 
========================================================================
Received Import Request.
  Time since last request: 17.880136 seconds.
  path: Assets/AI/Traffic System/Navigation Prefabs/T-Junction.prefab
  artifactKey: Guid(1585c81b26c5d864a98725c6058e74a1) Importer(815301076,1909f56bfc062723c751e8b465ee728b)
Start importing Assets/AI/Traffic System/Navigation Prefabs/T-Junction.prefab using Guid(1585c81b26c5d864a98725c6058e74a1) Importer(815301076,1909f56bfc062723c751e8b465ee728b)  -> (artifact id: '15fd3d656087e98ec4d1d87123ded0b5') in 0.059102 seconds 
========================================================================
Received Import Request.
  Time since last request: 749.567104 seconds.
  path: Assets/AI/Traffic System/Navigation Prefabs/T-Junction.prefab
  artifactKey: Guid(1585c81b26c5d864a98725c6058e74a1) Importer(815301076,1909f56bfc062723c751e8b465ee728b)
Start importing Assets/AI/Traffic System/Navigation Prefabs/T-Junction.prefab using Guid(1585c81b26c5d864a98725c6058e74a1) Importer(815301076,1909f56bfc062723c751e8b465ee728b)  -> (artifact id: '9aa8be73f6ede5ebba0f8c6cc78c7217') in 0.618087 seconds 
========================================================================
Received Import Request.
  Time since last request: 281.121845 seconds.
  path: Assets/AI/Traffic System/Agents Prefabs/SamplePed.prefab
  artifactKey: Guid(7f7d10bfcb161cc4ca5918c879869c6d) Importer(815301076,1909f56bfc062723c751e8b465ee728b)
Start importing Assets/AI/Traffic System/Agents Prefabs/SamplePed.prefab using Guid(7f7d10bfcb161cc4ca5918c879869c6d) Importer(815301076,1909f56bfc062723c751e8b465ee728b)  -> (artifact id: 'b7ddd0e373ed32f548d67f1236fc21c7') in 0.290209 seconds 
========================================================================
Received Import Request.
  Time since last request: 72.523010 seconds.
  path: Assets/AI/Traffic System/Navigation Prefabs/Junction.prefab
  artifactKey: Guid(5fecbd8490d30874a9b5a6fd1aa2aa47) Importer(815301076,1909f56bfc062723c751e8b465ee728b)
Start importing Assets/AI/Traffic System/Navigation Prefabs/Junction.prefab using Guid(5fecbd8490d30874a9b5a6fd1aa2aa47) Importer(815301076,1909f56bfc062723c751e8b465ee728b)  -> (artifact id: '98cb9c5ee76bc0c8d7860bd410ae7111') in 0.506623 seconds 
========================================================================
Received Import Request.
  Time since last request: 1003.672344 seconds.
  path: Assets/AI/Traffic System/Navigation Prefabs/Junction.prefab
  artifactKey: Guid(5fecbd8490d30874a9b5a6fd1aa2aa47) Importer(815301076,1909f56bfc062723c751e8b465ee728b)
Start importing Assets/AI/Traffic System/Navigation Prefabs/Junction.prefab using Guid(5fecbd8490d30874a9b5a6fd1aa2aa47) Importer(815301076,1909f56bfc062723c751e8b465ee728b)  -> (artifact id: '3aabd0d7e4e5494f8938f88057f5662f') in 0.908710 seconds 
========================================================================
Received Import Request.
  Time since last request: 1.540702 seconds.
  path: Assets/AI/Traffic System/Navigation Prefabs/Junction.prefab
  artifactKey: Guid(5fecbd8490d30874a9b5a6fd1aa2aa47) Importer(815301076,1909f56bfc062723c751e8b465ee728b)
Start importing Assets/AI/Traffic System/Navigation Prefabs/Junction.prefab using Guid(5fecbd8490d30874a9b5a6fd1aa2aa47) Importer(815301076,1909f56bfc062723c751e8b465ee728b)  -> (artifact id: '21dda25ed2b94ef26411157de69c3be4') in 0.586504 seconds 
========================================================================
Received Import Request.
  Time since last request: 1.613636 seconds.
  path: Assets/AI/Traffic System/Navigation Prefabs/Junction.prefab
  artifactKey: Guid(5fecbd8490d30874a9b5a6fd1aa2aa47) Importer(815301076,1909f56bfc062723c751e8b465ee728b)
Start importing Assets/AI/Traffic System/Navigation Prefabs/Junction.prefab using Guid(5fecbd8490d30874a9b5a6fd1aa2aa47) Importer(815301076,1909f56bfc062723c751e8b465ee728b)  -> (artifact id: 'b2924e005907e5accdf698e08b2b5052') in 0.241181 seconds 
========================================================================
Received Import Request.
  Time since last request: 2.388629 seconds.
  path: Assets/AI/Traffic System/Navigation Prefabs/Junction.prefab
  artifactKey: Guid(5fecbd8490d30874a9b5a6fd1aa2aa47) Importer(815301076,1909f56bfc062723c751e8b465ee728b)
Start importing Assets/AI/Traffic System/Navigation Prefabs/Junction.prefab using Guid(5fecbd8490d30874a9b5a6fd1aa2aa47) Importer(815301076,1909f56bfc062723c751e8b465ee728b)  -> (artifact id: '070e3712ac5f39dac16e00f5d78fd1a8') in 0.742161 seconds 
========================================================================
Received Import Request.
  Time since last request: 17.637219 seconds.
  path: Assets/AI/Traffic System/Navigation Prefabs/Junction.prefab
  artifactKey: Guid(5fecbd8490d30874a9b5a6fd1aa2aa47) Importer(815301076,1909f56bfc062723c751e8b465ee728b)
Start importing Assets/AI/Traffic System/Navigation Prefabs/Junction.prefab using Guid(5fecbd8490d30874a9b5a6fd1aa2aa47) Importer(815301076,1909f56bfc062723c751e8b465ee728b)  -> (artifact id: '068fce88a2bfa072cce3db2c7c5183ac') in 0.232001 seconds 
========================================================================
Received Import Request.
  Time since last request: 2.034651 seconds.
  path: Assets/AI/Traffic System/Navigation Prefabs/Junction.prefab
  artifactKey: Guid(5fecbd8490d30874a9b5a6fd1aa2aa47) Importer(815301076,1909f56bfc062723c751e8b465ee728b)
Start importing Assets/AI/Traffic System/Navigation Prefabs/Junction.prefab using Guid(5fecbd8490d30874a9b5a6fd1aa2aa47) Importer(815301076,1909f56bfc062723c751e8b465ee728b)  -> (artifact id: '0064eee9065a535d4e08db22959bb71e') in 0.363693 seconds 
========================================================================
Received Import Request.
  Time since last request: 1.846893 seconds.
  path: Assets/AI/Traffic System/Navigation Prefabs/Junction.prefab
  artifactKey: Guid(5fecbd8490d30874a9b5a6fd1aa2aa47) Importer(815301076,1909f56bfc062723c751e8b465ee728b)
Start importing Assets/AI/Traffic System/Navigation Prefabs/Junction.prefab using Guid(5fecbd8490d30874a9b5a6fd1aa2aa47) Importer(815301076,1909f56bfc062723c751e8b465ee728b)  -> (artifact id: '6946989351c122562c9fcba94910ef0d') in 0.264840 seconds 
========================================================================
Received Import Request.
  Time since last request: 1.157054 seconds.
  path: Assets/AI/Traffic System/Navigation Prefabs/Junction.prefab
  artifactKey: Guid(5fecbd8490d30874a9b5a6fd1aa2aa47) Importer(815301076,1909f56bfc062723c751e8b465ee728b)
Start importing Assets/AI/Traffic System/Navigation Prefabs/Junction.prefab using Guid(5fecbd8490d30874a9b5a6fd1aa2aa47) Importer(815301076,1909f56bfc062723c751e8b465ee728b)  -> (artifact id: '79b00763ae72ce53f6e024c91ad39114') in 0.094950 seconds 
========================================================================
Received Import Request.
  Time since last request: 23.682970 seconds.
  path: Assets/AI/Traffic System/Navigation Prefabs/Junction.prefab
  artifactKey: Guid(5fecbd8490d30874a9b5a6fd1aa2aa47) Importer(815301076,1909f56bfc062723c751e8b465ee728b)
Start importing Assets/AI/Traffic System/Navigation Prefabs/Junction.prefab using Guid(5fecbd8490d30874a9b5a6fd1aa2aa47) Importer(815301076,1909f56bfc062723c751e8b465ee728b)  -> (artifact id: '0d33dfd429cc13da3f5a4bc35271ee73') in 0.231460 seconds 
========================================================================
Received Import Request.
  Time since last request: 1.658940 seconds.
  path: Assets/AI/Traffic System/Navigation Prefabs/Junction.prefab
  artifactKey: Guid(5fecbd8490d30874a9b5a6fd1aa2aa47) Importer(815301076,1909f56bfc062723c751e8b465ee728b)
Start importing Assets/AI/Traffic System/Navigation Prefabs/Junction.prefab using Guid(5fecbd8490d30874a9b5a6fd1aa2aa47) Importer(815301076,1909f56bfc062723c751e8b465ee728b)  -> (artifact id: '1a9dd213a0f114e0972cbb07e357e61d') in 0.144389 seconds 
========================================================================
Received Import Request.
  Time since last request: 1.581195 seconds.
  path: Assets/AI/Traffic System/Navigation Prefabs/Junction.prefab
  artifactKey: Guid(5fecbd8490d30874a9b5a6fd1aa2aa47) Importer(815301076,1909f56bfc062723c751e8b465ee728b)
Start importing Assets/AI/Traffic System/Navigation Prefabs/Junction.prefab using Guid(5fecbd8490d30874a9b5a6fd1aa2aa47) Importer(815301076,1909f56bfc062723c751e8b465ee728b)  -> (artifact id: '43cce9674325da3a7716f4fc34601496') in 0.146531 seconds 
========================================================================
Received Import Request.
  Time since last request: 1.147165 seconds.
  path: Assets/AI/Traffic System/Navigation Prefabs/Junction.prefab
  artifactKey: Guid(5fecbd8490d30874a9b5a6fd1aa2aa47) Importer(815301076,1909f56bfc062723c751e8b465ee728b)
Start importing Assets/AI/Traffic System/Navigation Prefabs/Junction.prefab using Guid(5fecbd8490d30874a9b5a6fd1aa2aa47) Importer(815301076,1909f56bfc062723c751e8b465ee728b)  -> (artifact id: 'e331941934b442691057b7abbadbda55') in 0.165817 seconds 
========================================================================
Received Import Request.
  Time since last request: 28.880762 seconds.
  path: Assets/AI/Traffic System/Navigation Prefabs/Junction.prefab
  artifactKey: Guid(5fecbd8490d30874a9b5a6fd1aa2aa47) Importer(815301076,1909f56bfc062723c751e8b465ee728b)
Start importing Assets/AI/Traffic System/Navigation Prefabs/Junction.prefab using Guid(5fecbd8490d30874a9b5a6fd1aa2aa47) Importer(815301076,1909f56bfc062723c751e8b465ee728b)  -> (artifact id: 'b4ada22483b446365afdca932c98916e') in 0.316650 seconds 
========================================================================
Received Import Request.
  Time since last request: 1.968897 seconds.
  path: Assets/AI/Traffic System/Navigation Prefabs/Junction.prefab
  artifactKey: Guid(5fecbd8490d30874a9b5a6fd1aa2aa47) Importer(815301076,1909f56bfc062723c751e8b465ee728b)
Start importing Assets/AI/Traffic System/Navigation Prefabs/Junction.prefab using Guid(5fecbd8490d30874a9b5a6fd1aa2aa47) Importer(815301076,1909f56bfc062723c751e8b465ee728b)  -> (artifact id: '54741da1bb45cede390e3fedad2f28a9') in 0.094326 seconds 
========================================================================
Received Import Request.
  Time since last request: 2.277093 seconds.
  path: Assets/AI/Traffic System/Navigation Prefabs/Junction.prefab
  artifactKey: Guid(5fecbd8490d30874a9b5a6fd1aa2aa47) Importer(815301076,1909f56bfc062723c751e8b465ee728b)
Start importing Assets/AI/Traffic System/Navigation Prefabs/Junction.prefab using Guid(5fecbd8490d30874a9b5a6fd1aa2aa47) Importer(815301076,1909f56bfc062723c751e8b465ee728b)  -> (artifact id: '7547e6a16b5a4e478ff1e5a5497c1111') in 0.118400 seconds 
========================================================================
Received Import Request.
  Time since last request: 2.020629 seconds.
  path: Assets/AI/Traffic System/Navigation Prefabs/Junction.prefab
  artifactKey: Guid(5fecbd8490d30874a9b5a6fd1aa2aa47) Importer(815301076,1909f56bfc062723c751e8b465ee728b)
Start importing Assets/AI/Traffic System/Navigation Prefabs/Junction.prefab using Guid(5fecbd8490d30874a9b5a6fd1aa2aa47) Importer(815301076,1909f56bfc062723c751e8b465ee728b)  -> (artifact id: '3833761cd23296516c63d7144a24d588') in 0.788840 seconds 
========================================================================
Received Import Request.
  Time since last request: 5.270524 seconds.
  path: Assets/AI/Traffic System/Navigation Prefabs/Junction.prefab
  artifactKey: Guid(5fecbd8490d30874a9b5a6fd1aa2aa47) Importer(815301076,1909f56bfc062723c751e8b465ee728b)
Start importing Assets/AI/Traffic System/Navigation Prefabs/Junction.prefab using Guid(5fecbd8490d30874a9b5a6fd1aa2aa47) Importer(815301076,1909f56bfc062723c751e8b465ee728b)  -> (artifact id: '80e346f76986d52452548fdf983aab2f') in 0.131103 seconds 
========================================================================
Received Import Request.
  Time since last request: 1.975363 seconds.
  path: Assets/AI/Traffic System/Navigation Prefabs/Junction.prefab
  artifactKey: Guid(5fecbd8490d30874a9b5a6fd1aa2aa47) Importer(815301076,1909f56bfc062723c751e8b465ee728b)
Start importing Assets/AI/Traffic System/Navigation Prefabs/Junction.prefab using Guid(5fecbd8490d30874a9b5a6fd1aa2aa47) Importer(815301076,1909f56bfc062723c751e8b465ee728b)  -> (artifact id: '9dcdeb3f8744ae1bd6a5df0636e5a670') in 0.130256 seconds 
========================================================================
Received Import Request.
  Time since last request: 1.940858 seconds.
  path: Assets/AI/Traffic System/Navigation Prefabs/Junction.prefab
  artifactKey: Guid(5fecbd8490d30874a9b5a6fd1aa2aa47) Importer(815301076,1909f56bfc062723c751e8b465ee728b)
Start importing Assets/AI/Traffic System/Navigation Prefabs/Junction.prefab using Guid(5fecbd8490d30874a9b5a6fd1aa2aa47) Importer(815301076,1909f56bfc062723c751e8b465ee728b)  -> (artifact id: 'b1ed17dee5072d1db938c92937d5862e') in 0.179826 seconds 
========================================================================
Received Import Request.
  Time since last request: 1.381081 seconds.
  path: Assets/AI/Traffic System/Navigation Prefabs/Junction.prefab
  artifactKey: Guid(5fecbd8490d30874a9b5a6fd1aa2aa47) Importer(815301076,1909f56bfc062723c751e8b465ee728b)
Start importing Assets/AI/Traffic System/Navigation Prefabs/Junction.prefab using Guid(5fecbd8490d30874a9b5a6fd1aa2aa47) Importer(815301076,1909f56bfc062723c751e8b465ee728b)  -> (artifact id: '6caa0803b798dfa3c2bbc847263df208') in 0.105442 seconds 
========================================================================
Received Import Request.
  Time since last request: 172.915949 seconds.
  path: Assets/AI/Traffic System/Navigation Prefabs/Junction.prefab
  artifactKey: Guid(5fecbd8490d30874a9b5a6fd1aa2aa47) Importer(815301076,1909f56bfc062723c751e8b465ee728b)
Start importing Assets/AI/Traffic System/Navigation Prefabs/Junction.prefab using Guid(5fecbd8490d30874a9b5a6fd1aa2aa47) Importer(815301076,1909f56bfc062723c751e8b465ee728b)  -> (artifact id: '0a1a93e717acb0af87145b393e71009c') in 0.134620 seconds 
========================================================================
Received Import Request.
  Time since last request: 8.205866 seconds.
  path: Assets/AI/TrafficLight/Black.mat
  artifactKey: Guid(85cc01f5f4e010f46bf48c0a077e8667) Importer(815301076,1909f56bfc062723c751e8b465ee728b)
Start importing Assets/AI/TrafficLight/Black.mat using Guid(85cc01f5f4e010f46bf48c0a077e8667) Importer(815301076,1909f56bfc062723c751e8b465ee728b)  -> (artifact id: '8bc96a749622f86c828b0d16321ba3b7') in 12.519165 seconds 
========================================================================
Received Import Request.
  Time since last request: 0.000038 seconds.
  path: Assets/AI/TrafficLight/TrafficLight.prefab
  artifactKey: Guid(1dc4954ad3a24574f8d58e9160e1ebe6) Importer(815301076,1909f56bfc062723c751e8b465ee728b)
Start importing Assets/AI/TrafficLight/TrafficLight.prefab using Guid(1dc4954ad3a24574f8d58e9160e1ebe6) Importer(815301076,1909f56bfc062723c751e8b465ee728b)  -> (artifact id: '9c3d18f7d37b9b20d439b4197b120786') in 0.066471 seconds 
========================================================================
Received Import Request.
  Time since last request: 31.245542 seconds.
  path: Assets/AI/Traffic System/Agents Prefabs/SamplePed.prefab
  artifactKey: Guid(7f7d10bfcb161cc4ca5918c879869c6d) Importer(815301076,1909f56bfc062723c751e8b465ee728b)
Start importing Assets/AI/Traffic System/Agents Prefabs/SamplePed.prefab using Guid(7f7d10bfcb161cc4ca5918c879869c6d) Importer(815301076,1909f56bfc062723c751e8b465ee728b)  -> (artifact id: '098f23d7327c00cb8ff1bfc5922b77fe') in 0.322039 seconds 
========================================================================
Received Import Request.
  Time since last request: 28.757457 seconds.
  path: Assets/AI/Traffic System/Agents Prefabs/SamplePed.prefab
  artifactKey: Guid(7f7d10bfcb161cc4ca5918c879869c6d) Importer(815301076,1909f56bfc062723c751e8b465ee728b)
Start importing Assets/AI/Traffic System/Agents Prefabs/SamplePed.prefab using Guid(7f7d10bfcb161cc4ca5918c879869c6d) Importer(815301076,1909f56bfc062723c751e8b465ee728b)  -> (artifact id: '1ef602316a56a486d08839ef2ba29f7b') in 0.084348 seconds 
========================================================================
Received Import Request.
  Time since last request: 28.329931 seconds.
  path: Assets/AI/Traffic System/Agents Prefabs/SamplePed.prefab
  artifactKey: Guid(7f7d10bfcb161cc4ca5918c879869c6d) Importer(815301076,1909f56bfc062723c751e8b465ee728b)
Start importing Assets/AI/Traffic System/Agents Prefabs/SamplePed.prefab using Guid(7f7d10bfcb161cc4ca5918c879869c6d) Importer(815301076,1909f56bfc062723c751e8b465ee728b)  -> (artifact id: 'c1a762448a3edd6df36ccbae99149551') in 0.087566 seconds 
========================================================================
Received Import Request.
  Time since last request: 9.764312 seconds.
  path: Assets/AI/Traffic System/Agents Prefabs/SamplePed.prefab
  artifactKey: Guid(7f7d10bfcb161cc4ca5918c879869c6d) Importer(815301076,1909f56bfc062723c751e8b465ee728b)
Start importing Assets/AI/Traffic System/Agents Prefabs/SamplePed.prefab using Guid(7f7d10bfcb161cc4ca5918c879869c6d) Importer(815301076,1909f56bfc062723c751e8b465ee728b)  -> (artifact id: 'd6e4d1c32d063a00bc55c2a2e3d5c0f4') in 0.133708 seconds 
========================================================================
Received Import Request.
  Time since last request: 4.860412 seconds.
  path: Assets/AI/Traffic System/Agents Prefabs/SamplePed.prefab
  artifactKey: Guid(7f7d10bfcb161cc4ca5918c879869c6d) Importer(815301076,1909f56bfc062723c751e8b465ee728b)
Start importing Assets/AI/Traffic System/Agents Prefabs/SamplePed.prefab using Guid(7f7d10bfcb161cc4ca5918c879869c6d) Importer(815301076,1909f56bfc062723c751e8b465ee728b)  -> (artifact id: 'b21651caccb242635d4957db29454607') in 0.199953 seconds 
========================================================================
Received Import Request.
  Time since last request: 1605.986586 seconds.
  path: Assets/AI/Traffic System/Agents Prefabs/Police 1.prefab
  artifactKey: Guid(ae487371bb18c9f44bea98139f61c424) Importer(815301076,1909f56bfc062723c751e8b465ee728b)
Start importing Assets/AI/Traffic System/Agents Prefabs/Police 1.prefab using Guid(ae487371bb18c9f44bea98139f61c424) Importer(815301076,1909f56bfc062723c751e8b465ee728b)  -> (artifact id: 'a28ede606f4ed04ce210e8c665634df9') in 15.700914 seconds 
========================================================================
Received Import Request.
  Time since last request: 0.070325 seconds.
  path: Assets/AI/Traffic System/Agents Prefabs/Police 1.prefab
  artifactKey: Guid(ae487371bb18c9f44bea98139f61c424) Importer(815301076,1909f56bfc062723c751e8b465ee728b)
Start importing Assets/AI/Traffic System/Agents Prefabs/Police 1.prefab using Guid(ae487371bb18c9f44bea98139f61c424) Importer(815301076,1909f56bfc062723c751e8b465ee728b)  -> (artifact id: '7205c8e2dcec6c02f500a6905d15d9dd') in 0.528181 seconds 
========================================================================
Received Import Request.
  Time since last request: 9.307229 seconds.
  path: Assets/AI/Traffic System/Agents Prefabs/Police 1.prefab
  artifactKey: Guid(ae487371bb18c9f44bea98139f61c424) Importer(815301076,1909f56bfc062723c751e8b465ee728b)
Start importing Assets/AI/Traffic System/Agents Prefabs/Police 1.prefab using Guid(ae487371bb18c9f44bea98139f61c424) Importer(815301076,1909f56bfc062723c751e8b465ee728b)  -> (artifact id: '23347eaf985bb986892e1b2bb4e774da') in 0.430246 seconds 
========================================================================
Received Import Request.
  Time since last request: 6.017547 seconds.
  path: Assets/AI/Traffic System/Agents Prefabs/Police 1.prefab
  artifactKey: Guid(ae487371bb18c9f44bea98139f61c424) Importer(815301076,1909f56bfc062723c751e8b465ee728b)
Start importing Assets/AI/Traffic System/Agents Prefabs/Police 1.prefab using Guid(ae487371bb18c9f44bea98139f61c424) Importer(815301076,1909f56bfc062723c751e8b465ee728b)  -> (artifact id: '542056b6fc527fc50ced391e3719862e') in 0.959103 seconds 
========================================================================
Received Import Request.
  Time since last request: 62.226991 seconds.
  path: Assets/AI/Traffic System/Agents Prefabs/Police 1.prefab
  artifactKey: Guid(ae487371bb18c9f44bea98139f61c424) Importer(815301076,1909f56bfc062723c751e8b465ee728b)
Start importing Assets/AI/Traffic System/Agents Prefabs/Police 1.prefab using Guid(ae487371bb18c9f44bea98139f61c424) Importer(815301076,1909f56bfc062723c751e8b465ee728b)  -> (artifact id: '7ab38f5d1852e6f1e5998158b93d7bf3') in 0.721300 seconds 
========================================================================
Received Import Request.
  Time since last request: 1.704071 seconds.
  path: Assets/AI/Traffic System/Agents Prefabs/Police 1.prefab
  artifactKey: Guid(ae487371bb18c9f44bea98139f61c424) Importer(815301076,1909f56bfc062723c751e8b465ee728b)
Start importing Assets/AI/Traffic System/Agents Prefabs/Police 1.prefab using Guid(ae487371bb18c9f44bea98139f61c424) Importer(815301076,1909f56bfc062723c751e8b465ee728b)  -> (artifact id: 'd1b16a83887b64e03ee205ed484e3918') in 0.991196 seconds 
========================================================================
Received Import Request.
  Time since last request: 13.890340 seconds.
  path: Assets/AI/Traffic System/Agents Prefabs/Police 1.prefab
  artifactKey: Guid(ae487371bb18c9f44bea98139f61c424) Importer(815301076,1909f56bfc062723c751e8b465ee728b)
Start importing Assets/AI/Traffic System/Agents Prefabs/Police 1.prefab using Guid(ae487371bb18c9f44bea98139f61c424) Importer(815301076,1909f56bfc062723c751e8b465ee728b)  -> (artifact id: 'a837fa427c1c9050afbc77c6b1f491af') in 1.463604 seconds 
========================================================================
Received Import Request.
  Time since last request: 4.035308 seconds.
  path: Assets/AI/Traffic System/Agents Prefabs/Police 1.prefab
  artifactKey: Guid(ae487371bb18c9f44bea98139f61c424) Importer(815301076,1909f56bfc062723c751e8b465ee728b)
Start importing Assets/AI/Traffic System/Agents Prefabs/Police 1.prefab using Guid(ae487371bb18c9f44bea98139f61c424) Importer(815301076,1909f56bfc062723c751e8b465ee728b)  -> (artifact id: '809098262c2f504eddb6bd8432cc0bf5') in 0.530680 seconds 
========================================================================
Received Import Request.
  Time since last request: 8.638222 seconds.
  path: Assets/AI/Traffic System/Agents Prefabs/Police 1.prefab
  artifactKey: Guid(ae487371bb18c9f44bea98139f61c424) Importer(815301076,1909f56bfc062723c751e8b465ee728b)
Start importing Assets/AI/Traffic System/Agents Prefabs/Police 1.prefab using Guid(ae487371bb18c9f44bea98139f61c424) Importer(815301076,1909f56bfc062723c751e8b465ee728b)  -> (artifact id: '5cb4d10581cf00d0f9251f1a789dc0da') in 0.389050 seconds 
========================================================================
Received Import Request.
  Time since last request: 5.021173 seconds.
  path: Assets/AI/Traffic System/Agents Prefabs/Police 1.prefab
  artifactKey: Guid(ae487371bb18c9f44bea98139f61c424) Importer(815301076,1909f56bfc062723c751e8b465ee728b)
Start importing Assets/AI/Traffic System/Agents Prefabs/Police 1.prefab using Guid(ae487371bb18c9f44bea98139f61c424) Importer(815301076,1909f56bfc062723c751e8b465ee728b)  -> (artifact id: '41770d3c3a66d1cce9488245bc818719') in 0.742863 seconds 
========================================================================
Received Import Request.
  Time since last request: 13.420419 seconds.
  path: Assets/AI/Traffic System/Agents Prefabs/Police 1.prefab
  artifactKey: Guid(ae487371bb18c9f44bea98139f61c424) Importer(815301076,1909f56bfc062723c751e8b465ee728b)
Start importing Assets/AI/Traffic System/Agents Prefabs/Police 1.prefab using Guid(ae487371bb18c9f44bea98139f61c424) Importer(815301076,1909f56bfc062723c751e8b465ee728b)  -> (artifact id: '747407c7aef7c40154242d46e98e11a5') in 0.180020 seconds 
========================================================================
Received Import Request.
  Time since last request: 11.821672 seconds.
  path: Assets/AI/Traffic System/Agents Prefabs/Police 1.prefab
  artifactKey: Guid(ae487371bb18c9f44bea98139f61c424) Importer(815301076,1909f56bfc062723c751e8b465ee728b)
Start importing Assets/AI/Traffic System/Agents Prefabs/Police 1.prefab using Guid(ae487371bb18c9f44bea98139f61c424) Importer(815301076,1909f56bfc062723c751e8b465ee728b)  -> (artifact id: 'c2a8ed3f6e71b4c9d039291302a058da') in 0.174499 seconds 
========================================================================
Received Import Request.
  Time since last request: 11.245862 seconds.
  path: Assets/AI/Traffic System/Agents Prefabs/Ambulance 1.prefab
  artifactKey: Guid(7b5533a1982de754e8e09240cffb147e) Importer(815301076,1909f56bfc062723c751e8b465ee728b)
Start importing Assets/AI/Traffic System/Agents Prefabs/Ambulance 1.prefab using Guid(7b5533a1982de754e8e09240cffb147e) Importer(815301076,1909f56bfc062723c751e8b465ee728b)  -> (artifact id: 'dc1eb026f434e1fb59819363f8bc2a20') in 0.467866 seconds 
========================================================================
Received Import Request.
  Time since last request: 3.330221 seconds.
  path: Assets/AI/Traffic System/Agents Prefabs/Ambulance 1.prefab
  artifactKey: Guid(7b5533a1982de754e8e09240cffb147e) Importer(815301076,1909f56bfc062723c751e8b465ee728b)
Start importing Assets/AI/Traffic System/Agents Prefabs/Ambulance 1.prefab using Guid(7b5533a1982de754e8e09240cffb147e) Importer(815301076,1909f56bfc062723c751e8b465ee728b)  -> (artifact id: '4a2e7397bffe12649985f087da64950a') in 0.175100 seconds 
========================================================================
Received Import Request.
  Time since last request: 12.514553 seconds.
  path: Assets/AI/Traffic System/Agents Prefabs/Police 1.prefab
  artifactKey: Guid(ae487371bb18c9f44bea98139f61c424) Importer(815301076,1909f56bfc062723c751e8b465ee728b)
Start importing Assets/AI/Traffic System/Agents Prefabs/Police 1.prefab using Guid(ae487371bb18c9f44bea98139f61c424) Importer(815301076,1909f56bfc062723c751e8b465ee728b)  -> (artifact id: 'e1e47d37ac9f663ba0c9f3f7375bb24d') in 0.678652 seconds 
========================================================================
Received Import Request.
  Time since last request: 37.532803 seconds.
  path: Assets/AI/Traffic System/Agents Prefabs/Police 1.prefab
  artifactKey: Guid(ae487371bb18c9f44bea98139f61c424) Importer(815301076,1909f56bfc062723c751e8b465ee728b)
Start importing Assets/AI/Traffic System/Agents Prefabs/Police 1.prefab using Guid(ae487371bb18c9f44bea98139f61c424) Importer(815301076,1909f56bfc062723c751e8b465ee728b)  -> (artifact id: '25eb346ed85fb9de40ed49a6e0349f02') in 0.212235 seconds 
========================================================================
Received Import Request.
  Time since last request: 5.472991 seconds.
  path: Assets/AI/Traffic System/Agents Prefabs/Police 1.prefab
  artifactKey: Guid(ae487371bb18c9f44bea98139f61c424) Importer(815301076,1909f56bfc062723c751e8b465ee728b)
Start importing Assets/AI/Traffic System/Agents Prefabs/Police 1.prefab using Guid(ae487371bb18c9f44bea98139f61c424) Importer(815301076,1909f56bfc062723c751e8b465ee728b)  -> (artifact id: '6da5ac4473bd2903a8881be7b8743903') in 0.128001 seconds 
========================================================================
Received Import Request.
  Time since last request: 7.673418 seconds.
  path: Assets/AI/Traffic System/Agents Prefabs/Police 1.prefab
  artifactKey: Guid(ae487371bb18c9f44bea98139f61c424) Importer(815301076,1909f56bfc062723c751e8b465ee728b)
Start importing Assets/AI/Traffic System/Agents Prefabs/Police 1.prefab using Guid(ae487371bb18c9f44bea98139f61c424) Importer(815301076,1909f56bfc062723c751e8b465ee728b)  -> (artifact id: '98be519e317e9588859a63db810c4899') in 0.352488 seconds 
========================================================================
Received Import Request.
  Time since last request: 13.468953 seconds.
  path: Assets/AI/Traffic System/Agents Prefabs/Police 1.prefab
  artifactKey: Guid(ae487371bb18c9f44bea98139f61c424) Importer(815301076,1909f56bfc062723c751e8b465ee728b)
Start importing Assets/AI/Traffic System/Agents Prefabs/Police 1.prefab using Guid(ae487371bb18c9f44bea98139f61c424) Importer(815301076,1909f56bfc062723c751e8b465ee728b)  -> (artifact id: 'eed6bb3e7f7c947032ed7c4a47dcfed8') in 0.273303 seconds 
========================================================================
Received Import Request.
  Time since last request: 12.910486 seconds.
  path: Assets/AI/Traffic System/Agents Prefabs/Police 1.prefab
  artifactKey: Guid(ae487371bb18c9f44bea98139f61c424) Importer(815301076,1909f56bfc062723c751e8b465ee728b)
Start importing Assets/AI/Traffic System/Agents Prefabs/Police 1.prefab using Guid(ae487371bb18c9f44bea98139f61c424) Importer(815301076,1909f56bfc062723c751e8b465ee728b)  -> (artifact id: 'eb285eecc6dafc51f8d1b28200d00085') in 0.131075 seconds 
========================================================================
Received Import Request.
  Time since last request: 11.361977 seconds.
  path: Assets/AI/Traffic System/Agents Prefabs/Police 1.prefab
  artifactKey: Guid(ae487371bb18c9f44bea98139f61c424) Importer(815301076,1909f56bfc062723c751e8b465ee728b)
Start importing Assets/AI/Traffic System/Agents Prefabs/Police 1.prefab using Guid(ae487371bb18c9f44bea98139f61c424) Importer(815301076,1909f56bfc062723c751e8b465ee728b)  -> (artifact id: '5a8421a1267835613edccdaf25e2a318') in 0.379984 seconds 
========================================================================
Received Import Request.
  Time since last request: 13.943602 seconds.
  path: Assets/AI/Traffic System/Agents Prefabs/Police 1.prefab
  artifactKey: Guid(ae487371bb18c9f44bea98139f61c424) Importer(815301076,1909f56bfc062723c751e8b465ee728b)
Start importing Assets/AI/Traffic System/Agents Prefabs/Police 1.prefab using Guid(ae487371bb18c9f44bea98139f61c424) Importer(815301076,1909f56bfc062723c751e8b465ee728b)  -> (artifact id: 'c6513a6ed93b500f438b085c66b2aca8') in 0.640239 seconds 
========================================================================
Received Import Request.
  Time since last request: 7.842556 seconds.
  path: Assets/AI/Traffic System/Agents Prefabs/Police 1.prefab
  artifactKey: Guid(ae487371bb18c9f44bea98139f61c424) Importer(815301076,1909f56bfc062723c751e8b465ee728b)
Start importing Assets/AI/Traffic System/Agents Prefabs/Police 1.prefab using Guid(ae487371bb18c9f44bea98139f61c424) Importer(815301076,1909f56bfc062723c751e8b465ee728b)  -> (artifact id: '5b1aff37fa0927ff9db43cc0c899d355') in 0.251280 seconds 
========================================================================
Received Import Request.
  Time since last request: 23.914383 seconds.
  path: Assets/AI/Traffic System/Agents Prefabs/Police 1.prefab
  artifactKey: Guid(ae487371bb18c9f44bea98139f61c424) Importer(815301076,1909f56bfc062723c751e8b465ee728b)
Start importing Assets/AI/Traffic System/Agents Prefabs/Police 1.prefab using Guid(ae487371bb18c9f44bea98139f61c424) Importer(815301076,1909f56bfc062723c751e8b465ee728b)  -> (artifact id: '8359c8da37da43dc22e4338f923c486b') in 0.131097 seconds 
========================================================================
Received Import Request.
  Time since last request: 27.298100 seconds.
  path: Assets/AI/Traffic System/Agents Prefabs/Sedan 1.prefab
  artifactKey: Guid(e720224bcc525fc4c8ba1df43bfe21c1) Importer(815301076,1909f56bfc062723c751e8b465ee728b)
Start importing Assets/AI/Traffic System/Agents Prefabs/Sedan 1.prefab using Guid(e720224bcc525fc4c8ba1df43bfe21c1) Importer(815301076,1909f56bfc062723c751e8b465ee728b)  -> (artifact id: '98c368ac14df057a69a025b27fb3c40e') in 0.466272 seconds 
========================================================================
Received Import Request.
  Time since last request: 7.539073 seconds.
  path: Assets/AI/Traffic System/Agents Prefabs/Sedan 1.prefab
  artifactKey: Guid(e720224bcc525fc4c8ba1df43bfe21c1) Importer(815301076,1909f56bfc062723c751e8b465ee728b)
Start importing Assets/AI/Traffic System/Agents Prefabs/Sedan 1.prefab using Guid(e720224bcc525fc4c8ba1df43bfe21c1) Importer(815301076,1909f56bfc062723c751e8b465ee728b)  -> (artifact id: '7ab79a07323cd01212d638c252eed42a') in 1.729146 seconds 
========================================================================
Received Import Request.
  Time since last request: 4.934860 seconds.
  path: Assets/AI/Traffic System/Agents Prefabs/Sedan 1.prefab
  artifactKey: Guid(e720224bcc525fc4c8ba1df43bfe21c1) Importer(815301076,1909f56bfc062723c751e8b465ee728b)
Start importing Assets/AI/Traffic System/Agents Prefabs/Sedan 1.prefab using Guid(e720224bcc525fc4c8ba1df43bfe21c1) Importer(815301076,1909f56bfc062723c751e8b465ee728b)  -> (artifact id: 'ee9b62ea41ca93aaa6bd586c56d48981') in 0.108239 seconds 
========================================================================
Received Import Request.
  Time since last request: 6.769799 seconds.
  path: Assets/AI/Traffic System/Agents Prefabs/Sedan 1.prefab
  artifactKey: Guid(e720224bcc525fc4c8ba1df43bfe21c1) Importer(815301076,1909f56bfc062723c751e8b465ee728b)
Start importing Assets/AI/Traffic System/Agents Prefabs/Sedan 1.prefab using Guid(e720224bcc525fc4c8ba1df43bfe21c1) Importer(815301076,1909f56bfc062723c751e8b465ee728b)  -> (artifact id: 'df04bd8ca0b0018b9ffc936c1be5d020') in 0.118834 seconds 
========================================================================
Received Import Request.
  Time since last request: 2.248234 seconds.
  path: Assets/AI/Traffic System/Agents Prefabs/Sedan 1.prefab
  artifactKey: Guid(e720224bcc525fc4c8ba1df43bfe21c1) Importer(815301076,1909f56bfc062723c751e8b465ee728b)
Start importing Assets/AI/Traffic System/Agents Prefabs/Sedan 1.prefab using Guid(e720224bcc525fc4c8ba1df43bfe21c1) Importer(815301076,1909f56bfc062723c751e8b465ee728b)  -> (artifact id: 'fce185551c42160897b01fcdf7f3fda0') in 0.092119 seconds 
========================================================================
Received Import Request.
  Time since last request: 4.446466 seconds.
  path: Assets/AI/Traffic System/Agents Prefabs/Sedan 1.prefab
  artifactKey: Guid(e720224bcc525fc4c8ba1df43bfe21c1) Importer(815301076,1909f56bfc062723c751e8b465ee728b)
Start importing Assets/AI/Traffic System/Agents Prefabs/Sedan 1.prefab using Guid(e720224bcc525fc4c8ba1df43bfe21c1) Importer(815301076,1909f56bfc062723c751e8b465ee728b)  -> (artifact id: 'f2db8b146492ce8dc78e24c814e7e8da') in 0.075246 seconds 
========================================================================
Received Import Request.
  Time since last request: 4.582790 seconds.
  path: Assets/AI/Traffic System/Agents Prefabs/Sedan 1.prefab
  artifactKey: Guid(e720224bcc525fc4c8ba1df43bfe21c1) Importer(815301076,1909f56bfc062723c751e8b465ee728b)
Start importing Assets/AI/Traffic System/Agents Prefabs/Sedan 1.prefab using Guid(e720224bcc525fc4c8ba1df43bfe21c1) Importer(815301076,1909f56bfc062723c751e8b465ee728b)  -> (artifact id: 'e7b6ac436e25d33523b7e8dea7c29d10') in 0.071897 seconds 
========================================================================
Received Import Request.
  Time since last request: 2.799589 seconds.
  path: Assets/AI/Traffic System/Agents Prefabs/Sedan 1.prefab
  artifactKey: Guid(e720224bcc525fc4c8ba1df43bfe21c1) Importer(815301076,1909f56bfc062723c751e8b465ee728b)
Start importing Assets/AI/Traffic System/Agents Prefabs/Sedan 1.prefab using Guid(e720224bcc525fc4c8ba1df43bfe21c1) Importer(815301076,1909f56bfc062723c751e8b465ee728b)  -> (artifact id: 'e8f40050b8d1a912ece4d06a319ae722') in 0.076488 seconds 
========================================================================
Received Import Request.
  Time since last request: 5.025818 seconds.
  path: Assets/AI/Traffic System/Agents Prefabs/Sedan 1.prefab
  artifactKey: Guid(e720224bcc525fc4c8ba1df43bfe21c1) Importer(815301076,1909f56bfc062723c751e8b465ee728b)
Start importing Assets/AI/Traffic System/Agents Prefabs/Sedan 1.prefab using Guid(e720224bcc525fc4c8ba1df43bfe21c1) Importer(815301076,1909f56bfc062723c751e8b465ee728b)  -> (artifact id: 'eaf97a107ee894a138ef40f938a2dfbb') in 0.138038 seconds 
========================================================================
Received Import Request.
  Time since last request: 3.681528 seconds.
  path: Assets/AI/Traffic System/Agents Prefabs/Sedan 1.prefab
  artifactKey: Guid(e720224bcc525fc4c8ba1df43bfe21c1) Importer(815301076,1909f56bfc062723c751e8b465ee728b)
Start importing Assets/AI/Traffic System/Agents Prefabs/Sedan 1.prefab using Guid(e720224bcc525fc4c8ba1df43bfe21c1) Importer(815301076,1909f56bfc062723c751e8b465ee728b)  -> (artifact id: 'c501e6b107a81d05ea046b3fc301ca30') in 0.019849 seconds 
========================================================================
Received Import Request.
  Time since last request: 5.033358 seconds.
  path: Assets/AI/Traffic System/Agents Prefabs/Sedan 1.prefab
  artifactKey: Guid(e720224bcc525fc4c8ba1df43bfe21c1) Importer(815301076,1909f56bfc062723c751e8b465ee728b)
Start importing Assets/AI/Traffic System/Agents Prefabs/Sedan 1.prefab using Guid(e720224bcc525fc4c8ba1df43bfe21c1) Importer(815301076,1909f56bfc062723c751e8b465ee728b)  -> (artifact id: '51b8d777ad5f6c2c732d139874b1dd46') in 0.149045 seconds 
========================================================================
Received Import Request.
  Time since last request: 2.215322 seconds.
  path: Assets/AI/Traffic System/Agents Prefabs/Sedan 1.prefab
  artifactKey: Guid(e720224bcc525fc4c8ba1df43bfe21c1) Importer(815301076,1909f56bfc062723c751e8b465ee728b)
Start importing Assets/AI/Traffic System/Agents Prefabs/Sedan 1.prefab using Guid(e720224bcc525fc4c8ba1df43bfe21c1) Importer(815301076,1909f56bfc062723c751e8b465ee728b)  -> (artifact id: '01c93277101767151795ce6a78bec818') in 0.041242 seconds 
========================================================================
Received Import Request.
  Time since last request: 8.201652 seconds.
  path: Assets/AI/Traffic System/Agents Prefabs/Sedan 1.prefab
  artifactKey: Guid(e720224bcc525fc4c8ba1df43bfe21c1) Importer(815301076,1909f56bfc062723c751e8b465ee728b)
Start importing Assets/AI/Traffic System/Agents Prefabs/Sedan 1.prefab using Guid(e720224bcc525fc4c8ba1df43bfe21c1) Importer(815301076,1909f56bfc062723c751e8b465ee728b)  -> (artifact id: '4311fcc158d8a957e798b2950f4577b1') in 0.024695 seconds 
========================================================================
Received Import Request.
  Time since last request: 12.156556 seconds.
  path: Assets/AI/Traffic System/Agents Prefabs/Sedan 1.prefab
  artifactKey: Guid(e720224bcc525fc4c8ba1df43bfe21c1) Importer(815301076,1909f56bfc062723c751e8b465ee728b)
Start importing Assets/AI/Traffic System/Agents Prefabs/Sedan 1.prefab using Guid(e720224bcc525fc4c8ba1df43bfe21c1) Importer(815301076,1909f56bfc062723c751e8b465ee728b)  -> (artifact id: '3e3541c05b9931dbaf68b444711f45b8') in 0.156406 seconds 
========================================================================
Received Import Request.
  Time since last request: 0.982408 seconds.
  path: Assets/AI/Traffic System/Agents Prefabs/Sedan 1.prefab
  artifactKey: Guid(e720224bcc525fc4c8ba1df43bfe21c1) Importer(815301076,1909f56bfc062723c751e8b465ee728b)
Start importing Assets/AI/Traffic System/Agents Prefabs/Sedan 1.prefab using Guid(e720224bcc525fc4c8ba1df43bfe21c1) Importer(815301076,1909f56bfc062723c751e8b465ee728b)  -> (artifact id: 'f3accde64119ae752d682069126587d1') in 0.048551 seconds 
========================================================================
Received Import Request.
  Time since last request: 7.493272 seconds.
  path: Assets/AI/Traffic System/Agents Prefabs/Sedan 1.prefab
  artifactKey: Guid(e720224bcc525fc4c8ba1df43bfe21c1) Importer(815301076,1909f56bfc062723c751e8b465ee728b)
Start importing Assets/AI/Traffic System/Agents Prefabs/Sedan 1.prefab using Guid(e720224bcc525fc4c8ba1df43bfe21c1) Importer(815301076,1909f56bfc062723c751e8b465ee728b)  -> (artifact id: 'c46c1f6f90b7ceb3de0f5905e71ed1c0') in 0.050904 seconds 
========================================================================
Received Import Request.
  Time since last request: 5.860273 seconds.
  path: Assets/AI/Traffic System/Agents Prefabs/Sedan 1.prefab
  artifactKey: Guid(e720224bcc525fc4c8ba1df43bfe21c1) Importer(815301076,1909f56bfc062723c751e8b465ee728b)
Start importing Assets/AI/Traffic System/Agents Prefabs/Sedan 1.prefab using Guid(e720224bcc525fc4c8ba1df43bfe21c1) Importer(815301076,1909f56bfc062723c751e8b465ee728b)  -> (artifact id: 'e6cb47ccd65bfb22aae07393fdde37f6') in 0.150706 seconds 
========================================================================
Received Import Request.
  Time since last request: 37.048354 seconds.
  path: Assets/AI/Traffic System/Agents Prefabs/Sedan 1.prefab
  artifactKey: Guid(e720224bcc525fc4c8ba1df43bfe21c1) Importer(815301076,1909f56bfc062723c751e8b465ee728b)
Start importing Assets/AI/Traffic System/Agents Prefabs/Sedan 1.prefab using Guid(e720224bcc525fc4c8ba1df43bfe21c1) Importer(815301076,1909f56bfc062723c751e8b465ee728b)  -> (artifact id: '1d29e7fe32c28eac5aae94470080d006') in 0.024221 seconds 
========================================================================
Received Import Request.
  Time since last request: 2.170406 seconds.
  path: Assets/AI/Traffic System/Agents Prefabs/Sedan 1.prefab
  artifactKey: Guid(e720224bcc525fc4c8ba1df43bfe21c1) Importer(815301076,1909f56bfc062723c751e8b465ee728b)
Start importing Assets/AI/Traffic System/Agents Prefabs/Sedan 1.prefab using Guid(e720224bcc525fc4c8ba1df43bfe21c1) Importer(815301076,1909f56bfc062723c751e8b465ee728b)  -> (artifact id: '96ad2f45853d0eea4a32264d61389fea') in 0.032465 seconds 
========================================================================
Received Import Request.
  Time since last request: 6.410154 seconds.
  path: Assets/AI/Traffic System/Agents Prefabs/Sedan 1.prefab
  artifactKey: Guid(e720224bcc525fc4c8ba1df43bfe21c1) Importer(815301076,1909f56bfc062723c751e8b465ee728b)
Start importing Assets/AI/Traffic System/Agents Prefabs/Sedan 1.prefab using Guid(e720224bcc525fc4c8ba1df43bfe21c1) Importer(815301076,1909f56bfc062723c751e8b465ee728b)  -> (artifact id: '9b8691b3b770bcded5d659ac0e03871d') in 0.025211 seconds 
========================================================================
Received Import Request.
  Time since last request: 5.727974 seconds.
  path: Assets/AI/Traffic System/Agents Prefabs/Sedan 1.prefab
  artifactKey: Guid(e720224bcc525fc4c8ba1df43bfe21c1) Importer(815301076,1909f56bfc062723c751e8b465ee728b)
Start importing Assets/AI/Traffic System/Agents Prefabs/Sedan 1.prefab using Guid(e720224bcc525fc4c8ba1df43bfe21c1) Importer(815301076,1909f56bfc062723c751e8b465ee728b)  -> (artifact id: 'd7ed037a06a5c8aa7d0b20df4401a747') in 0.045293 seconds 
========================================================================
Received Import Request.
  Time since last request: 11.952643 seconds.
  path: Assets/AI/Traffic System/Agents Prefabs/Sedan 1.prefab
  artifactKey: Guid(e720224bcc525fc4c8ba1df43bfe21c1) Importer(815301076,1909f56bfc062723c751e8b465ee728b)
Start importing Assets/AI/Traffic System/Agents Prefabs/Sedan 1.prefab using Guid(e720224bcc525fc4c8ba1df43bfe21c1) Importer(815301076,1909f56bfc062723c751e8b465ee728b)  -> (artifact id: 'c99d9afeea75ed6cf1ef4197fdf0ef19') in 0.028665 seconds 
========================================================================
Received Import Request.
  Time since last request: 13.408430 seconds.
  path: Assets/AI/Traffic System/Agents Prefabs/Sedan 1.prefab
  artifactKey: Guid(e720224bcc525fc4c8ba1df43bfe21c1) Importer(815301076,1909f56bfc062723c751e8b465ee728b)
Start importing Assets/AI/Traffic System/Agents Prefabs/Sedan 1.prefab using Guid(e720224bcc525fc4c8ba1df43bfe21c1) Importer(815301076,1909f56bfc062723c751e8b465ee728b)  -> (artifact id: '5dec03ff82f5fe6d897d770e66609a24') in 0.148171 seconds 
========================================================================
Received Import Request.
  Time since last request: 18.440470 seconds.
  path: Assets/AI/Traffic System/Agents Prefabs/Sedan 1.prefab
  artifactKey: Guid(e720224bcc525fc4c8ba1df43bfe21c1) Importer(815301076,1909f56bfc062723c751e8b465ee728b)
Start importing Assets/AI/Traffic System/Agents Prefabs/Sedan 1.prefab using Guid(e720224bcc525fc4c8ba1df43bfe21c1) Importer(815301076,1909f56bfc062723c751e8b465ee728b)  -> (artifact id: '011c0f48f83f1001f08ddbb1ebd493be') in 0.071232 seconds 
========================================================================
Received Import Request.
  Time since last request: 5.913780 seconds.
  path: Assets/AI/Traffic System/Agents Prefabs/Sedan 1.prefab
  artifactKey: Guid(e720224bcc525fc4c8ba1df43bfe21c1) Importer(815301076,1909f56bfc062723c751e8b465ee728b)
Start importing Assets/AI/Traffic System/Agents Prefabs/Sedan 1.prefab using Guid(e720224bcc525fc4c8ba1df43bfe21c1) Importer(815301076,1909f56bfc062723c751e8b465ee728b)  -> (artifact id: 'a26fd919a832e97934c92e0aba8aa753') in 0.082010 seconds 
========================================================================
Received Import Request.
  Time since last request: 4.050551 seconds.
  path: Assets/AI/Traffic System/Agents Prefabs/Sedan 1.prefab
  artifactKey: Guid(e720224bcc525fc4c8ba1df43bfe21c1) Importer(815301076,1909f56bfc062723c751e8b465ee728b)
Start importing Assets/AI/Traffic System/Agents Prefabs/Sedan 1.prefab using Guid(e720224bcc525fc4c8ba1df43bfe21c1) Importer(815301076,1909f56bfc062723c751e8b465ee728b)  -> (artifact id: '69c8e8e140914f181f1b893993d126a2') in 0.024181 seconds 
========================================================================
Received Prepare
Registering precompiled user dll's ...
Registered in 0.023382 seconds.
Begin MonoManager ReloadAssembly
Symbol file LoadedFromMemory doesn't match image E:\Unity Trials\City-Adventures-NTEK\Library\PackageCache\com.unity.visualscripting@1.7.8\Editor\VisualScripting.Core\Dependencies\YamlDotNet\Unity.VisualScripting.YamlDotNet.dll
Symbol file LoadedFromMemory doesn't match image E:\Unity Trials\City-Adventures-NTEK\Library\PackageCache\com.unity.visualscripting@1.7.8\Editor\VisualScripting.Core\Dependencies\DotNetZip\Unity.VisualScripting.IonicZip.dll
Native extension for WindowsStandalone target not found
Refreshing native plugins compatible for Editor in 50.13 ms, found 3 plugins.
Preloading 0 native plugins for Editor in 0.00 ms.
Mono: successfully reloaded assembly
- Completed reload, in 39.107 seconds
Domain Reload Profiling:
	ReloadAssembly (39246ms)
		BeginReloadAssembly (26696ms)
			ExecutionOrderSort (19ms)
			DisableScriptedObjects (1207ms)
			BackupInstance (0ms)
			ReleaseScriptingObjects (13ms)
			CreateAndSetChildDomain (15273ms)
		EndReloadAssembly (8074ms)
			LoadAssemblies (1260ms)
			RebuildTransferFunctionScriptingTraits (32ms)
			SetupTypeCache (3460ms)
			ReleaseScriptCaches (3ms)
			RebuildScriptCaches (251ms)
			SetupLoadedEditorAssemblies (3139ms)
				LogAssemblyErrors (0ms)
				InitializePlatformSupportModulesInManaged (269ms)
				SetLoadedEditorAssemblies (83ms)
				RefreshPlugins (50ms)
				BeforeProcessingInitializeOnLoad (869ms)
				ProcessInitializeOnLoadAttributes (1534ms)
				ProcessInitializeOnLoadMethodAttributes (313ms)
				AfterProcessingInitializeOnLoad (20ms)
				EditorAssembliesLoaded (0ms)
			ExecutionOrderSort2 (0ms)
			AwakeInstancesAfterBackupRestoration (67ms)
Platform modules already initialized, skipping
Refreshing native plugins compatible for Editor in 3.82 ms, found 3 plugins.
Preloading 0 native plugins for Editor in 0.00 ms.
Unloading 3399 Unused Serialized files (Serialized files now loaded: 0)
Unloading 21 unused Assets / (79.3 KB). Loaded Objects now: 3916.
Memory consumption went from 123.7 MB to 123.7 MB.
Total: 379.607200 ms (FindLiveObjects: 13.714700 ms CreateObjectMapping: 0.355900 ms MarkObjects: 330.981800 ms  DeleteObjects: 34.497400 ms)

AssetImportParameters requested are different than current active one (requested -> active):
  custom:video-decoder-ogg-theora: a1e56fd34408186e4bbccfd4996cb3dc -> 
  custom:container-muxer-webm: aa71ff27fc2769a1b78a27578f13a17b -> 
  custom:container-demuxer-webm: 4f35f7cbe854078d1ac9338744f61a02 -> 
  custom:video-encoder-webm-vp8: eb34c28f22e8b96e1ab97ce403110664 -> 
  custom:audio-encoder-webm-vorbis: bf7c407c2cedff20999df2af8eb42d56 -> 
  custom:framework-win-MediaFoundation: 216162199b28c13a410421893ffa2e32 -> 
  custom:container-demuxer-ogg: 62fdf1f143b41e24485cea50d1cbac27 -> 
  custom:video-decoder-webm-vp8: 9c59270c3fd7afecdb556c50c9e8de78 -> 
  custom:audio-decoder-ogg-vorbis: bf7c407c2cedff20999df2af8eb42d56 -> 
========================================================================
Received Import Request.
  Time since last request: 893.655234 seconds.
  path: Assets/AI/Traffic System/Agents Prefabs/Sedan 1.prefab
  artifactKey: Guid(e720224bcc525fc4c8ba1df43bfe21c1) Importer(815301076,1909f56bfc062723c751e8b465ee728b)
Start importing Assets/AI/Traffic System/Agents Prefabs/Sedan 1.prefab using Guid(e720224bcc525fc4c8ba1df43bfe21c1) Importer(815301076,1909f56bfc062723c751e8b465ee728b)  -> (artifact id: 'a7b34a8e3d2a72d94c48ab4be8d72109') in 1.317697 seconds 
========================================================================
Received Import Request.
  Time since last request: 0.000037 seconds.
  path: Assets/AI/Traffic System/Agents Prefabs/Police 1.prefab
  artifactKey: Guid(ae487371bb18c9f44bea98139f61c424) Importer(815301076,1909f56bfc062723c751e8b465ee728b)
Start importing Assets/AI/Traffic System/Agents Prefabs/Police 1.prefab using Guid(ae487371bb18c9f44bea98139f61c424) Importer(815301076,1909f56bfc062723c751e8b465ee728b)  -> (artifact id: '4d6f7cd6163e804d180d0f3f1fd6d908') in 0.225833 seconds 
