Using pre-set license
Built from '2021.3/staging' branch; Version is '2021.3.7f1 (24e8595d6d43) revision 2418777'; Using compiler version '192829333'; Build Type 'Release'
OS: 'Windows 10  (10.0.19042) 64bit Professional' Language: 'en' Physical Memory: 4015 MB
BatchMode: 1, IsHumanControllingUs: 0, StartBugReporterOnCrash: 0, Is64bit: 1, IsPro: 1

COMMAND LINE ARGUMENTS:
C:\Program Files\Unity\Hub\Editor\2021.3.7f1\Editor\Unity.exe
-adb2
-batchMode
-noUpm
-name
AssetImportWorker3
-projectPath
E:/Unity Trials/City-Adventures-NTEK
-logFile
Logs/AssetImportWorker3.log
-srvPort
4519
Successfully changed project path to: E:/Unity Trials/City-Adventures-NTEK
E:/Unity Trials/City-Adventures-NTEK
[UnityMemory] Configuration Parameters - Can be set up in boot.config
    "memorysetup-bucket-allocator-granularity=16"
    "memorysetup-bucket-allocator-bucket-count=8"
    "memorysetup-bucket-allocator-block-size=33554432"
    "memorysetup-bucket-allocator-block-count=8"
    "memorysetup-main-allocator-block-size=16777216"
    "memorysetup-thread-allocator-block-size=16777216"
    "memorysetup-gfx-main-allocator-block-size=16777216"
    "memorysetup-gfx-thread-allocator-block-size=16777216"
    "memorysetup-cache-allocator-block-size=4194304"
    "memorysetup-typetree-allocator-block-size=2097152"
    "memorysetup-profiler-bucket-allocator-granularity=16"
    "memorysetup-profiler-bucket-allocator-bucket-count=8"
    "memorysetup-profiler-bucket-allocator-block-size=33554432"
    "memorysetup-profiler-bucket-allocator-block-count=8"
    "memorysetup-profiler-allocator-block-size=16777216"
    "memorysetup-profiler-editor-allocator-block-size=1048576"
    "memorysetup-temp-allocator-size-main=16777216"
    "memorysetup-job-temp-allocator-block-size=2097152"
    "memorysetup-job-temp-allocator-block-size-background=1048576"
    "memorysetup-job-temp-allocator-reduction-small-platforms=262144"
    "memorysetup-temp-allocator-size-background-worker=32768"
    "memorysetup-temp-allocator-size-job-worker=262144"
    "memorysetup-temp-allocator-size-preload-manager=33554432"
    "memorysetup-temp-allocator-size-nav-mesh-worker=65536"
    "memorysetup-temp-allocator-size-audio-worker=65536"
    "memorysetup-temp-allocator-size-cloud-worker=32768"
    "memorysetup-temp-allocator-size-gi-baking-worker=262144"
    "memorysetup-temp-allocator-size-gfx=262144"
Refreshing native plugins compatible for Editor in 124.22 ms, found 3 plugins.
Preloading 0 native plugins for Editor in 0.00 ms.
Initialize engine version: 2021.3.7f1 (24e8595d6d43)
[Subsystems] Discovering subsystems at path C:/Program Files/Unity/Hub/Editor/2021.3.7f1/Editor/Data/Resources/UnitySubsystems
[Subsystems] Discovering subsystems at path E:/Unity Trials/City-Adventures-NTEK/Assets
GfxDevice: creating device client; threaded=0; jobified=0
Direct3D:
    Version:  Direct3D 11.0 [level 11.1]
    Renderer: AMD Radeon R5 M230 (ID=0x666f)
    Vendor:   ATI
    VRAM:     2039 MB
    Driver:   16.300.2101.0
Initialize mono
Mono path[0] = 'C:/Program Files/Unity/Hub/Editor/2021.3.7f1/Editor/Data/Managed'
Mono path[1] = 'C:/Program Files/Unity/Hub/Editor/2021.3.7f1/Editor/Data/MonoBleedingEdge/lib/mono/unityjit-win32'
Mono config path = 'C:/Program Files/Unity/Hub/Editor/2021.3.7f1/Editor/Data/MonoBleedingEdge/etc'
Using monoOptions --debugger-agent=transport=dt_socket,embedding=1,server=y,suspend=n,address=127.0.0.1:56108
Begin MonoManager ReloadAssembly
Registering precompiled unity dll's ...
Register platform support module: C:/Program Files/Unity/Hub/Editor/2021.3.7f1/Editor/Data/PlaybackEngines/WindowsStandaloneSupport/UnityEditor.WindowsStandalone.Extensions.dll
Registered in 0.010733 seconds.
Native extension for WindowsStandalone target not found
Refreshing native plugins compatible for Editor in 122.07 ms, found 3 plugins.
Preloading 0 native plugins for Editor in 0.00 ms.
Mono: successfully reloaded assembly
- Completed reload, in  0.979 seconds
Domain Reload Profiling:
	ReloadAssembly (980ms)
		BeginReloadAssembly (116ms)
			ExecutionOrderSort (0ms)
			DisableScriptedObjects (0ms)
			BackupInstance (0ms)
			ReleaseScriptingObjects (0ms)
			CreateAndSetChildDomain (1ms)
		EndReloadAssembly (692ms)
			LoadAssemblies (113ms)
			RebuildTransferFunctionScriptingTraits (0ms)
			SetupTypeCache (157ms)
			ReleaseScriptCaches (0ms)
			RebuildScriptCaches (48ms)
			SetupLoadedEditorAssemblies (403ms)
				LogAssemblyErrors (0ms)
				InitializePlatformSupportModulesInManaged (12ms)
				SetLoadedEditorAssemblies (0ms)
				RefreshPlugins (122ms)
				BeforeProcessingInitializeOnLoad (2ms)
				ProcessInitializeOnLoadAttributes (195ms)
				ProcessInitializeOnLoadMethodAttributes (72ms)
				AfterProcessingInitializeOnLoad (0ms)
				EditorAssembliesLoaded (0ms)
			ExecutionOrderSort2 (0ms)
			AwakeInstancesAfterBackupRestoration (0ms)
Platform modules already initialized, skipping
Registering precompiled user dll's ...
Registered in 0.004838 seconds.
Begin MonoManager ReloadAssembly
Symbol file LoadedFromMemory doesn't match image E:\Unity Trials\City-Adventures-NTEK\Library\PackageCache\com.unity.visualscripting@1.7.8\Editor\VisualScripting.Core\Dependencies\YamlDotNet\Unity.VisualScripting.YamlDotNet.dll
Symbol file LoadedFromMemory doesn't match image E:\Unity Trials\City-Adventures-NTEK\Library\PackageCache\com.unity.visualscripting@1.7.8\Editor\VisualScripting.Core\Dependencies\DotNetZip\Unity.VisualScripting.IonicZip.dll
Native extension for WindowsStandalone target not found
Refreshing native plugins compatible for Editor in 0.94 ms, found 3 plugins.
Preloading 0 native plugins for Editor in 0.00 ms.
Mono: successfully reloaded assembly
- Completed reload, in  4.609 seconds
Domain Reload Profiling:
	ReloadAssembly (4610ms)
		BeginReloadAssembly (164ms)
			ExecutionOrderSort (0ms)
			DisableScriptedObjects (9ms)
			BackupInstance (0ms)
			ReleaseScriptingObjects (0ms)
			CreateAndSetChildDomain (27ms)
		EndReloadAssembly (4270ms)
			LoadAssemblies (2762ms)
			RebuildTransferFunctionScriptingTraits (0ms)
			SetupTypeCache (414ms)
			ReleaseScriptCaches (1ms)
			RebuildScriptCaches (76ms)
			SetupLoadedEditorAssemblies (952ms)
				LogAssemblyErrors (0ms)
				InitializePlatformSupportModulesInManaged (9ms)
				SetLoadedEditorAssemblies (1ms)
				RefreshPlugins (1ms)
				BeforeProcessingInitializeOnLoad (129ms)
				ProcessInitializeOnLoadAttributes (757ms)
				ProcessInitializeOnLoadMethodAttributes (44ms)
				AfterProcessingInitializeOnLoad (11ms)
				EditorAssembliesLoaded (0ms)
			ExecutionOrderSort2 (0ms)
			AwakeInstancesAfterBackupRestoration (8ms)
Platform modules already initialized, skipping
========================================================================
Worker process is ready to serve import requests
Launched and connected shader compiler UnityShaderCompiler.exe after 0.51 seconds
Refreshing native plugins compatible for Editor in 1.03 ms, found 3 plugins.
Preloading 0 native plugins for Editor in 0.00 ms.
Unloading 3410 Unused Serialized files (Serialized files now loaded: 0)
Unloading 27 unused Assets / (111.2 KB). Loaded Objects now: 3872.
Memory consumption went from 118.4 MB to 118.3 MB.
Total: 4.862100 ms (FindLiveObjects: 0.496200 ms CreateObjectMapping: 0.203100 ms MarkObjects: 4.000200 ms  DeleteObjects: 0.161200 ms)

AssetImportParameters requested are different than current active one (requested -> active):
  custom:video-decoder-ogg-theora: a1e56fd34408186e4bbccfd4996cb3dc -> 
  custom:container-muxer-webm: aa71ff27fc2769a1b78a27578f13a17b -> 
  custom:container-demuxer-webm: 4f35f7cbe854078d1ac9338744f61a02 -> 
  custom:video-encoder-webm-vp8: eb34c28f22e8b96e1ab97ce403110664 -> 
  custom:audio-encoder-webm-vorbis: bf7c407c2cedff20999df2af8eb42d56 -> 
  custom:framework-win-MediaFoundation: 216162199b28c13a410421893ffa2e32 -> 
  custom:container-demuxer-ogg: 62fdf1f143b41e24485cea50d1cbac27 -> 
  custom:video-decoder-webm-vp8: 9c59270c3fd7afecdb556c50c9e8de78 -> 
  custom:audio-decoder-ogg-vorbis: bf7c407c2cedff20999df2af8eb42d56 -> 
========================================================================
Received Import Request.
  Time since last request: 14521.102628 seconds.
  path: Assets/AI/Traffic System/Navigation Prefabs/T-Junction.prefab
  artifactKey: Guid(1585c81b26c5d864a98725c6058e74a1) Importer(815301076,1909f56bfc062723c751e8b465ee728b)
Start importing Assets/AI/Traffic System/Navigation Prefabs/T-Junction.prefab using Guid(1585c81b26c5d864a98725c6058e74a1) Importer(815301076,1909f56bfc062723c751e8b465ee728b)  -> (artifact id: '1928b978502059cec147938f556ae988') in 4.910909 seconds 
========================================================================
Received Import Request.
  Time since last request: 0.000060 seconds.
  path: Assets/AI/Traffic System/Navigation Prefabs/Edge.prefab
  artifactKey: Guid(022285d5a03919d48b90bd85f6d27e0d) Importer(815301076,1909f56bfc062723c751e8b465ee728b)
Start importing Assets/AI/Traffic System/Navigation Prefabs/Edge.prefab using Guid(022285d5a03919d48b90bd85f6d27e0d) Importer(815301076,1909f56bfc062723c751e8b465ee728b)  -> (artifact id: '17a77a04604df01309fd053715305441') in 0.046639 seconds 
========================================================================
Received Import Request.
  Time since last request: 0.000040 seconds.
  path: Assets/AI/Traffic System/Navigation Prefabs/Junction.prefab
  artifactKey: Guid(5fecbd8490d30874a9b5a6fd1aa2aa47) Importer(815301076,1909f56bfc062723c751e8b465ee728b)
Start importing Assets/AI/Traffic System/Navigation Prefabs/Junction.prefab using Guid(5fecbd8490d30874a9b5a6fd1aa2aa47) Importer(815301076,1909f56bfc062723c751e8b465ee728b)  -> (artifact id: '72c0d068ef36b050943b5e7d6e02503a') in 0.061439 seconds 
========================================================================
Received Import Request.
  Time since last request: 0.000051 seconds.
  path: Assets/AI/Traffic System/Navigation Prefabs/Corner.prefab
  artifactKey: Guid(ae30c7a400b05184bb98be43f91caca5) Importer(815301076,1909f56bfc062723c751e8b465ee728b)
Start importing Assets/AI/Traffic System/Navigation Prefabs/Corner.prefab using Guid(ae30c7a400b05184bb98be43f91caca5) Importer(815301076,1909f56bfc062723c751e8b465ee728b)  -> (artifact id: 'eaeedccbda87ef174a0ade054d6d6c96') in 0.028869 seconds 
========================================================================
Received Import Request.
  Time since last request: 0.000053 seconds.
  path: Assets/AI/Traffic System/Navigation Prefabs/Straight.prefab
  artifactKey: Guid(6b0e8ee486fa57d4cb12b9664d7c2811) Importer(815301076,1909f56bfc062723c751e8b465ee728b)
Start importing Assets/AI/Traffic System/Navigation Prefabs/Straight.prefab using Guid(6b0e8ee486fa57d4cb12b9664d7c2811) Importer(815301076,1909f56bfc062723c751e8b465ee728b)  -> (artifact id: '684c8889e03d4d95fbca8ddf4503c945') in 0.029765 seconds 
========================================================================
Received Import Request.
  Time since last request: 617.116595 seconds.
  path: Assets/Scenes/GameScene
  artifactKey: Guid(24141380631dd8f48b08a665c5378e88) Importer(815301076,1909f56bfc062723c751e8b465ee728b)
Start importing Assets/Scenes/GameScene using Guid(24141380631dd8f48b08a665c5378e88) Importer(815301076,1909f56bfc062723c751e8b465ee728b)  -> (artifact id: '734d93db219243c4f805c31bb3918c4b') in 0.001812 seconds 
========================================================================
Received Import Request.
  Time since last request: 0.008796 seconds.
  path: Assets/Scenes/GameScene/NavMesh-PedNav.asset
  artifactKey: Guid(fad63cb98454f074b90e0203a38d4247) Importer(815301076,1909f56bfc062723c751e8b465ee728b)
Start importing Assets/Scenes/GameScene/NavMesh-PedNav.asset using Guid(fad63cb98454f074b90e0203a38d4247) Importer(815301076,1909f56bfc062723c751e8b465ee728b)  -> (artifact id: '1c31be6c3a882001579a185d28a5c68d') in 0.063700 seconds 
========================================================================
Received Import Request.
  Time since last request: 0.000050 seconds.
  path: Assets/Scenes/GameScene/NavMesh-VehicleNav.asset
  artifactKey: Guid(47409eae11fe527428a0cabe6b48b74f) Importer(815301076,1909f56bfc062723c751e8b465ee728b)
Start importing Assets/Scenes/GameScene/NavMesh-VehicleNav.asset using Guid(47409eae11fe527428a0cabe6b48b74f) Importer(815301076,1909f56bfc062723c751e8b465ee728b)  -> (artifact id: 'c70f98c7d7847ebf84c21e4d3d611f8f') in 0.002445 seconds 
========================================================================
Received Import Request.
  Time since last request: 80.511641 seconds.
  path: Assets/Scenes/GameScene/NavMesh-PedNav.asset
  artifactKey: Guid(fad63cb98454f074b90e0203a38d4247) Importer(815301076,1909f56bfc062723c751e8b465ee728b)
Start importing Assets/Scenes/GameScene/NavMesh-PedNav.asset using Guid(fad63cb98454f074b90e0203a38d4247) Importer(815301076,1909f56bfc062723c751e8b465ee728b)  -> (artifact id: 'cba4cfd949cb9460b4d8a87f8b99e9ba') in 0.002468 seconds 
========================================================================
Received Import Request.
  Time since last request: 39.727208 seconds.
  path: Assets/Scenes/GameScene/NavMesh-VehicleNav.asset
  artifactKey: Guid(47409eae11fe527428a0cabe6b48b74f) Importer(815301076,1909f56bfc062723c751e8b465ee728b)
Start importing Assets/Scenes/GameScene/NavMesh-VehicleNav.asset using Guid(47409eae11fe527428a0cabe6b48b74f) Importer(815301076,1909f56bfc062723c751e8b465ee728b)  -> (artifact id: '3d468e234366d10cf88a28d5974a4e93') in 0.002725 seconds 
========================================================================
Received Import Request.
  Time since last request: 5.248124 seconds.
  path: Assets/Scenes/GameScene/NavMesh-PedNav.asset
  artifactKey: Guid(fad63cb98454f074b90e0203a38d4247) Importer(815301076,1909f56bfc062723c751e8b465ee728b)
Start importing Assets/Scenes/GameScene/NavMesh-PedNav.asset using Guid(fad63cb98454f074b90e0203a38d4247) Importer(815301076,1909f56bfc062723c751e8b465ee728b)  -> (artifact id: 'e3a63d18033d196ee76338d9e9119fe8') in 0.002614 seconds 
========================================================================
Received Import Request.
  Time since last request: 255.328493 seconds.
  path: Assets/AI/Traffic System/Navigation Prefabs/Corner.prefab
  artifactKey: Guid(ae30c7a400b05184bb98be43f91caca5) Importer(815301076,1909f56bfc062723c751e8b465ee728b)
Start importing Assets/AI/Traffic System/Navigation Prefabs/Corner.prefab using Guid(ae30c7a400b05184bb98be43f91caca5) Importer(815301076,1909f56bfc062723c751e8b465ee728b)  -> (artifact id: '8ee46047caa8147132b4013080be4e1a') in 0.360009 seconds 
========================================================================
Received Import Request.
  Time since last request: 35.683790 seconds.
  path: Assets/AI/Traffic System/Navigation Prefabs/Junction.prefab
  artifactKey: Guid(5fecbd8490d30874a9b5a6fd1aa2aa47) Importer(815301076,1909f56bfc062723c751e8b465ee728b)
Start importing Assets/AI/Traffic System/Navigation Prefabs/Junction.prefab using Guid(5fecbd8490d30874a9b5a6fd1aa2aa47) Importer(815301076,1909f56bfc062723c751e8b465ee728b)  -> (artifact id: '50c70c169b903f42f81cd257e545825f') in 0.446752 seconds 
========================================================================
Received Import Request.
  Time since last request: 9.780687 seconds.
  path: Assets/AI/Traffic System/Navigation Prefabs/Straight.prefab
  artifactKey: Guid(6b0e8ee486fa57d4cb12b9664d7c2811) Importer(815301076,1909f56bfc062723c751e8b465ee728b)
Start importing Assets/AI/Traffic System/Navigation Prefabs/Straight.prefab using Guid(6b0e8ee486fa57d4cb12b9664d7c2811) Importer(815301076,1909f56bfc062723c751e8b465ee728b)  -> (artifact id: '968544170d00f5d50a6bd12fa7685e06') in 0.029955 seconds 
========================================================================
Received Import Request.
  Time since last request: 18.009521 seconds.
  path: Assets/AI/Traffic System/Navigation Prefabs/T-Junction.prefab
  artifactKey: Guid(1585c81b26c5d864a98725c6058e74a1) Importer(815301076,1909f56bfc062723c751e8b465ee728b)
Start importing Assets/AI/Traffic System/Navigation Prefabs/T-Junction.prefab using Guid(1585c81b26c5d864a98725c6058e74a1) Importer(815301076,1909f56bfc062723c751e8b465ee728b)  -> (artifact id: 'b5f61ffd8bea0a98cf6e442eb4861d78') in 0.054011 seconds 
========================================================================
Received Import Request.
  Time since last request: 15.922928 seconds.
  path: Assets/AI/Traffic System/Navigation Prefabs/Edge.prefab
  artifactKey: Guid(022285d5a03919d48b90bd85f6d27e0d) Importer(815301076,1909f56bfc062723c751e8b465ee728b)
Start importing Assets/AI/Traffic System/Navigation Prefabs/Edge.prefab using Guid(022285d5a03919d48b90bd85f6d27e0d) Importer(815301076,1909f56bfc062723c751e8b465ee728b)  -> (artifact id: '0ef289d55b825ac9ddc9fabcef3e27a3') in 0.102718 seconds 
========================================================================
Received Import Request.
  Time since last request: 7.161006 seconds.
  path: Assets/AI/Traffic System/Navigation Prefabs/Edge.prefab
  artifactKey: Guid(022285d5a03919d48b90bd85f6d27e0d) Importer(815301076,1909f56bfc062723c751e8b465ee728b)
Start importing Assets/AI/Traffic System/Navigation Prefabs/Edge.prefab using Guid(022285d5a03919d48b90bd85f6d27e0d) Importer(815301076,1909f56bfc062723c751e8b465ee728b)  -> (artifact id: '92f26d190d533d873c4635aaf81e1aae') in 0.046995 seconds 
========================================================================
Received Import Request.
  Time since last request: 5.429621 seconds.
  path: Assets/AI/Traffic System/Navigation Prefabs/Edge.prefab
  artifactKey: Guid(022285d5a03919d48b90bd85f6d27e0d) Importer(815301076,1909f56bfc062723c751e8b465ee728b)
Start importing Assets/AI/Traffic System/Navigation Prefabs/Edge.prefab using Guid(022285d5a03919d48b90bd85f6d27e0d) Importer(815301076,1909f56bfc062723c751e8b465ee728b)  -> (artifact id: '536cd4644c71d29b6a03fe285fa08aa5') in 0.033317 seconds 
========================================================================
Received Import Request.
  Time since last request: 10.421060 seconds.
  path: Assets/AI/Traffic System/Navigation Prefabs/Edge.prefab
  artifactKey: Guid(022285d5a03919d48b90bd85f6d27e0d) Importer(815301076,1909f56bfc062723c751e8b465ee728b)
Start importing Assets/AI/Traffic System/Navigation Prefabs/Edge.prefab using Guid(022285d5a03919d48b90bd85f6d27e0d) Importer(815301076,1909f56bfc062723c751e8b465ee728b)  -> (artifact id: 'cee407bf3c432bea9a540d339f680fed') in 0.034027 seconds 
========================================================================
Received Import Request.
  Time since last request: 22.208984 seconds.
  path: Assets/AI/Traffic System/Navigation Prefabs/Edge.prefab
  artifactKey: Guid(022285d5a03919d48b90bd85f6d27e0d) Importer(815301076,1909f56bfc062723c751e8b465ee728b)
Start importing Assets/AI/Traffic System/Navigation Prefabs/Edge.prefab using Guid(022285d5a03919d48b90bd85f6d27e0d) Importer(815301076,1909f56bfc062723c751e8b465ee728b)  -> (artifact id: '7a088ad601c8c14b3a06dbac5cfd168e') in 0.029930 seconds 
========================================================================
Received Import Request.
  Time since last request: 2.675243 seconds.
  path: Assets/AI/Traffic System/Navigation Prefabs/Edge.prefab
  artifactKey: Guid(022285d5a03919d48b90bd85f6d27e0d) Importer(815301076,1909f56bfc062723c751e8b465ee728b)
Start importing Assets/AI/Traffic System/Navigation Prefabs/Edge.prefab using Guid(022285d5a03919d48b90bd85f6d27e0d) Importer(815301076,1909f56bfc062723c751e8b465ee728b)  -> (artifact id: '34fb8adbf4fa01fa90deb50d8c8e9de6') in 0.036136 seconds 
========================================================================
Received Import Request.
  Time since last request: 14.086710 seconds.
  path: Assets/AI/Traffic System/Navigation Prefabs/Edge.prefab
  artifactKey: Guid(022285d5a03919d48b90bd85f6d27e0d) Importer(815301076,1909f56bfc062723c751e8b465ee728b)
Start importing Assets/AI/Traffic System/Navigation Prefabs/Edge.prefab using Guid(022285d5a03919d48b90bd85f6d27e0d) Importer(815301076,1909f56bfc062723c751e8b465ee728b)  -> (artifact id: 'a0af91759869a20c7c8284765ba7bd3d') in 0.024204 seconds 
========================================================================
Received Import Request.
  Time since last request: 8.762884 seconds.
  path: Assets/AI/Traffic System/Navigation Prefabs/Edge.prefab
  artifactKey: Guid(022285d5a03919d48b90bd85f6d27e0d) Importer(815301076,1909f56bfc062723c751e8b465ee728b)
Start importing Assets/AI/Traffic System/Navigation Prefabs/Edge.prefab using Guid(022285d5a03919d48b90bd85f6d27e0d) Importer(815301076,1909f56bfc062723c751e8b465ee728b)  -> (artifact id: 'a544a72a16634eb1e6bcf4c527ae8c5e') in 0.034593 seconds 
========================================================================
Received Import Request.
  Time since last request: 3.845045 seconds.
  path: Assets/AI/Traffic System/Navigation Prefabs/Edge.prefab
  artifactKey: Guid(022285d5a03919d48b90bd85f6d27e0d) Importer(815301076,1909f56bfc062723c751e8b465ee728b)
Start importing Assets/AI/Traffic System/Navigation Prefabs/Edge.prefab using Guid(022285d5a03919d48b90bd85f6d27e0d) Importer(815301076,1909f56bfc062723c751e8b465ee728b)  -> (artifact id: 'ac13419418bcd40cfec325d05cb4d107') in 0.041645 seconds 
========================================================================
Received Import Request.
  Time since last request: 3.398316 seconds.
  path: Assets/AI/Traffic System/Navigation Prefabs/Edge.prefab
  artifactKey: Guid(022285d5a03919d48b90bd85f6d27e0d) Importer(815301076,1909f56bfc062723c751e8b465ee728b)
Start importing Assets/AI/Traffic System/Navigation Prefabs/Edge.prefab using Guid(022285d5a03919d48b90bd85f6d27e0d) Importer(815301076,1909f56bfc062723c751e8b465ee728b)  -> (artifact id: 'd57fe06879230666c41996b2aafb59a9') in 0.034214 seconds 
========================================================================
Received Import Request.
  Time since last request: 4.160514 seconds.
  path: Assets/AI/Traffic System/Navigation Prefabs/Edge.prefab
  artifactKey: Guid(022285d5a03919d48b90bd85f6d27e0d) Importer(815301076,1909f56bfc062723c751e8b465ee728b)
Start importing Assets/AI/Traffic System/Navigation Prefabs/Edge.prefab using Guid(022285d5a03919d48b90bd85f6d27e0d) Importer(815301076,1909f56bfc062723c751e8b465ee728b)  -> (artifact id: '4fa5b750dd441daa5a248e54f79337c4') in 0.029925 seconds 
========================================================================
Received Import Request.
  Time since last request: 6.517170 seconds.
  path: Assets/AI/Traffic System/Navigation Prefabs/Edge.prefab
  artifactKey: Guid(022285d5a03919d48b90bd85f6d27e0d) Importer(815301076,1909f56bfc062723c751e8b465ee728b)
Start importing Assets/AI/Traffic System/Navigation Prefabs/Edge.prefab using Guid(022285d5a03919d48b90bd85f6d27e0d) Importer(815301076,1909f56bfc062723c751e8b465ee728b)  -> (artifact id: '4b901617b3d14a655c4586c769cbe6e7') in 0.035854 seconds 
========================================================================
Received Import Request.
  Time since last request: 4.421229 seconds.
  path: Assets/AI/Traffic System/Navigation Prefabs/Edge.prefab
  artifactKey: Guid(022285d5a03919d48b90bd85f6d27e0d) Importer(815301076,1909f56bfc062723c751e8b465ee728b)
Start importing Assets/AI/Traffic System/Navigation Prefabs/Edge.prefab using Guid(022285d5a03919d48b90bd85f6d27e0d) Importer(815301076,1909f56bfc062723c751e8b465ee728b)  -> (artifact id: '64b7a23c7f313c43f28312c56d6ed3b1') in 0.033427 seconds 
========================================================================
Received Import Request.
  Time since last request: 22.557609 seconds.
  path: Assets/Packages/Simple_Town/Prefabs/road_3.prefab
  artifactKey: Guid(5834d6f4a49c0cb4497da4a778e7b4f6) Importer(815301076,1909f56bfc062723c751e8b465ee728b)
Start importing Assets/Packages/Simple_Town/Prefabs/road_3.prefab using Guid(5834d6f4a49c0cb4497da4a778e7b4f6) Importer(815301076,1909f56bfc062723c751e8b465ee728b)  -> (artifact id: '014d6ea5adcde464ed5d388e7e1004e1') in 0.065998 seconds 
========================================================================
Received Import Request.
  Time since last request: 569.379794 seconds.
  path: Assets/Car/Scripts/PlayerCarScript.cs
  artifactKey: Guid(db5b2d4ad151af745ae3ba96be43c3c2) Importer(815301076,1909f56bfc062723c751e8b465ee728b)
Start importing Assets/Car/Scripts/PlayerCarScript.cs using Guid(db5b2d4ad151af745ae3ba96be43c3c2) Importer(815301076,1909f56bfc062723c751e8b465ee728b)  -> (artifact id: '0d327e27c2834231b9e6ff6a643e0efc') in 0.805439 seconds 
========================================================================
Received Import Request.
  Time since last request: 1.314579 seconds.
  path: Assets/Car/Scripts/PlayerCarColScript.cs
  artifactKey: Guid(ab73a8d22a765da4ab584427b15fb50b) Importer(815301076,1909f56bfc062723c751e8b465ee728b)
Start importing Assets/Car/Scripts/PlayerCarColScript.cs using Guid(ab73a8d22a765da4ab584427b15fb50b) Importer(815301076,1909f56bfc062723c751e8b465ee728b)  -> (artifact id: '2d5b9831106cdb4cee6abd74a8985b23') in 0.001489 seconds 
========================================================================
Received Prepare
Registering precompiled user dll's ...
Registered in 0.019242 seconds.
Begin MonoManager ReloadAssembly
Symbol file LoadedFromMemory doesn't match image E:\Unity Trials\City-Adventures-NTEK\Library\PackageCache\com.unity.visualscripting@1.7.8\Editor\VisualScripting.Core\Dependencies\YamlDotNet\Unity.VisualScripting.YamlDotNet.dll
Symbol file LoadedFromMemory doesn't match image E:\Unity Trials\City-Adventures-NTEK\Library\PackageCache\com.unity.visualscripting@1.7.8\Editor\VisualScripting.Core\Dependencies\DotNetZip\Unity.VisualScripting.IonicZip.dll
Native extension for WindowsStandalone target not found
Refreshing native plugins compatible for Editor in 1.95 ms, found 3 plugins.
Preloading 0 native plugins for Editor in 0.00 ms.
Mono: successfully reloaded assembly
- Completed reload, in  5.056 seconds
Domain Reload Profiling:
	ReloadAssembly (5084ms)
		BeginReloadAssembly (1801ms)
			ExecutionOrderSort (5ms)
			DisableScriptedObjects (149ms)
			BackupInstance (0ms)
			ReleaseScriptingObjects (26ms)
			CreateAndSetChildDomain (514ms)
		EndReloadAssembly (2921ms)
			LoadAssemblies (553ms)
			RebuildTransferFunctionScriptingTraits (0ms)
			SetupTypeCache (1464ms)
			ReleaseScriptCaches (4ms)
			RebuildScriptCaches (103ms)
			SetupLoadedEditorAssemblies (998ms)
				LogAssemblyErrors (0ms)
				InitializePlatformSupportModulesInManaged (73ms)
				SetLoadedEditorAssemblies (32ms)
				RefreshPlugins (2ms)
				BeforeProcessingInitializeOnLoad (194ms)
				ProcessInitializeOnLoadAttributes (571ms)
				ProcessInitializeOnLoadMethodAttributes (111ms)
				AfterProcessingInitializeOnLoad (14ms)
				EditorAssembliesLoaded (0ms)
			ExecutionOrderSort2 (0ms)
			AwakeInstancesAfterBackupRestoration (11ms)
Platform modules already initialized, skipping
Refreshing native plugins compatible for Editor in 3.29 ms, found 3 plugins.
Preloading 0 native plugins for Editor in 0.00 ms.
Unloading 3404 Unused Serialized files (Serialized files now loaded: 0)
Unloading 21 unused Assets / (79.3 KB). Loaded Objects now: 3887.
Memory consumption went from 123.3 MB to 123.2 MB.
Total: 66.985300 ms (FindLiveObjects: 0.333200 ms CreateObjectMapping: 0.166400 ms MarkObjects: 66.332500 ms  DeleteObjects: 0.150800 ms)

AssetImportParameters requested are different than current active one (requested -> active):
  custom:video-decoder-ogg-theora: a1e56fd34408186e4bbccfd4996cb3dc -> 
  custom:container-muxer-webm: aa71ff27fc2769a1b78a27578f13a17b -> 
  custom:container-demuxer-webm: 4f35f7cbe854078d1ac9338744f61a02 -> 
  custom:video-encoder-webm-vp8: eb34c28f22e8b96e1ab97ce403110664 -> 
  custom:audio-encoder-webm-vorbis: bf7c407c2cedff20999df2af8eb42d56 -> 
  custom:framework-win-MediaFoundation: 216162199b28c13a410421893ffa2e32 -> 
  custom:container-demuxer-ogg: 62fdf1f143b41e24485cea50d1cbac27 -> 
  custom:video-decoder-webm-vp8: 9c59270c3fd7afecdb556c50c9e8de78 -> 
  custom:audio-decoder-ogg-vorbis: bf7c407c2cedff20999df2af8eb42d56 -> 
========================================================================
Received Import Request.
  Time since last request: 517.453420 seconds.
  path: Assets/Car/Scripts/PlayerCarColScript.cs
  artifactKey: Guid(ab73a8d22a765da4ab584427b15fb50b) Importer(815301076,1909f56bfc062723c751e8b465ee728b)
Start importing Assets/Car/Scripts/PlayerCarColScript.cs using Guid(ab73a8d22a765da4ab584427b15fb50b) Importer(815301076,1909f56bfc062723c751e8b465ee728b)  -> (artifact id: 'da8f013e420779c3fa03fe1325b6df31') in 0.008535 seconds 
========================================================================
Received Import Request.
  Time since last request: 105.835022 seconds.
  path: ProjectSettings/TagManager.asset
  artifactKey: Guid(00000000000000003000000000000000) Importer(815301076,1909f56bfc062723c751e8b465ee728b)
Start importing ProjectSettings/TagManager.asset using Guid(00000000000000003000000000000000) Importer(815301076,1909f56bfc062723c751e8b465ee728b)  -> (artifact id: 'de53a28be3522734312fac4681823c0d') in 0.139451 seconds 
========================================================================
Received Import Request.
  Time since last request: 317.874664 seconds.
  path: ProjectSettings/TagManager.asset
  artifactKey: Guid(00000000000000003000000000000000) Importer(815301076,1909f56bfc062723c751e8b465ee728b)
Start importing ProjectSettings/TagManager.asset using Guid(00000000000000003000000000000000) Importer(815301076,1909f56bfc062723c751e8b465ee728b)  -> (artifact id: 'e0274248cbae82210070b1965ec23c67') in 0.004434 seconds 
========================================================================
Received Import Request.
  Time since last request: 169.439027 seconds.
  path: Assets/AI/Traffic System/Agents Prefabs/Ambulance 1.prefab
  artifactKey: Guid(7b5533a1982de754e8e09240cffb147e) Importer(815301076,1909f56bfc062723c751e8b465ee728b)
Start importing Assets/AI/Traffic System/Agents Prefabs/Ambulance 1.prefab using Guid(7b5533a1982de754e8e09240cffb147e) Importer(815301076,1909f56bfc062723c751e8b465ee728b)  -> (artifact id: '0e207222346d15b40fec5bf55f11a384') in 1.371752 seconds 
========================================================================
Received Import Request.
  Time since last request: 0.000076 seconds.
  path: Assets/AI/Traffic System/Agents Prefabs/Sedan 1.prefab
  artifactKey: Guid(e720224bcc525fc4c8ba1df43bfe21c1) Importer(815301076,1909f56bfc062723c751e8b465ee728b)
Start importing Assets/AI/Traffic System/Agents Prefabs/Sedan 1.prefab using Guid(e720224bcc525fc4c8ba1df43bfe21c1) Importer(815301076,1909f56bfc062723c751e8b465ee728b)  -> (artifact id: 'c22ccd1493688e0b2cdea656c75a486b') in 0.884915 seconds 
========================================================================
Received Import Request.
  Time since last request: 0.000042 seconds.
  path: Assets/AI/Traffic System/Agents Prefabs/SamplePed.prefab
  artifactKey: Guid(7f7d10bfcb161cc4ca5918c879869c6d) Importer(815301076,1909f56bfc062723c751e8b465ee728b)
Start importing Assets/AI/Traffic System/Agents Prefabs/SamplePed.prefab using Guid(7f7d10bfcb161cc4ca5918c879869c6d) Importer(815301076,1909f56bfc062723c751e8b465ee728b)  -> (artifact id: '81906d276b69ed367b5b3fdcc52284b8') in 0.395918 seconds 
========================================================================
Received Import Request.
  Time since last request: 0.000279 seconds.
  path: Assets/AI/Traffic System/Agents Prefabs/Police 1.prefab
  artifactKey: Guid(ae487371bb18c9f44bea98139f61c424) Importer(815301076,1909f56bfc062723c751e8b465ee728b)
Start importing Assets/AI/Traffic System/Agents Prefabs/Police 1.prefab using Guid(ae487371bb18c9f44bea98139f61c424) Importer(815301076,1909f56bfc062723c751e8b465ee728b)  -> (artifact id: '3468d9e636a424562c280f850f6d31e4') in 0.792782 seconds 
========================================================================
Received Import Request.
  Time since last request: 8.819083 seconds.
  path: Assets/AI/Traffic System/Agents Prefabs/Ambulance 1.prefab
  artifactKey: Guid(7b5533a1982de754e8e09240cffb147e) Importer(815301076,1909f56bfc062723c751e8b465ee728b)
Start importing Assets/AI/Traffic System/Agents Prefabs/Ambulance 1.prefab using Guid(7b5533a1982de754e8e09240cffb147e) Importer(815301076,1909f56bfc062723c751e8b465ee728b)  -> (artifact id: '16d0da08cab7bf772fd0f767d06e5683') in 0.096454 seconds 
========================================================================
Received Import Request.
  Time since last request: 4.672459 seconds.
  path: Assets/AI/Traffic System/Agents Prefabs/Ambulance 1.prefab
  artifactKey: Guid(7b5533a1982de754e8e09240cffb147e) Importer(815301076,1909f56bfc062723c751e8b465ee728b)
Start importing Assets/AI/Traffic System/Agents Prefabs/Ambulance 1.prefab using Guid(7b5533a1982de754e8e09240cffb147e) Importer(815301076,1909f56bfc062723c751e8b465ee728b)  -> (artifact id: '926c65765d03d5ff382956c69a299126') in 0.121572 seconds 
========================================================================
Received Import Request.
  Time since last request: 0.000045 seconds.
  path: Assets/AI/Traffic System/Agents Prefabs/Sedan 1.prefab
  artifactKey: Guid(e720224bcc525fc4c8ba1df43bfe21c1) Importer(815301076,1909f56bfc062723c751e8b465ee728b)
Start importing Assets/AI/Traffic System/Agents Prefabs/Sedan 1.prefab using Guid(e720224bcc525fc4c8ba1df43bfe21c1) Importer(815301076,1909f56bfc062723c751e8b465ee728b)  -> (artifact id: '5e05364b106dca29113ab1734e9a1224') in 0.049425 seconds 
========================================================================
Received Import Request.
  Time since last request: 0.000066 seconds.
  path: Assets/AI/Traffic System/Agents Prefabs/Police 1.prefab
  artifactKey: Guid(ae487371bb18c9f44bea98139f61c424) Importer(815301076,1909f56bfc062723c751e8b465ee728b)
Start importing Assets/AI/Traffic System/Agents Prefabs/Police 1.prefab using Guid(ae487371bb18c9f44bea98139f61c424) Importer(815301076,1909f56bfc062723c751e8b465ee728b)  -> (artifact id: '367eccadf09e22fde8889a906bac2fd6') in 0.027244 seconds 
========================================================================
Received Import Request.
  Time since last request: 0.322174 seconds.
  path: Assets/AI/Traffic System/Agents Prefabs/Police 1.prefab
  artifactKey: Guid(ae487371bb18c9f44bea98139f61c424) Importer(815301076,1909f56bfc062723c751e8b465ee728b)
Start importing Assets/AI/Traffic System/Agents Prefabs/Police 1.prefab using Guid(ae487371bb18c9f44bea98139f61c424) Importer(815301076,1909f56bfc062723c751e8b465ee728b)  -> (artifact id: 'f5f0b80ec478d2b158f0eaf70e9cf33e') in 0.137572 seconds 
========================================================================
Received Import Request.
  Time since last request: 0.000047 seconds.
  path: Assets/AI/Traffic System/Agents Prefabs/Sedan 1.prefab
  artifactKey: Guid(e720224bcc525fc4c8ba1df43bfe21c1) Importer(815301076,1909f56bfc062723c751e8b465ee728b)
Start importing Assets/AI/Traffic System/Agents Prefabs/Sedan 1.prefab using Guid(e720224bcc525fc4c8ba1df43bfe21c1) Importer(815301076,1909f56bfc062723c751e8b465ee728b)  -> (artifact id: '61c92fba29a5040c9022fdc5f401b206') in 0.033024 seconds 
========================================================================
Received Import Request.
  Time since last request: 6.980119 seconds.
  path: Assets/AI/Traffic System/Agents Prefabs/SamplePed.prefab
  artifactKey: Guid(7f7d10bfcb161cc4ca5918c879869c6d) Importer(815301076,1909f56bfc062723c751e8b465ee728b)
Start importing Assets/AI/Traffic System/Agents Prefabs/SamplePed.prefab using Guid(7f7d10bfcb161cc4ca5918c879869c6d) Importer(815301076,1909f56bfc062723c751e8b465ee728b)  -> (artifact id: '179aebfa32acd4091406f4fdcf61be31') in 0.015774 seconds 
========================================================================
Received Prepare
Registering precompiled user dll's ...
Registered in 0.005505 seconds.
Begin MonoManager ReloadAssembly
Symbol file LoadedFromMemory doesn't match image E:\Unity Trials\City-Adventures-NTEK\Library\PackageCache\com.unity.visualscripting@1.7.8\Editor\VisualScripting.Core\Dependencies\YamlDotNet\Unity.VisualScripting.YamlDotNet.dll
Symbol file LoadedFromMemory doesn't match image E:\Unity Trials\City-Adventures-NTEK\Library\PackageCache\com.unity.visualscripting@1.7.8\Editor\VisualScripting.Core\Dependencies\DotNetZip\Unity.VisualScripting.IonicZip.dll
Native extension for WindowsStandalone target not found
Refreshing native plugins compatible for Editor in 0.95 ms, found 3 plugins.
Preloading 0 native plugins for Editor in 0.00 ms.
Mono: successfully reloaded assembly
- Completed reload, in  2.179 seconds
Domain Reload Profiling:
	ReloadAssembly (2180ms)
		BeginReloadAssembly (451ms)
			ExecutionOrderSort (0ms)
			DisableScriptedObjects (8ms)
			BackupInstance (0ms)
			ReleaseScriptingObjects (0ms)
			CreateAndSetChildDomain (69ms)
		EndReloadAssembly (1540ms)
			LoadAssemblies (199ms)
			RebuildTransferFunctionScriptingTraits (0ms)
			SetupTypeCache (533ms)
			ReleaseScriptCaches (3ms)
			RebuildScriptCaches (71ms)
			SetupLoadedEditorAssemblies (688ms)
				LogAssemblyErrors (0ms)
				InitializePlatformSupportModulesInManaged (20ms)
				SetLoadedEditorAssemblies (1ms)
				RefreshPlugins (1ms)
				BeforeProcessingInitializeOnLoad (134ms)
				ProcessInitializeOnLoadAttributes (452ms)
				ProcessInitializeOnLoadMethodAttributes (67ms)
				AfterProcessingInitializeOnLoad (13ms)
				EditorAssembliesLoaded (0ms)
			ExecutionOrderSort2 (0ms)
			AwakeInstancesAfterBackupRestoration (10ms)
Platform modules already initialized, skipping
Refreshing native plugins compatible for Editor in 4.09 ms, found 3 plugins.
Preloading 0 native plugins for Editor in 0.00 ms.
Unloading 3404 Unused Serialized files (Serialized files now loaded: 0)
Unloading 22 unused Assets / (78.5 KB). Loaded Objects now: 3891.
Memory consumption went from 123.4 MB to 123.3 MB.
Total: 28.083900 ms (FindLiveObjects: 0.567000 ms CreateObjectMapping: 0.365700 ms MarkObjects: 26.959600 ms  DeleteObjects: 0.190100 ms)

AssetImportParameters requested are different than current active one (requested -> active):
  custom:video-decoder-ogg-theora: a1e56fd34408186e4bbccfd4996cb3dc -> 
  custom:container-muxer-webm: aa71ff27fc2769a1b78a27578f13a17b -> 
  custom:container-demuxer-webm: 4f35f7cbe854078d1ac9338744f61a02 -> 
  custom:video-encoder-webm-vp8: eb34c28f22e8b96e1ab97ce403110664 -> 
  custom:audio-encoder-webm-vorbis: bf7c407c2cedff20999df2af8eb42d56 -> 
  custom:framework-win-MediaFoundation: 216162199b28c13a410421893ffa2e32 -> 
  custom:container-demuxer-ogg: 62fdf1f143b41e24485cea50d1cbac27 -> 
  custom:video-decoder-webm-vp8: 9c59270c3fd7afecdb556c50c9e8de78 -> 
  custom:audio-decoder-ogg-vorbis: bf7c407c2cedff20999df2af8eb42d56 -> 
========================================================================
Received Import Request.
  Time since last request: 698.491300 seconds.
  path: Assets/AI/Traffic System/Agents Prefabs/Sedan 1.prefab
  artifactKey: Guid(e720224bcc525fc4c8ba1df43bfe21c1) Importer(815301076,1909f56bfc062723c751e8b465ee728b)
Start importing Assets/AI/Traffic System/Agents Prefabs/Sedan 1.prefab using Guid(e720224bcc525fc4c8ba1df43bfe21c1) Importer(815301076,1909f56bfc062723c751e8b465ee728b)  -> (artifact id: 'a6d38bb2da53a03295e1e3e1efc2ad2d') in 0.306082 seconds 
========================================================================
Received Import Request.
  Time since last request: 0.000042 seconds.
  path: Assets/AI/Traffic System/Agents Prefabs/Police 1.prefab
  artifactKey: Guid(ae487371bb18c9f44bea98139f61c424) Importer(815301076,1909f56bfc062723c751e8b465ee728b)
Start importing Assets/AI/Traffic System/Agents Prefabs/Police 1.prefab using Guid(ae487371bb18c9f44bea98139f61c424) Importer(815301076,1909f56bfc062723c751e8b465ee728b)  -> (artifact id: 'a0057c5a42046a4ffea5545309196e6c') in 0.030300 seconds 
========================================================================
Received Import Request.
  Time since last request: 0.000045 seconds.
  path: Assets/AI/Traffic System/Agents Prefabs/Ambulance 1.prefab
  artifactKey: Guid(7b5533a1982de754e8e09240cffb147e) Importer(815301076,1909f56bfc062723c751e8b465ee728b)
Start importing Assets/AI/Traffic System/Agents Prefabs/Ambulance 1.prefab using Guid(7b5533a1982de754e8e09240cffb147e) Importer(815301076,1909f56bfc062723c751e8b465ee728b)  -> (artifact id: '97e915a57cf6a9c120f2a58178442a4e') in 0.102234 seconds 
========================================================================
Received Import Request.
  Time since last request: 6.925836 seconds.
  path: Assets/AI/Traffic System/Agents Prefabs
  artifactKey: Guid(efa8c567770390148aeed05c2ec298dc) Importer(815301076,1909f56bfc062723c751e8b465ee728b)
Start importing Assets/AI/Traffic System/Agents Prefabs using Guid(efa8c567770390148aeed05c2ec298dc) Importer(815301076,1909f56bfc062723c751e8b465ee728b)  -> (artifact id: 'a63eaa224466ac0da613d219f9ce4e42') in 0.001952 seconds 
